<?xml version="1.0" encoding="UTF-8"?>
<testsuite name="com.co.ceiba.parqueadero.unitarioTest.IngresoTest" tests="3" skipped="0" failures="0" errors="0" timestamp="2018-05-31T14:44:40" hostname="ALEXANDER-ANGULO" time="0.001">
  <properties/>
  <testcase name="ingresoCarrosTest" classname="com.co.ceiba.parqueadero.unitarioTest.IngresoTest" time="0.001"/>
  <testcase name="verificarDiaNoPermitidoPlacaATest" classname="com.co.ceiba.parqueadero.unitarioTest.IngresoTest" time="0.0"/>
  <testcase name="verificarDiaPermitidoPlacaATest" classname="com.co.ceiba.parqueadero.unitarioTest.IngresoTest" time="0.0"/>
  <system-out><![CDATA[]]></system-out>
  <system-err><![CDATA[]]></system-err>
</testsuite>
