<?xml version="1.0" encoding="UTF-8"?>
<testsuite name="com.co.ceiba.parqueadero.unitarioTest.FacturaTest" tests="4" skipped="0" failures="0" errors="0" timestamp="2018-06-08T16:50:51" hostname="ALEXANDER-ANGULO" time="0.001">
  <properties/>
  <testcase name="calcularCostoMotoTest" classname="com.co.ceiba.parqueadero.unitarioTest.FacturaTest" time="0.0"/>
  <testcase name="calculaTiempoTest" classname="com.co.ceiba.parqueadero.unitarioTest.FacturaTest" time="0.0"/>
  <testcase name="calcularCostoCarroTest" classname="com.co.ceiba.parqueadero.unitarioTest.FacturaTest" time="0.0"/>
  <testcase name="calcularCostoMotoCilindrajeMayorTest" classname="com.co.ceiba.parqueadero.unitarioTest.FacturaTest" time="0.001"/>
  <system-out><![CDATA[]]></system-out>
  <system-err><![CDATA[]]></system-err>
</testsuite>
