<?xml version="1.0" encoding="UTF-8"?>
<testsuite name="com.co.ceiba.parqueadero.ParqueaderoApplicationTests" tests="1" skipped="0" failures="0" errors="0" timestamp="2018-06-08T16:50:51" hostname="ALEXANDER-ANGULO" time="0.111">
  <properties/>
  <testcase name="contextLoads" classname="com.co.ceiba.parqueadero.ParqueaderoApplicationTests" time="0.111"/>
  <system-out><![CDATA[[DEBUG] SpringJUnit4ClassRunner constructor called with [class com.co.ceiba.parqueadero.ParqueaderoApplicationTests]
[DEBUG] Instantiating CacheAwareContextLoaderDelegate from class [org.springframework.test.context.cache.DefaultCacheAwareContextLoaderDelegate]
[DEBUG] Instantiating BootstrapContext using constructor [public org.springframework.test.context.support.DefaultBootstrapContext(java.lang.Class,org.springframework.test.context.CacheAwareContextLoaderDelegate)]
[DEBUG] Instantiating TestContextBootstrapper for test class [com.co.ceiba.parqueadero.ParqueaderoApplicationTests] from class [org.springframework.boot.test.context.SpringBootTestContextBootstrapper]
[INFO] Neither @ContextConfiguration nor @ContextHierarchy found for test class [com.co.ceiba.parqueadero.ParqueaderoApplicationTests], using SpringBootContextLoader
[DEBUG] Did not detect default resource location for test class [com.co.ceiba.parqueadero.ParqueaderoApplicationTests]: class path resource [com/co/ceiba/parqueadero/ParqueaderoApplicationTests-context.xml] does not exist
[DEBUG] Did not detect default resource location for test class [com.co.ceiba.parqueadero.ParqueaderoApplicationTests]: class path resource [com/co/ceiba/parqueadero/ParqueaderoApplicationTestsContext.groovy] does not exist
[INFO] Could not detect default resource locations for test class [com.co.ceiba.parqueadero.ParqueaderoApplicationTests]: no resource found for suffixes {-context.xml, Context.groovy}.
[INFO] Could not detect default configuration classes for test class [com.co.ceiba.parqueadero.ParqueaderoApplicationTests]: ParqueaderoApplicationTests does not declare any static, non-private, non-final, nested classes annotated with @Configuration.
[DEBUG] Could not find an 'annotation declaring class' for annotation type [org.springframework.test.context.ActiveProfiles] and class [com.co.ceiba.parqueadero.ParqueaderoApplicationTests]
[DEBUG] Adding PropertySource 'systemProperties' with lowest search precedence
[DEBUG] Adding PropertySource 'systemEnvironment' with lowest search precedence
[DEBUG] Initialized StandardEnvironment with PropertySources [MapPropertySource@1275320750 {name='systemProperties', properties={java.runtime.name=Java(TM) SE Runtime Environment, sun.boot.library.path=C:\Program Files\Java\jdk1.8.0_172\jre\bin, java.vm.version=25.172-b11, java.vm.vendor=Oracle Corporation, java.vendor.url=http://java.oracle.com/, path.separator=;, java.vm.name=Java HotSpot(TM) 64-Bit Server VM, file.encoding.pkg=sun.io, user.script=, sun.java.launcher=SUN_STANDARD, user.country=US, sun.os.patch.level=, java.vm.specification.name=Java Virtual Machine Specification, user.dir=C:\Users\alexander.angulo\Music\version2\parqueadero, java.runtime.version=1.8.0_172-b11, java.awt.graphicsenv=sun.awt.Win32GraphicsEnvironment, java.endorsed.dirs=C:\Program Files\Java\jdk1.8.0_172\jre\lib\endorsed, os.arch=amd64, java.io.tmpdir=C:\Users\ALEXAN~1.ANG\AppData\Local\Temp\, line.separator=
, java.vm.specification.vendor=Oracle Corporation, user.variant=, os.name=Windows 10, net.sourceforge.cobertura.datafile=C:\Users\alexander.angulo\Music\version2\parqueadero\build\cobertura\cobertura.ser, sun.jnu.encoding=Cp1252, java.library.path=C:\Program Files\Java\jdk1.8.0_172\bin;C:\Windows\Sun\Java\bin;C:\Windows\system32;C:\Windows;C:/Program Files/Java/jre1.8.0_172/bin/server;C:/Program Files/Java/jre1.8.0_172/bin;C:/Program Files/Java/jre1.8.0_172/lib/amd64;C:\Program Files (x86)\Common Files\Oracle\Java\javapath;C:\Oracle\product\11.1.0\client_1\bin;C:\Program Files\CollabNet\Subversion Client;C:\Windows\system32;C:\Windows;C:\Windows\System32\Wbem;C:\Windows\System32\WindowsPowerShell\v1.0\;C:\Windows\System32\OpenSSH\;C:\Program Files\TortoiseSVN\bin;C:\Program Files\Git\cmd;C:\Program Files\PuTTY\;C:\xampp\mysql\bin;C:\Program Files\nodejs\;C:\Users\alexander.angulo\AppData\Local\Microsoft\WindowsApps;;C:\Program Files\Microsoft VS Code\bin;C:\Users\alexander.angulo\AppData\Roaming\npm;D:\spring-tool-suite\sts-bundle\sts-3.9.4.RELEASE;;., java.specification.name=Java Platform API Specification, java.class.version=52.0, org.gradle.native=false, sun.management.compiler=HotSpot 64-Bit Tiered Compilers, os.version=10.0, user.home=C:\Users\alexander.angulo, user.timezone=America/Bogota, java.awt.printerjob=sun.awt.windows.WPrinterJob, file.encoding=windows-1252, java.specification.version=1.8, java.class.path=C:\Users\alexander.angulo\Music\version2\parqueadero\build\instrumented_classes;C:\Users\alexander.angulo\Music\version2\parqueadero\build\classes\java\test;C:\Users\alexander.angulo\Music\version2\parqueadero\build\resources\test;C:\Users\alexander.angulo\Music\version2\parqueadero\build\classes\java\main;C:\Users\alexander.angulo\Music\version2\parqueadero\build\resources\main;C:\Users\alexander.angulo\.gradle\caches\modules-2\files-2.1\org.springframework.boot\spring-boot-starter-data-jpa\2.0.2.RELEASE\a277d15c247684aaef38852a2e71b8b1ef7357e6\spring-boot-starter-data-jpa-2.0.2.RELEASE.jar;C:\Users\alexander.angulo\.gradle\caches\modules-2\files-2.1\org.springframework.boot\spring-boot-starter-data-rest\2.0.2.RELEASE\1617ded563edcb560034293532d74a6c61132eea\spring-boot-starter-data-rest-2.0.2.RELEASE.jar;C:\Users\alexander.angulo\.gradle\caches\modules-2\files-2.1\org.springframework.boot\spring-boot-starter-web\2.0.2.RELEASE\b6ef0cf4d0a7c6c7e93ff524b84cd1d8f87f67d9\spring-boot-starter-web-2.0.2.RELEASE.jar;C:\Users\alexander.angulo\.gradle\caches\modules-2\files-2.1\mysql\mysql-connector-java\5.1.46\9a3e63b387e376364211e96827bc27db8d7a92e9\mysql-connector-java-5.1.46.jar;C:\Users\alexander.angulo\.gradle\caches\modules-2\files-2.1\org.json\json\20090211\c183aa3a2a6250293808bba12262c8920ce5a51c\json-20090211.jar;C:\Users\alexander.angulo\.gradle\caches\modules-2\files-2.1\org.springframework.boot\spring-boot-starter-test\2.0.2.RELEASE\d9e090412f318586e0f277e24740b79b58ef190b\spring-boot-starter-test-2.0.2.RELEASE.jar;C:\Users\alexander.angulo\.gradle\caches\modules-2\files-2.1\org.springframework.boot\spring-boot-starter-aop\2.0.2.RELEASE\b0b0c7dcfdffaef1b04886c0279772905bc7e9d2\spring-boot-starter-aop-2.0.2.RELEASE.jar;C:\Users\alexander.angulo\.gradle\caches\modules-2\files-2.1\org.springframework.boot\spring-boot-starter-jdbc\2.0.2.RELEASE\f93c2459a06061f889b837d1c2503055df024778\spring-boot-starter-jdbc-2.0.2.RELEASE.jar;C:\Users\alexander.angulo\.gradle\caches\modules-2\files-2.1\org.springframework.boot\spring-boot-starter-json\2.0.2.RELEASE\5edda979838ced5314b8f58a958fe9d6b4b3badd\spring-boot-starter-json-2.0.2.RELEASE.jar;C:\Users\alexander.angulo\.gradle\caches\modules-2\files-2.1\org.springframework.boot\spring-boot-starter\2.0.2.RELEASE\1cda94f0dfcf2b065191782a54b84d2abf96391\spring-boot-starter-2.0.2.RELEASE.jar;C:\Users\alexander.angulo\.gradle\caches\modules-2\files-2.1\org.hibernate\hibernate-core\5.2.17.Final\f2dc36470e7a2ffcf6106bb1625ecf5b54bb5f65\hibernate-core-5.2.17.Final.jar;C:\Users\alexander.angulo\.gradle\caches\modules-2\files-2.1\javax.transaction\javax.transaction-api\1.2\d81aff979d603edd90dcd8db2abc1f4ce6479e3e\javax.transaction-api-1.2.jar;C:\Users\alexander.angulo\.gradle\caches\modules-2\files-2.1\org.springframework.data\spring-data-jpa\2.0.7.RELEASE\9f201f3d3435a9e5422e0edcff3475c46215ffb\spring-data-jpa-2.0.7.RELEASE.jar;C:\Users\alexander.angulo\.gradle\caches\modules-2\files-2.1\org.springframework\spring-aspects\5.0.6.RELEASE\45a7631a64eb82625067587b9796d4418d9e0568\spring-aspects-5.0.6.RELEASE.jar;C:\Users\alexander.angulo\.gradle\caches\modules-2\files-2.1\org.springframework.data\spring-data-rest-webmvc\3.0.7.RELEASE\684949215006f844591c6a8632356f483752fca0\spring-data-rest-webmvc-3.0.7.RELEASE.jar;C:\Users\alexander.angulo\.gradle\caches\modules-2\files-2.1\org.springframework.boot\spring-boot-starter-tomcat\2.0.2.RELEASE\cedbfb18762e1c220007c768bfc5b773f5b30f8a\spring-boot-starter-tomcat-2.0.2.RELEASE.jar;C:\Users\alexander.angulo\.gradle\caches\modules-2\files-2.1\org.hibernate.validator\hibernate-validator\6.0.9.Final\b149e4cce82379f11f6129eb3187ca8ae5404005\hibernate-validator-6.0.9.Final.jar;C:\Users\alexander.angulo\.gradle\caches\modules-2\files-2.1\org.springframework.data\spring-data-rest-core\3.0.7.RELEASE\dd56b4f427987e1d5ab320eee6c3401e32557bb2\spring-data-rest-core-3.0.7.RELEASE.jar;C:\Users\alexander.angulo\.gradle\caches\modules-2\files-2.1\org.springframework.hateoas\spring-hateoas\0.24.0.RELEASE\b6401a781a58e0b2ab95242a553683e04300fe69\spring-hateoas-0.24.0.RELEASE.jar;C:\Users\alexander.angulo\.gradle\caches\modules-2\files-2.1\org.springframework\spring-webmvc\5.0.6.RELEASE\1361c5d1cf46665ee01de5dc1ca447c3be174c19\spring-webmvc-5.0.6.RELEASE.jar;C:\Users\alexander.angulo\.gradle\caches\modules-2\files-2.1\org.springframework\spring-web\5.0.6.RELEASE\89e89de3025165998118590613aedc6df8d64af6\spring-web-5.0.6.RELEASE.jar;C:\Users\alexander.angulo\.gradle\caches\modules-2\files-2.1\org.springframework.boot\spring-boot-test-autoconfigure\2.0.2.RELEASE\4993bdd96a4c02bc5b5703862d99ef4c563f25d0\spring-boot-test-autoconfigure-2.0.2.RELEASE.jar;C:\Users\alexander.angulo\.gradle\caches\modules-2\files-2.1\org.springframework.boot\spring-boot-test\2.0.2.RELEASE\fc85812e6543312a3b0ea9fbbdfd4a51183380a3\spring-boot-test-2.0.2.RELEASE.jar;C:\Users\alexander.angulo\.gradle\caches\modules-2\files-2.1\com.jayway.jsonpath\json-path\2.4.0\765a4401ceb2dc8d40553c2075eb80a8fa35c2ae\json-path-2.4.0.jar;C:\Users\alexander.angulo\.gradle\caches\modules-2\files-2.1\junit\junit\4.12\2973d150c0dc1fefe998f834810d68f278ea58ec\junit-4.12.jar;C:\Users\alexander.angulo\.gradle\caches\modules-2\files-2.1\org.assertj\assertj-core\3.9.1\c5ce126b15f28d56cd8f960c1a6a058b9c9aea87\assertj-core-3.9.1.jar;C:\Users\alexander.angulo\.gradle\caches\modules-2\files-2.1\org.mockito\mockito-core\2.15.0\b84bfbbc29cd22c9529409627af6ea2897f4fa85\mockito-core-2.15.0.jar;C:\Users\alexander.angulo\.gradle\caches\modules-2\files-2.1\org.hamcrest\hamcrest-library\1.3\4785a3c21320980282f9f33d0d1264a69040538f\hamcrest-library-1.3.jar;C:\Users\alexander.angulo\.gradle\caches\modules-2\files-2.1\org.hamcrest\hamcrest-core\1.3\42a25dc3219429f0e5d060061f71acb49bf010a0\hamcrest-core-1.3.jar;C:\Users\alexander.angulo\.gradle\caches\modules-2\files-2.1\org.skyscreamer\jsonassert\1.5.0\6c9d5fe2f59da598d9aefc1cfc6528ff3cf32df3\jsonassert-1.5.0.jar;C:\Users\alexander.angulo\.gradle\caches\modules-2\files-2.1\org.springframework\spring-test\5.0.6.RELEASE\dbc99b288774b2e07d94bc14fe38d556bc3ed34a\spring-test-5.0.6.RELEASE.jar;C:\Users\alexander.angulo\.gradle\caches\modules-2\files-2.1\org.springframework.boot\spring-boot-autoconfigure\2.0.2.RELEASE\f4b25e753e4955337a138d8b1550236b5efe5b3b\spring-boot-autoconfigure-2.0.2.RELEASE.jar;C:\Users\alexander.angulo\.gradle\caches\modules-2\files-2.1\org.springframework.boot\spring-boot\2.0.2.RELEASE\15012cf02e9f77938244e554f0598535fdd1cb38\spring-boot-2.0.2.RELEASE.jar;C:\Users\alexander.angulo\.gradle\caches\modules-2\files-2.1\org.springframework\spring-orm\5.0.6.RELEASE\7a08073597b79dfcd4db1cffa924f2b991a14a20\spring-orm-5.0.6.RELEASE.jar;C:\Users\alexander.angulo\.gradle\caches\modules-2\files-2.1\org.springframework\spring-jdbc\5.0.6.RELEASE\7d4de1ee9b042774e09ceb88393e5a564e342729\spring-jdbc-5.0.6.RELEASE.jar;C:\Users\alexander.angulo\.gradle\caches\modules-2\files-2.1\org.springframework.plugin\spring-plugin-core\1.2.0.RELEASE\f380e7760032e7d929184f8ad8a33716b75c0657\spring-plugin-core-1.2.0.RELEASE.jar;C:\Users\alexander.angulo\.gradle\caches\modules-2\files-2.1\org.springframework\spring-context\5.0.6.RELEASE\8b73b742ef0ddce04f0f1068f305de240b00ce0d\spring-context-5.0.6.RELEASE.jar;C:\Users\alexander.angulo\.gradle\caches\modules-2\files-2.1\org.springframework\spring-tx\5.0.6.RELEASE\1b6ffc44f2d59507a0fce1084fcc21788b13904\spring-tx-5.0.6.RELEASE.jar;C:\Users\alexander.angulo\.gradle\caches\modules-2\files-2.1\org.springframework\spring-aop\5.0.6.RELEASE\74078df698992054c1c1a8f705763a6c7b4b914c\spring-aop-5.0.6.RELEASE.jar;C:\Users\alexander.angulo\.gradle\caches\modules-2\files-2.1\org.springframework.data\spring-data-commons\2.0.7.RELEASE\7faa0fb2ffa50a5c50ad9f10118095ae24d5c6e1\spring-data-commons-2.0.7.RELEASE.jar;C:\Users\alexander.angulo\.gradle\caches\modules-2\files-2.1\org.springframework\spring-beans\5.0.6.RELEASE\d609b83cd8a71650a70778cf8d02c9a05b9161fe\spring-beans-5.0.6.RELEASE.jar;C:\Users\alexander.angulo\.gradle\caches\modules-2\files-2.1\org.springframework\spring-expression\5.0.6.RELEASE\dec57ae5e6f0dfd4c6cfc199aa13ed268c3e1a65\spring-expression-5.0.6.RELEASE.jar;C:\Users\alexander.angulo\.gradle\caches\modules-2\files-2.1\org.springframework\spring-core\5.0.6.RELEASE\984a52455b1be596b7f1a29f62d21d2f483eb764\spring-core-5.0.6.RELEASE.jar;C:\Users\alexander.angulo\.gradle\caches\modules-2\files-2.1\org.xmlunit\xmlunit-core\2.5.1\4ffdb346572a7356f7521cd3119ce5287d2e339d\xmlunit-core-2.5.1.jar;C:\Users\alexander.angulo\.gradle\caches\modules-2\files-2.1\org.springframework.boot\spring-boot-starter-logging\2.0.2.RELEASE\b56d7d1931792d6e58dbd41f956912359ba85238\spring-boot-starter-logging-2.0.2.RELEASE.jar;C:\Users\alexander.angulo\.gradle\caches\modules-2\files-2.1\javax.annotation\javax.annotation-api\1.3.2\934c04d3cfef185a8008e7bf34331b79730a9d43\javax.annotation-api-1.3.2.jar;C:\Users\alexander.angulo\.gradle\caches\modules-2\files-2.1\org.yaml\snakeyaml\1.19\2d998d3d674b172a588e54ab619854d073f555b5\snakeyaml-1.19.jar;C:\Users\alexander.angulo\.gradle\caches\modules-2\files-2.1\org.aspectj\aspectjweaver\1.8.13\ad94df2a28d658a40dc27bbaff6a1ce5fbf04e9b\aspectjweaver-1.8.13.jar;C:\Users\alexander.angulo\.gradle\caches\modules-2\files-2.1\com.zaxxer\HikariCP\2.7.9\a83113d2c091d0d0f853dad3217bd7df3beb6ae3\HikariCP-2.7.9.jar;C:\Users\alexander.angulo\.gradle\caches\modules-2\files-2.1\org.hibernate.common\hibernate-commons-annotations\5.0.1.Final\71e1cff3fcb20d3b3af4f3363c3ddb24d33c6879\hibernate-commons-annotations-5.0.1.Final.jar;C:\Users\alexander.angulo\.gradle\caches\modules-2\files-2.1\org.jboss.logging\jboss-logging\3.3.2.Final\3789d00e859632e6c6206adc0c71625559e6e3b0\jboss-logging-3.3.2.Final.jar;C:\Users\alexander.angulo\.gradle\caches\modules-2\files-2.1\org.hibernate.javax.persistence\hibernate-jpa-2.1-api\1.0.0.Final\5e731d961297e5a07290bfaf3db1fbc8bbbf405a\hibernate-jpa-2.1-api-1.0.0.Final.jar;C:\Users\alexander.angulo\.gradle\caches\modules-2\files-2.1\org.javassist\javassist\3.22.0-GA\3e83394258ae2089be7219b971ec21a8288528ad\javassist-3.22.0-GA.jar;C:\Users\alexander.angulo\.gradle\caches\modules-2\files-2.1\antlr\antlr\2.7.7\83cd2cd674a217ade95a4bb83a8a14f351f48bd0\antlr-2.7.7.jar;C:\Users\alexander.angulo\.gradle\caches\modules-2\files-2.1\org.jboss\jandex\2.0.3.Final\bfc4d6257dbff7a33a357f0de116be6ff951d849\jandex-2.0.3.Final.jar;C:\Users\alexander.angulo\.gradle\caches\modules-2\files-2.1\com.fasterxml\classmate\1.3.4\3d5f48f10bbe4eb7bd862f10c0583be2e0053c6\classmate-1.3.4.jar;C:\Users\alexander.angulo\.gradle\caches\modules-2\files-2.1\dom4j\dom4j\1.6.1\5d3ccc056b6f056dbf0dddfdf43894b9065a8f94\dom4j-1.6.1.jar;C:\Users\alexander.angulo\.gradle\caches\modules-2\files-2.1\ch.qos.logback\logback-classic\1.2.3\7c4f3c474fb2c041d8028740440937705ebb473a\logback-classic-1.2.3.jar;C:\Users\alexander.angulo\.gradle\caches\modules-2\files-2.1\org.apache.logging.log4j\log4j-to-slf4j\2.10.0\f7e631ccf49cfc0aefa4a2a728da7d374c05bd3c\log4j-to-slf4j-2.10.0.jar;C:\Users\alexander.angulo\.gradle\caches\modules-2\files-2.1\org.slf4j\jul-to-slf4j\1.7.25\af5364cd6679bfffb114f0dec8a157aaa283b76\jul-to-slf4j-1.7.25.jar;C:\Users\alexander.angulo\.gradle\caches\modules-2\files-2.1\org.slf4j\slf4j-api\1.7.25\da76ca59f6a57ee3102f8f9bd9cee742973efa8a\slf4j-api-1.7.25.jar;C:\Users\alexander.angulo\.gradle\caches\modules-2\files-2.1\com.fasterxml.jackson.datatype\jackson-datatype-jdk8\2.9.5\23e37f085279ba316c0df923513b81609e1d1f6\jackson-datatype-jdk8-2.9.5.jar;C:\Users\alexander.angulo\.gradle\caches\modules-2\files-2.1\com.fasterxml.jackson.datatype\jackson-datatype-jsr310\2.9.5\d1f0d11e816bc04e222a261106ca138801841c2d\jackson-datatype-jsr310-2.9.5.jar;C:\Users\alexander.angulo\.gradle\caches\modules-2\files-2.1\com.fasterxml.jackson.module\jackson-module-parameter-names\2.9.5\f824c60751ffb7bfc3a0d30dfe0e42317d8e67f5\jackson-module-parameter-names-2.9.5.jar;C:\Users\alexander.angulo\.gradle\caches\modules-2\files-2.1\com.fasterxml.jackson.core\jackson-databind\2.9.5\3490508379d065fe3fcb80042b62f630f7588606\jackson-databind-2.9.5.jar;C:\Users\alexander.angulo\.gradle\caches\modules-2\files-2.1\com.fasterxml.jackson.core\jackson-annotations\2.9.0\7c10d545325e3a6e72e06381afe469fd40eb701\jackson-annotations-2.9.0.jar;C:\Users\alexander.angulo\.gradle\caches\modules-2\files-2.1\org.apache.tomcat.embed\tomcat-embed-websocket\8.5.31\6564e716b89de5eaa0dd234ae7989576503ddf3\tomcat-embed-websocket-8.5.31.jar;C:\Users\alexander.angulo\.gradle\caches\modules-2\files-2.1\org.apache.tomcat.embed\tomcat-embed-core\8.5.31\f5adf7ed8c34aa005b22b6a2dc7b6796e10e9c79\tomcat-embed-core-8.5.31.jar;C:\Users\alexander.angulo\.gradle\caches\modules-2\files-2.1\org.apache.tomcat.embed\tomcat-embed-el\8.5.31\3a536e1ac71b82627c3a7408eb38fa0704cb9034\tomcat-embed-el-8.5.31.jar;C:\Users\alexander.angulo\.gradle\caches\modules-2\files-2.1\javax.validation\validation-api\2.0.1.Final\cb855558e6271b1b32e716d24cb85c7f583ce09e\validation-api-2.0.1.Final.jar;C:\Users\alexander.angulo\.gradle\caches\modules-2\files-2.1\net.minidev\json-smart\2.3\7396407491352ce4fa30de92efb158adb76b5b\json-smart-2.3.jar;C:\Users\alexander.angulo\.gradle\caches\modules-2\files-2.1\net.bytebuddy\byte-buddy\1.7.11\f02857a4e2c66ccbe7aaad6100a0a6c461bce9b3\byte-buddy-1.7.11.jar;C:\Users\alexander.angulo\.gradle\caches\modules-2\files-2.1\net.bytebuddy\byte-buddy-agent\1.7.11\b425a8933ca07edd03c6dbc8bc3b595fba9780de\byte-buddy-agent-1.7.11.jar;C:\Users\alexander.angulo\.gradle\caches\modules-2\files-2.1\org.objenesis\objenesis\2.6\639033469776fd37c08358c6b92a4761feb2af4b\objenesis-2.6.jar;C:\Users\alexander.angulo\.gradle\caches\modules-2\files-2.1\com.vaadin.external.google\android-json\0.0.20131108.vaadin1\fa26d351fe62a6a17f5cda1287c1c6110dec413f\android-json-0.0.20131108.vaadin1.jar;C:\Users\alexander.angulo\.gradle\caches\modules-2\files-2.1\org.springframework\spring-jcl\5.0.6.RELEASE\295ee4e8657e9c1fd327735c01d5fbce339cc44d\spring-jcl-5.0.6.RELEASE.jar;C:\Users\alexander.angulo\.gradle\caches\modules-2\files-2.1\com.fasterxml.jackson.core\jackson-core\2.9.5\a22ac51016944b06fd9ffbc9541c6e7ce5eea117\jackson-core-2.9.5.jar;C:\Users\alexander.angulo\.gradle\caches\modules-2\files-2.1\org.atteo\evo-inflector\1.2.2\2551aad98d65ac5464d81fe05f0e1516cfe471c9\evo-inflector-1.2.2.jar;C:\Users\alexander.angulo\.gradle\caches\modules-2\files-2.1\net.minidev\accessors-smart\1.2\c592b500269bfde36096641b01238a8350f8aa31\accessors-smart-1.2.jar;C:\Users\alexander.angulo\.gradle\caches\modules-2\files-2.1\ch.qos.logback\logback-core\1.2.3\864344400c3d4d92dfeb0a305dc87d953677c03c\logback-core-1.2.3.jar;C:\Users\alexander.angulo\.gradle\caches\modules-2\files-2.1\org.apache.logging.log4j\log4j-api\2.10.0\fec5797a55b786184a537abd39c3fa1449d752d6\log4j-api-2.10.0.jar;C:\Users\alexander.angulo\.gradle\caches\modules-2\files-2.1\org.ow2.asm\asm\5.0.4\da08b8cce7bbf903602a25a3a163ae252435795\asm-5.0.4.jar;C:\Users\alexander.angulo\.gradle\caches\modules-2\files-2.1\net.sourceforge.cobertura\cobertura\2.1.1\eab984794b3f7d0d37736a9e5b7f790128f611b5\cobertura-2.1.1.jar;C:\Users\alexander.angulo\.gradle\caches\modules-2\files-2.1\org.ow2.asm\asm-commons\5.0.1\7b7147a390a93a14d2edfdcf3f7b0e87a0939c3e\asm-commons-5.0.1.jar;C:\Users\alexander.angulo\.gradle\caches\modules-2\files-2.1\org.ow2.asm\asm-util\5.0.1\7c8caddfbd0b2d7b844f8fcc75175b9cb9cf4724\asm-util-5.0.1.jar;C:\Users\alexander.angulo\.gradle\caches\modules-2\files-2.1\org.ow2.asm\asm-analysis\5.0.1\e286fbee48efacb4e7c175f7948d9d8b2ab52352\asm-analysis-5.0.1.jar;C:\Users\alexander.angulo\.gradle\caches\modules-2\files-2.1\org.ow2.asm\asm-tree\5.0.1\1b1e6e9d869acd704056d0a4223071a511c619e6\asm-tree-5.0.1.jar;C:\Users\alexander.angulo\.gradle\caches\modules-2\files-2.1\org.ow2.asm\asm\5.0.1\2fd56467a018aafe6ec6a73ccba520be4a7e1565\asm-5.0.1.jar;C:\Users\alexander.angulo\.gradle\caches\modules-2\files-2.1\oro\oro\2.0.8\5592374f834645c4ae250f4c9fbb314c9369d698\oro-2.0.8.jar;C:\Users\alexander.angulo\.gradle\caches\modules-2\files-2.1\jaxen\jaxen\1.1.6\3f8c36d9a0578e8e98f030c662b69888b1430ac0\jaxen-1.1.6.jar;C:\Users\alexander.angulo\.gradle\caches\modules-2\files-2.1\org.apache.ant\ant-junit\1.8.3\9f77eec4e103241602fb0cdd97b3ec3237e0bd9\ant-junit-1.8.3.jar;C:\Users\alexander.angulo\.gradle\caches\modules-2\files-2.1\org.apache.ant\ant\1.8.3\77c746ecab048b9839c7a8e39e55fe8636c5b11\ant-1.8.3.jar;C:\Users\alexander.angulo\.gradle\caches\modules-2\files-2.1\org.mortbay.jetty\jetty\6.1.14\5ded67b609e59c27e82ff61b510773d28c9bef56\jetty-6.1.14.jar;C:\Users\alexander.angulo\.gradle\caches\modules-2\files-2.1\org.mortbay.jetty\servlet-api-2.5\6.1.14\5f07601ab7d7c85dd9e38a17c0e1b0edfbd4a191\servlet-api-2.5-6.1.14.jar;C:\Users\alexander.angulo\.gradle\caches\modules-2\files-2.1\org.mortbay.jetty\jetty-util\6.1.14\1b707d5884e35c9b97114a24aa9ee94ca531fa21\jetty-util-6.1.14.jar;C:\Users\alexander.angulo\.gradle\caches\modules-2\files-2.1\org.apache.commons\commons-lang3\3.7\557edd918fd41f9260963583ebf5a61a43a6b423\commons-lang3-3.7.jar;C:\Users\alexander.angulo\.gradle\caches\modules-2\files-2.1\org.apache.ant\ant-launcher\1.8.3\a22bcf9438c41828b04c13b052c4886606abac2\ant-launcher-1.8.3.jar, user.name=alexander.angulo, java.vm.specification.version=1.8, sun.java.command=worker.org.gradle.process.internal.worker.GradleWorkerMain 'Gradle Test Executor 3', java.home=C:\Program Files\Java\jdk1.8.0_172\jre, sun.arch.data.model=64, user.language=en, java.specification.vendor=Oracle Corporation, awt.toolkit=sun.awt.windows.WToolkit, java.vm.info=mixed mode, java.version=1.8.0_172, java.ext.dirs=C:\Program Files\Java\jdk1.8.0_172\jre\lib\ext;C:\Windows\Sun\Java\lib\ext, property=value, sun.boot.class.path=C:\Program Files\Java\jdk1.8.0_172\jre\lib\resources.jar;C:\Program Files\Java\jdk1.8.0_172\jre\lib\rt.jar;C:\Program Files\Java\jdk1.8.0_172\jre\lib\sunrsasign.jar;C:\Program Files\Java\jdk1.8.0_172\jre\lib\jsse.jar;C:\Program Files\Java\jdk1.8.0_172\jre\lib\jce.jar;C:\Program Files\Java\jdk1.8.0_172\jre\lib\charsets.jar;C:\Program Files\Java\jdk1.8.0_172\jre\lib\jfr.jar;C:\Program Files\Java\jdk1.8.0_172\jre\classes, java.vendor=Oracle Corporation, org.gradle.test.worker=3, file.separator=\, java.vendor.url.bug=http://bugreport.sun.com/bugreport/, sun.io.unicode.encoding=UnicodeLittle, sun.cpu.endian=little, sun.desktop=windows, sun.cpu.isalist=amd64}}, SystemEnvironmentPropertySource@59435837 {name='systemEnvironment', properties={USERDOMAIN_ROAMINGPROFILE=CEIBA, LOCALAPPDATA=C:\Users\alexander.angulo\AppData\Local, PROCESSOR_LEVEL=6, USERDOMAIN=CEIBA, LOGONSERVER=\\CRONOS, SESSIONNAME=Console, ALLUSERSPROFILE=C:\ProgramData, PROCESSOR_ARCHITECTURE=AMD64, PSModulePath=C:\Program Files\WindowsPowerShell\Modules;C:\Windows\system32\WindowsPowerShell\v1.0\Modules, SystemDrive=C:, OneDrive=C:\Users\alexander.angulo\OneDrive, APPDATA=C:\Users\alexander.angulo\AppData\Roaming, USERNAME=alexander.angulo, USERDNSDOMAIN=CEIBA.LOCAL, ProgramFiles(x86)=C:\Program Files (x86), CommonProgramFiles=C:\Program Files\Common Files, Path=C:/Program Files/Java/jre1.8.0_172/bin/server;C:/Program Files/Java/jre1.8.0_172/bin;C:/Program Files/Java/jre1.8.0_172/lib/amd64;C:\Program Files (x86)\Common Files\Oracle\Java\javapath;C:\Oracle\product\11.1.0\client_1\bin;C:\Program Files\CollabNet\Subversion Client;C:\Windows\system32;C:\Windows;C:\Windows\System32\Wbem;C:\Windows\System32\WindowsPowerShell\v1.0\;C:\Windows\System32\OpenSSH\;C:\Program Files\TortoiseSVN\bin;C:\Program Files\Git\cmd;C:\Program Files\PuTTY\;C:\xampp\mysql\bin;C:\Program Files\nodejs\;C:\Users\alexander.angulo\AppData\Local\Microsoft\WindowsApps;;C:\Program Files\Microsoft VS Code\bin;C:\Users\alexander.angulo\AppData\Roaming\npm;D:\spring-tool-suite\sts-bundle\sts-3.9.4.RELEASE;, PATHEXT=.COM;.EXE;.BAT;.CMD;.VBS;.VBE;.JS;.JSE;.WSF;.WSH;.MSC, DriverData=C:\Windows\System32\Drivers\DriverData, OS=Windows_NT, COMPUTERNAME=ALEXANDER-ANGUL, PROCESSOR_REVISION=3a09, CommonProgramW6432=C:\Program Files\Common Files, ComSpec=C:\Windows\system32\cmd.exe, ProgramData=C:\ProgramData, ProgramW6432=C:\Program Files, HOMEPATH=\Users\alexander.angulo, SystemRoot=C:\Windows, TEMP=C:\Users\ALEXAN~1.ANG\AppData\Local\Temp, HOMEDRIVE=C:, PROCESSOR_IDENTIFIER=Intel64 Family 6 Model 58 Stepping 9, GenuineIntel, USERPROFILE=C:\Users\alexander.angulo, TMP=C:\Users\ALEXAN~1.ANG\AppData\Local\Temp, CommonProgramFiles(x86)=C:\Program Files (x86)\Common Files, ProgramFiles=C:\Program Files, PUBLIC=C:\Users\Public, NUMBER_OF_PROCESSORS=8, windir=C:\Windows, =::=::\}}]
[DEBUG] Resolved classpath location [com/co/ceiba/parqueadero/] to resources [URL [file:/C:/Users/alexander.angulo/Music/version2/parqueadero/build/instrumented_classes/com/co/ceiba/parqueadero/], URL [file:/C:/Users/alexander.angulo/Music/version2/parqueadero/build/classes/java/test/com/co/ceiba/parqueadero/], URL [file:/C:/Users/alexander.angulo/Music/version2/parqueadero/build/classes/java/main/com/co/ceiba/parqueadero/]]
[DEBUG] Looking for matching resources in directory tree [C:\Users\alexander.angulo\Music\version2\parqueadero\build\instrumented_classes\com\co\ceiba\parqueadero]
[DEBUG] Searching directory [C:\Users\alexander.angulo\Music\version2\parqueadero\build\instrumented_classes\com\co\ceiba\parqueadero] for files matching pattern [C:/Users/alexander.angulo/Music/version2/parqueadero/build/instrumented_classes/com/co/ceiba/parqueadero/*.class]
[DEBUG] Looking for matching resources in directory tree [C:\Users\alexander.angulo\Music\version2\parqueadero\build\classes\java\test\com\co\ceiba\parqueadero]
[DEBUG] Searching directory [C:\Users\alexander.angulo\Music\version2\parqueadero\build\classes\java\test\com\co\ceiba\parqueadero] for files matching pattern [C:/Users/alexander.angulo/Music/version2/parqueadero/build/classes/java/test/com/co/ceiba/parqueadero/*.class]
[DEBUG] Looking for matching resources in directory tree [C:\Users\alexander.angulo\Music\version2\parqueadero\build\classes\java\main\com\co\ceiba\parqueadero]
[DEBUG] Searching directory [C:\Users\alexander.angulo\Music\version2\parqueadero\build\classes\java\main\com\co\ceiba\parqueadero] for files matching pattern [C:/Users/alexander.angulo/Music/version2/parqueadero/build/classes/java/main/com/co/ceiba/parqueadero/*.class]
[DEBUG] Resolved location pattern [classpath*:com/co/ceiba/parqueadero/*.class] to resources [file [C:\Users\alexander.angulo\Music\version2\parqueadero\build\instrumented_classes\com\co\ceiba\parqueadero\ParqueaderoApplication.class], file [C:\Users\alexander.angulo\Music\version2\parqueadero\build\instrumented_classes\com\co\ceiba\parqueadero\ServletInitializer.class], file [C:\Users\alexander.angulo\Music\version2\parqueadero\build\classes\java\test\com\co\ceiba\parqueadero\ParqueaderoApplicationTests.class], file [C:\Users\alexander.angulo\Music\version2\parqueadero\build\classes\java\main\com\co\ceiba\parqueadero\ParqueaderoApplication.class], file [C:\Users\alexander.angulo\Music\version2\parqueadero\build\classes\java\main\com\co\ceiba\parqueadero\ServletInitializer.class]]
[DEBUG] Identified candidate component class: file [C:\Users\alexander.angulo\Music\version2\parqueadero\build\instrumented_classes\com\co\ceiba\parqueadero\ParqueaderoApplication.class]
[DEBUG] Identified candidate component class: file [C:\Users\alexander.angulo\Music\version2\parqueadero\build\classes\java\main\com\co\ceiba\parqueadero\ParqueaderoApplication.class]
[INFO] Found @SpringBootConfiguration com.co.ceiba.parqueadero.ParqueaderoApplication for test class com.co.ceiba.parqueadero.ParqueaderoApplicationTests
[DEBUG] @TestExecutionListeners is not present for class [com.co.ceiba.parqueadero.ParqueaderoApplicationTests]: using defaults.
[INFO] Loaded default TestExecutionListener class names from location [META-INF/spring.factories]: [org.springframework.boot.test.autoconfigure.restdocs.RestDocsTestExecutionListener, org.springframework.boot.test.autoconfigure.web.client.MockRestServiceServerResetTestExecutionListener, org.springframework.boot.test.autoconfigure.web.servlet.MockMvcPrintOnlyOnFailureTestExecutionListener, org.springframework.boot.test.autoconfigure.web.servlet.WebDriverTestExecutionListener, org.springframework.boot.test.mock.mockito.MockitoTestExecutionListener, org.springframework.boot.test.mock.mockito.ResetMocksTestExecutionListener, org.springframework.test.context.web.ServletTestExecutionListener, org.springframework.test.context.support.DirtiesContextBeforeModesTestExecutionListener, org.springframework.test.context.support.DependencyInjectionTestExecutionListener, org.springframework.test.context.support.DirtiesContextTestExecutionListener, org.springframework.test.context.transaction.TransactionalTestExecutionListener, org.springframework.test.context.jdbc.SqlScriptsTestExecutionListener]
[INFO] Using TestExecutionListeners: [org.springframework.test.context.web.ServletTestExecutionListener@6830739c, org.springframework.test.context.support.DirtiesContextBeforeModesTestExecutionListener@50999ae, org.springframework.boot.test.mock.mockito.MockitoTestExecutionListener@1dfff0df, org.springframework.boot.test.autoconfigure.SpringBootDependencyInjectionTestExecutionListener@2958c50e, org.springframework.test.context.support.DirtiesContextTestExecutionListener@421fff2a, org.springframework.test.context.transaction.TransactionalTestExecutionListener@b92ca2e, org.springframework.test.context.jdbc.SqlScriptsTestExecutionListener@6909aa8b, org.springframework.boot.test.autoconfigure.restdocs.RestDocsTestExecutionListener@6966211, org.springframework.boot.test.autoconfigure.web.client.MockRestServiceServerResetTestExecutionListener@3b4d3b46, org.springframework.boot.test.autoconfigure.web.servlet.MockMvcPrintOnlyOnFailureTestExecutionListener@269355bb, org.springframework.boot.test.autoconfigure.web.servlet.WebDriverTestExecutionListener@2eaee10, org.springframework.boot.test.mock.mockito.ResetMocksTestExecutionListener@375992b6]
[DEBUG] Retrieved @ProfileValueSourceConfiguration [null] for test class [com.co.ceiba.parqueadero.ParqueaderoApplicationTests]
[DEBUG] Retrieved ProfileValueSource type [class org.springframework.test.annotation.SystemProfileValueSource] for class [com.co.ceiba.parqueadero.ParqueaderoApplicationTests]
[DEBUG] Retrieved @ProfileValueSourceConfiguration [null] for test class [com.co.ceiba.parqueadero.ParqueaderoApplicationTests]
[DEBUG] Retrieved ProfileValueSource type [class org.springframework.test.annotation.SystemProfileValueSource] for class [com.co.ceiba.parqueadero.ParqueaderoApplicationTests]
[DEBUG] Before test class: context [DefaultTestContext@7f14c2c testClass = ParqueaderoApplicationTests, testInstance = [null], testMethod = [null], testException = [null], mergedContextConfiguration = [WebMergedContextConfiguration@74d2250a testClass = ParqueaderoApplicationTests, locations = '{}', classes = '{class com.co.ceiba.parqueadero.ParqueaderoApplication}', contextInitializerClasses = '[]', activeProfiles = '{}', propertySourceLocations = '{}', propertySourceProperties = '{org.springframework.boot.test.context.SpringBootTestContextBootstrapper=true}', contextCustomizers = set[org.springframework.boot.test.autoconfigure.properties.PropertyMappingContextCustomizer@0, org.springframework.boot.test.autoconfigure.web.servlet.WebDriverContextCustomizerFactory$Customizer@1949b751, org.springframework.boot.test.context.filter.ExcludeFilterContextCustomizer@1520bc2f, org.springframework.boot.test.json.DuplicateJsonObjectContextCustomizerFactory$DuplicateJsonObjectContextCustomizer@3e3c4eaa, org.springframework.boot.test.mock.mockito.MockitoContextCustomizer@0, org.springframework.boot.test.web.client.TestRestTemplateContextCustomizer@325deb9b], resourceBasePath = 'src/main/webapp', contextLoader = 'org.springframework.boot.test.context.SpringBootContextLoader', parent = [null]], attributes = map['org.springframework.test.context.web.ServletTestExecutionListener.activateListener' -> true]], class annotated with @DirtiesContext [false] with mode [null].
[DEBUG] Retrieved @ProfileValueSourceConfiguration [null] for test class [com.co.ceiba.parqueadero.ParqueaderoApplicationTests]
[DEBUG] Retrieved ProfileValueSource type [class org.springframework.test.annotation.SystemProfileValueSource] for class [com.co.ceiba.parqueadero.ParqueaderoApplicationTests]
[DEBUG] Adding PropertySource 'systemProperties' with lowest search precedence
[DEBUG] Adding PropertySource 'systemEnvironment' with lowest search precedence
[DEBUG] Initialized StandardEnvironment with PropertySources [MapPropertySource@193596953 {name='systemProperties', properties={java.runtime.name=Java(TM) SE Runtime Environment, sun.boot.library.path=C:\Program Files\Java\jdk1.8.0_172\jre\bin, java.vm.version=25.172-b11, java.vm.vendor=Oracle Corporation, java.vendor.url=http://java.oracle.com/, path.separator=;, java.vm.name=Java HotSpot(TM) 64-Bit Server VM, file.encoding.pkg=sun.io, user.script=, sun.java.launcher=SUN_STANDARD, user.country=US, sun.os.patch.level=, java.vm.specification.name=Java Virtual Machine Specification, user.dir=C:\Users\alexander.angulo\Music\version2\parqueadero, java.runtime.version=1.8.0_172-b11, java.awt.graphicsenv=sun.awt.Win32GraphicsEnvironment, java.endorsed.dirs=C:\Program Files\Java\jdk1.8.0_172\jre\lib\endorsed, os.arch=amd64, java.io.tmpdir=C:\Users\ALEXAN~1.ANG\AppData\Local\Temp\, line.separator=
, java.vm.specification.vendor=Oracle Corporation, user.variant=, os.name=Windows 10, net.sourceforge.cobertura.datafile=C:\Users\alexander.angulo\Music\version2\parqueadero\build\cobertura\cobertura.ser, sun.jnu.encoding=Cp1252, java.library.path=C:\Program Files\Java\jdk1.8.0_172\bin;C:\Windows\Sun\Java\bin;C:\Windows\system32;C:\Windows;C:/Program Files/Java/jre1.8.0_172/bin/server;C:/Program Files/Java/jre1.8.0_172/bin;C:/Program Files/Java/jre1.8.0_172/lib/amd64;C:\Program Files (x86)\Common Files\Oracle\Java\javapath;C:\Oracle\product\11.1.0\client_1\bin;C:\Program Files\CollabNet\Subversion Client;C:\Windows\system32;C:\Windows;C:\Windows\System32\Wbem;C:\Windows\System32\WindowsPowerShell\v1.0\;C:\Windows\System32\OpenSSH\;C:\Program Files\TortoiseSVN\bin;C:\Program Files\Git\cmd;C:\Program Files\PuTTY\;C:\xampp\mysql\bin;C:\Program Files\nodejs\;C:\Users\alexander.angulo\AppData\Local\Microsoft\WindowsApps;;C:\Program Files\Microsoft VS Code\bin;C:\Users\alexander.angulo\AppData\Roaming\npm;D:\spring-tool-suite\sts-bundle\sts-3.9.4.RELEASE;;., java.specification.name=Java Platform API Specification, java.class.version=52.0, org.gradle.native=false, sun.management.compiler=HotSpot 64-Bit Tiered Compilers, os.version=10.0, user.home=C:\Users\alexander.angulo, user.timezone=America/Bogota, java.awt.printerjob=sun.awt.windows.WPrinterJob, file.encoding=windows-1252, java.specification.version=1.8, java.class.path=C:\Users\alexander.angulo\Music\version2\parqueadero\build\instrumented_classes;C:\Users\alexander.angulo\Music\version2\parqueadero\build\classes\java\test;C:\Users\alexander.angulo\Music\version2\parqueadero\build\resources\test;C:\Users\alexander.angulo\Music\version2\parqueadero\build\classes\java\main;C:\Users\alexander.angulo\Music\version2\parqueadero\build\resources\main;C:\Users\alexander.angulo\.gradle\caches\modules-2\files-2.1\org.springframework.boot\spring-boot-starter-data-jpa\2.0.2.RELEASE\a277d15c247684aaef38852a2e71b8b1ef7357e6\spring-boot-starter-data-jpa-2.0.2.RELEASE.jar;C:\Users\alexander.angulo\.gradle\caches\modules-2\files-2.1\org.springframework.boot\spring-boot-starter-data-rest\2.0.2.RELEASE\1617ded563edcb560034293532d74a6c61132eea\spring-boot-starter-data-rest-2.0.2.RELEASE.jar;C:\Users\alexander.angulo\.gradle\caches\modules-2\files-2.1\org.springframework.boot\spring-boot-starter-web\2.0.2.RELEASE\b6ef0cf4d0a7c6c7e93ff524b84cd1d8f87f67d9\spring-boot-starter-web-2.0.2.RELEASE.jar;C:\Users\alexander.angulo\.gradle\caches\modules-2\files-2.1\mysql\mysql-connector-java\5.1.46\9a3e63b387e376364211e96827bc27db8d7a92e9\mysql-connector-java-5.1.46.jar;C:\Users\alexander.angulo\.gradle\caches\modules-2\files-2.1\org.json\json\20090211\c183aa3a2a6250293808bba12262c8920ce5a51c\json-20090211.jar;C:\Users\alexander.angulo\.gradle\caches\modules-2\files-2.1\org.springframework.boot\spring-boot-starter-test\2.0.2.RELEASE\d9e090412f318586e0f277e24740b79b58ef190b\spring-boot-starter-test-2.0.2.RELEASE.jar;C:\Users\alexander.angulo\.gradle\caches\modules-2\files-2.1\org.springframework.boot\spring-boot-starter-aop\2.0.2.RELEASE\b0b0c7dcfdffaef1b04886c0279772905bc7e9d2\spring-boot-starter-aop-2.0.2.RELEASE.jar;C:\Users\alexander.angulo\.gradle\caches\modules-2\files-2.1\org.springframework.boot\spring-boot-starter-jdbc\2.0.2.RELEASE\f93c2459a06061f889b837d1c2503055df024778\spring-boot-starter-jdbc-2.0.2.RELEASE.jar;C:\Users\alexander.angulo\.gradle\caches\modules-2\files-2.1\org.springframework.boot\spring-boot-starter-json\2.0.2.RELEASE\5edda979838ced5314b8f58a958fe9d6b4b3badd\spring-boot-starter-json-2.0.2.RELEASE.jar;C:\Users\alexander.angulo\.gradle\caches\modules-2\files-2.1\org.springframework.boot\spring-boot-starter\2.0.2.RELEASE\1cda94f0dfcf2b065191782a54b84d2abf96391\spring-boot-starter-2.0.2.RELEASE.jar;C:\Users\alexander.angulo\.gradle\caches\modules-2\files-2.1\org.hibernate\hibernate-core\5.2.17.Final\f2dc36470e7a2ffcf6106bb1625ecf5b54bb5f65\hibernate-core-5.2.17.Final.jar;C:\Users\alexander.angulo\.gradle\caches\modules-2\files-2.1\javax.transaction\javax.transaction-api\1.2\d81aff979d603edd90dcd8db2abc1f4ce6479e3e\javax.transaction-api-1.2.jar;C:\Users\alexander.angulo\.gradle\caches\modules-2\files-2.1\org.springframework.data\spring-data-jpa\2.0.7.RELEASE\9f201f3d3435a9e5422e0edcff3475c46215ffb\spring-data-jpa-2.0.7.RELEASE.jar;C:\Users\alexander.angulo\.gradle\caches\modules-2\files-2.1\org.springframework\spring-aspects\5.0.6.RELEASE\45a7631a64eb82625067587b9796d4418d9e0568\spring-aspects-5.0.6.RELEASE.jar;C:\Users\alexander.angulo\.gradle\caches\modules-2\files-2.1\org.springframework.data\spring-data-rest-webmvc\3.0.7.RELEASE\684949215006f844591c6a8632356f483752fca0\spring-data-rest-webmvc-3.0.7.RELEASE.jar;C:\Users\alexander.angulo\.gradle\caches\modules-2\files-2.1\org.springframework.boot\spring-boot-starter-tomcat\2.0.2.RELEASE\cedbfb18762e1c220007c768bfc5b773f5b30f8a\spring-boot-starter-tomcat-2.0.2.RELEASE.jar;C:\Users\alexander.angulo\.gradle\caches\modules-2\files-2.1\org.hibernate.validator\hibernate-validator\6.0.9.Final\b149e4cce82379f11f6129eb3187ca8ae5404005\hibernate-validator-6.0.9.Final.jar;C:\Users\alexander.angulo\.gradle\caches\modules-2\files-2.1\org.springframework.data\spring-data-rest-core\3.0.7.RELEASE\dd56b4f427987e1d5ab320eee6c3401e32557bb2\spring-data-rest-core-3.0.7.RELEASE.jar;C:\Users\alexander.angulo\.gradle\caches\modules-2\files-2.1\org.springframework.hateoas\spring-hateoas\0.24.0.RELEASE\b6401a781a58e0b2ab95242a553683e04300fe69\spring-hateoas-0.24.0.RELEASE.jar;C:\Users\alexander.angulo\.gradle\caches\modules-2\files-2.1\org.springframework\spring-webmvc\5.0.6.RELEASE\1361c5d1cf46665ee01de5dc1ca447c3be174c19\spring-webmvc-5.0.6.RELEASE.jar;C:\Users\alexander.angulo\.gradle\caches\modules-2\files-2.1\org.springframework\spring-web\5.0.6.RELEASE\89e89de3025165998118590613aedc6df8d64af6\spring-web-5.0.6.RELEASE.jar;C:\Users\alexander.angulo\.gradle\caches\modules-2\files-2.1\org.springframework.boot\spring-boot-test-autoconfigure\2.0.2.RELEASE\4993bdd96a4c02bc5b5703862d99ef4c563f25d0\spring-boot-test-autoconfigure-2.0.2.RELEASE.jar;C:\Users\alexander.angulo\.gradle\caches\modules-2\files-2.1\org.springframework.boot\spring-boot-test\2.0.2.RELEASE\fc85812e6543312a3b0ea9fbbdfd4a51183380a3\spring-boot-test-2.0.2.RELEASE.jar;C:\Users\alexander.angulo\.gradle\caches\modules-2\files-2.1\com.jayway.jsonpath\json-path\2.4.0\765a4401ceb2dc8d40553c2075eb80a8fa35c2ae\json-path-2.4.0.jar;C:\Users\alexander.angulo\.gradle\caches\modules-2\files-2.1\junit\junit\4.12\2973d150c0dc1fefe998f834810d68f278ea58ec\junit-4.12.jar;C:\Users\alexander.angulo\.gradle\caches\modules-2\files-2.1\org.assertj\assertj-core\3.9.1\c5ce126b15f28d56cd8f960c1a6a058b9c9aea87\assertj-core-3.9.1.jar;C:\Users\alexander.angulo\.gradle\caches\modules-2\files-2.1\org.mockito\mockito-core\2.15.0\b84bfbbc29cd22c9529409627af6ea2897f4fa85\mockito-core-2.15.0.jar;C:\Users\alexander.angulo\.gradle\caches\modules-2\files-2.1\org.hamcrest\hamcrest-library\1.3\4785a3c21320980282f9f33d0d1264a69040538f\hamcrest-library-1.3.jar;C:\Users\alexander.angulo\.gradle\caches\modules-2\files-2.1\org.hamcrest\hamcrest-core\1.3\42a25dc3219429f0e5d060061f71acb49bf010a0\hamcrest-core-1.3.jar;C:\Users\alexander.angulo\.gradle\caches\modules-2\files-2.1\org.skyscreamer\jsonassert\1.5.0\6c9d5fe2f59da598d9aefc1cfc6528ff3cf32df3\jsonassert-1.5.0.jar;C:\Users\alexander.angulo\.gradle\caches\modules-2\files-2.1\org.springframework\spring-test\5.0.6.RELEASE\dbc99b288774b2e07d94bc14fe38d556bc3ed34a\spring-test-5.0.6.RELEASE.jar;C:\Users\alexander.angulo\.gradle\caches\modules-2\files-2.1\org.springframework.boot\spring-boot-autoconfigure\2.0.2.RELEASE\f4b25e753e4955337a138d8b1550236b5efe5b3b\spring-boot-autoconfigure-2.0.2.RELEASE.jar;C:\Users\alexander.angulo\.gradle\caches\modules-2\files-2.1\org.springframework.boot\spring-boot\2.0.2.RELEASE\15012cf02e9f77938244e554f0598535fdd1cb38\spring-boot-2.0.2.RELEASE.jar;C:\Users\alexander.angulo\.gradle\caches\modules-2\files-2.1\org.springframework\spring-orm\5.0.6.RELEASE\7a08073597b79dfcd4db1cffa924f2b991a14a20\spring-orm-5.0.6.RELEASE.jar;C:\Users\alexander.angulo\.gradle\caches\modules-2\files-2.1\org.springframework\spring-jdbc\5.0.6.RELEASE\7d4de1ee9b042774e09ceb88393e5a564e342729\spring-jdbc-5.0.6.RELEASE.jar;C:\Users\alexander.angulo\.gradle\caches\modules-2\files-2.1\org.springframework.plugin\spring-plugin-core\1.2.0.RELEASE\f380e7760032e7d929184f8ad8a33716b75c0657\spring-plugin-core-1.2.0.RELEASE.jar;C:\Users\alexander.angulo\.gradle\caches\modules-2\files-2.1\org.springframework\spring-context\5.0.6.RELEASE\8b73b742ef0ddce04f0f1068f305de240b00ce0d\spring-context-5.0.6.RELEASE.jar;C:\Users\alexander.angulo\.gradle\caches\modules-2\files-2.1\org.springframework\spring-tx\5.0.6.RELEASE\1b6ffc44f2d59507a0fce1084fcc21788b13904\spring-tx-5.0.6.RELEASE.jar;C:\Users\alexander.angulo\.gradle\caches\modules-2\files-2.1\org.springframework\spring-aop\5.0.6.RELEASE\74078df698992054c1c1a8f705763a6c7b4b914c\spring-aop-5.0.6.RELEASE.jar;C:\Users\alexander.angulo\.gradle\caches\modules-2\files-2.1\org.springframework.data\spring-data-commons\2.0.7.RELEASE\7faa0fb2ffa50a5c50ad9f10118095ae24d5c6e1\spring-data-commons-2.0.7.RELEASE.jar;C:\Users\alexander.angulo\.gradle\caches\modules-2\files-2.1\org.springframework\spring-beans\5.0.6.RELEASE\d609b83cd8a71650a70778cf8d02c9a05b9161fe\spring-beans-5.0.6.RELEASE.jar;C:\Users\alexander.angulo\.gradle\caches\modules-2\files-2.1\org.springframework\spring-expression\5.0.6.RELEASE\dec57ae5e6f0dfd4c6cfc199aa13ed268c3e1a65\spring-expression-5.0.6.RELEASE.jar;C:\Users\alexander.angulo\.gradle\caches\modules-2\files-2.1\org.springframework\spring-core\5.0.6.RELEASE\984a52455b1be596b7f1a29f62d21d2f483eb764\spring-core-5.0.6.RELEASE.jar;C:\Users\alexander.angulo\.gradle\caches\modules-2\files-2.1\org.xmlunit\xmlunit-core\2.5.1\4ffdb346572a7356f7521cd3119ce5287d2e339d\xmlunit-core-2.5.1.jar;C:\Users\alexander.angulo\.gradle\caches\modules-2\files-2.1\org.springframework.boot\spring-boot-starter-logging\2.0.2.RELEASE\b56d7d1931792d6e58dbd41f956912359ba85238\spring-boot-starter-logging-2.0.2.RELEASE.jar;C:\Users\alexander.angulo\.gradle\caches\modules-2\files-2.1\javax.annotation\javax.annotation-api\1.3.2\934c04d3cfef185a8008e7bf34331b79730a9d43\javax.annotation-api-1.3.2.jar;C:\Users\alexander.angulo\.gradle\caches\modules-2\files-2.1\org.yaml\snakeyaml\1.19\2d998d3d674b172a588e54ab619854d073f555b5\snakeyaml-1.19.jar;C:\Users\alexander.angulo\.gradle\caches\modules-2\files-2.1\org.aspectj\aspectjweaver\1.8.13\ad94df2a28d658a40dc27bbaff6a1ce5fbf04e9b\aspectjweaver-1.8.13.jar;C:\Users\alexander.angulo\.gradle\caches\modules-2\files-2.1\com.zaxxer\HikariCP\2.7.9\a83113d2c091d0d0f853dad3217bd7df3beb6ae3\HikariCP-2.7.9.jar;C:\Users\alexander.angulo\.gradle\caches\modules-2\files-2.1\org.hibernate.common\hibernate-commons-annotations\5.0.1.Final\71e1cff3fcb20d3b3af4f3363c3ddb24d33c6879\hibernate-commons-annotations-5.0.1.Final.jar;C:\Users\alexander.angulo\.gradle\caches\modules-2\files-2.1\org.jboss.logging\jboss-logging\3.3.2.Final\3789d00e859632e6c6206adc0c71625559e6e3b0\jboss-logging-3.3.2.Final.jar;C:\Users\alexander.angulo\.gradle\caches\modules-2\files-2.1\org.hibernate.javax.persistence\hibernate-jpa-2.1-api\1.0.0.Final\5e731d961297e5a07290bfaf3db1fbc8bbbf405a\hibernate-jpa-2.1-api-1.0.0.Final.jar;C:\Users\alexander.angulo\.gradle\caches\modules-2\files-2.1\org.javassist\javassist\3.22.0-GA\3e83394258ae2089be7219b971ec21a8288528ad\javassist-3.22.0-GA.jar;C:\Users\alexander.angulo\.gradle\caches\modules-2\files-2.1\antlr\antlr\2.7.7\83cd2cd674a217ade95a4bb83a8a14f351f48bd0\antlr-2.7.7.jar;C:\Users\alexander.angulo\.gradle\caches\modules-2\files-2.1\org.jboss\jandex\2.0.3.Final\bfc4d6257dbff7a33a357f0de116be6ff951d849\jandex-2.0.3.Final.jar;C:\Users\alexander.angulo\.gradle\caches\modules-2\files-2.1\com.fasterxml\classmate\1.3.4\3d5f48f10bbe4eb7bd862f10c0583be2e0053c6\classmate-1.3.4.jar;C:\Users\alexander.angulo\.gradle\caches\modules-2\files-2.1\dom4j\dom4j\1.6.1\5d3ccc056b6f056dbf0dddfdf43894b9065a8f94\dom4j-1.6.1.jar;C:\Users\alexander.angulo\.gradle\caches\modules-2\files-2.1\ch.qos.logback\logback-classic\1.2.3\7c4f3c474fb2c041d8028740440937705ebb473a\logback-classic-1.2.3.jar;C:\Users\alexander.angulo\.gradle\caches\modules-2\files-2.1\org.apache.logging.log4j\log4j-to-slf4j\2.10.0\f7e631ccf49cfc0aefa4a2a728da7d374c05bd3c\log4j-to-slf4j-2.10.0.jar;C:\Users\alexander.angulo\.gradle\caches\modules-2\files-2.1\org.slf4j\jul-to-slf4j\1.7.25\af5364cd6679bfffb114f0dec8a157aaa283b76\jul-to-slf4j-1.7.25.jar;C:\Users\alexander.angulo\.gradle\caches\modules-2\files-2.1\org.slf4j\slf4j-api\1.7.25\da76ca59f6a57ee3102f8f9bd9cee742973efa8a\slf4j-api-1.7.25.jar;C:\Users\alexander.angulo\.gradle\caches\modules-2\files-2.1\com.fasterxml.jackson.datatype\jackson-datatype-jdk8\2.9.5\23e37f085279ba316c0df923513b81609e1d1f6\jackson-datatype-jdk8-2.9.5.jar;C:\Users\alexander.angulo\.gradle\caches\modules-2\files-2.1\com.fasterxml.jackson.datatype\jackson-datatype-jsr310\2.9.5\d1f0d11e816bc04e222a261106ca138801841c2d\jackson-datatype-jsr310-2.9.5.jar;C:\Users\alexander.angulo\.gradle\caches\modules-2\files-2.1\com.fasterxml.jackson.module\jackson-module-parameter-names\2.9.5\f824c60751ffb7bfc3a0d30dfe0e42317d8e67f5\jackson-module-parameter-names-2.9.5.jar;C:\Users\alexander.angulo\.gradle\caches\modules-2\files-2.1\com.fasterxml.jackson.core\jackson-databind\2.9.5\3490508379d065fe3fcb80042b62f630f7588606\jackson-databind-2.9.5.jar;C:\Users\alexander.angulo\.gradle\caches\modules-2\files-2.1\com.fasterxml.jackson.core\jackson-annotations\2.9.0\7c10d545325e3a6e72e06381afe469fd40eb701\jackson-annotations-2.9.0.jar;C:\Users\alexander.angulo\.gradle\caches\modules-2\files-2.1\org.apache.tomcat.embed\tomcat-embed-websocket\8.5.31\6564e716b89de5eaa0dd234ae7989576503ddf3\tomcat-embed-websocket-8.5.31.jar;C:\Users\alexander.angulo\.gradle\caches\modules-2\files-2.1\org.apache.tomcat.embed\tomcat-embed-core\8.5.31\f5adf7ed8c34aa005b22b6a2dc7b6796e10e9c79\tomcat-embed-core-8.5.31.jar;C:\Users\alexander.angulo\.gradle\caches\modules-2\files-2.1\org.apache.tomcat.embed\tomcat-embed-el\8.5.31\3a536e1ac71b82627c3a7408eb38fa0704cb9034\tomcat-embed-el-8.5.31.jar;C:\Users\alexander.angulo\.gradle\caches\modules-2\files-2.1\javax.validation\validation-api\2.0.1.Final\cb855558e6271b1b32e716d24cb85c7f583ce09e\validation-api-2.0.1.Final.jar;C:\Users\alexander.angulo\.gradle\caches\modules-2\files-2.1\net.minidev\json-smart\2.3\7396407491352ce4fa30de92efb158adb76b5b\json-smart-2.3.jar;C:\Users\alexander.angulo\.gradle\caches\modules-2\files-2.1\net.bytebuddy\byte-buddy\1.7.11\f02857a4e2c66ccbe7aaad6100a0a6c461bce9b3\byte-buddy-1.7.11.jar;C:\Users\alexander.angulo\.gradle\caches\modules-2\files-2.1\net.bytebuddy\byte-buddy-agent\1.7.11\b425a8933ca07edd03c6dbc8bc3b595fba9780de\byte-buddy-agent-1.7.11.jar;C:\Users\alexander.angulo\.gradle\caches\modules-2\files-2.1\org.objenesis\objenesis\2.6\639033469776fd37c08358c6b92a4761feb2af4b\objenesis-2.6.jar;C:\Users\alexander.angulo\.gradle\caches\modules-2\files-2.1\com.vaadin.external.google\android-json\0.0.20131108.vaadin1\fa26d351fe62a6a17f5cda1287c1c6110dec413f\android-json-0.0.20131108.vaadin1.jar;C:\Users\alexander.angulo\.gradle\caches\modules-2\files-2.1\org.springframework\spring-jcl\5.0.6.RELEASE\295ee4e8657e9c1fd327735c01d5fbce339cc44d\spring-jcl-5.0.6.RELEASE.jar;C:\Users\alexander.angulo\.gradle\caches\modules-2\files-2.1\com.fasterxml.jackson.core\jackson-core\2.9.5\a22ac51016944b06fd9ffbc9541c6e7ce5eea117\jackson-core-2.9.5.jar;C:\Users\alexander.angulo\.gradle\caches\modules-2\files-2.1\org.atteo\evo-inflector\1.2.2\2551aad98d65ac5464d81fe05f0e1516cfe471c9\evo-inflector-1.2.2.jar;C:\Users\alexander.angulo\.gradle\caches\modules-2\files-2.1\net.minidev\accessors-smart\1.2\c592b500269bfde36096641b01238a8350f8aa31\accessors-smart-1.2.jar;C:\Users\alexander.angulo\.gradle\caches\modules-2\files-2.1\ch.qos.logback\logback-core\1.2.3\864344400c3d4d92dfeb0a305dc87d953677c03c\logback-core-1.2.3.jar;C:\Users\alexander.angulo\.gradle\caches\modules-2\files-2.1\org.apache.logging.log4j\log4j-api\2.10.0\fec5797a55b786184a537abd39c3fa1449d752d6\log4j-api-2.10.0.jar;C:\Users\alexander.angulo\.gradle\caches\modules-2\files-2.1\org.ow2.asm\asm\5.0.4\da08b8cce7bbf903602a25a3a163ae252435795\asm-5.0.4.jar;C:\Users\alexander.angulo\.gradle\caches\modules-2\files-2.1\net.sourceforge.cobertura\cobertura\2.1.1\eab984794b3f7d0d37736a9e5b7f790128f611b5\cobertura-2.1.1.jar;C:\Users\alexander.angulo\.gradle\caches\modules-2\files-2.1\org.ow2.asm\asm-commons\5.0.1\7b7147a390a93a14d2edfdcf3f7b0e87a0939c3e\asm-commons-5.0.1.jar;C:\Users\alexander.angulo\.gradle\caches\modules-2\files-2.1\org.ow2.asm\asm-util\5.0.1\7c8caddfbd0b2d7b844f8fcc75175b9cb9cf4724\asm-util-5.0.1.jar;C:\Users\alexander.angulo\.gradle\caches\modules-2\files-2.1\org.ow2.asm\asm-analysis\5.0.1\e286fbee48efacb4e7c175f7948d9d8b2ab52352\asm-analysis-5.0.1.jar;C:\Users\alexander.angulo\.gradle\caches\modules-2\files-2.1\org.ow2.asm\asm-tree\5.0.1\1b1e6e9d869acd704056d0a4223071a511c619e6\asm-tree-5.0.1.jar;C:\Users\alexander.angulo\.gradle\caches\modules-2\files-2.1\org.ow2.asm\asm\5.0.1\2fd56467a018aafe6ec6a73ccba520be4a7e1565\asm-5.0.1.jar;C:\Users\alexander.angulo\.gradle\caches\modules-2\files-2.1\oro\oro\2.0.8\5592374f834645c4ae250f4c9fbb314c9369d698\oro-2.0.8.jar;C:\Users\alexander.angulo\.gradle\caches\modules-2\files-2.1\jaxen\jaxen\1.1.6\3f8c36d9a0578e8e98f030c662b69888b1430ac0\jaxen-1.1.6.jar;C:\Users\alexander.angulo\.gradle\caches\modules-2\files-2.1\org.apache.ant\ant-junit\1.8.3\9f77eec4e103241602fb0cdd97b3ec3237e0bd9\ant-junit-1.8.3.jar;C:\Users\alexander.angulo\.gradle\caches\modules-2\files-2.1\org.apache.ant\ant\1.8.3\77c746ecab048b9839c7a8e39e55fe8636c5b11\ant-1.8.3.jar;C:\Users\alexander.angulo\.gradle\caches\modules-2\files-2.1\org.mortbay.jetty\jetty\6.1.14\5ded67b609e59c27e82ff61b510773d28c9bef56\jetty-6.1.14.jar;C:\Users\alexander.angulo\.gradle\caches\modules-2\files-2.1\org.mortbay.jetty\servlet-api-2.5\6.1.14\5f07601ab7d7c85dd9e38a17c0e1b0edfbd4a191\servlet-api-2.5-6.1.14.jar;C:\Users\alexander.angulo\.gradle\caches\modules-2\files-2.1\org.mortbay.jetty\jetty-util\6.1.14\1b707d5884e35c9b97114a24aa9ee94ca531fa21\jetty-util-6.1.14.jar;C:\Users\alexander.angulo\.gradle\caches\modules-2\files-2.1\org.apache.commons\commons-lang3\3.7\557edd918fd41f9260963583ebf5a61a43a6b423\commons-lang3-3.7.jar;C:\Users\alexander.angulo\.gradle\caches\modules-2\files-2.1\org.apache.ant\ant-launcher\1.8.3\a22bcf9438c41828b04c13b052c4886606abac2\ant-launcher-1.8.3.jar, user.name=alexander.angulo, java.vm.specification.version=1.8, sun.java.command=worker.org.gradle.process.internal.worker.GradleWorkerMain 'Gradle Test Executor 3', java.home=C:\Program Files\Java\jdk1.8.0_172\jre, sun.arch.data.model=64, user.language=en, java.specification.vendor=Oracle Corporation, awt.toolkit=sun.awt.windows.WToolkit, java.vm.info=mixed mode, java.version=1.8.0_172, java.ext.dirs=C:\Program Files\Java\jdk1.8.0_172\jre\lib\ext;C:\Windows\Sun\Java\lib\ext, property=value, sun.boot.class.path=C:\Program Files\Java\jdk1.8.0_172\jre\lib\resources.jar;C:\Program Files\Java\jdk1.8.0_172\jre\lib\rt.jar;C:\Program Files\Java\jdk1.8.0_172\jre\lib\sunrsasign.jar;C:\Program Files\Java\jdk1.8.0_172\jre\lib\jsse.jar;C:\Program Files\Java\jdk1.8.0_172\jre\lib\jce.jar;C:\Program Files\Java\jdk1.8.0_172\jre\lib\charsets.jar;C:\Program Files\Java\jdk1.8.0_172\jre\lib\jfr.jar;C:\Program Files\Java\jdk1.8.0_172\jre\classes, java.vendor=Oracle Corporation, org.gradle.test.worker=3, file.separator=\, java.vendor.url.bug=http://bugreport.sun.com/bugreport/, sun.io.unicode.encoding=UnicodeLittle, sun.cpu.endian=little, sun.desktop=windows, sun.cpu.isalist=amd64}}, SystemEnvironmentPropertySource@1296214403 {name='systemEnvironment', properties={USERDOMAIN_ROAMINGPROFILE=CEIBA, LOCALAPPDATA=C:\Users\alexander.angulo\AppData\Local, PROCESSOR_LEVEL=6, USERDOMAIN=CEIBA, LOGONSERVER=\\CRONOS, SESSIONNAME=Console, ALLUSERSPROFILE=C:\ProgramData, PROCESSOR_ARCHITECTURE=AMD64, PSModulePath=C:\Program Files\WindowsPowerShell\Modules;C:\Windows\system32\WindowsPowerShell\v1.0\Modules, SystemDrive=C:, OneDrive=C:\Users\alexander.angulo\OneDrive, APPDATA=C:\Users\alexander.angulo\AppData\Roaming, USERNAME=alexander.angulo, USERDNSDOMAIN=CEIBA.LOCAL, ProgramFiles(x86)=C:\Program Files (x86), CommonProgramFiles=C:\Program Files\Common Files, Path=C:/Program Files/Java/jre1.8.0_172/bin/server;C:/Program Files/Java/jre1.8.0_172/bin;C:/Program Files/Java/jre1.8.0_172/lib/amd64;C:\Program Files (x86)\Common Files\Oracle\Java\javapath;C:\Oracle\product\11.1.0\client_1\bin;C:\Program Files\CollabNet\Subversion Client;C:\Windows\system32;C:\Windows;C:\Windows\System32\Wbem;C:\Windows\System32\WindowsPowerShell\v1.0\;C:\Windows\System32\OpenSSH\;C:\Program Files\TortoiseSVN\bin;C:\Program Files\Git\cmd;C:\Program Files\PuTTY\;C:\xampp\mysql\bin;C:\Program Files\nodejs\;C:\Users\alexander.angulo\AppData\Local\Microsoft\WindowsApps;;C:\Program Files\Microsoft VS Code\bin;C:\Users\alexander.angulo\AppData\Roaming\npm;D:\spring-tool-suite\sts-bundle\sts-3.9.4.RELEASE;, PATHEXT=.COM;.EXE;.BAT;.CMD;.VBS;.VBE;.JS;.JSE;.WSF;.WSH;.MSC, DriverData=C:\Windows\System32\Drivers\DriverData, OS=Windows_NT, COMPUTERNAME=ALEXANDER-ANGUL, PROCESSOR_REVISION=3a09, CommonProgramW6432=C:\Program Files\Common Files, ComSpec=C:\Windows\system32\cmd.exe, ProgramData=C:\ProgramData, ProgramW6432=C:\Program Files, HOMEPATH=\Users\alexander.angulo, SystemRoot=C:\Windows, TEMP=C:\Users\ALEXAN~1.ANG\AppData\Local\Temp, HOMEDRIVE=C:, PROCESSOR_IDENTIFIER=Intel64 Family 6 Model 58 Stepping 9, GenuineIntel, USERPROFILE=C:\Users\alexander.angulo, TMP=C:\Users\ALEXAN~1.ANG\AppData\Local\Temp, CommonProgramFiles(x86)=C:\Program Files (x86)\Common Files, ProgramFiles=C:\Program Files, PUBLIC=C:\Users\Public, NUMBER_OF_PROCESSORS=8, windir=C:\Windows, =::=::\}}]
[DEBUG] Adding inlined properties to environment: {spring.jmx.enabled=false, org.springframework.boot.test.context.SpringBootTestContextBootstrapper=true, server.port=-1}
[DEBUG] Adding PropertySource 'Inlined Test Properties' with highest search precedence
[DEBUG] Could not find key 'logging.register-shutdown-hook' in any property source
[DEBUG] Application started with classpath: [file:/C:/Users/alexander.angulo/.gradle/caches/4.5.1/workerMain/gradle-worker.jar, file:/C:/Users/alexander.angulo/Music/version2/parqueadero/build/tmp/expandedArchives/org.jacoco.agent-0.7.9.jar_17d4cd69b5d9b44b59ac09d2e4756e43/jacocoagent.jar, file:/C:/Users/alexander.angulo/Music/version2/parqueadero/build/instrumented_classes/, file:/C:/Users/alexander.angulo/Music/version2/parqueadero/build/classes/java/test/, file:/C:/Users/alexander.angulo/Music/version2/parqueadero/build/resources/test, file:/C:/Users/alexander.angulo/Music/version2/parqueadero/build/classes/java/main/, file:/C:/Users/alexander.angulo/Music/version2/parqueadero/build/resources/main/, file:/C:/Users/alexander.angulo/.gradle/caches/modules-2/files-2.1/org.springframework.boot/spring-boot-starter-data-jpa/2.0.2.RELEASE/a277d15c247684aaef38852a2e71b8b1ef7357e6/spring-boot-starter-data-jpa-2.0.2.RELEASE.jar, file:/C:/Users/alexander.angulo/.gradle/caches/modules-2/files-2.1/org.springframework.boot/spring-boot-starter-data-rest/2.0.2.RELEASE/1617ded563edcb560034293532d74a6c61132eea/spring-boot-starter-data-rest-2.0.2.RELEASE.jar, file:/C:/Users/alexander.angulo/.gradle/caches/modules-2/files-2.1/org.springframework.boot/spring-boot-starter-web/2.0.2.RELEASE/b6ef0cf4d0a7c6c7e93ff524b84cd1d8f87f67d9/spring-boot-starter-web-2.0.2.RELEASE.jar, file:/C:/Users/alexander.angulo/.gradle/caches/modules-2/files-2.1/mysql/mysql-connector-java/5.1.46/9a3e63b387e376364211e96827bc27db8d7a92e9/mysql-connector-java-5.1.46.jar, file:/C:/Users/alexander.angulo/.gradle/caches/modules-2/files-2.1/org.json/json/20090211/c183aa3a2a6250293808bba12262c8920ce5a51c/json-20090211.jar, file:/C:/Users/alexander.angulo/.gradle/caches/modules-2/files-2.1/org.springframework.boot/spring-boot-starter-test/2.0.2.RELEASE/d9e090412f318586e0f277e24740b79b58ef190b/spring-boot-starter-test-2.0.2.RELEASE.jar, file:/C:/Users/alexander.angulo/.gradle/caches/modules-2/files-2.1/org.springframework.boot/spring-boot-starter-aop/2.0.2.RELEASE/b0b0c7dcfdffaef1b04886c0279772905bc7e9d2/spring-boot-starter-aop-2.0.2.RELEASE.jar, file:/C:/Users/alexander.angulo/.gradle/caches/modules-2/files-2.1/org.springframework.boot/spring-boot-starter-jdbc/2.0.2.RELEASE/f93c2459a06061f889b837d1c2503055df024778/spring-boot-starter-jdbc-2.0.2.RELEASE.jar, file:/C:/Users/alexander.angulo/.gradle/caches/modules-2/files-2.1/org.springframework.boot/spring-boot-starter-json/2.0.2.RELEASE/5edda979838ced5314b8f58a958fe9d6b4b3badd/spring-boot-starter-json-2.0.2.RELEASE.jar, file:/C:/Users/alexander.angulo/.gradle/caches/modules-2/files-2.1/org.springframework.boot/spring-boot-starter/2.0.2.RELEASE/1cda94f0dfcf2b065191782a54b84d2abf96391/spring-boot-starter-2.0.2.RELEASE.jar, file:/C:/Users/alexander.angulo/.gradle/caches/modules-2/files-2.1/org.hibernate/hibernate-core/5.2.17.Final/f2dc36470e7a2ffcf6106bb1625ecf5b54bb5f65/hibernate-core-5.2.17.Final.jar, file:/C:/Users/alexander.angulo/.gradle/caches/modules-2/files-2.1/javax.transaction/javax.transaction-api/1.2/d81aff979d603edd90dcd8db2abc1f4ce6479e3e/javax.transaction-api-1.2.jar, file:/C:/Users/alexander.angulo/.gradle/caches/modules-2/files-2.1/org.springframework.data/spring-data-jpa/2.0.7.RELEASE/9f201f3d3435a9e5422e0edcff3475c46215ffb/spring-data-jpa-2.0.7.RELEASE.jar, file:/C:/Users/alexander.angulo/.gradle/caches/modules-2/files-2.1/org.springframework/spring-aspects/5.0.6.RELEASE/45a7631a64eb82625067587b9796d4418d9e0568/spring-aspects-5.0.6.RELEASE.jar, file:/C:/Users/alexander.angulo/.gradle/caches/modules-2/files-2.1/org.springframework.data/spring-data-rest-webmvc/3.0.7.RELEASE/684949215006f844591c6a8632356f483752fca0/spring-data-rest-webmvc-3.0.7.RELEASE.jar, file:/C:/Users/alexander.angulo/.gradle/caches/modules-2/files-2.1/org.springframework.boot/spring-boot-starter-tomcat/2.0.2.RELEASE/cedbfb18762e1c220007c768bfc5b773f5b30f8a/spring-boot-starter-tomcat-2.0.2.RELEASE.jar, file:/C:/Users/alexander.angulo/.gradle/caches/modules-2/files-2.1/org.hibernate.validator/hibernate-validator/6.0.9.Final/b149e4cce82379f11f6129eb3187ca8ae5404005/hibernate-validator-6.0.9.Final.jar, file:/C:/Users/alexander.angulo/.gradle/caches/modules-2/files-2.1/org.springframework.data/spring-data-rest-core/3.0.7.RELEASE/dd56b4f427987e1d5ab320eee6c3401e32557bb2/spring-data-rest-core-3.0.7.RELEASE.jar, file:/C:/Users/alexander.angulo/.gradle/caches/modules-2/files-2.1/org.springframework.hateoas/spring-hateoas/0.24.0.RELEASE/b6401a781a58e0b2ab95242a553683e04300fe69/spring-hateoas-0.24.0.RELEASE.jar, file:/C:/Users/alexander.angulo/.gradle/caches/modules-2/files-2.1/org.springframework/spring-webmvc/5.0.6.RELEASE/1361c5d1cf46665ee01de5dc1ca447c3be174c19/spring-webmvc-5.0.6.RELEASE.jar, file:/C:/Users/alexander.angulo/.gradle/caches/modules-2/files-2.1/org.springframework/spring-web/5.0.6.RELEASE/89e89de3025165998118590613aedc6df8d64af6/spring-web-5.0.6.RELEASE.jar, file:/C:/Users/alexander.angulo/.gradle/caches/modules-2/files-2.1/org.springframework.boot/spring-boot-test-autoconfigure/2.0.2.RELEASE/4993bdd96a4c02bc5b5703862d99ef4c563f25d0/spring-boot-test-autoconfigure-2.0.2.RELEASE.jar, file:/C:/Users/alexander.angulo/.gradle/caches/modules-2/files-2.1/org.springframework.boot/spring-boot-test/2.0.2.RELEASE/fc85812e6543312a3b0ea9fbbdfd4a51183380a3/spring-boot-test-2.0.2.RELEASE.jar, file:/C:/Users/alexander.angulo/.gradle/caches/modules-2/files-2.1/com.jayway.jsonpath/json-path/2.4.0/765a4401ceb2dc8d40553c2075eb80a8fa35c2ae/json-path-2.4.0.jar, file:/C:/Users/alexander.angulo/.gradle/caches/modules-2/files-2.1/junit/junit/4.12/2973d150c0dc1fefe998f834810d68f278ea58ec/junit-4.12.jar, file:/C:/Users/alexander.angulo/.gradle/caches/modules-2/files-2.1/org.assertj/assertj-core/3.9.1/c5ce126b15f28d56cd8f960c1a6a058b9c9aea87/assertj-core-3.9.1.jar, file:/C:/Users/alexander.angulo/.gradle/caches/modules-2/files-2.1/org.mockito/mockito-core/2.15.0/b84bfbbc29cd22c9529409627af6ea2897f4fa85/mockito-core-2.15.0.jar, file:/C:/Users/alexander.angulo/.gradle/caches/modules-2/files-2.1/org.hamcrest/hamcrest-library/1.3/4785a3c21320980282f9f33d0d1264a69040538f/hamcrest-library-1.3.jar, file:/C:/Users/alexander.angulo/.gradle/caches/modules-2/files-2.1/org.hamcrest/hamcrest-core/1.3/42a25dc3219429f0e5d060061f71acb49bf010a0/hamcrest-core-1.3.jar, file:/C:/Users/alexander.angulo/.gradle/caches/modules-2/files-2.1/org.skyscreamer/jsonassert/1.5.0/6c9d5fe2f59da598d9aefc1cfc6528ff3cf32df3/jsonassert-1.5.0.jar, file:/C:/Users/alexander.angulo/.gradle/caches/modules-2/files-2.1/org.springframework/spring-test/5.0.6.RELEASE/dbc99b288774b2e07d94bc14fe38d556bc3ed34a/spring-test-5.0.6.RELEASE.jar, file:/C:/Users/alexander.angulo/.gradle/caches/modules-2/files-2.1/org.springframework.boot/spring-boot-autoconfigure/2.0.2.RELEASE/f4b25e753e4955337a138d8b1550236b5efe5b3b/spring-boot-autoconfigure-2.0.2.RELEASE.jar, file:/C:/Users/alexander.angulo/.gradle/caches/modules-2/files-2.1/org.springframework.boot/spring-boot/2.0.2.RELEASE/15012cf02e9f77938244e554f0598535fdd1cb38/spring-boot-2.0.2.RELEASE.jar, file:/C:/Users/alexander.angulo/.gradle/caches/modules-2/files-2.1/org.springframework/spring-orm/5.0.6.RELEASE/7a08073597b79dfcd4db1cffa924f2b991a14a20/spring-orm-5.0.6.RELEASE.jar, file:/C:/Users/alexander.angulo/.gradle/caches/modules-2/files-2.1/org.springframework/spring-jdbc/5.0.6.RELEASE/7d4de1ee9b042774e09ceb88393e5a564e342729/spring-jdbc-5.0.6.RELEASE.jar, file:/C:/Users/alexander.angulo/.gradle/caches/modules-2/files-2.1/org.springframework.plugin/spring-plugin-core/1.2.0.RELEASE/f380e7760032e7d929184f8ad8a33716b75c0657/spring-plugin-core-1.2.0.RELEASE.jar, file:/C:/Users/alexander.angulo/.gradle/caches/modules-2/files-2.1/org.springframework/spring-context/5.0.6.RELEASE/8b73b742ef0ddce04f0f1068f305de240b00ce0d/spring-context-5.0.6.RELEASE.jar, file:/C:/Users/alexander.angulo/.gradle/caches/modules-2/files-2.1/org.springframework/spring-tx/5.0.6.RELEASE/1b6ffc44f2d59507a0fce1084fcc21788b13904/spring-tx-5.0.6.RELEASE.jar, file:/C:/Users/alexander.angulo/.gradle/caches/modules-2/files-2.1/org.springframework/spring-aop/5.0.6.RELEASE/74078df698992054c1c1a8f705763a6c7b4b914c/spring-aop-5.0.6.RELEASE.jar, file:/C:/Users/alexander.angulo/.gradle/caches/modules-2/files-2.1/org.springframework.data/spring-data-commons/2.0.7.RELEASE/7faa0fb2ffa50a5c50ad9f10118095ae24d5c6e1/spring-data-commons-2.0.7.RELEASE.jar, file:/C:/Users/alexander.angulo/.gradle/caches/modules-2/files-2.1/org.springframework/spring-beans/5.0.6.RELEASE/d609b83cd8a71650a70778cf8d02c9a05b9161fe/spring-beans-5.0.6.RELEASE.jar, file:/C:/Users/alexander.angulo/.gradle/caches/modules-2/files-2.1/org.springframework/spring-expression/5.0.6.RELEASE/dec57ae5e6f0dfd4c6cfc199aa13ed268c3e1a65/spring-expression-5.0.6.RELEASE.jar, file:/C:/Users/alexander.angulo/.gradle/caches/modules-2/files-2.1/org.springframework/spring-core/5.0.6.RELEASE/984a52455b1be596b7f1a29f62d21d2f483eb764/spring-core-5.0.6.RELEASE.jar, file:/C:/Users/alexander.angulo/.gradle/caches/modules-2/files-2.1/org.xmlunit/xmlunit-core/2.5.1/4ffdb346572a7356f7521cd3119ce5287d2e339d/xmlunit-core-2.5.1.jar, file:/C:/Users/alexander.angulo/.gradle/caches/modules-2/files-2.1/org.springframework.boot/spring-boot-starter-logging/2.0.2.RELEASE/b56d7d1931792d6e58dbd41f956912359ba85238/spring-boot-starter-logging-2.0.2.RELEASE.jar, file:/C:/Users/alexander.angulo/.gradle/caches/modules-2/files-2.1/javax.annotation/javax.annotation-api/1.3.2/934c04d3cfef185a8008e7bf34331b79730a9d43/javax.annotation-api-1.3.2.jar, file:/C:/Users/alexander.angulo/.gradle/caches/modules-2/files-2.1/org.yaml/snakeyaml/1.19/2d998d3d674b172a588e54ab619854d073f555b5/snakeyaml-1.19.jar, file:/C:/Users/alexander.angulo/.gradle/caches/modules-2/files-2.1/org.aspectj/aspectjweaver/1.8.13/ad94df2a28d658a40dc27bbaff6a1ce5fbf04e9b/aspectjweaver-1.8.13.jar, file:/C:/Users/alexander.angulo/.gradle/caches/modules-2/files-2.1/com.zaxxer/HikariCP/2.7.9/a83113d2c091d0d0f853dad3217bd7df3beb6ae3/HikariCP-2.7.9.jar, file:/C:/Users/alexander.angulo/.gradle/caches/modules-2/files-2.1/org.hibernate.common/hibernate-commons-annotations/5.0.1.Final/71e1cff3fcb20d3b3af4f3363c3ddb24d33c6879/hibernate-commons-annotations-5.0.1.Final.jar, file:/C:/Users/alexander.angulo/.gradle/caches/modules-2/files-2.1/org.jboss.logging/jboss-logging/3.3.2.Final/3789d00e859632e6c6206adc0c71625559e6e3b0/jboss-logging-3.3.2.Final.jar, file:/C:/Users/alexander.angulo/.gradle/caches/modules-2/files-2.1/org.hibernate.javax.persistence/hibernate-jpa-2.1-api/1.0.0.Final/5e731d961297e5a07290bfaf3db1fbc8bbbf405a/hibernate-jpa-2.1-api-1.0.0.Final.jar, file:/C:/Users/alexander.angulo/.gradle/caches/modules-2/files-2.1/org.javassist/javassist/3.22.0-GA/3e83394258ae2089be7219b971ec21a8288528ad/javassist-3.22.0-GA.jar, file:/C:/Users/alexander.angulo/.gradle/caches/modules-2/files-2.1/antlr/antlr/2.7.7/83cd2cd674a217ade95a4bb83a8a14f351f48bd0/antlr-2.7.7.jar, file:/C:/Users/alexander.angulo/.gradle/caches/modules-2/files-2.1/org.jboss/jandex/2.0.3.Final/bfc4d6257dbff7a33a357f0de116be6ff951d849/jandex-2.0.3.Final.jar, file:/C:/Users/alexander.angulo/.gradle/caches/modules-2/files-2.1/com.fasterxml/classmate/1.3.4/3d5f48f10bbe4eb7bd862f10c0583be2e0053c6/classmate-1.3.4.jar, file:/C:/Users/alexander.angulo/.gradle/caches/modules-2/files-2.1/dom4j/dom4j/1.6.1/5d3ccc056b6f056dbf0dddfdf43894b9065a8f94/dom4j-1.6.1.jar, file:/C:/Users/alexander.angulo/.gradle/caches/modules-2/files-2.1/ch.qos.logback/logback-classic/1.2.3/7c4f3c474fb2c041d8028740440937705ebb473a/logback-classic-1.2.3.jar, file:/C:/Users/alexander.angulo/.gradle/caches/modules-2/files-2.1/org.apache.logging.log4j/log4j-to-slf4j/2.10.0/f7e631ccf49cfc0aefa4a2a728da7d374c05bd3c/log4j-to-slf4j-2.10.0.jar, file:/C:/Users/alexander.angulo/.gradle/caches/modules-2/files-2.1/org.slf4j/jul-to-slf4j/1.7.25/af5364cd6679bfffb114f0dec8a157aaa283b76/jul-to-slf4j-1.7.25.jar, file:/C:/Users/alexander.angulo/.gradle/caches/modules-2/files-2.1/org.slf4j/slf4j-api/1.7.25/da76ca59f6a57ee3102f8f9bd9cee742973efa8a/slf4j-api-1.7.25.jar, file:/C:/Users/alexander.angulo/.gradle/caches/modules-2/files-2.1/com.fasterxml.jackson.datatype/jackson-datatype-jdk8/2.9.5/23e37f085279ba316c0df923513b81609e1d1f6/jackson-datatype-jdk8-2.9.5.jar, file:/C:/Users/alexander.angulo/.gradle/caches/modules-2/files-2.1/com.fasterxml.jackson.datatype/jackson-datatype-jsr310/2.9.5/d1f0d11e816bc04e222a261106ca138801841c2d/jackson-datatype-jsr310-2.9.5.jar, file:/C:/Users/alexander.angulo/.gradle/caches/modules-2/files-2.1/com.fasterxml.jackson.module/jackson-module-parameter-names/2.9.5/f824c60751ffb7bfc3a0d30dfe0e42317d8e67f5/jackson-module-parameter-names-2.9.5.jar, file:/C:/Users/alexander.angulo/.gradle/caches/modules-2/files-2.1/com.fasterxml.jackson.core/jackson-databind/2.9.5/3490508379d065fe3fcb80042b62f630f7588606/jackson-databind-2.9.5.jar, file:/C:/Users/alexander.angulo/.gradle/caches/modules-2/files-2.1/com.fasterxml.jackson.core/jackson-annotations/2.9.0/7c10d545325e3a6e72e06381afe469fd40eb701/jackson-annotations-2.9.0.jar, file:/C:/Users/alexander.angulo/.gradle/caches/modules-2/files-2.1/org.apache.tomcat.embed/tomcat-embed-websocket/8.5.31/6564e716b89de5eaa0dd234ae7989576503ddf3/tomcat-embed-websocket-8.5.31.jar, file:/C:/Users/alexander.angulo/.gradle/caches/modules-2/files-2.1/org.apache.tomcat.embed/tomcat-embed-core/8.5.31/f5adf7ed8c34aa005b22b6a2dc7b6796e10e9c79/tomcat-embed-core-8.5.31.jar, file:/C:/Users/alexander.angulo/.gradle/caches/modules-2/files-2.1/org.apache.tomcat.embed/tomcat-embed-el/8.5.31/3a536e1ac71b82627c3a7408eb38fa0704cb9034/tomcat-embed-el-8.5.31.jar, file:/C:/Users/alexander.angulo/.gradle/caches/modules-2/files-2.1/javax.validation/validation-api/2.0.1.Final/cb855558e6271b1b32e716d24cb85c7f583ce09e/validation-api-2.0.1.Final.jar, file:/C:/Users/alexander.angulo/.gradle/caches/modules-2/files-2.1/net.minidev/json-smart/2.3/7396407491352ce4fa30de92efb158adb76b5b/json-smart-2.3.jar, file:/C:/Users/alexander.angulo/.gradle/caches/modules-2/files-2.1/net.bytebuddy/byte-buddy/1.7.11/f02857a4e2c66ccbe7aaad6100a0a6c461bce9b3/byte-buddy-1.7.11.jar, file:/C:/Users/alexander.angulo/.gradle/caches/modules-2/files-2.1/net.bytebuddy/byte-buddy-agent/1.7.11/b425a8933ca07edd03c6dbc8bc3b595fba9780de/byte-buddy-agent-1.7.11.jar, file:/C:/Users/alexander.angulo/.gradle/caches/modules-2/files-2.1/org.objenesis/objenesis/2.6/639033469776fd37c08358c6b92a4761feb2af4b/objenesis-2.6.jar, file:/C:/Users/alexander.angulo/.gradle/caches/modules-2/files-2.1/com.vaadin.external.google/android-json/0.0.20131108.vaadin1/fa26d351fe62a6a17f5cda1287c1c6110dec413f/android-json-0.0.20131108.vaadin1.jar, file:/C:/Users/alexander.angulo/.gradle/caches/modules-2/files-2.1/org.springframework/spring-jcl/5.0.6.RELEASE/295ee4e8657e9c1fd327735c01d5fbce339cc44d/spring-jcl-5.0.6.RELEASE.jar, file:/C:/Users/alexander.angulo/.gradle/caches/modules-2/files-2.1/com.fasterxml.jackson.core/jackson-core/2.9.5/a22ac51016944b06fd9ffbc9541c6e7ce5eea117/jackson-core-2.9.5.jar, file:/C:/Users/alexander.angulo/.gradle/caches/modules-2/files-2.1/org.atteo/evo-inflector/1.2.2/2551aad98d65ac5464d81fe05f0e1516cfe471c9/evo-inflector-1.2.2.jar, file:/C:/Users/alexander.angulo/.gradle/caches/modules-2/files-2.1/net.minidev/accessors-smart/1.2/c592b500269bfde36096641b01238a8350f8aa31/accessors-smart-1.2.jar, file:/C:/Users/alexander.angulo/.gradle/caches/modules-2/files-2.1/ch.qos.logback/logback-core/1.2.3/864344400c3d4d92dfeb0a305dc87d953677c03c/logback-core-1.2.3.jar, file:/C:/Users/alexander.angulo/.gradle/caches/modules-2/files-2.1/org.apache.logging.log4j/log4j-api/2.10.0/fec5797a55b786184a537abd39c3fa1449d752d6/log4j-api-2.10.0.jar, file:/C:/Users/alexander.angulo/.gradle/caches/modules-2/files-2.1/org.ow2.asm/asm/5.0.4/da08b8cce7bbf903602a25a3a163ae252435795/asm-5.0.4.jar, file:/C:/Users/alexander.angulo/.gradle/caches/modules-2/files-2.1/net.sourceforge.cobertura/cobertura/2.1.1/eab984794b3f7d0d37736a9e5b7f790128f611b5/cobertura-2.1.1.jar, file:/C:/Users/alexander.angulo/.gradle/caches/modules-2/files-2.1/org.ow2.asm/asm-commons/5.0.1/7b7147a390a93a14d2edfdcf3f7b0e87a0939c3e/asm-commons-5.0.1.jar, file:/C:/Users/alexander.angulo/.gradle/caches/modules-2/files-2.1/org.ow2.asm/asm-util/5.0.1/7c8caddfbd0b2d7b844f8fcc75175b9cb9cf4724/asm-util-5.0.1.jar, file:/C:/Users/alexander.angulo/.gradle/caches/modules-2/files-2.1/org.ow2.asm/asm-analysis/5.0.1/e286fbee48efacb4e7c175f7948d9d8b2ab52352/asm-analysis-5.0.1.jar, file:/C:/Users/alexander.angulo/.gradle/caches/modules-2/files-2.1/org.ow2.asm/asm-tree/5.0.1/1b1e6e9d869acd704056d0a4223071a511c619e6/asm-tree-5.0.1.jar, file:/C:/Users/alexander.angulo/.gradle/caches/modules-2/files-2.1/org.ow2.asm/asm/5.0.1/2fd56467a018aafe6ec6a73ccba520be4a7e1565/asm-5.0.1.jar, file:/C:/Users/alexander.angulo/.gradle/caches/modules-2/files-2.1/oro/oro/2.0.8/5592374f834645c4ae250f4c9fbb314c9369d698/oro-2.0.8.jar, file:/C:/Users/alexander.angulo/.gradle/caches/modules-2/files-2.1/jaxen/jaxen/1.1.6/3f8c36d9a0578e8e98f030c662b69888b1430ac0/jaxen-1.1.6.jar, file:/C:/Users/alexander.angulo/.gradle/caches/modules-2/files-2.1/org.apache.ant/ant-junit/1.8.3/9f77eec4e103241602fb0cdd97b3ec3237e0bd9/ant-junit-1.8.3.jar, file:/C:/Users/alexander.angulo/.gradle/caches/modules-2/files-2.1/org.apache.ant/ant/1.8.3/77c746ecab048b9839c7a8e39e55fe8636c5b11/ant-1.8.3.jar, file:/C:/Users/alexander.angulo/.gradle/caches/modules-2/files-2.1/org.mortbay.jetty/jetty/6.1.14/5ded67b609e59c27e82ff61b510773d28c9bef56/jetty-6.1.14.jar, file:/C:/Users/alexander.angulo/.gradle/caches/modules-2/files-2.1/org.mortbay.jetty/servlet-api-2.5/6.1.14/5f07601ab7d7c85dd9e38a17c0e1b0edfbd4a191/servlet-api-2.5-6.1.14.jar, file:/C:/Users/alexander.angulo/.gradle/caches/modules-2/files-2.1/org.mortbay.jetty/jetty-util/6.1.14/1b707d5884e35c9b97114a24aa9ee94ca531fa21/jetty-util-6.1.14.jar, file:/C:/Users/alexander.angulo/.gradle/caches/modules-2/files-2.1/org.apache.commons/commons-lang3/3.7/557edd918fd41f9260963583ebf5a61a43a6b423/commons-lang3-3.7.jar, file:/C:/Users/alexander.angulo/.gradle/caches/modules-2/files-2.1/org.apache.ant/ant-launcher/1.8.3/a22bcf9438c41828b04c13b052c4886606abac2/ant-launcher-1.8.3.jar]
[DEBUG] Could not find key 'context.listener.classes' in any property source
[DEBUG] Adding PropertySource 'configurationProperties' with highest search precedence
[DEBUG] Could not find key 'spring.beaninfo.ignore' in any property source
[DEBUG] Could not find key 'spring.banner.image.location' in any property source
[DEBUG] Could not find key 'spring.banner.location' in any property source

  .   ____          _            __ _ _
 /\\ / ___'_ __ _ _(_)_ __  __ _ \ \ \ \
( ( )\___ | '_ | '_| | '_ \/ _` | \ \ \ \
 \\/  ___)| |_)| | | | | || (_| |  ) ) ) )
  '  |____| .__|_| |_|_| |_\__, | / / / /
 =========|_|==============|___/=/_/_/_/
 :: Spring Boot ::        (v2.0.2.RELEASE)

[DEBUG] Adding PropertySource 'servletConfigInitParams' with lowest search precedence
[DEBUG] Adding PropertySource 'servletContextInitParams' with lowest search precedence
[DEBUG] Adding PropertySource 'systemProperties' with lowest search precedence
[DEBUG] Adding PropertySource 'systemEnvironment' with lowest search precedence
[DEBUG] Initialized StandardServletEnvironment with PropertySources [StubPropertySource@1678626316 {name='servletConfigInitParams', properties=java.lang.Object@36dc8249}, StubPropertySource@1017094951 {name='servletContextInitParams', properties=java.lang.Object@6c0ed6b6}, MapPropertySource@1719208085 {name='systemProperties', properties={java.runtime.name=Java(TM) SE Runtime Environment, sun.boot.library.path=C:\Program Files\Java\jdk1.8.0_172\jre\bin, java.vm.version=25.172-b11, java.vm.vendor=Oracle Corporation, java.vendor.url=http://java.oracle.com/, path.separator=;, java.vm.name=Java HotSpot(TM) 64-Bit Server VM, file.encoding.pkg=sun.io, user.script=, sun.java.launcher=SUN_STANDARD, user.country=US, sun.os.patch.level=, PID=7896, java.vm.specification.name=Java Virtual Machine Specification, user.dir=C:\Users\alexander.angulo\Music\version2\parqueadero, java.runtime.version=1.8.0_172-b11, java.awt.graphicsenv=sun.awt.Win32GraphicsEnvironment, java.endorsed.dirs=C:\Program Files\Java\jdk1.8.0_172\jre\lib\endorsed, os.arch=amd64, java.io.tmpdir=C:\Users\ALEXAN~1.ANG\AppData\Local\Temp\, line.separator=
, java.vm.specification.vendor=Oracle Corporation, user.variant=, os.name=Windows 10, net.sourceforge.cobertura.datafile=C:\Users\alexander.angulo\Music\version2\parqueadero\build\cobertura\cobertura.ser, sun.jnu.encoding=Cp1252, spring.beaninfo.ignore=true, java.library.path=C:\Program Files\Java\jdk1.8.0_172\bin;C:\Windows\Sun\Java\bin;C:\Windows\system32;C:\Windows;C:/Program Files/Java/jre1.8.0_172/bin/server;C:/Program Files/Java/jre1.8.0_172/bin;C:/Program Files/Java/jre1.8.0_172/lib/amd64;C:\Program Files (x86)\Common Files\Oracle\Java\javapath;C:\Oracle\product\11.1.0\client_1\bin;C:\Program Files\CollabNet\Subversion Client;C:\Windows\system32;C:\Windows;C:\Windows\System32\Wbem;C:\Windows\System32\WindowsPowerShell\v1.0\;C:\Windows\System32\OpenSSH\;C:\Program Files\TortoiseSVN\bin;C:\Program Files\Git\cmd;C:\Program Files\PuTTY\;C:\xampp\mysql\bin;C:\Program Files\nodejs\;C:\Users\alexander.angulo\AppData\Local\Microsoft\WindowsApps;;C:\Program Files\Microsoft VS Code\bin;C:\Users\alexander.angulo\AppData\Roaming\npm;D:\spring-tool-suite\sts-bundle\sts-3.9.4.RELEASE;;., java.specification.name=Java Platform API Specification, java.class.version=52.0, org.gradle.native=false, sun.management.compiler=HotSpot 64-Bit Tiered Compilers, os.version=10.0, user.home=C:\Users\alexander.angulo, user.timezone=America/Bogota, java.awt.printerjob=sun.awt.windows.WPrinterJob, file.encoding=windows-1252, java.specification.version=1.8, java.class.path=C:\Users\alexander.angulo\Music\version2\parqueadero\build\instrumented_classes;C:\Users\alexander.angulo\Music\version2\parqueadero\build\classes\java\test;C:\Users\alexander.angulo\Music\version2\parqueadero\build\resources\test;C:\Users\alexander.angulo\Music\version2\parqueadero\build\classes\java\main;C:\Users\alexander.angulo\Music\version2\parqueadero\build\resources\main;C:\Users\alexander.angulo\.gradle\caches\modules-2\files-2.1\org.springframework.boot\spring-boot-starter-data-jpa\2.0.2.RELEASE\a277d15c247684aaef38852a2e71b8b1ef7357e6\spring-boot-starter-data-jpa-2.0.2.RELEASE.jar;C:\Users\alexander.angulo\.gradle\caches\modules-2\files-2.1\org.springframework.boot\spring-boot-starter-data-rest\2.0.2.RELEASE\1617ded563edcb560034293532d74a6c61132eea\spring-boot-starter-data-rest-2.0.2.RELEASE.jar;C:\Users\alexander.angulo\.gradle\caches\modules-2\files-2.1\org.springframework.boot\spring-boot-starter-web\2.0.2.RELEASE\b6ef0cf4d0a7c6c7e93ff524b84cd1d8f87f67d9\spring-boot-starter-web-2.0.2.RELEASE.jar;C:\Users\alexander.angulo\.gradle\caches\modules-2\files-2.1\mysql\mysql-connector-java\5.1.46\9a3e63b387e376364211e96827bc27db8d7a92e9\mysql-connector-java-5.1.46.jar;C:\Users\alexander.angulo\.gradle\caches\modules-2\files-2.1\org.json\json\20090211\c183aa3a2a6250293808bba12262c8920ce5a51c\json-20090211.jar;C:\Users\alexander.angulo\.gradle\caches\modules-2\files-2.1\org.springframework.boot\spring-boot-starter-test\2.0.2.RELEASE\d9e090412f318586e0f277e24740b79b58ef190b\spring-boot-starter-test-2.0.2.RELEASE.jar;C:\Users\alexander.angulo\.gradle\caches\modules-2\files-2.1\org.springframework.boot\spring-boot-starter-aop\2.0.2.RELEASE\b0b0c7dcfdffaef1b04886c0279772905bc7e9d2\spring-boot-starter-aop-2.0.2.RELEASE.jar;C:\Users\alexander.angulo\.gradle\caches\modules-2\files-2.1\org.springframework.boot\spring-boot-starter-jdbc\2.0.2.RELEASE\f93c2459a06061f889b837d1c2503055df024778\spring-boot-starter-jdbc-2.0.2.RELEASE.jar;C:\Users\alexander.angulo\.gradle\caches\modules-2\files-2.1\org.springframework.boot\spring-boot-starter-json\2.0.2.RELEASE\5edda979838ced5314b8f58a958fe9d6b4b3badd\spring-boot-starter-json-2.0.2.RELEASE.jar;C:\Users\alexander.angulo\.gradle\caches\modules-2\files-2.1\org.springframework.boot\spring-boot-starter\2.0.2.RELEASE\1cda94f0dfcf2b065191782a54b84d2abf96391\spring-boot-starter-2.0.2.RELEASE.jar;C:\Users\alexander.angulo\.gradle\caches\modules-2\files-2.1\org.hibernate\hibernate-core\5.2.17.Final\f2dc36470e7a2ffcf6106bb1625ecf5b54bb5f65\hibernate-core-5.2.17.Final.jar;C:\Users\alexander.angulo\.gradle\caches\modules-2\files-2.1\javax.transaction\javax.transaction-api\1.2\d81aff979d603edd90dcd8db2abc1f4ce6479e3e\javax.transaction-api-1.2.jar;C:\Users\alexander.angulo\.gradle\caches\modules-2\files-2.1\org.springframework.data\spring-data-jpa\2.0.7.RELEASE\9f201f3d3435a9e5422e0edcff3475c46215ffb\spring-data-jpa-2.0.7.RELEASE.jar;C:\Users\alexander.angulo\.gradle\caches\modules-2\files-2.1\org.springframework\spring-aspects\5.0.6.RELEASE\45a7631a64eb82625067587b9796d4418d9e0568\spring-aspects-5.0.6.RELEASE.jar;C:\Users\alexander.angulo\.gradle\caches\modules-2\files-2.1\org.springframework.data\spring-data-rest-webmvc\3.0.7.RELEASE\684949215006f844591c6a8632356f483752fca0\spring-data-rest-webmvc-3.0.7.RELEASE.jar;C:\Users\alexander.angulo\.gradle\caches\modules-2\files-2.1\org.springframework.boot\spring-boot-starter-tomcat\2.0.2.RELEASE\cedbfb18762e1c220007c768bfc5b773f5b30f8a\spring-boot-starter-tomcat-2.0.2.RELEASE.jar;C:\Users\alexander.angulo\.gradle\caches\modules-2\files-2.1\org.hibernate.validator\hibernate-validator\6.0.9.Final\b149e4cce82379f11f6129eb3187ca8ae5404005\hibernate-validator-6.0.9.Final.jar;C:\Users\alexander.angulo\.gradle\caches\modules-2\files-2.1\org.springframework.data\spring-data-rest-core\3.0.7.RELEASE\dd56b4f427987e1d5ab320eee6c3401e32557bb2\spring-data-rest-core-3.0.7.RELEASE.jar;C:\Users\alexander.angulo\.gradle\caches\modules-2\files-2.1\org.springframework.hateoas\spring-hateoas\0.24.0.RELEASE\b6401a781a58e0b2ab95242a553683e04300fe69\spring-hateoas-0.24.0.RELEASE.jar;C:\Users\alexander.angulo\.gradle\caches\modules-2\files-2.1\org.springframework\spring-webmvc\5.0.6.RELEASE\1361c5d1cf46665ee01de5dc1ca447c3be174c19\spring-webmvc-5.0.6.RELEASE.jar;C:\Users\alexander.angulo\.gradle\caches\modules-2\files-2.1\org.springframework\spring-web\5.0.6.RELEASE\89e89de3025165998118590613aedc6df8d64af6\spring-web-5.0.6.RELEASE.jar;C:\Users\alexander.angulo\.gradle\caches\modules-2\files-2.1\org.springframework.boot\spring-boot-test-autoconfigure\2.0.2.RELEASE\4993bdd96a4c02bc5b5703862d99ef4c563f25d0\spring-boot-test-autoconfigure-2.0.2.RELEASE.jar;C:\Users\alexander.angulo\.gradle\caches\modules-2\files-2.1\org.springframework.boot\spring-boot-test\2.0.2.RELEASE\fc85812e6543312a3b0ea9fbbdfd4a51183380a3\spring-boot-test-2.0.2.RELEASE.jar;C:\Users\alexander.angulo\.gradle\caches\modules-2\files-2.1\com.jayway.jsonpath\json-path\2.4.0\765a4401ceb2dc8d40553c2075eb80a8fa35c2ae\json-path-2.4.0.jar;C:\Users\alexander.angulo\.gradle\caches\modules-2\files-2.1\junit\junit\4.12\2973d150c0dc1fefe998f834810d68f278ea58ec\junit-4.12.jar;C:\Users\alexander.angulo\.gradle\caches\modules-2\files-2.1\org.assertj\assertj-core\3.9.1\c5ce126b15f28d56cd8f960c1a6a058b9c9aea87\assertj-core-3.9.1.jar;C:\Users\alexander.angulo\.gradle\caches\modules-2\files-2.1\org.mockito\mockito-core\2.15.0\b84bfbbc29cd22c9529409627af6ea2897f4fa85\mockito-core-2.15.0.jar;C:\Users\alexander.angulo\.gradle\caches\modules-2\files-2.1\org.hamcrest\hamcrest-library\1.3\4785a3c21320980282f9f33d0d1264a69040538f\hamcrest-library-1.3.jar;C:\Users\alexander.angulo\.gradle\caches\modules-2\files-2.1\org.hamcrest\hamcrest-core\1.3\42a25dc3219429f0e5d060061f71acb49bf010a0\hamcrest-core-1.3.jar;C:\Users\alexander.angulo\.gradle\caches\modules-2\files-2.1\org.skyscreamer\jsonassert\1.5.0\6c9d5fe2f59da598d9aefc1cfc6528ff3cf32df3\jsonassert-1.5.0.jar;C:\Users\alexander.angulo\.gradle\caches\modules-2\files-2.1\org.springframework\spring-test\5.0.6.RELEASE\dbc99b288774b2e07d94bc14fe38d556bc3ed34a\spring-test-5.0.6.RELEASE.jar;C:\Users\alexander.angulo\.gradle\caches\modules-2\files-2.1\org.springframework.boot\spring-boot-autoconfigure\2.0.2.RELEASE\f4b25e753e4955337a138d8b1550236b5efe5b3b\spring-boot-autoconfigure-2.0.2.RELEASE.jar;C:\Users\alexander.angulo\.gradle\caches\modules-2\files-2.1\org.springframework.boot\spring-boot\2.0.2.RELEASE\15012cf02e9f77938244e554f0598535fdd1cb38\spring-boot-2.0.2.RELEASE.jar;C:\Users\alexander.angulo\.gradle\caches\modules-2\files-2.1\org.springframework\spring-orm\5.0.6.RELEASE\7a08073597b79dfcd4db1cffa924f2b991a14a20\spring-orm-5.0.6.RELEASE.jar;C:\Users\alexander.angulo\.gradle\caches\modules-2\files-2.1\org.springframework\spring-jdbc\5.0.6.RELEASE\7d4de1ee9b042774e09ceb88393e5a564e342729\spring-jdbc-5.0.6.RELEASE.jar;C:\Users\alexander.angulo\.gradle\caches\modules-2\files-2.1\org.springframework.plugin\spring-plugin-core\1.2.0.RELEASE\f380e7760032e7d929184f8ad8a33716b75c0657\spring-plugin-core-1.2.0.RELEASE.jar;C:\Users\alexander.angulo\.gradle\caches\modules-2\files-2.1\org.springframework\spring-context\5.0.6.RELEASE\8b73b742ef0ddce04f0f1068f305de240b00ce0d\spring-context-5.0.6.RELEASE.jar;C:\Users\alexander.angulo\.gradle\caches\modules-2\files-2.1\org.springframework\spring-tx\5.0.6.RELEASE\1b6ffc44f2d59507a0fce1084fcc21788b13904\spring-tx-5.0.6.RELEASE.jar;C:\Users\alexander.angulo\.gradle\caches\modules-2\files-2.1\org.springframework\spring-aop\5.0.6.RELEASE\74078df698992054c1c1a8f705763a6c7b4b914c\spring-aop-5.0.6.RELEASE.jar;C:\Users\alexander.angulo\.gradle\caches\modules-2\files-2.1\org.springframework.data\spring-data-commons\2.0.7.RELEASE\7faa0fb2ffa50a5c50ad9f10118095ae24d5c6e1\spring-data-commons-2.0.7.RELEASE.jar;C:\Users\alexander.angulo\.gradle\caches\modules-2\files-2.1\org.springframework\spring-beans\5.0.6.RELEASE\d609b83cd8a71650a70778cf8d02c9a05b9161fe\spring-beans-5.0.6.RELEASE.jar;C:\Users\alexander.angulo\.gradle\caches\modules-2\files-2.1\org.springframework\spring-expression\5.0.6.RELEASE\dec57ae5e6f0dfd4c6cfc199aa13ed268c3e1a65\spring-expression-5.0.6.RELEASE.jar;C:\Users\alexander.angulo\.gradle\caches\modules-2\files-2.1\org.springframework\spring-core\5.0.6.RELEASE\984a52455b1be596b7f1a29f62d21d2f483eb764\spring-core-5.0.6.RELEASE.jar;C:\Users\alexander.angulo\.gradle\caches\modules-2\files-2.1\org.xmlunit\xmlunit-core\2.5.1\4ffdb346572a7356f7521cd3119ce5287d2e339d\xmlunit-core-2.5.1.jar;C:\Users\alexander.angulo\.gradle\caches\modules-2\files-2.1\org.springframework.boot\spring-boot-starter-logging\2.0.2.RELEASE\b56d7d1931792d6e58dbd41f956912359ba85238\spring-boot-starter-logging-2.0.2.RELEASE.jar;C:\Users\alexander.angulo\.gradle\caches\modules-2\files-2.1\javax.annotation\javax.annotation-api\1.3.2\934c04d3cfef185a8008e7bf34331b79730a9d43\javax.annotation-api-1.3.2.jar;C:\Users\alexander.angulo\.gradle\caches\modules-2\files-2.1\org.yaml\snakeyaml\1.19\2d998d3d674b172a588e54ab619854d073f555b5\snakeyaml-1.19.jar;C:\Users\alexander.angulo\.gradle\caches\modules-2\files-2.1\org.aspectj\aspectjweaver\1.8.13\ad94df2a28d658a40dc27bbaff6a1ce5fbf04e9b\aspectjweaver-1.8.13.jar;C:\Users\alexander.angulo\.gradle\caches\modules-2\files-2.1\com.zaxxer\HikariCP\2.7.9\a83113d2c091d0d0f853dad3217bd7df3beb6ae3\HikariCP-2.7.9.jar;C:\Users\alexander.angulo\.gradle\caches\modules-2\files-2.1\org.hibernate.common\hibernate-commons-annotations\5.0.1.Final\71e1cff3fcb20d3b3af4f3363c3ddb24d33c6879\hibernate-commons-annotations-5.0.1.Final.jar;C:\Users\alexander.angulo\.gradle\caches\modules-2\files-2.1\org.jboss.logging\jboss-logging\3.3.2.Final\3789d00e859632e6c6206adc0c71625559e6e3b0\jboss-logging-3.3.2.Final.jar;C:\Users\alexander.angulo\.gradle\caches\modules-2\files-2.1\org.hibernate.javax.persistence\hibernate-jpa-2.1-api\1.0.0.Final\5e731d961297e5a07290bfaf3db1fbc8bbbf405a\hibernate-jpa-2.1-api-1.0.0.Final.jar;C:\Users\alexander.angulo\.gradle\caches\modules-2\files-2.1\org.javassist\javassist\3.22.0-GA\3e83394258ae2089be7219b971ec21a8288528ad\javassist-3.22.0-GA.jar;C:\Users\alexander.angulo\.gradle\caches\modules-2\files-2.1\antlr\antlr\2.7.7\83cd2cd674a217ade95a4bb83a8a14f351f48bd0\antlr-2.7.7.jar;C:\Users\alexander.angulo\.gradle\caches\modules-2\files-2.1\org.jboss\jandex\2.0.3.Final\bfc4d6257dbff7a33a357f0de116be6ff951d849\jandex-2.0.3.Final.jar;C:\Users\alexander.angulo\.gradle\caches\modules-2\files-2.1\com.fasterxml\classmate\1.3.4\3d5f48f10bbe4eb7bd862f10c0583be2e0053c6\classmate-1.3.4.jar;C:\Users\alexander.angulo\.gradle\caches\modules-2\files-2.1\dom4j\dom4j\1.6.1\5d3ccc056b6f056dbf0dddfdf43894b9065a8f94\dom4j-1.6.1.jar;C:\Users\alexander.angulo\.gradle\caches\modules-2\files-2.1\ch.qos.logback\logback-classic\1.2.3\7c4f3c474fb2c041d8028740440937705ebb473a\logback-classic-1.2.3.jar;C:\Users\alexander.angulo\.gradle\caches\modules-2\files-2.1\org.apache.logging.log4j\log4j-to-slf4j\2.10.0\f7e631ccf49cfc0aefa4a2a728da7d374c05bd3c\log4j-to-slf4j-2.10.0.jar;C:\Users\alexander.angulo\.gradle\caches\modules-2\files-2.1\org.slf4j\jul-to-slf4j\1.7.25\af5364cd6679bfffb114f0dec8a157aaa283b76\jul-to-slf4j-1.7.25.jar;C:\Users\alexander.angulo\.gradle\caches\modules-2\files-2.1\org.slf4j\slf4j-api\1.7.25\da76ca59f6a57ee3102f8f9bd9cee742973efa8a\slf4j-api-1.7.25.jar;C:\Users\alexander.angulo\.gradle\caches\modules-2\files-2.1\com.fasterxml.jackson.datatype\jackson-datatype-jdk8\2.9.5\23e37f085279ba316c0df923513b81609e1d1f6\jackson-datatype-jdk8-2.9.5.jar;C:\Users\alexander.angulo\.gradle\caches\modules-2\files-2.1\com.fasterxml.jackson.datatype\jackson-datatype-jsr310\2.9.5\d1f0d11e816bc04e222a261106ca138801841c2d\jackson-datatype-jsr310-2.9.5.jar;C:\Users\alexander.angulo\.gradle\caches\modules-2\files-2.1\com.fasterxml.jackson.module\jackson-module-parameter-names\2.9.5\f824c60751ffb7bfc3a0d30dfe0e42317d8e67f5\jackson-module-parameter-names-2.9.5.jar;C:\Users\alexander.angulo\.gradle\caches\modules-2\files-2.1\com.fasterxml.jackson.core\jackson-databind\2.9.5\3490508379d065fe3fcb80042b62f630f7588606\jackson-databind-2.9.5.jar;C:\Users\alexander.angulo\.gradle\caches\modules-2\files-2.1\com.fasterxml.jackson.core\jackson-annotations\2.9.0\7c10d545325e3a6e72e06381afe469fd40eb701\jackson-annotations-2.9.0.jar;C:\Users\alexander.angulo\.gradle\caches\modules-2\files-2.1\org.apache.tomcat.embed\tomcat-embed-websocket\8.5.31\6564e716b89de5eaa0dd234ae7989576503ddf3\tomcat-embed-websocket-8.5.31.jar;C:\Users\alexander.angulo\.gradle\caches\modules-2\files-2.1\org.apache.tomcat.embed\tomcat-embed-core\8.5.31\f5adf7ed8c34aa005b22b6a2dc7b6796e10e9c79\tomcat-embed-core-8.5.31.jar;C:\Users\alexander.angulo\.gradle\caches\modules-2\files-2.1\org.apache.tomcat.embed\tomcat-embed-el\8.5.31\3a536e1ac71b82627c3a7408eb38fa0704cb9034\tomcat-embed-el-8.5.31.jar;C:\Users\alexander.angulo\.gradle\caches\modules-2\files-2.1\javax.validation\validation-api\2.0.1.Final\cb855558e6271b1b32e716d24cb85c7f583ce09e\validation-api-2.0.1.Final.jar;C:\Users\alexander.angulo\.gradle\caches\modules-2\files-2.1\net.minidev\json-smart\2.3\7396407491352ce4fa30de92efb158adb76b5b\json-smart-2.3.jar;C:\Users\alexander.angulo\.gradle\caches\modules-2\files-2.1\net.bytebuddy\byte-buddy\1.7.11\f02857a4e2c66ccbe7aaad6100a0a6c461bce9b3\byte-buddy-1.7.11.jar;C:\Users\alexander.angulo\.gradle\caches\modules-2\files-2.1\net.bytebuddy\byte-buddy-agent\1.7.11\b425a8933ca07edd03c6dbc8bc3b595fba9780de\byte-buddy-agent-1.7.11.jar;C:\Users\alexander.angulo\.gradle\caches\modules-2\files-2.1\org.objenesis\objenesis\2.6\639033469776fd37c08358c6b92a4761feb2af4b\objenesis-2.6.jar;C:\Users\alexander.angulo\.gradle\caches\modules-2\files-2.1\com.vaadin.external.google\android-json\0.0.20131108.vaadin1\fa26d351fe62a6a17f5cda1287c1c6110dec413f\android-json-0.0.20131108.vaadin1.jar;C:\Users\alexander.angulo\.gradle\caches\modules-2\files-2.1\org.springframework\spring-jcl\5.0.6.RELEASE\295ee4e8657e9c1fd327735c01d5fbce339cc44d\spring-jcl-5.0.6.RELEASE.jar;C:\Users\alexander.angulo\.gradle\caches\modules-2\files-2.1\com.fasterxml.jackson.core\jackson-core\2.9.5\a22ac51016944b06fd9ffbc9541c6e7ce5eea117\jackson-core-2.9.5.jar;C:\Users\alexander.angulo\.gradle\caches\modules-2\files-2.1\org.atteo\evo-inflector\1.2.2\2551aad98d65ac5464d81fe05f0e1516cfe471c9\evo-inflector-1.2.2.jar;C:\Users\alexander.angulo\.gradle\caches\modules-2\files-2.1\net.minidev\accessors-smart\1.2\c592b500269bfde36096641b01238a8350f8aa31\accessors-smart-1.2.jar;C:\Users\alexander.angulo\.gradle\caches\modules-2\files-2.1\ch.qos.logback\logback-core\1.2.3\864344400c3d4d92dfeb0a305dc87d953677c03c\logback-core-1.2.3.jar;C:\Users\alexander.angulo\.gradle\caches\modules-2\files-2.1\org.apache.logging.log4j\log4j-api\2.10.0\fec5797a55b786184a537abd39c3fa1449d752d6\log4j-api-2.10.0.jar;C:\Users\alexander.angulo\.gradle\caches\modules-2\files-2.1\org.ow2.asm\asm\5.0.4\da08b8cce7bbf903602a25a3a163ae252435795\asm-5.0.4.jar;C:\Users\alexander.angulo\.gradle\caches\modules-2\files-2.1\net.sourceforge.cobertura\cobertura\2.1.1\eab984794b3f7d0d37736a9e5b7f790128f611b5\cobertura-2.1.1.jar;C:\Users\alexander.angulo\.gradle\caches\modules-2\files-2.1\org.ow2.asm\asm-commons\5.0.1\7b7147a390a93a14d2edfdcf3f7b0e87a0939c3e\asm-commons-5.0.1.jar;C:\Users\alexander.angulo\.gradle\caches\modules-2\files-2.1\org.ow2.asm\asm-util\5.0.1\7c8caddfbd0b2d7b844f8fcc75175b9cb9cf4724\asm-util-5.0.1.jar;C:\Users\alexander.angulo\.gradle\caches\modules-2\files-2.1\org.ow2.asm\asm-analysis\5.0.1\e286fbee48efacb4e7c175f7948d9d8b2ab52352\asm-analysis-5.0.1.jar;C:\Users\alexander.angulo\.gradle\caches\modules-2\files-2.1\org.ow2.asm\asm-tree\5.0.1\1b1e6e9d869acd704056d0a4223071a511c619e6\asm-tree-5.0.1.jar;C:\Users\alexander.angulo\.gradle\caches\modules-2\files-2.1\org.ow2.asm\asm\5.0.1\2fd56467a018aafe6ec6a73ccba520be4a7e1565\asm-5.0.1.jar;C:\Users\alexander.angulo\.gradle\caches\modules-2\files-2.1\oro\oro\2.0.8\5592374f834645c4ae250f4c9fbb314c9369d698\oro-2.0.8.jar;C:\Users\alexander.angulo\.gradle\caches\modules-2\files-2.1\jaxen\jaxen\1.1.6\3f8c36d9a0578e8e98f030c662b69888b1430ac0\jaxen-1.1.6.jar;C:\Users\alexander.angulo\.gradle\caches\modules-2\files-2.1\org.apache.ant\ant-junit\1.8.3\9f77eec4e103241602fb0cdd97b3ec3237e0bd9\ant-junit-1.8.3.jar;C:\Users\alexander.angulo\.gradle\caches\modules-2\files-2.1\org.apache.ant\ant\1.8.3\77c746ecab048b9839c7a8e39e55fe8636c5b11\ant-1.8.3.jar;C:\Users\alexander.angulo\.gradle\caches\modules-2\files-2.1\org.mortbay.jetty\jetty\6.1.14\5ded67b609e59c27e82ff61b510773d28c9bef56\jetty-6.1.14.jar;C:\Users\alexander.angulo\.gradle\caches\modules-2\files-2.1\org.mortbay.jetty\servlet-api-2.5\6.1.14\5f07601ab7d7c85dd9e38a17c0e1b0edfbd4a191\servlet-api-2.5-6.1.14.jar;C:\Users\alexander.angulo\.gradle\caches\modules-2\files-2.1\org.mortbay.jetty\jetty-util\6.1.14\1b707d5884e35c9b97114a24aa9ee94ca531fa21\jetty-util-6.1.14.jar;C:\Users\alexander.angulo\.gradle\caches\modules-2\files-2.1\org.apache.commons\commons-lang3\3.7\557edd918fd41f9260963583ebf5a61a43a6b423\commons-lang3-3.7.jar;C:\Users\alexander.angulo\.gradle\caches\modules-2\files-2.1\org.apache.ant\ant-launcher\1.8.3\a22bcf9438c41828b04c13b052c4886606abac2\ant-launcher-1.8.3.jar, user.name=alexander.angulo, java.vm.specification.version=1.8, sun.java.command=worker.org.gradle.process.internal.worker.GradleWorkerMain 'Gradle Test Executor 3', java.home=C:\Program Files\Java\jdk1.8.0_172\jre, sun.arch.data.model=64, user.language=en, java.specification.vendor=Oracle Corporation, awt.toolkit=sun.awt.windows.WToolkit, java.vm.info=mixed mode, java.version=1.8.0_172, java.ext.dirs=C:\Program Files\Java\jdk1.8.0_172\jre\lib\ext;C:\Windows\Sun\Java\lib\ext, property=value, sun.boot.class.path=C:\Program Files\Java\jdk1.8.0_172\jre\lib\resources.jar;C:\Program Files\Java\jdk1.8.0_172\jre\lib\rt.jar;C:\Program Files\Java\jdk1.8.0_172\jre\lib\sunrsasign.jar;C:\Program Files\Java\jdk1.8.0_172\jre\lib\jsse.jar;C:\Program Files\Java\jdk1.8.0_172\jre\lib\jce.jar;C:\Program Files\Java\jdk1.8.0_172\jre\lib\charsets.jar;C:\Program Files\Java\jdk1.8.0_172\jre\lib\jfr.jar;C:\Program Files\Java\jdk1.8.0_172\jre\classes, java.awt.headless=true, java.vendor=Oracle Corporation, org.gradle.test.worker=3, file.separator=\, java.vendor.url.bug=http://bugreport.sun.com/bugreport/, sun.io.unicode.encoding=UnicodeLittle, sun.cpu.endian=little, sun.desktop=windows, sun.cpu.isalist=amd64}}, SystemEnvironmentPropertySource@887423193 {name='systemEnvironment', properties={USERDOMAIN_ROAMINGPROFILE=CEIBA, LOCALAPPDATA=C:\Users\alexander.angulo\AppData\Local, PROCESSOR_LEVEL=6, USERDOMAIN=CEIBA, LOGONSERVER=\\CRONOS, SESSIONNAME=Console, ALLUSERSPROFILE=C:\ProgramData, PROCESSOR_ARCHITECTURE=AMD64, PSModulePath=C:\Program Files\WindowsPowerShell\Modules;C:\Windows\system32\WindowsPowerShell\v1.0\Modules, SystemDrive=C:, OneDrive=C:\Users\alexander.angulo\OneDrive, APPDATA=C:\Users\alexander.angulo\AppData\Roaming, USERNAME=alexander.angulo, USERDNSDOMAIN=CEIBA.LOCAL, ProgramFiles(x86)=C:\Program Files (x86), CommonProgramFiles=C:\Program Files\Common Files, Path=C:/Program Files/Java/jre1.8.0_172/bin/server;C:/Program Files/Java/jre1.8.0_172/bin;C:/Program Files/Java/jre1.8.0_172/lib/amd64;C:\Program Files (x86)\Common Files\Oracle\Java\javapath;C:\Oracle\product\11.1.0\client_1\bin;C:\Program Files\CollabNet\Subversion Client;C:\Windows\system32;C:\Windows;C:\Windows\System32\Wbem;C:\Windows\System32\WindowsPowerShell\v1.0\;C:\Windows\System32\OpenSSH\;C:\Program Files\TortoiseSVN\bin;C:\Program Files\Git\cmd;C:\Program Files\PuTTY\;C:\xampp\mysql\bin;C:\Program Files\nodejs\;C:\Users\alexander.angulo\AppData\Local\Microsoft\WindowsApps;;C:\Program Files\Microsoft VS Code\bin;C:\Users\alexander.angulo\AppData\Roaming\npm;D:\spring-tool-suite\sts-bundle\sts-3.9.4.RELEASE;, PATHEXT=.COM;.EXE;.BAT;.CMD;.VBS;.VBE;.JS;.JSE;.WSF;.WSH;.MSC, DriverData=C:\Windows\System32\Drivers\DriverData, OS=Windows_NT, COMPUTERNAME=ALEXANDER-ANGUL, PROCESSOR_REVISION=3a09, CommonProgramW6432=C:\Program Files\Common Files, ComSpec=C:\Windows\system32\cmd.exe, ProgramData=C:\ProgramData, ProgramW6432=C:\Program Files, HOMEPATH=\Users\alexander.angulo, SystemRoot=C:\Windows, TEMP=C:\Users\ALEXAN~1.ANG\AppData\Local\Temp, HOMEDRIVE=C:, PROCESSOR_IDENTIFIER=Intel64 Family 6 Model 58 Stepping 9, GenuineIntel, USERPROFILE=C:\Users\alexander.angulo, TMP=C:\Users\ALEXAN~1.ANG\AppData\Local\Temp, CommonProgramFiles(x86)=C:\Program Files (x86)\Common Files, ProgramFiles=C:\Program Files, PUBLIC=C:\Users\Public, NUMBER_OF_PROCESSORS=8, windir=C:\Windows, =::=::\}}]
[DEBUG] Could not find key 'context.initializer.classes' in any property source
[DEBUG] Could not find key 'spring.application.name' in any property source
[WARN] 

Found multiple occurrences of org.json.JSONObject on the class path:

	jar:file:/C:/Users/alexander.angulo/.gradle/caches/modules-2/files-2.1/org.json/json/20090211/c183aa3a2a6250293808bba12262c8920ce5a51c/json-20090211.jar!/org/json/JSONObject.class
	jar:file:/C:/Users/alexander.angulo/.gradle/caches/modules-2/files-2.1/com.vaadin.external.google/android-json/0.0.20131108.vaadin1/fa26d351fe62a6a17f5cda1287c1c6110dec413f/android-json-0.0.20131108.vaadin1.jar!/org/json/JSONObject.class

You may wish to exclude one of them to ensure predictable runtime behavior

[DEBUG] Returning cached instance of singleton bean 'autoConfigurationReport'
[INFO] Starting ParqueaderoApplicationTests on ALEXANDER-ANGULO with PID 7896 (started by alexander.angulo in C:\Users\alexander.angulo\Music\version2\parqueadero)
[DEBUG] Running with Spring Boot v2.0.2.RELEASE, Spring v5.0.6.RELEASE
[DEBUG] Could not find key 'spring.profiles.active' in any property source
[DEBUG] Could not find key 'spring.profiles.default' in any property source
[INFO] No active profile set, falling back to default profiles: default
[DEBUG] Loading source class com.co.ceiba.parqueadero.ParqueaderoApplication
[DEBUG] JSR-250 'javax.annotation.ManagedBean' found and supported for component scanning
[DEBUG] Loaded config file 'file:/C:/Users/alexander.angulo/Music/version2/parqueadero/build/resources/main/application.properties' (classpath:/application.properties)
[INFO] Refreshing org.springframework.web.context.support.GenericWebApplicationContext@360e2db: startup date [Fri Jun 08 11:50:45 COT 2018]; root of context hierarchy
[DEBUG] Bean factory for org.springframework.web.context.support.GenericWebApplicationContext@360e2db: org.springframework.beans.factory.support.DefaultListableBeanFactory@5d462f1b: defining beans [org.springframework.boot.test.mock.mockito.MockitoPostProcessor$SpyPostProcessor,org.springframework.boot.test.mock.mockito.MockitoPostProcessor,org.springframework.context.annotation.internalConfigurationAnnotationProcessor,org.springframework.context.annotation.internalAutowiredAnnotationProcessor,org.springframework.context.annotation.internalRequiredAnnotationProcessor,org.springframework.context.annotation.internalCommonAnnotationProcessor,org.springframework.context.annotation.internalPersistenceAnnotationProcessor,org.springframework.context.event.internalEventListenerProcessor,org.springframework.context.event.internalEventListenerFactory,parqueaderoApplication]; root of factory hierarchy
[DEBUG] Loaded expression factory via original TCCL
[DEBUG] Registering scope 'request' with implementation [org.springframework.web.context.request.RequestScope@6917a766]
[DEBUG] Registering scope 'session' with implementation [org.springframework.web.context.request.SessionScope@2e4b9b79]
[DEBUG] HV000234: Using org.hibernate.validator.messageinterpolation.ResourceBundleMessageInterpolator as ValidatorFactory-scoped message interpolator.
[DEBUG] HV000234: Using org.hibernate.validator.internal.engine.resolver.TraverseAllTraversableResolver as ValidatorFactory-scoped traversable resolver.
[DEBUG] HV000234: Using org.hibernate.validator.internal.util.ExecutableParameterNameProvider as ValidatorFactory-scoped parameter name provider.
[DEBUG] Registering scope 'application' with implementation [org.springframework.web.context.support.ServletContextScope@894433f]
[DEBUG] HV000234: Using org.hibernate.validator.internal.engine.DefaultClockProvider as ValidatorFactory-scoped clock provider.
[DEBUG] HV000234: Using org.hibernate.validator.internal.engine.scripting.DefaultScriptEvaluatorFactory as ValidatorFactory-scoped script evaluator factory.
[DEBUG] Creating shared instance of singleton bean 'org.springframework.context.annotation.internalConfigurationAnnotationProcessor'
[DEBUG] Creating instance of bean 'org.springframework.context.annotation.internalConfigurationAnnotationProcessor'
[DEBUG] Eagerly caching bean 'org.springframework.context.annotation.internalConfigurationAnnotationProcessor' to allow for resolving potential circular references
[DEBUG] Creating shared instance of singleton bean 'org.springframework.boot.autoconfigure.internalCachingMetadataReaderFactory'
[DEBUG] Creating instance of bean 'org.springframework.boot.autoconfigure.internalCachingMetadataReaderFactory'
[DEBUG] Eagerly caching bean 'org.springframework.boot.autoconfigure.internalCachingMetadataReaderFactory' to allow for resolving potential circular references
[DEBUG] Finished creating instance of bean 'org.springframework.boot.autoconfigure.internalCachingMetadataReaderFactory'
[DEBUG] Finished creating instance of bean 'org.springframework.context.annotation.internalConfigurationAnnotationProcessor'
[DEBUG] JSR-250 'javax.annotation.ManagedBean' found and supported for component scanning
[DEBUG] Resolved classpath location [com/co/ceiba/parqueadero/] to resources [URL [file:/C:/Users/alexander.angulo/Music/version2/parqueadero/build/instrumented_classes/com/co/ceiba/parqueadero/], URL [file:/C:/Users/alexander.angulo/Music/version2/parqueadero/build/classes/java/test/com/co/ceiba/parqueadero/], URL [file:/C:/Users/alexander.angulo/Music/version2/parqueadero/build/classes/java/main/com/co/ceiba/parqueadero/]]
[DEBUG] Looking for matching resources in directory tree [C:\Users\alexander.angulo\Music\version2\parqueadero\build\instrumented_classes\com\co\ceiba\parqueadero]
[DEBUG] Searching directory [C:\Users\alexander.angulo\Music\version2\parqueadero\build\instrumented_classes\com\co\ceiba\parqueadero] for files matching pattern [C:/Users/alexander.angulo/Music/version2/parqueadero/build/instrumented_classes/com/co/ceiba/parqueadero/**/*.class]
[DEBUG] Searching directory [C:\Users\alexander.angulo\Music\version2\parqueadero\build\instrumented_classes\com\co\ceiba\parqueadero\business] for files matching pattern [C:/Users/alexander.angulo/Music/version2/parqueadero/build/instrumented_classes/com/co/ceiba/parqueadero/**/*.class]
[DEBUG] Searching directory [C:\Users\alexander.angulo\Music\version2\parqueadero\build\instrumented_classes\com\co\ceiba\parqueadero\entity] for files matching pattern [C:/Users/alexander.angulo/Music/version2/parqueadero/build/instrumented_classes/com/co/ceiba/parqueadero/**/*.class]
[DEBUG] Searching directory [C:\Users\alexander.angulo\Music\version2\parqueadero\build\instrumented_classes\com\co\ceiba\parqueadero\repository] for files matching pattern [C:/Users/alexander.angulo/Music/version2/parqueadero/build/instrumented_classes/com/co/ceiba/parqueadero/**/*.class]
[DEBUG] Searching directory [C:\Users\alexander.angulo\Music\version2\parqueadero\build\instrumented_classes\com\co\ceiba\parqueadero\services] for files matching pattern [C:/Users/alexander.angulo/Music/version2/parqueadero/build/instrumented_classes/com/co/ceiba/parqueadero/**/*.class]
[DEBUG] Searching directory [C:\Users\alexander.angulo\Music\version2\parqueadero\build\instrumented_classes\com\co\ceiba\parqueadero\utility] for files matching pattern [C:/Users/alexander.angulo/Music/version2/parqueadero/build/instrumented_classes/com/co/ceiba/parqueadero/**/*.class]
[DEBUG] Looking for matching resources in directory tree [C:\Users\alexander.angulo\Music\version2\parqueadero\build\classes\java\test\com\co\ceiba\parqueadero]
[DEBUG] Searching directory [C:\Users\alexander.angulo\Music\version2\parqueadero\build\classes\java\test\com\co\ceiba\parqueadero] for files matching pattern [C:/Users/alexander.angulo/Music/version2/parqueadero/build/classes/java/test/com/co/ceiba/parqueadero/**/*.class]
[DEBUG] Searching directory [C:\Users\alexander.angulo\Music\version2\parqueadero\build\classes\java\test\com\co\ceiba\parqueadero\unitarioTest] for files matching pattern [C:/Users/alexander.angulo/Music/version2/parqueadero/build/classes/java/test/com/co/ceiba/parqueadero/**/*.class]
[DEBUG] Looking for matching resources in directory tree [C:\Users\alexander.angulo\Music\version2\parqueadero\build\classes\java\main\com\co\ceiba\parqueadero]
[DEBUG] Searching directory [C:\Users\alexander.angulo\Music\version2\parqueadero\build\classes\java\main\com\co\ceiba\parqueadero] for files matching pattern [C:/Users/alexander.angulo/Music/version2/parqueadero/build/classes/java/main/com/co/ceiba/parqueadero/**/*.class]
[DEBUG] Searching directory [C:\Users\alexander.angulo\Music\version2\parqueadero\build\classes\java\main\com\co\ceiba\parqueadero\business] for files matching pattern [C:/Users/alexander.angulo/Music/version2/parqueadero/build/classes/java/main/com/co/ceiba/parqueadero/**/*.class]
[DEBUG] Searching directory [C:\Users\alexander.angulo\Music\version2\parqueadero\build\classes\java\main\com\co\ceiba\parqueadero\entity] for files matching pattern [C:/Users/alexander.angulo/Music/version2/parqueadero/build/classes/java/main/com/co/ceiba/parqueadero/**/*.class]
[DEBUG] Searching directory [C:\Users\alexander.angulo\Music\version2\parqueadero\build\classes\java\main\com\co\ceiba\parqueadero\repository] for files matching pattern [C:/Users/alexander.angulo/Music/version2/parqueadero/build/classes/java/main/com/co/ceiba/parqueadero/**/*.class]
[DEBUG] Searching directory [C:\Users\alexander.angulo\Music\version2\parqueadero\build\classes\java\main\com\co\ceiba\parqueadero\services] for files matching pattern [C:/Users/alexander.angulo/Music/version2/parqueadero/build/classes/java/main/com/co/ceiba/parqueadero/**/*.class]
[DEBUG] Searching directory [C:\Users\alexander.angulo\Music\version2\parqueadero\build\classes\java\main\com\co\ceiba\parqueadero\utility] for files matching pattern [C:/Users/alexander.angulo/Music/version2/parqueadero/build/classes/java/main/com/co/ceiba/parqueadero/**/*.class]
[DEBUG] Resolved location pattern [classpath*:com/co/ceiba/parqueadero/**/*.class] to resources [file [C:\Users\alexander.angulo\Music\version2\parqueadero\build\instrumented_classes\com\co\ceiba\parqueadero\business\FacturaBusiness.class], file [C:\Users\alexander.angulo\Music\version2\parqueadero\build\instrumented_classes\com\co\ceiba\parqueadero\business\IngresoBusiness.class], file [C:\Users\alexander.angulo\Music\version2\parqueadero\build\instrumented_classes\com\co\ceiba\parqueadero\business\ParqueaderoBusiness.class], file [C:\Users\alexander.angulo\Music\version2\parqueadero\build\instrumented_classes\com\co\ceiba\parqueadero\entity\Factura.class], file [C:\Users\alexander.angulo\Music\version2\parqueadero\build\instrumented_classes\com\co\ceiba\parqueadero\entity\Ingreso.class], file [C:\Users\alexander.angulo\Music\version2\parqueadero\build\instrumented_classes\com\co\ceiba\parqueadero\entity\Parqueadero.class], file [C:\Users\alexander.angulo\Music\version2\parqueadero\build\instrumented_classes\com\co\ceiba\parqueadero\ParqueaderoApplication.class], file [C:\Users\alexander.angulo\Music\version2\parqueadero\build\instrumented_classes\com\co\ceiba\parqueadero\repository\IFacturaRepository.class], file [C:\Users\alexander.angulo\Music\version2\parqueadero\build\instrumented_classes\com\co\ceiba\parqueadero\repository\IIngresoRepository.class], file [C:\Users\alexander.angulo\Music\version2\parqueadero\build\instrumented_classes\com\co\ceiba\parqueadero\repository\IParqueaderoRepository.class], file [C:\Users\alexander.angulo\Music\version2\parqueadero\build\instrumented_classes\com\co\ceiba\parqueadero\services\FacturaCrud.class], file [C:\Users\alexander.angulo\Music\version2\parqueadero\build\instrumented_classes\com\co\ceiba\parqueadero\services\IngresoCrud.class], file [C:\Users\alexander.angulo\Music\version2\parqueadero\build\instrumented_classes\com\co\ceiba\parqueadero\services\ListadoVehiculos.class], file [C:\Users\alexander.angulo\Music\version2\parqueadero\build\instrumented_classes\com\co\ceiba\parqueadero\ServletInitializer.class], file [C:\Users\alexander.angulo\Music\version2\parqueadero\build\instrumented_classes\com\co\ceiba\parqueadero\utility\ExcepcionesParqueadero.class], file [C:\Users\alexander.angulo\Music\version2\parqueadero\build\classes\java\test\com\co\ceiba\parqueadero\ParqueaderoApplicationTests.class], file [C:\Users\alexander.angulo\Music\version2\parqueadero\build\classes\java\test\com\co\ceiba\parqueadero\unitarioTest\FacturaTest.class], file [C:\Users\alexander.angulo\Music\version2\parqueadero\build\classes\java\test\com\co\ceiba\parqueadero\unitarioTest\IngresoTest.class], file [C:\Users\alexander.angulo\Music\version2\parqueadero\build\classes\java\test\com\co\ceiba\parqueadero\unitarioTest\ParqueaderoTest.class], file [C:\Users\alexander.angulo\Music\version2\parqueadero\build\classes\java\main\com\co\ceiba\parqueadero\business\FacturaBusiness.class], file [C:\Users\alexander.angulo\Music\version2\parqueadero\build\classes\java\main\com\co\ceiba\parqueadero\business\IngresoBusiness.class], file [C:\Users\alexander.angulo\Music\version2\parqueadero\build\classes\java\main\com\co\ceiba\parqueadero\business\ParqueaderoBusiness.class], file [C:\Users\alexander.angulo\Music\version2\parqueadero\build\classes\java\main\com\co\ceiba\parqueadero\entity\Factura.class], file [C:\Users\alexander.angulo\Music\version2\parqueadero\build\classes\java\main\com\co\ceiba\parqueadero\entity\Ingreso.class], file [C:\Users\alexander.angulo\Music\version2\parqueadero\build\classes\java\main\com\co\ceiba\parqueadero\entity\Parqueadero.class], file [C:\Users\alexander.angulo\Music\version2\parqueadero\build\classes\java\main\com\co\ceiba\parqueadero\ParqueaderoApplication.class], file [C:\Users\alexander.angulo\Music\version2\parqueadero\build\classes\java\main\com\co\ceiba\parqueadero\repository\IFacturaRepository.class], file [C:\Users\alexander.angulo\Music\version2\parqueadero\build\classes\java\main\com\co\ceiba\parqueadero\repository\IIngresoRepository.class], file [C:\Users\alexander.angulo\Music\version2\parqueadero\build\classes\java\main\com\co\ceiba\parqueadero\repository\IParqueaderoRepository.class], file [C:\Users\alexander.angulo\Music\version2\parqueadero\build\classes\java\main\com\co\ceiba\parqueadero\services\FacturaCrud.class], file [C:\Users\alexander.angulo\Music\version2\parqueadero\build\classes\java\main\com\co\ceiba\parqueadero\services\IngresoCrud.class], file [C:\Users\alexander.angulo\Music\version2\parqueadero\build\classes\java\main\com\co\ceiba\parqueadero\services\ListadoVehiculos.class], file [C:\Users\alexander.angulo\Music\version2\parqueadero\build\classes\java\main\com\co\ceiba\parqueadero\ServletInitializer.class], file [C:\Users\alexander.angulo\Music\version2\parqueadero\build\classes\java\main\com\co\ceiba\parqueadero\utility\ExcepcionesParqueadero.class]]
[DEBUG] Returning cached instance of singleton bean 'org.springframework.boot.test.context.filter.TestTypeExcludeFilter'
[DEBUG] Identified candidate component class: file [C:\Users\alexander.angulo\Music\version2\parqueadero\build\instrumented_classes\com\co\ceiba\parqueadero\business\FacturaBusiness.class]
[DEBUG] Returning cached instance of singleton bean 'org.springframework.boot.test.context.filter.TestTypeExcludeFilter'
[DEBUG] Identified candidate component class: file [C:\Users\alexander.angulo\Music\version2\parqueadero\build\instrumented_classes\com\co\ceiba\parqueadero\business\IngresoBusiness.class]
[DEBUG] Returning cached instance of singleton bean 'org.springframework.boot.test.context.filter.TestTypeExcludeFilter'
[DEBUG] Returning cached instance of singleton bean 'org.springframework.boot.test.context.filter.TestTypeExcludeFilter'
[DEBUG] Returning cached instance of singleton bean 'org.springframework.boot.test.context.filter.TestTypeExcludeFilter'
[DEBUG] Returning cached instance of singleton bean 'org.springframework.boot.test.context.filter.TestTypeExcludeFilter'
[DEBUG] Returning cached instance of singleton bean 'org.springframework.boot.test.context.filter.TestTypeExcludeFilter'
[DEBUG] Returning cached instance of singleton bean 'org.springframework.boot.test.context.filter.TestTypeExcludeFilter'
[DEBUG] Returning cached instance of singleton bean 'org.springframework.boot.test.context.filter.TestTypeExcludeFilter'
[DEBUG] Returning cached instance of singleton bean 'org.springframework.boot.test.context.filter.TestTypeExcludeFilter'
[DEBUG] Identified candidate component class: file [C:\Users\alexander.angulo\Music\version2\parqueadero\build\instrumented_classes\com\co\ceiba\parqueadero\services\FacturaCrud.class]
[DEBUG] Returning cached instance of singleton bean 'org.springframework.boot.test.context.filter.TestTypeExcludeFilter'
[DEBUG] Identified candidate component class: file [C:\Users\alexander.angulo\Music\version2\parqueadero\build\instrumented_classes\com\co\ceiba\parqueadero\services\IngresoCrud.class]
[DEBUG] Returning cached instance of singleton bean 'org.springframework.boot.test.context.filter.TestTypeExcludeFilter'
[DEBUG] Identified candidate component class: file [C:\Users\alexander.angulo\Music\version2\parqueadero\build\instrumented_classes\com\co\ceiba\parqueadero\services\ListadoVehiculos.class]
[DEBUG] Returning cached instance of singleton bean 'org.springframework.boot.test.context.filter.TestTypeExcludeFilter'
[DEBUG] Returning cached instance of singleton bean 'org.springframework.boot.test.context.filter.TestTypeExcludeFilter'
[DEBUG] Returning cached instance of singleton bean 'org.springframework.boot.test.context.filter.TestTypeExcludeFilter'
[DEBUG] Returning cached instance of singleton bean 'org.springframework.boot.test.context.filter.TestTypeExcludeFilter'
[DEBUG] Returning cached instance of singleton bean 'org.springframework.boot.test.context.filter.TestTypeExcludeFilter'
[DEBUG] Returning cached instance of singleton bean 'org.springframework.boot.test.context.filter.TestTypeExcludeFilter'
[DEBUG] Returning cached instance of singleton bean 'org.springframework.boot.test.context.filter.TestTypeExcludeFilter'
[DEBUG] Identified candidate component class: file [C:\Users\alexander.angulo\Music\version2\parqueadero\build\classes\java\main\com\co\ceiba\parqueadero\business\FacturaBusiness.class]
[DEBUG] Returning cached instance of singleton bean 'org.springframework.boot.test.context.filter.TestTypeExcludeFilter'
[DEBUG] Identified candidate component class: file [C:\Users\alexander.angulo\Music\version2\parqueadero\build\classes\java\main\com\co\ceiba\parqueadero\business\IngresoBusiness.class]
[DEBUG] Returning cached instance of singleton bean 'org.springframework.boot.test.context.filter.TestTypeExcludeFilter'
[DEBUG] Returning cached instance of singleton bean 'org.springframework.boot.test.context.filter.TestTypeExcludeFilter'
[DEBUG] Returning cached instance of singleton bean 'org.springframework.boot.test.context.filter.TestTypeExcludeFilter'
[DEBUG] Returning cached instance of singleton bean 'org.springframework.boot.test.context.filter.TestTypeExcludeFilter'
[DEBUG] Returning cached instance of singleton bean 'org.springframework.boot.test.context.filter.TestTypeExcludeFilter'
[DEBUG] Returning cached instance of singleton bean 'org.springframework.boot.test.context.filter.TestTypeExcludeFilter'
[DEBUG] Returning cached instance of singleton bean 'org.springframework.boot.test.context.filter.TestTypeExcludeFilter'
[DEBUG] Returning cached instance of singleton bean 'org.springframework.boot.test.context.filter.TestTypeExcludeFilter'
[DEBUG] Identified candidate component class: file [C:\Users\alexander.angulo\Music\version2\parqueadero\build\classes\java\main\com\co\ceiba\parqueadero\services\FacturaCrud.class]
[DEBUG] Returning cached instance of singleton bean 'org.springframework.boot.test.context.filter.TestTypeExcludeFilter'
[DEBUG] Identified candidate component class: file [C:\Users\alexander.angulo\Music\version2\parqueadero\build\classes\java\main\com\co\ceiba\parqueadero\services\IngresoCrud.class]
[DEBUG] Returning cached instance of singleton bean 'org.springframework.boot.test.context.filter.TestTypeExcludeFilter'
[DEBUG] Identified candidate component class: file [C:\Users\alexander.angulo\Music\version2\parqueadero\build\classes\java\main\com\co\ceiba\parqueadero\services\ListadoVehiculos.class]
[DEBUG] Returning cached instance of singleton bean 'org.springframework.boot.test.context.filter.TestTypeExcludeFilter'
[DEBUG] Returning cached instance of singleton bean 'org.springframework.boot.test.context.filter.TestTypeExcludeFilter'
[DEBUG] Could not find key 'spring.boot.enableautoconfiguration' in any property source
[DEBUG] Returning cached instance of singleton bean 'autoConfigurationReport'
[DEBUG] Returning cached instance of singleton bean 'autoConfigurationReport'
[DEBUG] Returning cached instance of singleton bean 'org.springframework.boot.autoconfigure.internalCachingMetadataReaderFactory'
[DEBUG] Could not find key 'spring.messages.basename' in any property source
[DEBUG] Resolved classpath location [messages.properties] to resources []
[DEBUG] Returning cached instance of singleton bean 'autoConfigurationReport'
[DEBUG] Returning cached instance of singleton bean 'autoConfigurationReport'
[DEBUG] Returning cached instance of singleton bean 'autoConfigurationReport'
[DEBUG] Returning cached instance of singleton bean 'autoConfigurationReport'
[DEBUG] Returning cached instance of singleton bean 'autoConfigurationReport'
[DEBUG] Returning cached instance of singleton bean 'autoConfigurationReport'
[DEBUG] Returning cached instance of singleton bean 'autoConfigurationReport'
[DEBUG] Returning cached instance of singleton bean 'autoConfigurationReport'
[DEBUG] Returning cached instance of singleton bean 'autoConfigurationReport'
[DEBUG] Returning cached instance of singleton bean 'autoConfigurationReport'
[DEBUG] Returning cached instance of singleton bean 'autoConfigurationReport'
[DEBUG] Returning cached instance of singleton bean 'autoConfigurationReport'
[DEBUG] Returning cached instance of singleton bean 'autoConfigurationReport'
[DEBUG] Returning cached instance of singleton bean 'autoConfigurationReport'
[DEBUG] Returning cached instance of singleton bean 'autoConfigurationReport'
[DEBUG] Returning cached instance of singleton bean 'autoConfigurationReport'
[DEBUG] Returning cached instance of singleton bean 'autoConfigurationReport'
[DEBUG] Returning cached instance of singleton bean 'autoConfigurationReport'
[DEBUG] Returning cached instance of singleton bean 'autoConfigurationReport'
[DEBUG] Returning cached instance of singleton bean 'autoConfigurationReport'
[DEBUG] Returning cached instance of singleton bean 'autoConfigurationReport'
[DEBUG] Returning cached instance of singleton bean 'autoConfigurationReport'
[DEBUG] Returning cached instance of singleton bean 'autoConfigurationReport'
[DEBUG] Returning cached instance of singleton bean 'autoConfigurationReport'
[DEBUG] Returning cached instance of singleton bean 'autoConfigurationReport'
[DEBUG] Returning cached instance of singleton bean 'autoConfigurationReport'
[DEBUG] Returning cached instance of singleton bean 'autoConfigurationReport'
[DEBUG] Returning cached instance of singleton bean 'autoConfigurationReport'
[DEBUG] Could not find key 'spring.template.provider.cache' in any property source
[DEBUG] Returning cached instance of singleton bean 'autoConfigurationReport'
[DEBUG] Returning cached instance of singleton bean 'autoConfigurationReport'
[DEBUG] Returning cached instance of singleton bean 'autoConfigurationReport'
[DEBUG] Returning cached instance of singleton bean 'autoConfigurationReport'
[DEBUG] Could not find key 'spring.resources.chain.strategy.fixed.enabled' in any property source
[DEBUG] Could not find key 'spring.resources.chain.strategy.content.enabled' in any property source
[DEBUG] Could not find key 'spring.resources.chain.enabled' in any property source
[DEBUG] Returning cached instance of singleton bean 'autoConfigurationReport'
[DEBUG] Returning cached instance of singleton bean 'autoConfigurationReport'
[DEBUG] Found key 'spring.jmx.enabled' in PropertySource 'configurationProperties' with value of type String
[DEBUG] Returning cached instance of singleton bean 'autoConfigurationReport'
[DEBUG] Returning cached instance of singleton bean 'autoConfigurationReport'
[DEBUG] Returning cached instance of singleton bean 'autoConfigurationReport'
[DEBUG] Returning cached instance of singleton bean 'autoConfigurationReport'
[DEBUG] Returning cached instance of singleton bean 'autoConfigurationReport'
[DEBUG] Returning cached instance of singleton bean 'autoConfigurationReport'
[DEBUG] Returning cached instance of singleton bean 'autoConfigurationReport'
[DEBUG] Returning cached instance of singleton bean 'autoConfigurationReport'
[DEBUG] Returning cached instance of singleton bean 'autoConfigurationReport'
[DEBUG] Returning cached instance of singleton bean 'autoConfigurationReport'
[DEBUG] Returning cached instance of singleton bean 'autoConfigurationReport'
[DEBUG] Returning cached instance of singleton bean 'autoConfigurationReport'
[DEBUG] Returning cached instance of singleton bean 'autoConfigurationReport'
[DEBUG] Returning cached instance of singleton bean 'autoConfigurationReport'
[DEBUG] Returning cached instance of singleton bean 'autoConfigurationReport'
[DEBUG] Returning cached instance of singleton bean 'autoConfigurationReport'
[DEBUG] Returning cached instance of singleton bean 'autoConfigurationReport'
[DEBUG] Returning cached instance of singleton bean 'autoConfigurationReport'
[DEBUG] Returning cached instance of singleton bean 'autoConfigurationReport'
[DEBUG] Returning cached instance of singleton bean 'autoConfigurationReport'
[DEBUG] Returning cached instance of singleton bean 'autoConfigurationReport'
[DEBUG] Returning cached instance of singleton bean 'autoConfigurationReport'
[DEBUG] Returning cached instance of singleton bean 'autoConfigurationReport'
[DEBUG] Returning cached instance of singleton bean 'autoConfigurationReport'
[DEBUG] Returning cached instance of singleton bean 'autoConfigurationReport'
[DEBUG] Returning cached instance of singleton bean 'autoConfigurationReport'
[DEBUG] Returning cached instance of singleton bean 'autoConfigurationReport'
[DEBUG] Returning cached instance of singleton bean 'autoConfigurationReport'
[DEBUG] Returning cached instance of singleton bean 'autoConfigurationReport'
[DEBUG] Returning cached instance of singleton bean 'autoConfigurationReport'
[DEBUG] Returning cached instance of singleton bean 'autoConfigurationReport'
[DEBUG] Returning cached instance of singleton bean 'autoConfigurationReport'
[DEBUG] Returning cached instance of singleton bean 'autoConfigurationReport'
[DEBUG] Returning cached instance of singleton bean 'autoConfigurationReport'
[DEBUG] Returning cached instance of singleton bean 'autoConfigurationReport'
[DEBUG] Returning cached instance of singleton bean 'autoConfigurationReport'
[DEBUG] Returning cached instance of singleton bean 'autoConfigurationReport'
[DEBUG] Returning cached instance of singleton bean 'autoConfigurationReport'
[DEBUG] Returning cached instance of singleton bean 'autoConfigurationReport'
[DEBUG] Found key 'spring.jmx.enabled' in PropertySource 'configurationProperties' with value of type String
[DEBUG] Returning cached instance of singleton bean 'autoConfigurationReport'
[DEBUG] Returning cached instance of singleton bean 'autoConfigurationReport'
[DEBUG] Returning cached instance of singleton bean 'autoConfigurationReport'
[DEBUG] Returning cached instance of singleton bean 'autoConfigurationReport'
[DEBUG] Returning cached instance of singleton bean 'autoConfigurationReport'
[DEBUG] Returning cached instance of singleton bean 'autoConfigurationReport'
[DEBUG] Returning cached instance of singleton bean 'autoConfigurationReport'
[DEBUG] Returning cached instance of singleton bean 'autoConfigurationReport'
[DEBUG] Returning cached instance of singleton bean 'autoConfigurationReport'
[DEBUG] Returning cached instance of singleton bean 'autoConfigurationReport'
[DEBUG] Returning cached instance of singleton bean 'autoConfigurationReport'
[DEBUG] Returning cached instance of singleton bean 'autoConfigurationReport'
[DEBUG] Returning cached instance of singleton bean 'autoConfigurationReport'
[DEBUG] Returning cached instance of singleton bean 'autoConfigurationReport'
[DEBUG] Returning cached instance of singleton bean 'autoConfigurationReport'
[DEBUG] Returning cached instance of singleton bean 'autoConfigurationReport'
[DEBUG] Returning cached instance of singleton bean 'autoConfigurationReport'
[DEBUG] Returning cached instance of singleton bean 'autoConfigurationReport'
[DEBUG] Returning cached instance of singleton bean 'autoConfigurationReport'
[DEBUG] Returning cached instance of singleton bean 'autoConfigurationReport'
[DEBUG] Returning cached instance of singleton bean 'autoConfigurationReport'
[DEBUG] Returning cached instance of singleton bean 'autoConfigurationReport'
[DEBUG] Returning cached instance of singleton bean 'autoConfigurationReport'
[DEBUG] Returning cached instance of singleton bean 'autoConfigurationReport'
[DEBUG] Returning cached instance of singleton bean 'autoConfigurationReport'
[DEBUG] Returning cached instance of singleton bean 'autoConfigurationReport'
[DEBUG] Returning cached instance of singleton bean 'autoConfigurationReport'
[DEBUG] Resolved classpath location [org/springframework/data/rest/webmvc/] to resources [URL [jar:file:/C:/Users/alexander.angulo/.gradle/caches/modules-2/files-2.1/org.springframework.data/spring-data-rest-webmvc/3.0.7.RELEASE/684949215006f844591c6a8632356f483752fca0/spring-data-rest-webmvc-3.0.7.RELEASE.jar!/org/springframework/data/rest/webmvc/]]
[DEBUG] Looking for matching resources in jar file [file:/C:/Users/alexander.angulo/.gradle/caches/modules-2/files-2.1/org.springframework.data/spring-data-rest-webmvc/3.0.7.RELEASE/684949215006f844591c6a8632356f483752fca0/spring-data-rest-webmvc-3.0.7.RELEASE.jar]
[DEBUG] Resolved location pattern [classpath*:org/springframework/data/rest/webmvc/**/*.class] to resources [URL [jar:file:/C:/Users/alexander.angulo/.gradle/caches/modules-2/files-2.1/org.springframework.data/spring-data-rest-webmvc/3.0.7.RELEASE/684949215006f844591c6a8632356f483752fca0/spring-data-rest-webmvc-3.0.7.RELEASE.jar!/org/springframework/data/rest/webmvc/ResourceProcessorInvoker$ResourceProcessorWrapper.class], URL [jar:file:/C:/Users/alexander.angulo/.gradle/caches/modules-2/files-2.1/org.springframework.data/spring-data-rest-webmvc/3.0.7.RELEASE/684949215006f844591c6a8632356f483752fca0/spring-data-rest-webmvc-3.0.7.RELEASE.jar!/org/springframework/data/rest/webmvc/config/PersistentEntityResourceHandlerMethodArgumentResolver.class], URL [jar:file:/C:/Users/alexander.angulo/.gradle/caches/modules-2/files-2.1/org.springframework.data/spring-data-rest-webmvc/3.0.7.RELEASE/684949215006f844591c6a8632356f483752fca0/spring-data-rest-webmvc-3.0.7.RELEASE.jar!/org/springframework/data/rest/webmvc/config/RootResourceInformationHandlerMethodArgumentResolver.class], URL [jar:file:/C:/Users/alexander.angulo/.gradle/caches/modules-2/files-2.1/org.springframework.data/spring-data-rest-webmvc/3.0.7.RELEASE/684949215006f844591c6a8632356f483752fca0/spring-data-rest-webmvc-3.0.7.RELEASE.jar!/org/springframework/data/rest/webmvc/json/DomainObjectReader$SupplierWithException.class], URL [jar:file:/C:/Users/alexander.angulo/.gradle/caches/modules-2/files-2.1/org.springframework.data/spring-data-rest-webmvc/3.0.7.RELEASE/684949215006f844591c6a8632356f483752fca0/spring-data-rest-webmvc-3.0.7.RELEASE.jar!/org/springframework/data/rest/webmvc/json/DomainObjectReader$MergingPropertyHandler.class], URL [jar:file:/C:/Users/alexander.angulo/.gradle/caches/modules-2/files-2.1/org.springframework.data/spring-data-rest-webmvc/3.0.7.RELEASE/684949215006f844591c6a8632356f483752fca0/spring-data-rest-webmvc-3.0.7.RELEASE.jar!/org/springframework/data/rest/webmvc/json/PersistentEntityJackson2Module$UriStringDeserializer.class], URL [jar:file:/C:/Users/alexander.angulo/.gradle/caches/modules-2/files-2.1/org.springframework.data/spring-data-rest-webmvc/3.0.7.RELEASE/684949215006f844591c6a8632356f483752fca0/spring-data-rest-webmvc-3.0.7.RELEASE.jar!/org/springframework/data/rest/webmvc/json/PersistentEntityJackson2Module$NestedEntitySerializer.class], URL [jar:file:/C:/Users/alexander.angulo/.gradle/caches/modules-2/files-2.1/org.springframework.data/spring-data-rest-webmvc/3.0.7.RELEASE/684949215006f844591c6a8632356f483752fca0/spring-data-rest-webmvc-3.0.7.RELEASE.jar!/org/springframework/data/rest/webmvc/json/Jackson2DatatypeHelper$JodaModuleRegistrar.class], URL [jar:file:/C:/Users/alexander.angulo/.gradle/caches/modules-2/files-2.1/org.springframework.data/spring-data-rest-webmvc/3.0.7.RELEASE/684949215006f844591c6a8632356f483752fca0/spring-data-rest-webmvc-3.0.7.RELEASE.jar!/org/springframework/data/rest/webmvc/json/patch/PatchOperation.class], URL [jar:file:/C:/Users/alexander.angulo/.gradle/caches/modules-2/files-2.1/org.springframework.data/spring-data-rest-webmvc/3.0.7.RELEASE/684949215006f844591c6a8632356f483752fca0/spring-data-rest-webmvc-3.0.7.RELEASE.jar!/org/springframework/data/rest/webmvc/json/patch/ReplaceOperation$1.class], URL [jar:file:/C:/Users/alexander.angulo/.gradle/caches/modules-2/files-2.1/org.springframework.data/spring-data-rest-webmvc/3.0.7.RELEASE/684949215006f844591c6a8632356f483752fca0/spring-data-rest-webmvc-3.0.7.RELEASE.jar!/org/springframework/data/rest/webmvc/json/patch/PatchException.class], URL [jar:file:/C:/Users/alexander.angulo/.gradle/caches/modules-2/files-2.1/org.springframework.data/spring-data-rest-webmvc/3.0.7.RELEASE/684949215006f844591c6a8632356f483752fca0/spring-data-rest-webmvc-3.0.7.RELEASE.jar!/org/springframework/data/rest/webmvc/json/PersistentEntityToJsonSchemaConverter$ResolvableType.class], URL [jar:file:/C:/Users/alexander.angulo/.gradle/caches/modules-2/files-2.1/org.springframework.data/spring-data-rest-webmvc/3.0.7.RELEASE/684949215006f844591c6a8632356f483752fca0/spring-data-rest-webmvc-3.0.7.RELEASE.jar!/org/springframework/data/rest/webmvc/json/PersistentEntityToJsonSchemaConverter$ResolvableProperty.class], URL [jar:file:/C:/Users/alexander.angulo/.gradle/caches/modules-2/files-2.1/org.springframework.data/spring-data-rest-webmvc/3.0.7.RELEASE/684949215006f844591c6a8632356f483752fca0/spring-data-rest-webmvc-3.0.7.RELEASE.jar!/org/springframework/data/rest/webmvc/json/JsonSchema$JsonSchemaProperty.class], URL [jar:file:/C:/Users/alexander.angulo/.gradle/caches/modules-2/files-2.1/org.springframework.data/spring-data-rest-webmvc/3.0.7.RELEASE/684949215006f844591c6a8632356f483752fca0/spring-data-rest-webmvc-3.0.7.RELEASE.jar!/org/springframework/data/rest/webmvc/json/JsonSchema$PropertiesContainer.class], URL [jar:file:/C:/Users/alexander.angulo/.gradle/caches/modules-2/files-2.1/org.springframework.data/spring-data-rest-webmvc/3.0.7.RELEASE/684949215006f844591c6a8632356f483752fca0/spring-data-rest-webmvc-3.0.7.RELEASE.jar!/org/springframework/data/rest/webmvc/support/ExceptionMessage.class], URL [jar:file:/C:/Users/alexander.angulo/.gradle/caches/modules-2/files-2.1/org.springframework.data/spring-data-rest-webmvc/3.0.7.RELEASE/684949215006f844591c6a8632356f483752fca0/spring-data-rest-webmvc-3.0.7.RELEASE.jar!/org/springframework/data/rest/webmvc/support/PersistentEntityProjector.class], URL [jar:file:/C:/Users/alexander.angulo/.gradle/caches/modules-2/files-2.1/org.springframework.data/spring-data-rest-webmvc/3.0.7.RELEASE/684949215006f844591c6a8632356f483752fca0/spring-data-rest-webmvc-3.0.7.RELEASE.jar!/org/springframework/data/rest/webmvc/support/ETag.class], URL [jar:file:/C:/Users/alexander.angulo/.gradle/caches/modules-2/files-2.1/org.springframework.data/spring-data-rest-webmvc/3.0.7.RELEASE/684949215006f844591c6a8632356f483752fca0/spring-data-rest-webmvc-3.0.7.RELEASE.jar!/org/springframework/data/rest/webmvc/support/ETagArgumentResolver.class], URL [jar:file:/C:/Users/alexander.angulo/.gradle/caches/modules-2/files-2.1/org.springframework.data/spring-data-rest-webmvc/3.0.7.RELEASE/684949215006f844591c6a8632356f483752fca0/spring-data-rest-webmvc-3.0.7.RELEASE.jar!/org/springframework/data/rest/webmvc/RepositoryRestHandlerAdapter.class], URL [jar:file:/C:/Users/alexander.angulo/.gradle/caches/modules-2/files-2.1/org.springframework.data/spring-data-rest-webmvc/3.0.7.RELEASE/684949215006f844591c6a8632356f483752fca0/spring-data-rest-webmvc-3.0.7.RELEASE.jar!/org/springframework/data/rest/webmvc/ControllerUtils.class], URL [jar:file:/C:/Users/alexander.angulo/.gradle/caches/modules-2/files-2.1/org.springframework.data/spring-data-rest-webmvc/3.0.7.RELEASE/684949215006f844591c6a8632356f483752fca0/spring-data-rest-webmvc-3.0.7.RELEASE.jar!/org/springframework/data/rest/webmvc/mapping/LinkCollector$LinkCollectingAssociationHandler.class], URL [jar:file:/C:/Users/alexander.angulo/.gradle/caches/modules-2/files-2.1/org.springframework.data/spring-data-rest-webmvc/3.0.7.RELEASE/684949215006f844591c6a8632356f483752fca0/spring-data-rest-webmvc-3.0.7.RELEASE.jar!/org/springframework/data/rest/webmvc/config/RepositoryRestConfigurerDelegate.class], URL [jar:file:/C:/Users/alexander.angulo/.gradle/caches/modules-2/files-2.1/org.springframework.data/spring-data-rest-webmvc/3.0.7.RELEASE/684949215006f844591c6a8632356f483752fca0/spring-data-rest-webmvc-3.0.7.RELEASE.jar!/org/springframework/data/rest/webmvc/config/RepositoryRestMvcConfiguration$ResourceSupportHttpMessageConverter.class], URL [jar:file:/C:/Users/alexander.angulo/.gradle/caches/modules-2/files-2.1/org.springframework.data/spring-data-rest-webmvc/3.0.7.RELEASE/684949215006f844591c6a8632356f483752fca0/spring-data-rest-webmvc-3.0.7.RELEASE.jar!/org/springframework/data/rest/webmvc/BaseUri.class], URL [jar:file:/C:/Users/alexander.angulo/.gradle/caches/modules-2/files-2.1/org.springframework.data/spring-data-rest-webmvc/3.0.7.RELEASE/684949215006f844591c6a8632356f483752fca0/spring-data-rest-webmvc-3.0.7.RELEASE.jar!/org/springframework/data/rest/webmvc/ResourceProcessorInvoker$DefaultProcessorWrapper.class], URL [jar:file:/C:/Users/alexander.angulo/.gradle/caches/modules-2/files-2.1/org.springframework.data/spring-data-rest-webmvc/3.0.7.RELEASE/684949215006f844591c6a8632356f483752fca0/spring-data-rest-webmvc-3.0.7.RELEASE.jar!/org/springframework/data/rest/webmvc/spi/BackendIdConverter$DefaultIdConverter.class], URL [jar:file:/C:/Users/alexander.angulo/.gradle/caches/modules-2/files-2.1/org.springframework.data/spring-data-rest-webmvc/3.0.7.RELEASE/684949215006f844591c6a8632356f483752fca0/spring-data-rest-webmvc-3.0.7.RELEASE.jar!/org/springframework/data/rest/webmvc/json/PersistentEntityJackson2Module$LookupObjectSerializer.class], URL [jar:file:/C:/Users/alexander.angulo/.gradle/caches/modules-2/files-2.1/org.springframework.data/spring-data-rest-webmvc/3.0.7.RELEASE/684949215006f844591c6a8632356f483752fca0/spring-data-rest-webmvc-3.0.7.RELEASE.jar!/org/springframework/data/rest/webmvc/json/JsonSchema$EnumProperty.class], URL [jar:file:/C:/Users/alexander.angulo/.gradle/caches/modules-2/files-2.1/org.springframework.data/spring-data-rest-webmvc/3.0.7.RELEASE/684949215006f844591c6a8632356f483752fca0/spring-data-rest-webmvc-3.0.7.RELEASE.jar!/org/springframework/data/rest/webmvc/json/PersistentEntityJackson2Module$PersistentEntityResourceSerializer.class], URL [jar:file:/C:/Users/alexander.angulo/.gradle/caches/modules-2/files-2.1/org.springframework.data/spring-data-rest-webmvc/3.0.7.RELEASE/684949215006f844591c6a8632356f483752fca0/spring-data-rest-webmvc-3.0.7.RELEASE.jar!/org/springframework/data/rest/webmvc/json/PersistentEntityToJsonSchemaConverter$JsonSchemaPropertyRegistrar.class], URL [jar:file:/C:/Users/alexander.angulo/.gradle/caches/modules-2/files-2.1/org.springframework.data/spring-data-rest-webmvc/3.0.7.RELEASE/684949215006f844591c6a8632356f483752fca0/spring-data-rest-webmvc-3.0.7.RELEASE.jar!/org/springframework/data/rest/webmvc/json/patch/TestOperation$TestOperationBuilder.class], URL [jar:file:/C:/Users/alexander.angulo/.gradle/caches/modules-2/files-2.1/org.springframework.data/spring-data-rest-webmvc/3.0.7.RELEASE/684949215006f844591c6a8632356f483752fca0/spring-data-rest-webmvc-3.0.7.RELEASE.jar!/org/springframework/data/rest/webmvc/json/patch/AddOperation.class], URL [jar:file:/C:/Users/alexander.angulo/.gradle/caches/modules-2/files-2.1/org.springframework.data/spring-data-rest-webmvc/3.0.7.RELEASE/684949215006f844591c6a8632356f483752fca0/spring-data-rest-webmvc-3.0.7.RELEASE.jar!/org/springframework/data/rest/webmvc/json/patch/LateObjectEvaluator.class], URL [jar:file:/C:/Users/alexander.angulo/.gradle/caches/modules-2/files-2.1/org.springframework.data/spring-data-rest-webmvc/3.0.7.RELEASE/684949215006f844591c6a8632356f483752fca0/spring-data-rest-webmvc-3.0.7.RELEASE.jar!/org/springframework/data/rest/webmvc/json/JsonSchema$Definitions.class], URL [jar:file:/C:/Users/alexander.angulo/.gradle/caches/modules-2/files-2.1/org.springframework.data/spring-data-rest-webmvc/3.0.7.RELEASE/684949215006f844591c6a8632356f483752fca0/spring-data-rest-webmvc-3.0.7.RELEASE.jar!/org/springframework/data/rest/webmvc/json/JacksonMappingAwareSortTranslator$SortTranslator.class], URL [jar:file:/C:/Users/alexander.angulo/.gradle/caches/modules-2/files-2.1/org.springframework.data/spring-data-rest-webmvc/3.0.7.RELEASE/684949215006f844591c6a8632356f483752fca0/spring-data-rest-webmvc-3.0.7.RELEASE.jar!/org/springframework/data/rest/webmvc/json/MappingAwareDefaultedPageableArgumentResolver.class], URL [jar:file:/C:/Users/alexander.angulo/.gradle/caches/modules-2/files-2.1/org.springframework.data/spring-data-rest-webmvc/3.0.7.RELEASE/684949215006f844591c6a8632356f483752fca0/spring-data-rest-webmvc-3.0.7.RELEASE.jar!/org/springframework/data/rest/webmvc/support/PersistentEntityProjector$1.class], URL [jar:file:/C:/Users/alexander.angulo/.gradle/caches/modules-2/files-2.1/org.springframework.data/spring-data-rest-webmvc/3.0.7.RELEASE/684949215006f844591c6a8632356f483752fca0/spring-data-rest-webmvc-3.0.7.RELEASE.jar!/org/springframework/data/rest/webmvc/support/PersistentEntityProjector$2.class], URL [jar:file:/C:/Users/alexander.angulo/.gradle/caches/modules-2/files-2.1/org.springframework.data/spring-data-rest-webmvc/3.0.7.RELEASE/684949215006f844591c6a8632356f483752fca0/spring-data-rest-webmvc-3.0.7.RELEASE.jar!/org/springframework/data/rest/webmvc/support/BaseUriLinkBuilder.class], URL [jar:file:/C:/Users/alexander.angulo/.gradle/caches/modules-2/files-2.1/org.springframework.data/spring-data-rest-webmvc/3.0.7.RELEASE/684949215006f844591c6a8632356f483752fca0/spring-data-rest-webmvc-3.0.7.RELEASE.jar!/org/springframework/data/rest/webmvc/support/PagingAndSortingTemplateVariables.class], URL [jar:file:/C:/Users/alexander.angulo/.gradle/caches/modules-2/files-2.1/org.springframework.data/spring-data-rest-webmvc/3.0.7.RELEASE/684949215006f844591c6a8632356f483752fca0/spring-data-rest-webmvc-3.0.7.RELEASE.jar!/org/springframework/data/rest/webmvc/ProfileController.class], URL [jar:file:/C:/Users/alexander.angulo/.gradle/caches/modules-2/files-2.1/org.springframework.data/spring-data-rest-webmvc/3.0.7.RELEASE/684949215006f844591c6a8632356f483752fca0/spring-data-rest-webmvc-3.0.7.RELEASE.jar!/org/springframework/data/rest/webmvc/alps/AlpsController.class], URL [jar:file:/C:/Users/alexander.angulo/.gradle/caches/modules-2/files-2.1/org.springframework.data/spring-data-rest-webmvc/3.0.7.RELEASE/684949215006f844591c6a8632356f483752fca0/spring-data-rest-webmvc-3.0.7.RELEASE.jar!/org/springframework/data/rest/webmvc/RepositoryEntityController.class], URL [jar:file:/C:/Users/alexander.angulo/.gradle/caches/modules-2/files-2.1/org.springframework.data/spring-data-rest-webmvc/3.0.7.RELEASE/684949215006f844591c6a8632356f483752fca0/spring-data-rest-webmvc-3.0.7.RELEASE.jar!/org/springframework/data/rest/webmvc/mapping/LinkCollector$NestedLinkCollectingAssociationHandler.class], URL [jar:file:/C:/Users/alexander.angulo/.gradle/caches/modules-2/files-2.1/org.springframework.data/spring-data-rest-webmvc/3.0.7.RELEASE/684949215006f844591c6a8632356f483752fca0/spring-data-rest-webmvc-3.0.7.RELEASE.jar!/org/springframework/data/rest/webmvc/util/UriUtils.class], URL [jar:file:/C:/Users/alexander.angulo/.gradle/caches/modules-2/files-2.1/org.springframework.data/spring-data-rest-webmvc/3.0.7.RELEASE/684949215006f844591c6a8632356f483752fca0/spring-data-rest-webmvc-3.0.7.RELEASE.jar!/org/springframework/data/rest/webmvc/config/RepositoryRestMvcConfiguration.class], URL [jar:file:/C:/Users/alexander.angulo/.gradle/caches/modules-2/files-2.1/org.springframework.data/spring-data-rest-webmvc/3.0.7.RELEASE/684949215006f844591c6a8632356f483752fca0/spring-data-rest-webmvc-3.0.7.RELEASE.jar!/org/springframework/data/rest/webmvc/ResourceProcessorHandlerMethodReturnValueHandler.class], URL [jar:file:/C:/Users/alexander.angulo/.gradle/caches/modules-2/files-2.1/org.springframework.data/spring-data-rest-webmvc/3.0.7.RELEASE/684949215006f844591c6a8632356f483752fca0/spring-data-rest-webmvc-3.0.7.RELEASE.jar!/org/springframework/data/rest/webmvc/ResourceStatus.class], URL [jar:file:/C:/Users/alexander.angulo/.gradle/caches/modules-2/files-2.1/org.springframework.data/spring-data-rest-webmvc/3.0.7.RELEASE/684949215006f844591c6a8632356f483752fca0/spring-data-rest-webmvc-3.0.7.RELEASE.jar!/org/springframework/data/rest/webmvc/PersistentEntityResourceAssembler.class], URL [jar:file:/C:/Users/alexander.angulo/.gradle/caches/modules-2/files-2.1/org.springframework.data/spring-data-rest-webmvc/3.0.7.RELEASE/684949215006f844591c6a8632356f483752fca0/spring-data-rest-webmvc-3.0.7.RELEASE.jar!/org/springframework/data/rest/webmvc/RepositoryRestHandlerMapping.class], URL [jar:file:/C:/Users/alexander.angulo/.gradle/caches/modules-2/files-2.1/org.springframework.data/spring-data-rest-webmvc/3.0.7.RELEASE/684949215006f844591c6a8632356f483752fca0/spring-data-rest-webmvc-3.0.7.RELEASE.jar!/org/springframework/data/rest/webmvc/ResourceStatus$StatusAndHeaders.class], URL [jar:file:/C:/Users/alexander.angulo/.gradle/caches/modules-2/files-2.1/org.springframework.data/spring-data-rest-webmvc/3.0.7.RELEASE/684949215006f844591c6a8632356f483752fca0/spring-data-rest-webmvc-3.0.7.RELEASE.jar!/org/springframework/data/rest/webmvc/PersistentEntityResource$1.class], URL [jar:file:/C:/Users/alexander.angulo/.gradle/caches/modules-2/files-2.1/org.springframework.data/spring-data-rest-webmvc/3.0.7.RELEASE/684949215006f844591c6a8632356f483752fca0/spring-data-rest-webmvc-3.0.7.RELEASE.jar!/org/springframework/data/rest/webmvc/ResourceProcessorInvokingHandlerAdapter.class], URL [jar:file:/C:/Users/alexander.angulo/.gradle/caches/modules-2/files-2.1/org.springframework.data/spring-data-rest-webmvc/3.0.7.RELEASE/684949215006f844591c6a8632356f483752fca0/spring-data-rest-webmvc-3.0.7.RELEASE.jar!/org/springframework/data/rest/webmvc/ResourceNotFoundException.class], URL [jar:file:/C:/Users/alexander.angulo/.gradle/caches/modules-2/files-2.1/org.springframework.data/spring-data-rest-webmvc/3.0.7.RELEASE/684949215006f844591c6a8632356f483752fca0/spring-data-rest-webmvc-3.0.7.RELEASE.jar!/org/springframework/data/rest/webmvc/spi/BackendIdConverter.class], URL [jar:file:/C:/Users/alexander.angulo/.gradle/caches/modules-2/files-2.1/org.springframework.data/spring-data-rest-webmvc/3.0.7.RELEASE/684949215006f844591c6a8632356f483752fca0/spring-data-rest-webmvc-3.0.7.RELEASE.jar!/org/springframework/data/rest/webmvc/json/JacksonMetadata.class], URL [jar:file:/C:/Users/alexander.angulo/.gradle/caches/modules-2/files-2.1/org.springframework.data/spring-data-rest-webmvc/3.0.7.RELEASE/684949215006f844591c6a8632356f483752fca0/spring-data-rest-webmvc-3.0.7.RELEASE.jar!/org/springframework/data/rest/webmvc/json/JacksonMappingAwareSortTranslator.class], URL [jar:file:/C:/Users/alexander.angulo/.gradle/caches/modules-2/files-2.1/org.springframework.data/spring-data-rest-webmvc/3.0.7.RELEASE/684949215006f844591c6a8632356f483752fca0/spring-data-rest-webmvc-3.0.7.RELEASE.jar!/org/springframework/data/rest/webmvc/json/Jackson2DatatypeHelper$HibernateVersions.class], URL [jar:file:/C:/Users/alexander.angulo/.gradle/caches/modules-2/files-2.1/org.springframework.data/spring-data-rest-webmvc/3.0.7.RELEASE/684949215006f844591c6a8632356f483752fca0/spring-data-rest-webmvc-3.0.7.RELEASE.jar!/org/springframework/data/rest/webmvc/json/Jackson2DatatypeHelper$Hibernate4ModuleRegistrar.class], URL [jar:file:/C:/Users/alexander.angulo/.gradle/caches/modules-2/files-2.1/org.springframework.data/spring-data-rest-webmvc/3.0.7.RELEASE/684949215006f844591c6a8632356f483752fca0/spring-data-rest-webmvc-3.0.7.RELEASE.jar!/org/springframework/data/rest/webmvc/json/PersistentEntityToJsonSchemaConverter$ValueTypeSchemaPropertyCustomizerFactory.class], URL [jar:file:/C:/Users/alexander.angulo/.gradle/caches/modules-2/files-2.1/org.springframework.data/spring-data-rest-webmvc/3.0.7.RELEASE/684949215006f844591c6a8632356f483752fca0/spring-data-rest-webmvc-3.0.7.RELEASE.jar!/org/springframework/data/rest/webmvc/json/patch/MoveOperation$MoveOperationBuilder.class], URL [jar:file:/C:/Users/alexander.angulo/.gradle/caches/modules-2/files-2.1/org.springframework.data/spring-data-rest-webmvc/3.0.7.RELEASE/684949215006f844591c6a8632356f483752fca0/spring-data-rest-webmvc-3.0.7.RELEASE.jar!/org/springframework/data/rest/webmvc/json/patch/SpelPath.class], URL [jar:file:/C:/Users/alexander.angulo/.gradle/caches/modules-2/files-2.1/org.springframework.data/spring-data-rest-webmvc/3.0.7.RELEASE/684949215006f844591c6a8632356f483752fca0/spring-data-rest-webmvc-3.0.7.RELEASE.jar!/org/springframework/data/rest/webmvc/json/patch/RemoveOperation.class], URL [jar:file:/C:/Users/alexander.angulo/.gradle/caches/modules-2/files-2.1/org.springframework.data/spring-data-rest-webmvc/3.0.7.RELEASE/684949215006f844591c6a8632356f483752fca0/spring-data-rest-webmvc-3.0.7.RELEASE.jar!/org/springframework/data/rest/webmvc/json/JsonSchema$AbstractJsonSchemaProperty.class], URL [jar:file:/C:/Users/alexander.angulo/.gradle/caches/modules-2/files-2.1/org.springframework.data/spring-data-rest-webmvc/3.0.7.RELEASE/684949215006f844591c6a8632356f483752fca0/spring-data-rest-webmvc-3.0.7.RELEASE.jar!/org/springframework/data/rest/webmvc/json/PersistentEntityJackson2Module$AssociationOmittingSerializerModifier.class], URL [jar:file:/C:/Users/alexander.angulo/.gradle/caches/modules-2/files-2.1/org.springframework.data/spring-data-rest-webmvc/3.0.7.RELEASE/684949215006f844591c6a8632356f483752fca0/spring-data-rest-webmvc-3.0.7.RELEASE.jar!/org/springframework/data/rest/webmvc/json/JsonSchemaPropertyCustomizer.class], URL [jar:file:/C:/Users/alexander.angulo/.gradle/caches/modules-2/files-2.1/org.springframework.data/spring-data-rest-webmvc/3.0.7.RELEASE/684949215006f844591c6a8632356f483752fca0/spring-data-rest-webmvc-3.0.7.RELEASE.jar!/org/springframework/data/rest/webmvc/support/ConstraintViolationExceptionMessage.class], URL [jar:file:/C:/Users/alexander.angulo/.gradle/caches/modules-2/files-2.1/org.springframework.data/spring-data-rest-webmvc/3.0.7.RELEASE/684949215006f844591c6a8632356f483752fca0/spring-data-rest-webmvc-3.0.7.RELEASE.jar!/org/springframework/data/rest/webmvc/support/BackendIdHandlerMethodArgumentResolver.class], URL [jar:file:/C:/Users/alexander.angulo/.gradle/caches/modules-2/files-2.1/org.springframework.data/spring-data-rest-webmvc/3.0.7.RELEASE/684949215006f844591c6a8632356f483752fca0/spring-data-rest-webmvc-3.0.7.RELEASE.jar!/org/springframework/data/rest/webmvc/support/HttpMethodHandlerMethodArgumentResolver.class], URL [jar:file:/C:/Users/alexander.angulo/.gradle/caches/modules-2/files-2.1/org.springframework.data/spring-data-rest-webmvc/3.0.7.RELEASE/684949215006f844591c6a8632356f483752fca0/spring-data-rest-webmvc-3.0.7.RELEASE.jar!/org/springframework/data/rest/webmvc/ProfileResourceProcessor.class], URL [jar:file:/C:/Users/alexander.angulo/.gradle/caches/modules-2/files-2.1/org.springframework.data/spring-data-rest-webmvc/3.0.7.RELEASE/684949215006f844591c6a8632356f483752fca0/spring-data-rest-webmvc-3.0.7.RELEASE.jar!/org/springframework/data/rest/webmvc/ResourceProcessorInvoker$ResourcesProcessorWrapper.class], URL [jar:file:/C:/Users/alexander.angulo/.gradle/caches/modules-2/files-2.1/org.springframework.data/spring-data-rest-webmvc/3.0.7.RELEASE/684949215006f844591c6a8632356f483752fca0/spring-data-rest-webmvc-3.0.7.RELEASE.jar!/org/springframework/data/rest/webmvc/RepositoryPropertyReferenceController$1.class], URL [jar:file:/C:/Users/alexander.angulo/.gradle/caches/modules-2/files-2.1/org.springframework.data/spring-data-rest-webmvc/3.0.7.RELEASE/684949215006f844591c6a8632356f483752fca0/spring-data-rest-webmvc-3.0.7.RELEASE.jar!/org/springframework/data/rest/webmvc/HttpHeadersPreparer.class], URL [jar:file:/C:/Users/alexander.angulo/.gradle/caches/modules-2/files-2.1/org.springframework.data/spring-data-rest-webmvc/3.0.7.RELEASE/684949215006f844591c6a8632356f483752fca0/spring-data-rest-webmvc-3.0.7.RELEASE.jar!/org/springframework/data/rest/webmvc/mapping/Associations.class], URL [jar:file:/C:/Users/alexander.angulo/.gradle/caches/modules-2/files-2.1/org.springframework.data/spring-data-rest-webmvc/3.0.7.RELEASE/684949215006f844591c6a8632356f483752fca0/spring-data-rest-webmvc-3.0.7.RELEASE.jar!/org/springframework/data/rest/webmvc/BasePathAwareController.class], URL [jar:file:/C:/Users/alexander.angulo/.gradle/caches/modules-2/files-2.1/org.springframework.data/spring-data-rest-webmvc/3.0.7.RELEASE/684949215006f844591c6a8632356f483752fca0/spring-data-rest-webmvc-3.0.7.RELEASE.jar!/org/springframework/data/rest/webmvc/config/ArgumentResolverPagingAndSortingTemplateVariables.class], URL [jar:file:/C:/Users/alexander.angulo/.gradle/caches/modules-2/files-2.1/org.springframework.data/spring-data-rest-webmvc/3.0.7.RELEASE/684949215006f844591c6a8632356f483752fca0/spring-data-rest-webmvc-3.0.7.RELEASE.jar!/org/springframework/data/rest/webmvc/config/ResourceMetadataHandlerMethodArgumentResolver.class], URL [jar:file:/C:/Users/alexander.angulo/.gradle/caches/modules-2/files-2.1/org.springframework.data/spring-data-rest-webmvc/3.0.7.RELEASE/684949215006f844591c6a8632356f483752fca0/spring-data-rest-webmvc-3.0.7.RELEASE.jar!/org/springframework/data/rest/webmvc/EmbeddedResourcesAssembler.class], URL [jar:file:/C:/Users/alexander.angulo/.gradle/caches/modules-2/files-2.1/org.springframework.data/spring-data-rest-webmvc/3.0.7.RELEASE/684949215006f844591c6a8632356f483752fca0/spring-data-rest-webmvc-3.0.7.RELEASE.jar!/org/springframework/data/rest/webmvc/json/PersistentEntityJackson2Module.class], URL [jar:file:/C:/Users/alexander.angulo/.gradle/caches/modules-2/files-2.1/org.springframework.data/spring-data-rest-webmvc/3.0.7.RELEASE/684949215006f844591c6a8632356f483752fca0/spring-data-rest-webmvc-3.0.7.RELEASE.jar!/org/springframework/data/rest/webmvc/json/MappingAwarePageableArgumentResolver.class], URL [jar:file:/C:/Users/alexander.angulo/.gradle/caches/modules-2/files-2.1/org.springframework.data/spring-data-rest-webmvc/3.0.7.RELEASE/684949215006f844591c6a8632356f483752fca0/spring-data-rest-webmvc-3.0.7.RELEASE.jar!/org/springframework/data/rest/webmvc/json/PersistentEntityJackson2Module$CollectionValueInstantiator.class], URL [jar:file:/C:/Users/alexander.angulo/.gradle/caches/modules-2/files-2.1/org.springframework.data/spring-data-rest-webmvc/3.0.7.RELEASE/684949215006f844591c6a8632356f483752fca0/spring-data-rest-webmvc-3.0.7.RELEASE.jar!/org/springframework/data/rest/webmvc/json/PersistentEntityJackson2Module$ProjectionResource.class], URL [jar:file:/C:/Users/alexander.angulo/.gradle/caches/modules-2/files-2.1/org.springframework.data/spring-data-rest-webmvc/3.0.7.RELEASE/684949215006f844591c6a8632356f483752fca0/spring-data-rest-webmvc-3.0.7.RELEASE.jar!/org/springframework/data/rest/webmvc/json/PersistentEntityJackson2Module$PersistentEntityResourceSerializer$1.class], URL [jar:file:/C:/Users/alexander.angulo/.gradle/caches/modules-2/files-2.1/org.springframework.data/spring-data-rest-webmvc/3.0.7.RELEASE/684949215006f844591c6a8632356f483752fca0/spring-data-rest-webmvc-3.0.7.RELEASE.jar!/org/springframework/data/rest/webmvc/json/patch/JsonPatchPatchConverter.class], URL [jar:file:/C:/Users/alexander.angulo/.gradle/caches/modules-2/files-2.1/org.springframework.data/spring-data-rest-webmvc/3.0.7.RELEASE/684949215006f844591c6a8632356f483752fca0/spring-data-rest-webmvc-3.0.7.RELEASE.jar!/org/springframework/data/rest/webmvc/json/patch/SpelPath$TypedSpelPath.class], URL [jar:file:/C:/Users/alexander.angulo/.gradle/caches/modules-2/files-2.1/org.springframework.data/spring-data-rest-webmvc/3.0.7.RELEASE/684949215006f844591c6a8632356f483752fca0/spring-data-rest-webmvc-3.0.7.RELEASE.jar!/org/springframework/data/rest/webmvc/json/patch/MoveOperation$1.class], URL [jar:file:/C:/Users/alexander.angulo/.gradle/caches/modules-2/files-2.1/org.springframework.data/spring-data-rest-webmvc/3.0.7.RELEASE/684949215006f844591c6a8632356f483752fca0/spring-data-rest-webmvc-3.0.7.RELEASE.jar!/org/springframework/data/rest/webmvc/json/MappingAwareSortArgumentResolver.class], URL [jar:file:/C:/Users/alexander.angulo/.gradle/caches/modules-2/files-2.1/org.springframework.data/spring-data-rest-webmvc/3.0.7.RELEASE/684949215006f844591c6a8632356f483752fca0/spring-data-rest-webmvc-3.0.7.RELEASE.jar!/org/springframework/data/rest/webmvc/json/JacksonSerializers$EnumTranslatingSerializer.class], URL [jar:file:/C:/Users/alexander.angulo/.gradle/caches/modules-2/files-2.1/org.springframework.data/spring-data-rest-webmvc/3.0.7.RELEASE/684949215006f844591c6a8632356f483752fca0/spring-data-rest-webmvc-3.0.7.RELEASE.jar!/org/springframework/data/rest/webmvc/json/JacksonMappingAwareSortTranslator$TypedSegment.class], URL [jar:file:/C:/Users/alexander.angulo/.gradle/caches/modules-2/files-2.1/org.springframework.data/spring-data-rest-webmvc/3.0.7.RELEASE/684949215006f844591c6a8632356f483752fca0/spring-data-rest-webmvc-3.0.7.RELEASE.jar!/org/springframework/data/rest/webmvc/support/RepositoryEntityLinks.class], URL [jar:file:/C:/Users/alexander.angulo/.gradle/caches/modules-2/files-2.1/org.springframework.data/spring-data-rest-webmvc/3.0.7.RELEASE/684949215006f844591c6a8632356f483752fca0/spring-data-rest-webmvc-3.0.7.RELEASE.jar!/org/springframework/data/rest/webmvc/support/RepositoryConstraintViolationExceptionMessage$ValidationError.class], URL [jar:file:/C:/Users/alexander.angulo/.gradle/caches/modules-2/files-2.1/org.springframework.data/spring-data-rest-webmvc/3.0.7.RELEASE/684949215006f844591c6a8632356f483752fca0/spring-data-rest-webmvc-3.0.7.RELEASE.jar!/org/springframework/data/rest/webmvc/support/RepositoryLinkBuilder.class], URL [jar:file:/C:/Users/alexander.angulo/.gradle/caches/modules-2/files-2.1/org.springframework.data/spring-data-rest-webmvc/3.0.7.RELEASE/684949215006f844591c6a8632356f483752fca0/spring-data-rest-webmvc-3.0.7.RELEASE.jar!/org/springframework/data/rest/webmvc/RepositorySearchController.class], URL [jar:file:/C:/Users/alexander.angulo/.gradle/caches/modules-2/files-2.1/org.springframework.data/spring-data-rest-webmvc/3.0.7.RELEASE/684949215006f844591c6a8632356f483752fca0/spring-data-rest-webmvc-3.0.7.RELEASE.jar!/org/springframework/data/rest/webmvc/alps/AlpsJsonHttpMessageConverter.class], URL [jar:file:/C:/Users/alexander.angulo/.gradle/caches/modules-2/files-2.1/org.springframework.data/spring-data-rest-webmvc/3.0.7.RELEASE/684949215006f844591c6a8632356f483752fca0/spring-data-rest-webmvc-3.0.7.RELEASE.jar!/org/springframework/data/rest/webmvc/AbstractRepositoryRestController.class], URL [jar:file:/C:/Users/alexander.angulo/.gradle/caches/modules-2/files-2.1/org.springframework.data/spring-data-rest-webmvc/3.0.7.RELEASE/684949215006f844591c6a8632356f483752fca0/spring-data-rest-webmvc-3.0.7.RELEASE.jar!/org/springframework/data/rest/webmvc/RepositorySchemaController.class], URL [jar:file:/C:/Users/alexander.angulo/.gradle/caches/modules-2/files-2.1/org.springframework.data/spring-data-rest-webmvc/3.0.7.RELEASE/684949215006f844591c6a8632356f483752fca0/spring-data-rest-webmvc-3.0.7.RELEASE.jar!/org/springframework/data/rest/webmvc/mapping/LinkCollector.class], URL [jar:file:/C:/Users/alexander.angulo/.gradle/caches/modules-2/files-2.1/org.springframework.data/spring-data-rest-webmvc/3.0.7.RELEASE/684949215006f844591c6a8632356f483752fca0/spring-data-rest-webmvc-3.0.7.RELEASE.jar!/org/springframework/data/rest/webmvc/PersistentEntityResource$Builder.class], URL [jar:file:/C:/Users/alexander.angulo/.gradle/caches/modules-2/files-2.1/org.springframework.data/spring-data-rest-webmvc/3.0.7.RELEASE/684949215006f844591c6a8632356f483752fca0/spring-data-rest-webmvc-3.0.7.RELEASE.jar!/org/springframework/data/rest/webmvc/config/QuerydslAwareRootResourceInformationHandlerMethodArgumentResolver.class], URL [jar:file:/C:/Users/alexander.angulo/.gradle/caches/modules-2/files-2.1/org.springframework.data/spring-data-rest-webmvc/3.0.7.RELEASE/684949215006f844591c6a8632356f483752fca0/spring-data-rest-webmvc-3.0.7.RELEASE.jar!/org/springframework/data/rest/webmvc/json/PersistentEntityToJsonSchemaConverter.class], URL [jar:file:/C:/Users/alexander.angulo/.gradle/caches/modules-2/files-2.1/org.springframework.data/spring-data-rest-webmvc/3.0.7.RELEASE/684949215006f844591c6a8632356f483752fca0/spring-data-rest-webmvc-3.0.7.RELEASE.jar!/org/springframework/data/rest/webmvc/json/PersistentEntityToJsonSchemaConverter$DefaultMessageResolver.class], URL [jar:file:/C:/Users/alexander.angulo/.gradle/caches/modules-2/files-2.1/org.springframework.data/spring-data-rest-webmvc/3.0.7.RELEASE/684949215006f844591c6a8632356f483752fca0/spring-data-rest-webmvc-3.0.7.RELEASE.jar!/org/springframework/data/rest/webmvc/json/JacksonSerializers.class], URL [jar:file:/C:/Users/alexander.angulo/.gradle/caches/modules-2/files-2.1/org.springframework.data/spring-data-rest-webmvc/3.0.7.RELEASE/684949215006f844591c6a8632356f483752fca0/spring-data-rest-webmvc-3.0.7.RELEASE.jar!/org/springframework/data/rest/webmvc/json/patch/ReplaceOperation$ReplaceOperationBuilder.class], URL [jar:file:/C:/Users/alexander.angulo/.gradle/caches/modules-2/files-2.1/org.springframework.data/spring-data-rest-webmvc/3.0.7.RELEASE/684949215006f844591c6a8632356f483752fca0/spring-data-rest-webmvc-3.0.7.RELEASE.jar!/org/springframework/data/rest/webmvc/json/patch/SpelPath$TypedSpelPath$CacheKey.class], URL [jar:file:/C:/Users/alexander.angulo/.gradle/caches/modules-2/files-2.1/org.springframework.data/spring-data-rest-webmvc/3.0.7.RELEASE/684949215006f844591c6a8632356f483752fca0/spring-data-rest-webmvc-3.0.7.RELEASE.jar!/org/springframework/data/rest/webmvc/json/patch/CopyOperation.class], URL [jar:file:/C:/Users/alexander.angulo/.gradle/caches/modules-2/files-2.1/org.springframework.data/spring-data-rest-webmvc/3.0.7.RELEASE/684949215006f844591c6a8632356f483752fca0/spring-data-rest-webmvc-3.0.7.RELEASE.jar!/org/springframework/data/rest/webmvc/json/PersistentEntityJackson2Module$ProjectionResourceContentSerializer.class], URL [jar:file:/C:/Users/alexander.angulo/.gradle/caches/modules-2/files-2.1/org.springframework.data/spring-data-rest-webmvc/3.0.7.RELEASE/684949215006f844591c6a8632356f483752fca0/spring-data-rest-webmvc-3.0.7.RELEASE.jar!/org/springframework/data/rest/webmvc/support/BackendId.class], URL [jar:file:/C:/Users/alexander.angulo/.gradle/caches/modules-2/files-2.1/org.springframework.data/spring-data-rest-webmvc/3.0.7.RELEASE/684949215006f844591c6a8632356f483752fca0/spring-data-rest-webmvc-3.0.7.RELEASE.jar!/org/springframework/data/rest/webmvc/support/RepositoryConstraintViolationExceptionMessage.class], URL [jar:file:/C:/Users/alexander.angulo/.gradle/caches/modules-2/files-2.1/org.springframework.data/spring-data-rest-webmvc/3.0.7.RELEASE/684949215006f844591c6a8632356f483752fca0/spring-data-rest-webmvc-3.0.7.RELEASE.jar!/org/springframework/data/rest/webmvc/support/ConstraintViolationMessage.class], URL [jar:file:/C:/Users/alexander.angulo/.gradle/caches/modules-2/files-2.1/org.springframework.data/spring-data-rest-webmvc/3.0.7.RELEASE/684949215006f844591c6a8632356f483752fca0/spring-data-rest-webmvc-3.0.7.RELEASE.jar!/org/springframework/data/rest/webmvc/RepositoryController.class], URL [jar:file:/C:/Users/alexander.angulo/.gradle/caches/modules-2/files-2.1/org.springframework.data/spring-data-rest-webmvc/3.0.7.RELEASE/684949215006f844591c6a8632356f483752fca0/spring-data-rest-webmvc-3.0.7.RELEASE.jar!/org/springframework/data/rest/webmvc/alps/RootResourceInformationToAlpsDescriptorConverter$1.class], URL [jar:file:/C:/Users/alexander.angulo/.gradle/caches/modules-2/files-2.1/org.springframework.data/spring-data-rest-webmvc/3.0.7.RELEASE/684949215006f844591c6a8632356f483752fca0/spring-data-rest-webmvc-3.0.7.RELEASE.jar!/org/springframework/data/rest/webmvc/RepositoryRestHandlerMapping$RepositoryCorsConfigurationAccessor.class], URL [jar:file:/C:/Users/alexander.angulo/.gradle/caches/modules-2/files-2.1/org.springframework.data/spring-data-rest-webmvc/3.0.7.RELEASE/684949215006f844591c6a8632356f483752fca0/spring-data-rest-webmvc-3.0.7.RELEASE.jar!/org/springframework/data/rest/webmvc/BasePathAwareHandlerMapping.class], URL [jar:file:/C:/Users/alexander.angulo/.gradle/caches/modules-2/files-2.1/org.springframework.data/spring-data-rest-webmvc/3.0.7.RELEASE/684949215006f844591c6a8632356f483752fca0/spring-data-rest-webmvc-3.0.7.RELEASE.jar!/org/springframework/data/rest/webmvc/mapping/LinkCollectingAssociationHandler.class], URL [jar:file:/C:/Users/alexander.angulo/.gradle/caches/modules-2/files-2.1/org.springframework.data/spring-data-rest-webmvc/3.0.7.RELEASE/684949215006f844591c6a8632356f483752fca0/spring-data-rest-webmvc-3.0.7.RELEASE.jar!/org/springframework/data/rest/webmvc/IncomingRequest.class], URL [jar:file:/C:/Users/alexander.angulo/.gradle/caches/modules-2/files-2.1/org.springframework.data/spring-data-rest-webmvc/3.0.7.RELEASE/684949215006f844591c6a8632356f483752fca0/spring-data-rest-webmvc-3.0.7.RELEASE.jar!/org/springframework/data/rest/webmvc/config/RepositoryRestConfigurer.class], URL [jar:file:/C:/Users/alexander.angulo/.gradle/caches/modules-2/files-2.1/org.springframework.data/spring-data-rest-webmvc/3.0.7.RELEASE/684949215006f844591c6a8632356f483752fca0/spring-data-rest-webmvc-3.0.7.RELEASE.jar!/org/springframework/data/rest/webmvc/PersistentEntityResource.class], URL [jar:file:/C:/Users/alexander.angulo/.gradle/caches/modules-2/files-2.1/org.springframework.data/spring-data-rest-webmvc/3.0.7.RELEASE/684949215006f844591c6a8632356f483752fca0/spring-data-rest-webmvc-3.0.7.RELEASE.jar!/org/springframework/data/rest/webmvc/RepositoryRestExceptionHandler.class], URL [jar:file:/C:/Users/alexander.angulo/.gradle/caches/modules-2/files-2.1/org.springframework.data/spring-data-rest-webmvc/3.0.7.RELEASE/684949215006f844591c6a8632356f483752fca0/spring-data-rest-webmvc-3.0.7.RELEASE.jar!/org/springframework/data/rest/webmvc/json/Jackson2DatatypeHelper$Hibernate5ModuleRegistrar.class], URL [jar:file:/C:/Users/alexander.angulo/.gradle/caches/modules-2/files-2.1/org.springframework.data/spring-data-rest-webmvc/3.0.7.RELEASE/684949215006f844591c6a8632356f483752fca0/spring-data-rest-webmvc-3.0.7.RELEASE.jar!/org/springframework/data/rest/webmvc/json/MappedProperties.class], URL [jar:file:/C:/Users/alexander.angulo/.gradle/caches/modules-2/files-2.1/org.springframework.data/spring-data-rest-webmvc/3.0.7.RELEASE/684949215006f844591c6a8632356f483752fca0/spring-data-rest-webmvc-3.0.7.RELEASE.jar!/org/springframework/data/rest/webmvc/json/DomainObjectReader.class], URL [jar:file:/C:/Users/alexander.angulo/.gradle/caches/modules-2/files-2.1/org.springframework.data/spring-data-rest-webmvc/3.0.7.RELEASE/684949215006f844591c6a8632356f483752fca0/spring-data-rest-webmvc-3.0.7.RELEASE.jar!/org/springframework/data/rest/webmvc/json/patch/TestOperation$1.class], URL [jar:file:/C:/Users/alexander.angulo/.gradle/caches/modules-2/files-2.1/org.springframework.data/spring-data-rest-webmvc/3.0.7.RELEASE/684949215006f844591c6a8632356f483752fca0/spring-data-rest-webmvc-3.0.7.RELEASE.jar!/org/springframework/data/rest/webmvc/json/patch/SpelPath$1.class], URL [jar:file:/C:/Users/alexander.angulo/.gradle/caches/modules-2/files-2.1/org.springframework.data/spring-data-rest-webmvc/3.0.7.RELEASE/684949215006f844591c6a8632356f483752fca0/spring-data-rest-webmvc-3.0.7.RELEASE.jar!/org/springframework/data/rest/webmvc/json/patch/JsonLateObjectEvaluator.class], URL [jar:file:/C:/Users/alexander.angulo/.gradle/caches/modules-2/files-2.1/org.springframework.data/spring-data-rest-webmvc/3.0.7.RELEASE/684949215006f844591c6a8632356f483752fca0/spring-data-rest-webmvc-3.0.7.RELEASE.jar!/org/springframework/data/rest/webmvc/json/JsonSchema.class], URL [jar:file:/C:/Users/alexander.angulo/.gradle/caches/modules-2/files-2.1/org.springframework.data/spring-data-rest-webmvc/3.0.7.RELEASE/684949215006f844591c6a8632356f483752fca0/spring-data-rest-webmvc-3.0.7.RELEASE.jar!/org/springframework/data/rest/webmvc/json/Jackson2DatatypeHelper$1.class], URL [jar:file:/C:/Users/alexander.angulo/.gradle/caches/modules-2/files-2.1/org.springframework.data/spring-data-rest-webmvc/3.0.7.RELEASE/684949215006f844591c6a8632356f483752fca0/spring-data-rest-webmvc-3.0.7.RELEASE.jar!/org/springframework/data/rest/webmvc/json/PersistentEntityJackson2Module$AssociationUriResolvingDeserializerModifier.class], URL [jar:file:/C:/Users/alexander.angulo/.gradle/caches/modules-2/files-2.1/org.springframework.data/spring-data-rest-webmvc/3.0.7.RELEASE/684949215006f844591c6a8632356f483752fca0/spring-data-rest-webmvc-3.0.7.RELEASE.jar!/org/springframework/data/rest/webmvc/json/DomainObjectReader$LinkedAssociationSkippingAssociationHandler.class], URL [jar:file:/C:/Users/alexander.angulo/.gradle/caches/modules-2/files-2.1/org.springframework.data/spring-data-rest-webmvc/3.0.7.RELEASE/684949215006f844591c6a8632356f483752fca0/spring-data-rest-webmvc-3.0.7.RELEASE.jar!/org/springframework/data/rest/webmvc/ResourceProcessorInvoker.class], URL [jar:file:/C:/Users/alexander.angulo/.gradle/caches/modules-2/files-2.1/org.springframework.data/spring-data-rest-webmvc/3.0.7.RELEASE/684949215006f844591c6a8632356f483752fca0/spring-data-rest-webmvc-3.0.7.RELEASE.jar!/org/springframework/data/rest/webmvc/support/DelegatingHandlerMapping.class], URL [jar:file:/C:/Users/alexander.angulo/.gradle/caches/modules-2/files-2.1/org.springframework.data/spring-data-rest-webmvc/3.0.7.RELEASE/684949215006f844591c6a8632356f483752fca0/spring-data-rest-webmvc-3.0.7.RELEASE.jar!/org/springframework/data/rest/webmvc/support/DomainClassResolver.class], URL [jar:file:/C:/Users/alexander.angulo/.gradle/caches/modules-2/files-2.1/org.springframework.data/spring-data-rest-webmvc/3.0.7.RELEASE/684949215006f844591c6a8632356f483752fca0/spring-data-rest-webmvc-3.0.7.RELEASE.jar!/org/springframework/data/rest/webmvc/RepositorySearchesResource.class], URL [jar:file:/C:/Users/alexander.angulo/.gradle/caches/modules-2/files-2.1/org.springframework.data/spring-data-rest-webmvc/3.0.7.RELEASE/684949215006f844591c6a8632356f483752fca0/spring-data-rest-webmvc-3.0.7.RELEASE.jar!/org/springframework/data/rest/webmvc/alps/RootResourceInformationToAlpsDescriptorConverter$2.class], URL [jar:file:/C:/Users/alexander.angulo/.gradle/caches/modules-2/files-2.1/org.springframework.data/spring-data-rest-webmvc/3.0.7.RELEASE/684949215006f844591c6a8632356f483752fca0/spring-data-rest-webmvc-3.0.7.RELEASE.jar!/org/springframework/data/rest/webmvc/RepositoryLinksResource.class], URL [jar:file:/C:/Users/alexander.angulo/.gradle/caches/modules-2/files-2.1/org.springframework.data/spring-data-rest-webmvc/3.0.7.RELEASE/684949215006f844591c6a8632356f483752fca0/spring-data-rest-webmvc-3.0.7.RELEASE.jar!/org/springframework/data/rest/webmvc/RepositoryPropertyReferenceController$ReferencedProperty.class], URL [jar:file:/C:/Users/alexander.angulo/.gradle/caches/modules-2/files-2.1/org.springframework.data/spring-data-rest-webmvc/3.0.7.RELEASE/684949215006f844591c6a8632356f483752fca0/spring-data-rest-webmvc-3.0.7.RELEASE.jar!/org/springframework/data/rest/webmvc/mapping/NestedLinkCollectingAssociationHandler.class], URL [jar:file:/C:/Users/alexander.angulo/.gradle/caches/modules-2/files-2.1/org.springframework.data/spring-data-rest-webmvc/3.0.7.RELEASE/684949215006f844591c6a8632356f483752fca0/spring-data-rest-webmvc-3.0.7.RELEASE.jar!/org/springframework/data/rest/webmvc/RestMediaTypes.class], URL [jar:file:/C:/Users/alexander.angulo/.gradle/caches/modules-2/files-2.1/org.springframework.data/spring-data-rest-webmvc/3.0.7.RELEASE/684949215006f844591c6a8632356f483752fca0/spring-data-rest-webmvc-3.0.7.RELEASE.jar!/org/springframework/data/rest/webmvc/config/ProjectionDefinitionRegistar.class], URL [jar:file:/C:/Users/alexander.angulo/.gradle/caches/modules-2/files-2.1/org.springframework.data/spring-data-rest-webmvc/3.0.7.RELEASE/684949215006f844591c6a8632356f483752fca0/spring-data-rest-webmvc-3.0.7.RELEASE.jar!/org/springframework/data/rest/webmvc/config/JsonPatchHandler.class], URL [jar:file:/C:/Users/alexander.angulo/.gradle/caches/modules-2/files-2.1/org.springframework.data/spring-data-rest-webmvc/3.0.7.RELEASE/684949215006f844591c6a8632356f483752fca0/spring-data-rest-webmvc-3.0.7.RELEASE.jar!/org/springframework/data/rest/webmvc/RepositoryRestDispatcherServlet.class], URL [jar:file:/C:/Users/alexander.angulo/.gradle/caches/modules-2/files-2.1/org.springframework.data/spring-data-rest-webmvc/3.0.7.RELEASE/684949215006f844591c6a8632356f483752fca0/spring-data-rest-webmvc-3.0.7.RELEASE.jar!/org/springframework/data/rest/webmvc/RootResourceInformation.class], URL [jar:file:/C:/Users/alexander.angulo/.gradle/caches/modules-2/files-2.1/org.springframework.data/spring-data-rest-webmvc/3.0.7.RELEASE/684949215006f844591c6a8632356f483752fca0/spring-data-rest-webmvc-3.0.7.RELEASE.jar!/org/springframework/data/rest/webmvc/PersistentEntityResource$NoLinksResources.class], URL [jar:file:/C:/Users/alexander.angulo/.gradle/caches/modules-2/files-2.1/org.springframework.data/spring-data-rest-webmvc/3.0.7.RELEASE/684949215006f844591c6a8632356f483752fca0/spring-data-rest-webmvc-3.0.7.RELEASE.jar!/org/springframework/data/rest/webmvc/json/PersistentEntityToJsonSchemaConverter$JacksonProperty.class], URL [jar:file:/C:/Users/alexander.angulo/.gradle/caches/modules-2/files-2.1/org.springframework.data/spring-data-rest-webmvc/3.0.7.RELEASE/684949215006f844591c6a8632356f483752fca0/spring-data-rest-webmvc-3.0.7.RELEASE.jar!/org/springframework/data/rest/webmvc/json/WrappedProperties$JacksonUnwrappedPropertiesResolver.class], URL [jar:file:/C:/Users/alexander.angulo/.gradle/caches/modules-2/files-2.1/org.springframework.data/spring-data-rest-webmvc/3.0.7.RELEASE/684949215006f844591c6a8632356f483752fca0/spring-data-rest-webmvc-3.0.7.RELEASE.jar!/org/springframework/data/rest/webmvc/json/JacksonSerializers$EnumTranslatingDeserializer.class], URL [jar:file:/C:/Users/alexander.angulo/.gradle/caches/modules-2/files-2.1/org.springframework.data/spring-data-rest-webmvc/3.0.7.RELEASE/684949215006f844591c6a8632356f483752fca0/spring-data-rest-webmvc-3.0.7.RELEASE.jar!/org/springframework/data/rest/webmvc/json/DomainObjectReader$RunnableWithException.class], URL [jar:file:/C:/Users/alexander.angulo/.gradle/caches/modules-2/files-2.1/org.springframework.data/spring-data-rest-webmvc/3.0.7.RELEASE/684949215006f844591c6a8632356f483752fca0/spring-data-rest-webmvc-3.0.7.RELEASE.jar!/org/springframework/data/rest/webmvc/json/patch/PatchConverter.class], URL [jar:file:/C:/Users/alexander.angulo/.gradle/caches/modules-2/files-2.1/org.springframework.data/spring-data-rest-webmvc/3.0.7.RELEASE/684949215006f844591c6a8632356f483752fca0/spring-data-rest-webmvc-3.0.7.RELEASE.jar!/org/springframework/data/rest/webmvc/json/patch/TestOperation.class], URL [jar:file:/C:/Users/alexander.angulo/.gradle/caches/modules-2/files-2.1/org.springframework.data/spring-data-rest-webmvc/3.0.7.RELEASE/684949215006f844591c6a8632356f483752fca0/spring-data-rest-webmvc-3.0.7.RELEASE.jar!/org/springframework/data/rest/webmvc/json/patch/ReplaceOperation.class], URL [jar:file:/C:/Users/alexander.angulo/.gradle/caches/modules-2/files-2.1/org.springframework.data/spring-data-rest-webmvc/3.0.7.RELEASE/684949215006f844591c6a8632356f483752fca0/spring-data-rest-webmvc-3.0.7.RELEASE.jar!/org/springframework/data/rest/webmvc/json/JsonSchema$Item.class], URL [jar:file:/C:/Users/alexander.angulo/.gradle/caches/modules-2/files-2.1/org.springframework.data/spring-data-rest-webmvc/3.0.7.RELEASE/684949215006f844591c6a8632356f483752fca0/spring-data-rest-webmvc-3.0.7.RELEASE.jar!/org/springframework/data/rest/webmvc/json/PersistentEntityJackson2Module$ProjectionSerializer.class], URL [jar:file:/C:/Users/alexander.angulo/.gradle/caches/modules-2/files-2.1/org.springframework.data/spring-data-rest-webmvc/3.0.7.RELEASE/684949215006f844591c6a8632356f483752fca0/spring-data-rest-webmvc-3.0.7.RELEASE.jar!/org/springframework/data/rest/webmvc/json/PersistentEntityToJsonSchemaConverter$DefaultingMessageSourceResolvable.class], URL [jar:file:/C:/Users/alexander.angulo/.gradle/caches/modules-2/files-2.1/org.springframework.data/spring-data-rest-webmvc/3.0.7.RELEASE/684949215006f844591c6a8632356f483752fca0/spring-data-rest-webmvc-3.0.7.RELEASE.jar!/org/springframework/data/rest/webmvc/support/JpaHelper.class], URL [jar:file:/C:/Users/alexander.angulo/.gradle/caches/modules-2/files-2.1/org.springframework.data/spring-data-rest-webmvc/3.0.7.RELEASE/684949215006f844591c6a8632356f483752fca0/spring-data-rest-webmvc-3.0.7.RELEASE.jar!/org/springframework/data/rest/webmvc/support/ExcerptProjector.class], URL [jar:file:/C:/Users/alexander.angulo/.gradle/caches/modules-2/files-2.1/org.springframework.data/spring-data-rest-webmvc/3.0.7.RELEASE/684949215006f844591c6a8632356f483752fca0/spring-data-rest-webmvc-3.0.7.RELEASE.jar!/org/springframework/data/rest/webmvc/support/PersistentEntityResourceProcessor$DomainTypeResourceProcessor.class], URL [jar:file:/C:/Users/alexander.angulo/.gradle/caches/modules-2/files-2.1/org.springframework.data/spring-data-rest-webmvc/3.0.7.RELEASE/684949215006f844591c6a8632356f483752fca0/spring-data-rest-webmvc-3.0.7.RELEASE.jar!/org/springframework/data/rest/webmvc/support/DefaultExcerptProjector.class], URL [jar:file:/C:/Users/alexander.angulo/.gradle/caches/modules-2/files-2.1/org.springframework.data/spring-data-rest-webmvc/3.0.7.RELEASE/684949215006f844591c6a8632356f483752fca0/spring-data-rest-webmvc-3.0.7.RELEASE.jar!/org/springframework/data/rest/webmvc/support/ETagDoesntMatchException.class], URL [jar:file:/C:/Users/alexander.angulo/.gradle/caches/modules-2/files-2.1/org.springframework.data/spring-data-rest-webmvc/3.0.7.RELEASE/684949215006f844591c6a8632356f483752fca0/spring-data-rest-webmvc-3.0.7.RELEASE.jar!/org/springframework/data/rest/webmvc/support/PersistentEntityResourceProcessor$1.class], URL [jar:file:/C:/Users/alexander.angulo/.gradle/caches/modules-2/files-2.1/org.springframework.data/spring-data-rest-webmvc/3.0.7.RELEASE/684949215006f844591c6a8632356f483752fca0/spring-data-rest-webmvc-3.0.7.RELEASE.jar!/org/springframework/data/rest/webmvc/support/PersistentEntityResourceProcessor.class], URL [jar:file:/C:/Users/alexander.angulo/.gradle/caches/modules-2/files-2.1/org.springframework.data/spring-data-rest-webmvc/3.0.7.RELEASE/684949215006f844591c6a8632356f483752fca0/spring-data-rest-webmvc-3.0.7.RELEASE.jar!/org/springframework/data/rest/webmvc/BasePathAwareHandlerMapping$CustomAcceptHeaderHttpServletRequest.class], URL [jar:file:/C:/Users/alexander.angulo/.gradle/caches/modules-2/files-2.1/org.springframework.data/spring-data-rest-webmvc/3.0.7.RELEASE/684949215006f844591c6a8632356f483752fca0/spring-data-rest-webmvc-3.0.7.RELEASE.jar!/org/springframework/data/rest/webmvc/alps/RootResourceInformationToAlpsDescriptorConverter$3.class], URL [jar:file:/C:/Users/alexander.angulo/.gradle/caches/modules-2/files-2.1/org.springframework.data/spring-data-rest-webmvc/3.0.7.RELEASE/684949215006f844591c6a8632356f483752fca0/spring-data-rest-webmvc-3.0.7.RELEASE.jar!/org/springframework/data/rest/webmvc/RepositoryRestHandlerMapping$NoOpStringValueResolver.class], URL [jar:file:/C:/Users/alexander.angulo/.gradle/caches/modules-2/files-2.1/org.springframework.data/spring-data-rest-webmvc/3.0.7.RELEASE/684949215006f844591c6a8632356f483752fca0/spring-data-rest-webmvc-3.0.7.RELEASE.jar!/org/springframework/data/rest/webmvc/convert/UriListHttpMessageConverter.class], URL [jar:file:/C:/Users/alexander.angulo/.gradle/caches/modules-2/files-2.1/org.springframework.data/spring-data-rest-webmvc/3.0.7.RELEASE/684949215006f844591c6a8632356f483752fca0/spring-data-rest-webmvc-3.0.7.RELEASE.jar!/org/springframework/data/rest/webmvc/ResourceProcessorInvoker$CustomOrderAwareComparator.class], URL [jar:file:/C:/Users/alexander.angulo/.gradle/caches/modules-2/files-2.1/org.springframework.data/spring-data-rest-webmvc/3.0.7.RELEASE/684949215006f844591c6a8632356f483752fca0/spring-data-rest-webmvc-3.0.7.RELEASE.jar!/org/springframework/data/rest/webmvc/config/RepositoryRestConfigurerAdapter.class], URL [jar:file:/C:/Users/alexander.angulo/.gradle/caches/modules-2/files-2.1/org.springframework.data/spring-data-rest-webmvc/3.0.7.RELEASE/684949215006f844591c6a8632356f483752fca0/spring-data-rest-webmvc-3.0.7.RELEASE.jar!/org/springframework/data/rest/webmvc/config/PersistentEntityResourceAssemblerArgumentResolver.class], URL [jar:file:/C:/Users/alexander.angulo/.gradle/caches/modules-2/files-2.1/org.springframework.data/spring-data-rest-webmvc/3.0.7.RELEASE/684949215006f844591c6a8632356f483752fca0/spring-data-rest-webmvc-3.0.7.RELEASE.jar!/org/springframework/data/rest/webmvc/ServerHttpRequestMethodArgumentResolver.class], URL [jar:file:/C:/Users/alexander.angulo/.gradle/caches/modules-2/files-2.1/org.springframework.data/spring-data-rest-webmvc/3.0.7.RELEASE/684949215006f844591c6a8632356f483752fca0/spring-data-rest-webmvc-3.0.7.RELEASE.jar!/org/springframework/data/rest/webmvc/RepositoryPropertyReferenceController.class], URL [jar:file:/C:/Users/alexander.angulo/.gradle/caches/modules-2/files-2.1/org.springframework.data/spring-data-rest-webmvc/3.0.7.RELEASE/684949215006f844591c6a8632356f483752fca0/spring-data-rest-webmvc-3.0.7.RELEASE.jar!/org/springframework/data/rest/webmvc/ResourceProcessorInvoker$ProcessorWrapper.class], URL [jar:file:/C:/Users/alexander.angulo/.gradle/caches/modules-2/files-2.1/org.springframework.data/spring-data-rest-webmvc/3.0.7.RELEASE/684949215006f844591c6a8632356f483752fca0/spring-data-rest-webmvc-3.0.7.RELEASE.jar!/org/springframework/data/rest/webmvc/json/PersistentEntityToJsonSchemaConverter$MessageResolver.class], URL [jar:file:/C:/Users/alexander.angulo/.gradle/caches/modules-2/files-2.1/org.springframework.data/spring-data-rest-webmvc/3.0.7.RELEASE/684949215006f844591c6a8632356f483752fca0/spring-data-rest-webmvc-3.0.7.RELEASE.jar!/org/springframework/data/rest/webmvc/json/PersistentEntityToJsonSchemaConverter$ValueTypeSchemaPropertyCustomizerFactory$1.class], URL [jar:file:/C:/Users/alexander.angulo/.gradle/caches/modules-2/files-2.1/org.springframework.data/spring-data-rest-webmvc/3.0.7.RELEASE/684949215006f844591c6a8632356f483752fca0/spring-data-rest-webmvc-3.0.7.RELEASE.jar!/org/springframework/data/rest/webmvc/json/Jackson2DatatypeHelper.class], URL [jar:file:/C:/Users/alexander.angulo/.gradle/caches/modules-2/files-2.1/org.springframework.data/spring-data-rest-webmvc/3.0.7.RELEASE/684949215006f844591c6a8632356f483752fca0/spring-data-rest-webmvc-3.0.7.RELEASE.jar!/org/springframework/data/rest/webmvc/json/WrappedProperties.class], URL [jar:file:/C:/Users/alexander.angulo/.gradle/caches/modules-2/files-2.1/org.springframework.data/spring-data-rest-webmvc/3.0.7.RELEASE/684949215006f844591c6a8632356f483752fca0/spring-data-rest-webmvc-3.0.7.RELEASE.jar!/org/springframework/data/rest/webmvc/json/patch/CopyOperation$CopyOperationBuilder.class], URL [jar:file:/C:/Users/alexander.angulo/.gradle/caches/modules-2/files-2.1/org.springframework.data/spring-data-rest-webmvc/3.0.7.RELEASE/684949215006f844591c6a8632356f483752fca0/spring-data-rest-webmvc-3.0.7.RELEASE.jar!/org/springframework/data/rest/webmvc/json/patch/Patch.class], URL [jar:file:/C:/Users/alexander.angulo/.gradle/caches/modules-2/files-2.1/org.springframework.data/spring-data-rest-webmvc/3.0.7.RELEASE/684949215006f844591c6a8632356f483752fca0/spring-data-rest-webmvc-3.0.7.RELEASE.jar!/org/springframework/data/rest/webmvc/json/patch/MoveOperation.class], URL [jar:file:/C:/Users/alexander.angulo/.gradle/caches/modules-2/files-2.1/org.springframework.data/spring-data-rest-webmvc/3.0.7.RELEASE/684949215006f844591c6a8632356f483752fca0/spring-data-rest-webmvc-3.0.7.RELEASE.jar!/org/springframework/data/rest/webmvc/json/PersistentEntityJackson2Module$ProjectionResourceContent.class], URL [jar:file:/C:/Users/alexander.angulo/.gradle/caches/modules-2/files-2.1/org.springframework.data/spring-data-rest-webmvc/3.0.7.RELEASE/684949215006f844591c6a8632356f483752fca0/spring-data-rest-webmvc-3.0.7.RELEASE.jar!/org/springframework/data/rest/webmvc/json/PersistentEntityJackson2Module$1.class], URL [jar:file:/C:/Users/alexander.angulo/.gradle/caches/modules-2/files-2.1/org.springframework.data/spring-data-rest-webmvc/3.0.7.RELEASE/684949215006f844591c6a8632356f483752fca0/spring-data-rest-webmvc-3.0.7.RELEASE.jar!/org/springframework/data/rest/webmvc/json/PersistentEntityJackson2Module$RepositoryInvokingDeserializer.class], URL [jar:file:/C:/Users/alexander.angulo/.gradle/caches/modules-2/files-2.1/org.springframework.data/spring-data-rest-webmvc/3.0.7.RELEASE/684949215006f844591c6a8632356f483752fca0/spring-data-rest-webmvc-3.0.7.RELEASE.jar!/org/springframework/data/rest/webmvc/json/EnumTranslator.class], URL [jar:file:/C:/Users/alexander.angulo/.gradle/caches/modules-2/files-2.1/org.springframework.data/spring-data-rest-webmvc/3.0.7.RELEASE/684949215006f844591c6a8632356f483752fca0/spring-data-rest-webmvc-3.0.7.RELEASE.jar!/org/springframework/data/rest/webmvc/support/DefaultedPageableHandlerMethodArgumentResolver.class], URL [jar:file:/C:/Users/alexander.angulo/.gradle/caches/modules-2/files-2.1/org.springframework.data/spring-data-rest-webmvc/3.0.7.RELEASE/684949215006f844591c6a8632356f483752fca0/spring-data-rest-webmvc-3.0.7.RELEASE.jar!/org/springframework/data/rest/webmvc/support/DefaultedPageable.class], URL [jar:file:/C:/Users/alexander.angulo/.gradle/caches/modules-2/files-2.1/org.springframework.data/spring-data-rest-webmvc/3.0.7.RELEASE/684949215006f844591c6a8632356f483752fca0/spring-data-rest-webmvc-3.0.7.RELEASE.jar!/org/springframework/data/rest/webmvc/support/DelegatingHandlerMapping$HandlerSelectionResult.class], URL [jar:file:/C:/Users/alexander.angulo/.gradle/caches/modules-2/files-2.1/org.springframework.data/spring-data-rest-webmvc/3.0.7.RELEASE/684949215006f844591c6a8632356f483752fca0/spring-data-rest-webmvc-3.0.7.RELEASE.jar!/org/springframework/data/rest/webmvc/support/Projector.class], URL [jar:file:/C:/Users/alexander.angulo/.gradle/caches/modules-2/files-2.1/org.springframework.data/spring-data-rest-webmvc/3.0.7.RELEASE/684949215006f844591c6a8632356f483752fca0/spring-data-rest-webmvc-3.0.7.RELEASE.jar!/org/springframework/data/rest/webmvc/RepositoryPropertyReferenceController$HttpRequestMethodNotSupportedException.class], URL [jar:file:/C:/Users/alexander.angulo/.gradle/caches/modules-2/files-2.1/org.springframework.data/spring-data-rest-webmvc/3.0.7.RELEASE/684949215006f844591c6a8632356f483752fca0/spring-data-rest-webmvc-3.0.7.RELEASE.jar!/org/springframework/data/rest/webmvc/BasePathAwareHandlerMapping$UriAwareHttpServletRequest.class], URL [jar:file:/C:/Users/alexander.angulo/.gradle/caches/modules-2/files-2.1/org.springframework.data/spring-data-rest-webmvc/3.0.7.RELEASE/684949215006f844591c6a8632356f483752fca0/spring-data-rest-webmvc-3.0.7.RELEASE.jar!/org/springframework/data/rest/webmvc/alps/RootResourceInformationToAlpsDescriptorConverter.class], URL [jar:file:/C:/Users/alexander.angulo/.gradle/caches/modules-2/files-2.1/org.springframework.data/spring-data-rest-webmvc/3.0.7.RELEASE/684949215006f844591c6a8632356f483752fca0/spring-data-rest-webmvc-3.0.7.RELEASE.jar!/org/springframework/data/rest/webmvc/RepositoryRestController.class]]
[DEBUG] Identified candidate component class: URL [jar:file:/C:/Users/alexander.angulo/.gradle/caches/modules-2/files-2.1/org.springframework.data/spring-data-rest-webmvc/3.0.7.RELEASE/684949215006f844591c6a8632356f483752fca0/spring-data-rest-webmvc-3.0.7.RELEASE.jar!/org/springframework/data/rest/webmvc/ProfileController.class]
[DEBUG] Identified candidate component class: URL [jar:file:/C:/Users/alexander.angulo/.gradle/caches/modules-2/files-2.1/org.springframework.data/spring-data-rest-webmvc/3.0.7.RELEASE/684949215006f844591c6a8632356f483752fca0/spring-data-rest-webmvc-3.0.7.RELEASE.jar!/org/springframework/data/rest/webmvc/alps/AlpsController.class]
[DEBUG] Identified candidate component class: URL [jar:file:/C:/Users/alexander.angulo/.gradle/caches/modules-2/files-2.1/org.springframework.data/spring-data-rest-webmvc/3.0.7.RELEASE/684949215006f844591c6a8632356f483752fca0/spring-data-rest-webmvc-3.0.7.RELEASE.jar!/org/springframework/data/rest/webmvc/RepositoryEntityController.class]
[DEBUG] Identified candidate component class: URL [jar:file:/C:/Users/alexander.angulo/.gradle/caches/modules-2/files-2.1/org.springframework.data/spring-data-rest-webmvc/3.0.7.RELEASE/684949215006f844591c6a8632356f483752fca0/spring-data-rest-webmvc-3.0.7.RELEASE.jar!/org/springframework/data/rest/webmvc/RepositorySearchController.class]
[DEBUG] Identified candidate component class: URL [jar:file:/C:/Users/alexander.angulo/.gradle/caches/modules-2/files-2.1/org.springframework.data/spring-data-rest-webmvc/3.0.7.RELEASE/684949215006f844591c6a8632356f483752fca0/spring-data-rest-webmvc-3.0.7.RELEASE.jar!/org/springframework/data/rest/webmvc/RepositorySchemaController.class]
[DEBUG] Identified candidate component class: URL [jar:file:/C:/Users/alexander.angulo/.gradle/caches/modules-2/files-2.1/org.springframework.data/spring-data-rest-webmvc/3.0.7.RELEASE/684949215006f844591c6a8632356f483752fca0/spring-data-rest-webmvc-3.0.7.RELEASE.jar!/org/springframework/data/rest/webmvc/RepositoryController.class]
[DEBUG] Identified candidate component class: URL [jar:file:/C:/Users/alexander.angulo/.gradle/caches/modules-2/files-2.1/org.springframework.data/spring-data-rest-webmvc/3.0.7.RELEASE/684949215006f844591c6a8632356f483752fca0/spring-data-rest-webmvc-3.0.7.RELEASE.jar!/org/springframework/data/rest/webmvc/RepositoryPropertyReferenceController.class]
[DEBUG] Ignored because not a concrete top-level class: URL [jar:file:/C:/Users/alexander.angulo/.gradle/caches/modules-2/files-2.1/org.springframework.data/spring-data-rest-webmvc/3.0.7.RELEASE/684949215006f844591c6a8632356f483752fca0/spring-data-rest-webmvc-3.0.7.RELEASE.jar!/org/springframework/data/rest/webmvc/RepositoryRestController.class]
[DEBUG] Returning cached instance of singleton bean 'autoConfigurationReport'
[DEBUG] Returning cached instance of singleton bean 'autoConfigurationReport'
[DEBUG] Returning cached instance of singleton bean 'autoConfigurationReport'
[DEBUG] Returning cached instance of singleton bean 'autoConfigurationReport'
[DEBUG] Returning cached instance of singleton bean 'autoConfigurationReport'
[DEBUG] Returning cached instance of singleton bean 'autoConfigurationReport'
[DEBUG] Returning cached instance of singleton bean 'autoConfigurationReport'
[DEBUG] Returning cached instance of singleton bean 'autoConfigurationReport'
[DEBUG] Returning cached instance of singleton bean 'autoConfigurationReport'
[DEBUG] Returning cached instance of singleton bean 'autoConfigurationReport'
[DEBUG] Returning cached instance of singleton bean 'autoConfigurationReport'
[DEBUG] Returning cached instance of singleton bean 'autoConfigurationReport'
[DEBUG] Returning cached instance of singleton bean 'autoConfigurationReport'
[DEBUG] Returning cached instance of singleton bean 'autoConfigurationReport'
[DEBUG] Returning cached instance of singleton bean 'autoConfigurationReport'
[DEBUG] Returning cached instance of singleton bean 'autoConfigurationReport'
[DEBUG] Returning cached instance of singleton bean 'autoConfigurationReport'
[DEBUG] Returning cached instance of singleton bean 'autoConfigurationReport'
[DEBUG] Returning cached instance of singleton bean 'autoConfigurationReport'
[DEBUG] Returning cached instance of singleton bean 'autoConfigurationReport'
[DEBUG] Returning cached instance of singleton bean 'autoConfigurationReport'
[DEBUG] Returning cached instance of singleton bean 'autoConfigurationReport'
[DEBUG] Returning cached instance of singleton bean 'autoConfigurationReport'
[DEBUG] Returning cached instance of singleton bean 'autoConfigurationReport'
[DEBUG] Registered bean definition for imported class 'org.springframework.boot.autoconfigure.context.PropertyPlaceholderAutoConfiguration'
[DEBUG] Creating shared instance of singleton bean 'org.springframework.boot.autoconfigure.condition.BeanTypeRegistry'
[DEBUG] Creating instance of bean 'org.springframework.boot.autoconfigure.condition.BeanTypeRegistry'
[DEBUG] Eagerly caching bean 'org.springframework.boot.autoconfigure.condition.BeanTypeRegistry' to allow for resolving potential circular references
[DEBUG] Finished creating instance of bean 'org.springframework.boot.autoconfigure.condition.BeanTypeRegistry'
[DEBUG] Returning cached instance of singleton bean 'autoConfigurationReport'
[DEBUG] Registering bean definition for @Bean method org.springframework.boot.autoconfigure.context.PropertyPlaceholderAutoConfiguration.propertySourcesPlaceholderConfigurer()
[DEBUG] Returning cached instance of singleton bean 'autoConfigurationReport'
[DEBUG] Returning cached instance of singleton bean 'autoConfigurationReport'
[DEBUG] Returning cached instance of singleton bean 'autoConfigurationReport'
[DEBUG] Registered bean definition for imported class 'org.springframework.boot.autoconfigure.websocket.servlet.WebSocketServletAutoConfiguration$TomcatWebSocketConfiguration'
[DEBUG] Returning cached instance of singleton bean 'autoConfigurationReport'
[DEBUG] Registering bean definition for @Bean method org.springframework.boot.autoconfigure.websocket.servlet.WebSocketServletAutoConfiguration$TomcatWebSocketConfiguration.websocketContainerCustomizer()
[DEBUG] Registered bean definition for imported class 'org.springframework.boot.autoconfigure.websocket.servlet.WebSocketServletAutoConfiguration'
[DEBUG] Returning cached instance of singleton bean 'autoConfigurationReport'
[DEBUG] Returning cached instance of singleton bean 'autoConfigurationReport'
[DEBUG] Returning cached instance of singleton bean 'autoConfigurationReport'
[DEBUG] Returning cached instance of singleton bean 'org.springframework.boot.autoconfigure.condition.BeanTypeRegistry'
[DEBUG] Returning cached instance of singleton bean 'autoConfigurationReport'
[DEBUG] Registered bean definition for imported class 'org.springframework.boot.autoconfigure.web.servlet.ServletWebServerFactoryConfiguration$EmbeddedTomcat'
[DEBUG] Registering bean definition for @Bean method org.springframework.boot.autoconfigure.web.servlet.ServletWebServerFactoryConfiguration$EmbeddedTomcat.tomcatServletWebServerFactory()
[DEBUG] Registered bean definition for imported class 'org.springframework.boot.autoconfigure.web.servlet.ServletWebServerFactoryAutoConfiguration'
[DEBUG] Registering bean definition for @Bean method org.springframework.boot.autoconfigure.web.servlet.ServletWebServerFactoryAutoConfiguration.servletWebServerFactoryCustomizer()
[DEBUG] Returning cached instance of singleton bean 'autoConfigurationReport'
[DEBUG] Registering bean definition for @Bean method org.springframework.boot.autoconfigure.web.servlet.ServletWebServerFactoryAutoConfiguration.tomcatServletWebServerFactoryCustomizer()
[DEBUG] Returning cached instance of singleton bean 'autoConfigurationReport'
[DEBUG] Returning cached instance of singleton bean 'autoConfigurationReport'
[DEBUG] Returning cached instance of singleton bean 'autoConfigurationReport'
[DEBUG] Returning cached instance of singleton bean 'autoConfigurationReport'
[DEBUG] Returning cached instance of singleton bean 'autoConfigurationReport'
[DEBUG] Returning cached instance of singleton bean 'autoConfigurationReport'
[DEBUG] Registered bean definition for imported class 'org.springframework.boot.autoconfigure.web.servlet.DispatcherServletAutoConfiguration$DispatcherServletConfiguration'
[DEBUG] Registering bean definition for @Bean method org.springframework.boot.autoconfigure.web.servlet.DispatcherServletAutoConfiguration$DispatcherServletConfiguration.dispatcherServlet()
[DEBUG] Returning cached instance of singleton bean 'org.springframework.boot.autoconfigure.condition.BeanTypeRegistry'
[DEBUG] Returning cached instance of singleton bean 'autoConfigurationReport'
[DEBUG] Registering bean definition for @Bean method org.springframework.boot.autoconfigure.web.servlet.DispatcherServletAutoConfiguration$DispatcherServletConfiguration.mainDispatcherServletPathProvider()
[DEBUG] Registered bean definition for imported class 'org.springframework.boot.autoconfigure.web.servlet.DispatcherServletAutoConfiguration$DispatcherServletRegistrationConfiguration'
[DEBUG] Returning cached instance of singleton bean 'org.springframework.boot.autoconfigure.condition.BeanTypeRegistry'
[DEBUG] Returning cached instance of singleton bean 'autoConfigurationReport'
[DEBUG] Registering bean definition for @Bean method org.springframework.boot.autoconfigure.web.servlet.DispatcherServletAutoConfiguration$DispatcherServletRegistrationConfiguration.dispatcherServletRegistration()
[DEBUG] Registered bean definition for imported class 'org.springframework.boot.autoconfigure.web.servlet.DispatcherServletAutoConfiguration'
[DEBUG] Returning cached instance of singleton bean 'autoConfigurationReport'
[DEBUG] Returning cached instance of singleton bean 'autoConfigurationReport'
[DEBUG] Registered bean definition for imported class 'org.springframework.boot.autoconfigure.validation.ValidationAutoConfiguration'
[DEBUG] Returning cached instance of singleton bean 'org.springframework.boot.autoconfigure.condition.BeanTypeRegistry'
[DEBUG] Returning cached instance of singleton bean 'autoConfigurationReport'
[DEBUG] Registering bean definition for @Bean method org.springframework.boot.autoconfigure.validation.ValidationAutoConfiguration.defaultValidator()
[DEBUG] Returning cached instance of singleton bean 'org.springframework.boot.autoconfigure.condition.BeanTypeRegistry'
[DEBUG] Returning cached instance of singleton bean 'autoConfigurationReport'
[DEBUG] Registering bean definition for @Bean method org.springframework.boot.autoconfigure.validation.ValidationAutoConfiguration.methodValidationPostProcessor()
[DEBUG] Returning cached instance of singleton bean 'autoConfigurationReport'
[DEBUG] Returning cached instance of singleton bean 'autoConfigurationReport'
[DEBUG] Returning cached instance of singleton bean 'autoConfigurationReport'
[DEBUG] Could not find key 'spring.template.provider.cache' in any property source
[DEBUG] Returning cached instance of singleton bean 'autoConfigurationReport'
[DEBUG] Registered bean definition for imported class 'org.springframework.boot.autoconfigure.web.servlet.error.ErrorMvcAutoConfiguration$WhitelabelErrorViewConfiguration'
[DEBUG] Returning cached instance of singleton bean 'autoConfigurationReport'
[DEBUG] Registering bean definition for @Bean method org.springframework.boot.autoconfigure.web.servlet.error.ErrorMvcAutoConfiguration$WhitelabelErrorViewConfiguration.error()
[DEBUG] Returning cached instance of singleton bean 'org.springframework.boot.autoconfigure.condition.BeanTypeRegistry'
[DEBUG] Returning cached instance of singleton bean 'autoConfigurationReport'
[DEBUG] Registering bean definition for @Bean method org.springframework.boot.autoconfigure.web.servlet.error.ErrorMvcAutoConfiguration$WhitelabelErrorViewConfiguration.beanNameViewResolver()
[DEBUG] Registered bean definition for imported class 'org.springframework.boot.autoconfigure.web.servlet.error.ErrorMvcAutoConfiguration$DefaultErrorViewResolverConfiguration'
[DEBUG] Returning cached instance of singleton bean 'org.springframework.boot.autoconfigure.condition.BeanTypeRegistry'
[DEBUG] Returning cached instance of singleton bean 'org.springframework.boot.autoconfigure.condition.BeanTypeRegistry'
[DEBUG] Returning cached instance of singleton bean 'autoConfigurationReport'
[DEBUG] Returning cached instance of singleton bean 'org.springframework.boot.autoconfigure.condition.BeanTypeRegistry'
[DEBUG] Returning cached instance of singleton bean 'org.springframework.boot.autoconfigure.condition.BeanTypeRegistry'
[DEBUG] Returning cached instance of singleton bean 'autoConfigurationReport'
[DEBUG] Registering bean definition for @Bean method org.springframework.boot.autoconfigure.web.servlet.error.ErrorMvcAutoConfiguration$DefaultErrorViewResolverConfiguration.conventionErrorViewResolver()
[DEBUG] Registered bean definition for imported class 'org.springframework.boot.autoconfigure.web.servlet.error.ErrorMvcAutoConfiguration'
[DEBUG] Returning cached instance of singleton bean 'org.springframework.boot.autoconfigure.condition.BeanTypeRegistry'
[DEBUG] Returning cached instance of singleton bean 'autoConfigurationReport'
[DEBUG] Registering bean definition for @Bean method org.springframework.boot.autoconfigure.web.servlet.error.ErrorMvcAutoConfiguration.errorAttributes()
[DEBUG] Returning cached instance of singleton bean 'org.springframework.boot.autoconfigure.condition.BeanTypeRegistry'
[DEBUG] Returning cached instance of singleton bean 'autoConfigurationReport'
[DEBUG] Registering bean definition for @Bean method org.springframework.boot.autoconfigure.web.servlet.error.ErrorMvcAutoConfiguration.basicErrorController()
[DEBUG] Registering bean definition for @Bean method org.springframework.boot.autoconfigure.web.servlet.error.ErrorMvcAutoConfiguration.errorPageCustomizer()
[DEBUG] Registering bean definition for @Bean method org.springframework.boot.autoconfigure.web.servlet.error.ErrorMvcAutoConfiguration.preserveErrorControllerTargetClassPostProcessor()
[DEBUG] Returning cached instance of singleton bean 'autoConfigurationReport'
[DEBUG] Returning cached instance of singleton bean 'autoConfigurationReport'
[DEBUG] Returning cached instance of singleton bean 'org.springframework.boot.autoconfigure.condition.BeanTypeRegistry'
[DEBUG] Returning cached instance of singleton bean 'autoConfigurationReport'
[DEBUG] Returning cached instance of singleton bean 'autoConfigurationReport'
[DEBUG] Registered bean definition for imported class 'org.springframework.boot.autoconfigure.web.servlet.WebMvcAutoConfiguration$WebMvcAutoConfigurationAdapter$FaviconConfiguration'
[DEBUG] Registering bean definition for @Bean method org.springframework.boot.autoconfigure.web.servlet.WebMvcAutoConfiguration$WebMvcAutoConfigurationAdapter$FaviconConfiguration.faviconHandlerMapping()
[DEBUG] Registering bean definition for @Bean method org.springframework.boot.autoconfigure.web.servlet.WebMvcAutoConfiguration$WebMvcAutoConfigurationAdapter$FaviconConfiguration.faviconRequestHandler()
[DEBUG] Registered bean definition for imported class 'org.springframework.boot.autoconfigure.web.servlet.WebMvcAutoConfiguration$EnableWebMvcConfiguration'
[DEBUG] Registering bean definition for @Bean method org.springframework.boot.autoconfigure.web.servlet.WebMvcAutoConfiguration$EnableWebMvcConfiguration.requestMappingHandlerAdapter()
[DEBUG] Registering bean definition for @Bean method org.springframework.boot.autoconfigure.web.servlet.WebMvcAutoConfiguration$EnableWebMvcConfiguration.requestMappingHandlerMapping()
[DEBUG] Registering bean definition for @Bean method org.springframework.boot.autoconfigure.web.servlet.WebMvcAutoConfiguration$EnableWebMvcConfiguration.mvcConversionService()
[DEBUG] Registering bean definition for @Bean method org.springframework.boot.autoconfigure.web.servlet.WebMvcAutoConfiguration$EnableWebMvcConfiguration.mvcValidator()
[DEBUG] Registering bean definition for @Bean method org.springframework.boot.autoconfigure.web.servlet.WebMvcAutoConfiguration$EnableWebMvcConfiguration.mvcContentNegotiationManager()
[DEBUG] Registering bean definition for @Bean method org.springframework.boot.autoconfigure.web.servlet.WebMvcAutoConfiguration$EnableWebMvcConfiguration.mvcPathMatcher()
[DEBUG] Registering bean definition for @Bean method org.springframework.boot.autoconfigure.web.servlet.WebMvcAutoConfiguration$EnableWebMvcConfiguration.mvcUrlPathHelper()
[DEBUG] Registering bean definition for @Bean method org.springframework.boot.autoconfigure.web.servlet.WebMvcAutoConfiguration$EnableWebMvcConfiguration.viewControllerHandlerMapping()
[DEBUG] Registering bean definition for @Bean method org.springframework.boot.autoconfigure.web.servlet.WebMvcAutoConfiguration$EnableWebMvcConfiguration.beanNameHandlerMapping()
[DEBUG] Registering bean definition for @Bean method org.springframework.boot.autoconfigure.web.servlet.WebMvcAutoConfiguration$EnableWebMvcConfiguration.resourceHandlerMapping()
[DEBUG] Registering bean definition for @Bean method org.springframework.boot.autoconfigure.web.servlet.WebMvcAutoConfiguration$EnableWebMvcConfiguration.mvcResourceUrlProvider()
[DEBUG] Registering bean definition for @Bean method org.springframework.boot.autoconfigure.web.servlet.WebMvcAutoConfiguration$EnableWebMvcConfiguration.defaultServletHandlerMapping()
[DEBUG] Registering bean definition for @Bean method org.springframework.boot.autoconfigure.web.servlet.WebMvcAutoConfiguration$EnableWebMvcConfiguration.mvcUriComponentsContributor()
[DEBUG] Registering bean definition for @Bean method org.springframework.boot.autoconfigure.web.servlet.WebMvcAutoConfiguration$EnableWebMvcConfiguration.httpRequestHandlerAdapter()
[DEBUG] Registering bean definition for @Bean method org.springframework.boot.autoconfigure.web.servlet.WebMvcAutoConfiguration$EnableWebMvcConfiguration.simpleControllerHandlerAdapter()
[DEBUG] Registering bean definition for @Bean method org.springframework.boot.autoconfigure.web.servlet.WebMvcAutoConfiguration$EnableWebMvcConfiguration.handlerExceptionResolver()
[DEBUG] Registering bean definition for @Bean method org.springframework.boot.autoconfigure.web.servlet.WebMvcAutoConfiguration$EnableWebMvcConfiguration.mvcViewResolver()
[DEBUG] Registering bean definition for @Bean method org.springframework.boot.autoconfigure.web.servlet.WebMvcAutoConfiguration$EnableWebMvcConfiguration.mvcHandlerMappingIntrospector()
[DEBUG] Registered bean definition for imported class 'org.springframework.boot.autoconfigure.web.servlet.WebMvcAutoConfiguration$WebMvcAutoConfigurationAdapter'
[DEBUG] Returning cached instance of singleton bean 'org.springframework.boot.autoconfigure.condition.BeanTypeRegistry'
[DEBUG] Returning cached instance of singleton bean 'autoConfigurationReport'
[DEBUG] Registering bean definition for @Bean method org.springframework.boot.autoconfigure.web.servlet.WebMvcAutoConfiguration$WebMvcAutoConfigurationAdapter.defaultViewResolver()
[DEBUG] Returning cached instance of singleton bean 'org.springframework.boot.autoconfigure.condition.BeanTypeRegistry'
[DEBUG] Returning cached instance of singleton bean 'org.springframework.boot.autoconfigure.condition.BeanTypeRegistry'
[DEBUG] Returning cached instance of singleton bean 'autoConfigurationReport'
[DEBUG] Returning cached instance of singleton bean 'org.springframework.boot.autoconfigure.condition.BeanTypeRegistry'
[DEBUG] Returning cached instance of singleton bean 'org.springframework.boot.autoconfigure.condition.BeanTypeRegistry'
[DEBUG] Returning cached instance of singleton bean 'autoConfigurationReport'
[DEBUG] Returning cached instance of singleton bean 'org.springframework.boot.autoconfigure.condition.BeanTypeRegistry'
[DEBUG] Returning cached instance of singleton bean 'org.springframework.boot.autoconfigure.condition.BeanTypeRegistry'
[DEBUG] Returning cached instance of singleton bean 'autoConfigurationReport'
[DEBUG] Registering bean definition for @Bean method org.springframework.boot.autoconfigure.web.servlet.WebMvcAutoConfiguration$WebMvcAutoConfigurationAdapter.viewResolver()
[DEBUG] Returning cached instance of singleton bean 'autoConfigurationReport'
[DEBUG] Registering bean definition for @Bean method org.springframework.boot.autoconfigure.web.servlet.WebMvcAutoConfiguration$WebMvcAutoConfigurationAdapter.welcomePageHandlerMapping()
[DEBUG] Returning cached instance of singleton bean 'org.springframework.boot.autoconfigure.condition.BeanTypeRegistry'
[DEBUG] Returning cached instance of singleton bean 'org.springframework.boot.autoconfigure.condition.BeanTypeRegistry'
[DEBUG] Returning cached instance of singleton bean 'autoConfigurationReport'
[DEBUG] Registering bean definition for @Bean method org.springframework.boot.autoconfigure.web.servlet.WebMvcAutoConfiguration$WebMvcAutoConfigurationAdapter.requestContextFilter()
[DEBUG] Registered bean definition for imported class 'org.springframework.boot.autoconfigure.web.servlet.WebMvcAutoConfiguration'
[DEBUG] Returning cached instance of singleton bean 'org.springframework.boot.autoconfigure.condition.BeanTypeRegistry'
[DEBUG] Returning cached instance of singleton bean 'autoConfigurationReport'
[DEBUG] Registering bean definition for @Bean method org.springframework.boot.autoconfigure.web.servlet.WebMvcAutoConfiguration.hiddenHttpMethodFilter()
[DEBUG] Returning cached instance of singleton bean 'autoConfigurationReport'
[DEBUG] Returning cached instance of singleton bean 'org.springframework.boot.autoconfigure.condition.BeanTypeRegistry'
[DEBUG] Returning cached instance of singleton bean 'autoConfigurationReport'
[DEBUG] Registering bean definition for @Bean method org.springframework.boot.autoconfigure.web.servlet.WebMvcAutoConfiguration.httpPutFormContentFilter()
[DEBUG] Returning cached instance of singleton bean 'autoConfigurationReport'
[DEBUG] Returning cached instance of singleton bean 'autoConfigurationReport'
[DEBUG] Returning cached instance of singleton bean 'autoConfigurationReport'
[DEBUG] Registered bean definition for imported class 'org.springframework.boot.autoconfigure.aop.AopAutoConfiguration$CglibAutoProxyConfiguration'
[DEBUG] Registered bean definition for imported class 'org.springframework.boot.autoconfigure.aop.AopAutoConfiguration'
[DEBUG] Returning cached instance of singleton bean 'autoConfigurationReport'
[DEBUG] Returning cached instance of singleton bean 'org.springframework.boot.autoconfigure.condition.BeanTypeRegistry'
[DEBUG] Returning cached instance of singleton bean 'autoConfigurationReport'
[DEBUG] Registered bean definition for imported class 'org.springframework.boot.autoconfigure.context.ConfigurationPropertiesAutoConfiguration'
[DEBUG] Returning cached instance of singleton bean 'autoConfigurationReport'
[DEBUG] Registered bean definition for imported class 'org.springframework.boot.autoconfigure.dao.PersistenceExceptionTranslationAutoConfiguration'
[DEBUG] Returning cached instance of singleton bean 'autoConfigurationReport'
[DEBUG] Returning cached instance of singleton bean 'org.springframework.boot.autoconfigure.condition.BeanTypeRegistry'
[DEBUG] Returning cached instance of singleton bean 'autoConfigurationReport'
[DEBUG] Registering bean definition for @Bean method org.springframework.boot.autoconfigure.dao.PersistenceExceptionTranslationAutoConfiguration.persistenceExceptionTranslationPostProcessor()
[DEBUG] Returning cached instance of singleton bean 'autoConfigurationReport'
[DEBUG] Returning cached instance of singleton bean 'autoConfigurationReport'
[DEBUG] Registered bean definition for imported class 'org.springframework.boot.autoconfigure.transaction.jta.JtaAutoConfiguration'
[DEBUG] Returning cached instance of singleton bean 'autoConfigurationReport'
[DEBUG] Returning cached instance of singleton bean 'org.springframework.boot.autoconfigure.condition.BeanTypeRegistry'
[DEBUG] Returning cached instance of singleton bean 'autoConfigurationReport'
[DEBUG] Returning cached instance of singleton bean 'autoConfigurationReport'
[DEBUG] Returning cached instance of singleton bean 'org.springframework.boot.autoconfigure.condition.BeanTypeRegistry'
[DEBUG] Returning cached instance of singleton bean 'org.springframework.boot.autoconfigure.condition.BeanTypeRegistry'
[DEBUG] Returning cached instance of singleton bean 'autoConfigurationReport'
[DEBUG] Returning cached instance of singleton bean 'autoConfigurationReport'
[DEBUG] Returning cached instance of singleton bean 'autoConfigurationReport'
[DEBUG] Registered bean definition for imported class 'org.springframework.boot.autoconfigure.jdbc.DataSourceConfiguration$Hikari'
[DEBUG] Registering bean definition for @Bean method org.springframework.boot.autoconfigure.jdbc.DataSourceConfiguration$Hikari.dataSource()
[DEBUG] Registered bean definition for imported class 'org.springframework.boot.autoconfigure.jdbc.DataSourceAutoConfiguration$PooledDataSourceConfiguration'
[DEBUG] Returning cached instance of singleton bean 'autoConfigurationReport'
[DEBUG] Registered bean definition for imported class 'org.springframework.boot.autoconfigure.jdbc.metadata.DataSourcePoolMetadataProvidersConfiguration$HikariPoolDataSourceMetadataProviderConfiguration'
[DEBUG] Registering bean definition for @Bean method org.springframework.boot.autoconfigure.jdbc.metadata.DataSourcePoolMetadataProvidersConfiguration$HikariPoolDataSourceMetadataProviderConfiguration.hikariPoolDataSourceMetadataProvider()
[DEBUG] Registered bean definition for imported class 'org.springframework.boot.autoconfigure.jdbc.metadata.DataSourcePoolMetadataProvidersConfiguration'
[DEBUG] Registered bean definition for imported class 'org.springframework.boot.autoconfigure.jdbc.DataSourceInitializerInvoker'
[DEBUG] Registered bean definition for imported class 'org.springframework.boot.autoconfigure.jdbc.DataSourceInitializationConfiguration'
[DEBUG] Registered bean definition for imported class 'org.springframework.boot.autoconfigure.jdbc.DataSourceAutoConfiguration'
[DEBUG] Returning cached instance of singleton bean 'autoConfigurationReport'
[DEBUG] Returning cached instance of singleton bean 'autoConfigurationReport'
[DEBUG] Returning cached instance of singleton bean 'org.springframework.boot.autoconfigure.condition.BeanTypeRegistry'
[DEBUG] Returning cached instance of singleton bean 'autoConfigurationReport'
[DEBUG] Returning cached instance of singleton bean 'autoConfigurationReport'
[DEBUG] Returning cached instance of singleton bean 'autoConfigurationReport'
[DEBUG] Returning cached instance of singleton bean 'autoConfigurationReport'
[DEBUG] Returning cached instance of singleton bean 'org.springframework.boot.autoconfigure.condition.BeanTypeRegistry'
[DEBUG] Returning cached instance of singleton bean 'org.springframework.boot.autoconfigure.condition.BeanTypeRegistry'
[DEBUG] Returning cached instance of singleton bean 'autoConfigurationReport'
[DEBUG] Registered bean definition for imported class 'org.springframework.boot.autoconfigure.orm.jpa.JpaBaseConfiguration$JpaWebConfiguration$JpaWebMvcConfiguration'
[DEBUG] Registering bean definition for @Bean method org.springframework.boot.autoconfigure.orm.jpa.JpaBaseConfiguration$JpaWebConfiguration$JpaWebMvcConfiguration.openEntityManagerInViewInterceptor()
[DEBUG] Registered bean definition for imported class 'org.springframework.boot.autoconfigure.orm.jpa.JpaBaseConfiguration$JpaWebConfiguration'
[DEBUG] Registered bean definition for imported class 'org.springframework.boot.autoconfigure.orm.jpa.HibernateJpaConfiguration'
[DEBUG] Returning cached instance of singleton bean 'org.springframework.boot.autoconfigure.condition.BeanTypeRegistry'
[DEBUG] Returning cached instance of singleton bean 'autoConfigurationReport'
[DEBUG] Registering bean definition for @Bean method org.springframework.boot.autoconfigure.orm.jpa.HibernateJpaConfiguration.transactionManager()
[DEBUG] Returning cached instance of singleton bean 'org.springframework.boot.autoconfigure.condition.BeanTypeRegistry'
[DEBUG] Returning cached instance of singleton bean 'autoConfigurationReport'
[DEBUG] Registering bean definition for @Bean method org.springframework.boot.autoconfigure.orm.jpa.HibernateJpaConfiguration.jpaVendorAdapter()
[DEBUG] Returning cached instance of singleton bean 'org.springframework.boot.autoconfigure.condition.BeanTypeRegistry'
[DEBUG] Returning cached instance of singleton bean 'autoConfigurationReport'
[DEBUG] Registering bean definition for @Bean method org.springframework.boot.autoconfigure.orm.jpa.HibernateJpaConfiguration.entityManagerFactoryBuilder()
[DEBUG] Returning cached instance of singleton bean 'org.springframework.boot.autoconfigure.condition.BeanTypeRegistry'
[DEBUG] Returning cached instance of singleton bean 'org.springframework.boot.autoconfigure.condition.BeanTypeRegistry'
[DEBUG] Returning cached instance of singleton bean 'autoConfigurationReport'
[DEBUG] Registering bean definition for @Bean method org.springframework.boot.autoconfigure.orm.jpa.HibernateJpaConfiguration.entityManagerFactory()
[DEBUG] Registered bean definition for imported class 'org.springframework.boot.autoconfigure.orm.jpa.HibernateJpaAutoConfiguration'
[DEBUG] Returning cached instance of singleton bean 'autoConfigurationReport'
[DEBUG] Returning cached instance of singleton bean 'autoConfigurationReport'
[DEBUG] Returning cached instance of singleton bean 'org.springframework.boot.autoconfigure.condition.BeanTypeRegistry'
[DEBUG] Returning cached instance of singleton bean 'org.springframework.boot.autoconfigure.condition.BeanTypeRegistry'
[DEBUG] Returning cached instance of singleton bean 'org.springframework.boot.autoconfigure.condition.BeanTypeRegistry'
[DEBUG] Returning cached instance of singleton bean 'autoConfigurationReport'
[DEBUG] Returning cached instance of singleton bean 'org.springframework.boot.autoconfigure.condition.BeanTypeRegistry'
[DEBUG] Returning cached instance of singleton bean 'org.springframework.boot.autoconfigure.condition.BeanTypeRegistry'
[DEBUG] Returning cached instance of singleton bean 'org.springframework.boot.autoconfigure.condition.BeanTypeRegistry'
[DEBUG] Returning cached instance of singleton bean 'autoConfigurationReport'
[DEBUG] Registered bean definition for imported class 'org.springframework.boot.autoconfigure.data.jpa.JpaRepositoriesAutoConfiguration'
[DEBUG] Adding PropertySource 'systemProperties' with lowest search precedence
[DEBUG] Adding PropertySource 'systemEnvironment' with lowest search precedence
[DEBUG] Initialized StandardEnvironment with PropertySources [MapPropertySource@1991256830 {name='systemProperties', properties={java.runtime.name=Java(TM) SE Runtime Environment, sun.boot.library.path=C:\Program Files\Java\jdk1.8.0_172\jre\bin, java.vm.version=25.172-b11, java.vm.vendor=Oracle Corporation, java.vendor.url=http://java.oracle.com/, path.separator=;, java.vm.name=Java HotSpot(TM) 64-Bit Server VM, file.encoding.pkg=sun.io, user.script=, sun.java.launcher=SUN_STANDARD, user.country=US, sun.os.patch.level=, PID=7896, java.vm.specification.name=Java Virtual Machine Specification, user.dir=C:\Users\alexander.angulo\Music\version2\parqueadero, java.runtime.version=1.8.0_172-b11, java.awt.graphicsenv=sun.awt.Win32GraphicsEnvironment, java.endorsed.dirs=C:\Program Files\Java\jdk1.8.0_172\jre\lib\endorsed, os.arch=amd64, java.io.tmpdir=C:\Users\ALEXAN~1.ANG\AppData\Local\Temp\, line.separator=
, java.vm.specification.vendor=Oracle Corporation, user.variant=, os.name=Windows 10, net.sourceforge.cobertura.datafile=C:\Users\alexander.angulo\Music\version2\parqueadero\build\cobertura\cobertura.ser, sun.jnu.encoding=Cp1252, spring.beaninfo.ignore=true, java.library.path=C:\Program Files\Java\jdk1.8.0_172\bin;C:\Windows\Sun\Java\bin;C:\Windows\system32;C:\Windows;C:/Program Files/Java/jre1.8.0_172/bin/server;C:/Program Files/Java/jre1.8.0_172/bin;C:/Program Files/Java/jre1.8.0_172/lib/amd64;C:\Program Files (x86)\Common Files\Oracle\Java\javapath;C:\Oracle\product\11.1.0\client_1\bin;C:\Program Files\CollabNet\Subversion Client;C:\Windows\system32;C:\Windows;C:\Windows\System32\Wbem;C:\Windows\System32\WindowsPowerShell\v1.0\;C:\Windows\System32\OpenSSH\;C:\Program Files\TortoiseSVN\bin;C:\Program Files\Git\cmd;C:\Program Files\PuTTY\;C:\xampp\mysql\bin;C:\Program Files\nodejs\;C:\Users\alexander.angulo\AppData\Local\Microsoft\WindowsApps;;C:\Program Files\Microsoft VS Code\bin;C:\Users\alexander.angulo\AppData\Roaming\npm;D:\spring-tool-suite\sts-bundle\sts-3.9.4.RELEASE;;., java.specification.name=Java Platform API Specification, java.class.version=52.0, org.gradle.native=false, sun.management.compiler=HotSpot 64-Bit Tiered Compilers, os.version=10.0, user.home=C:\Users\alexander.angulo, user.timezone=America/Bogota, java.awt.printerjob=sun.awt.windows.WPrinterJob, file.encoding=windows-1252, java.specification.version=1.8, java.class.path=C:\Users\alexander.angulo\Music\version2\parqueadero\build\instrumented_classes;C:\Users\alexander.angulo\Music\version2\parqueadero\build\classes\java\test;C:\Users\alexander.angulo\Music\version2\parqueadero\build\resources\test;C:\Users\alexander.angulo\Music\version2\parqueadero\build\classes\java\main;C:\Users\alexander.angulo\Music\version2\parqueadero\build\resources\main;C:\Users\alexander.angulo\.gradle\caches\modules-2\files-2.1\org.springframework.boot\spring-boot-starter-data-jpa\2.0.2.RELEASE\a277d15c247684aaef38852a2e71b8b1ef7357e6\spring-boot-starter-data-jpa-2.0.2.RELEASE.jar;C:\Users\alexander.angulo\.gradle\caches\modules-2\files-2.1\org.springframework.boot\spring-boot-starter-data-rest\2.0.2.RELEASE\1617ded563edcb560034293532d74a6c61132eea\spring-boot-starter-data-rest-2.0.2.RELEASE.jar;C:\Users\alexander.angulo\.gradle\caches\modules-2\files-2.1\org.springframework.boot\spring-boot-starter-web\2.0.2.RELEASE\b6ef0cf4d0a7c6c7e93ff524b84cd1d8f87f67d9\spring-boot-starter-web-2.0.2.RELEASE.jar;C:\Users\alexander.angulo\.gradle\caches\modules-2\files-2.1\mysql\mysql-connector-java\5.1.46\9a3e63b387e376364211e96827bc27db8d7a92e9\mysql-connector-java-5.1.46.jar;C:\Users\alexander.angulo\.gradle\caches\modules-2\files-2.1\org.json\json\20090211\c183aa3a2a6250293808bba12262c8920ce5a51c\json-20090211.jar;C:\Users\alexander.angulo\.gradle\caches\modules-2\files-2.1\org.springframework.boot\spring-boot-starter-test\2.0.2.RELEASE\d9e090412f318586e0f277e24740b79b58ef190b\spring-boot-starter-test-2.0.2.RELEASE.jar;C:\Users\alexander.angulo\.gradle\caches\modules-2\files-2.1\org.springframework.boot\spring-boot-starter-aop\2.0.2.RELEASE\b0b0c7dcfdffaef1b04886c0279772905bc7e9d2\spring-boot-starter-aop-2.0.2.RELEASE.jar;C:\Users\alexander.angulo\.gradle\caches\modules-2\files-2.1\org.springframework.boot\spring-boot-starter-jdbc\2.0.2.RELEASE\f93c2459a06061f889b837d1c2503055df024778\spring-boot-starter-jdbc-2.0.2.RELEASE.jar;C:\Users\alexander.angulo\.gradle\caches\modules-2\files-2.1\org.springframework.boot\spring-boot-starter-json\2.0.2.RELEASE\5edda979838ced5314b8f58a958fe9d6b4b3badd\spring-boot-starter-json-2.0.2.RELEASE.jar;C:\Users\alexander.angulo\.gradle\caches\modules-2\files-2.1\org.springframework.boot\spring-boot-starter\2.0.2.RELEASE\1cda94f0dfcf2b065191782a54b84d2abf96391\spring-boot-starter-2.0.2.RELEASE.jar;C:\Users\alexander.angulo\.gradle\caches\modules-2\files-2.1\org.hibernate\hibernate-core\5.2.17.Final\f2dc36470e7a2ffcf6106bb1625ecf5b54bb5f65\hibernate-core-5.2.17.Final.jar;C:\Users\alexander.angulo\.gradle\caches\modules-2\files-2.1\javax.transaction\javax.transaction-api\1.2\d81aff979d603edd90dcd8db2abc1f4ce6479e3e\javax.transaction-api-1.2.jar;C:\Users\alexander.angulo\.gradle\caches\modules-2\files-2.1\org.springframework.data\spring-data-jpa\2.0.7.RELEASE\9f201f3d3435a9e5422e0edcff3475c46215ffb\spring-data-jpa-2.0.7.RELEASE.jar;C:\Users\alexander.angulo\.gradle\caches\modules-2\files-2.1\org.springframework\spring-aspects\5.0.6.RELEASE\45a7631a64eb82625067587b9796d4418d9e0568\spring-aspects-5.0.6.RELEASE.jar;C:\Users\alexander.angulo\.gradle\caches\modules-2\files-2.1\org.springframework.data\spring-data-rest-webmvc\3.0.7.RELEASE\684949215006f844591c6a8632356f483752fca0\spring-data-rest-webmvc-3.0.7.RELEASE.jar;C:\Users\alexander.angulo\.gradle\caches\modules-2\files-2.1\org.springframework.boot\spring-boot-starter-tomcat\2.0.2.RELEASE\cedbfb18762e1c220007c768bfc5b773f5b30f8a\spring-boot-starter-tomcat-2.0.2.RELEASE.jar;C:\Users\alexander.angulo\.gradle\caches\modules-2\files-2.1\org.hibernate.validator\hibernate-validator\6.0.9.Final\b149e4cce82379f11f6129eb3187ca8ae5404005\hibernate-validator-6.0.9.Final.jar;C:\Users\alexander.angulo\.gradle\caches\modules-2\files-2.1\org.springframework.data\spring-data-rest-core\3.0.7.RELEASE\dd56b4f427987e1d5ab320eee6c3401e32557bb2\spring-data-rest-core-3.0.7.RELEASE.jar;C:\Users\alexander.angulo\.gradle\caches\modules-2\files-2.1\org.springframework.hateoas\spring-hateoas\0.24.0.RELEASE\b6401a781a58e0b2ab95242a553683e04300fe69\spring-hateoas-0.24.0.RELEASE.jar;C:\Users\alexander.angulo\.gradle\caches\modules-2\files-2.1\org.springframework\spring-webmvc\5.0.6.RELEASE\1361c5d1cf46665ee01de5dc1ca447c3be174c19\spring-webmvc-5.0.6.RELEASE.jar;C:\Users\alexander.angulo\.gradle\caches\modules-2\files-2.1\org.springframework\spring-web\5.0.6.RELEASE\89e89de3025165998118590613aedc6df8d64af6\spring-web-5.0.6.RELEASE.jar;C:\Users\alexander.angulo\.gradle\caches\modules-2\files-2.1\org.springframework.boot\spring-boot-test-autoconfigure\2.0.2.RELEASE\4993bdd96a4c02bc5b5703862d99ef4c563f25d0\spring-boot-test-autoconfigure-2.0.2.RELEASE.jar;C:\Users\alexander.angulo\.gradle\caches\modules-2\files-2.1\org.springframework.boot\spring-boot-test\2.0.2.RELEASE\fc85812e6543312a3b0ea9fbbdfd4a51183380a3\spring-boot-test-2.0.2.RELEASE.jar;C:\Users\alexander.angulo\.gradle\caches\modules-2\files-2.1\com.jayway.jsonpath\json-path\2.4.0\765a4401ceb2dc8d40553c2075eb80a8fa35c2ae\json-path-2.4.0.jar;C:\Users\alexander.angulo\.gradle\caches\modules-2\files-2.1\junit\junit\4.12\2973d150c0dc1fefe998f834810d68f278ea58ec\junit-4.12.jar;C:\Users\alexander.angulo\.gradle\caches\modules-2\files-2.1\org.assertj\assertj-core\3.9.1\c5ce126b15f28d56cd8f960c1a6a058b9c9aea87\assertj-core-3.9.1.jar;C:\Users\alexander.angulo\.gradle\caches\modules-2\files-2.1\org.mockito\mockito-core\2.15.0\b84bfbbc29cd22c9529409627af6ea2897f4fa85\mockito-core-2.15.0.jar;C:\Users\alexander.angulo\.gradle\caches\modules-2\files-2.1\org.hamcrest\hamcrest-library\1.3\4785a3c21320980282f9f33d0d1264a69040538f\hamcrest-library-1.3.jar;C:\Users\alexander.angulo\.gradle\caches\modules-2\files-2.1\org.hamcrest\hamcrest-core\1.3\42a25dc3219429f0e5d060061f71acb49bf010a0\hamcrest-core-1.3.jar;C:\Users\alexander.angulo\.gradle\caches\modules-2\files-2.1\org.skyscreamer\jsonassert\1.5.0\6c9d5fe2f59da598d9aefc1cfc6528ff3cf32df3\jsonassert-1.5.0.jar;C:\Users\alexander.angulo\.gradle\caches\modules-2\files-2.1\org.springframework\spring-test\5.0.6.RELEASE\dbc99b288774b2e07d94bc14fe38d556bc3ed34a\spring-test-5.0.6.RELEASE.jar;C:\Users\alexander.angulo\.gradle\caches\modules-2\files-2.1\org.springframework.boot\spring-boot-autoconfigure\2.0.2.RELEASE\f4b25e753e4955337a138d8b1550236b5efe5b3b\spring-boot-autoconfigure-2.0.2.RELEASE.jar;C:\Users\alexander.angulo\.gradle\caches\modules-2\files-2.1\org.springframework.boot\spring-boot\2.0.2.RELEASE\15012cf02e9f77938244e554f0598535fdd1cb38\spring-boot-2.0.2.RELEASE.jar;C:\Users\alexander.angulo\.gradle\caches\modules-2\files-2.1\org.springframework\spring-orm\5.0.6.RELEASE\7a08073597b79dfcd4db1cffa924f2b991a14a20\spring-orm-5.0.6.RELEASE.jar;C:\Users\alexander.angulo\.gradle\caches\modules-2\files-2.1\org.springframework\spring-jdbc\5.0.6.RELEASE\7d4de1ee9b042774e09ceb88393e5a564e342729\spring-jdbc-5.0.6.RELEASE.jar;C:\Users\alexander.angulo\.gradle\caches\modules-2\files-2.1\org.springframework.plugin\spring-plugin-core\1.2.0.RELEASE\f380e7760032e7d929184f8ad8a33716b75c0657\spring-plugin-core-1.2.0.RELEASE.jar;C:\Users\alexander.angulo\.gradle\caches\modules-2\files-2.1\org.springframework\spring-context\5.0.6.RELEASE\8b73b742ef0ddce04f0f1068f305de240b00ce0d\spring-context-5.0.6.RELEASE.jar;C:\Users\alexander.angulo\.gradle\caches\modules-2\files-2.1\org.springframework\spring-tx\5.0.6.RELEASE\1b6ffc44f2d59507a0fce1084fcc21788b13904\spring-tx-5.0.6.RELEASE.jar;C:\Users\alexander.angulo\.gradle\caches\modules-2\files-2.1\org.springframework\spring-aop\5.0.6.RELEASE\74078df698992054c1c1a8f705763a6c7b4b914c\spring-aop-5.0.6.RELEASE.jar;C:\Users\alexander.angulo\.gradle\caches\modules-2\files-2.1\org.springframework.data\spring-data-commons\2.0.7.RELEASE\7faa0fb2ffa50a5c50ad9f10118095ae24d5c6e1\spring-data-commons-2.0.7.RELEASE.jar;C:\Users\alexander.angulo\.gradle\caches\modules-2\files-2.1\org.springframework\spring-beans\5.0.6.RELEASE\d609b83cd8a71650a70778cf8d02c9a05b9161fe\spring-beans-5.0.6.RELEASE.jar;C:\Users\alexander.angulo\.gradle\caches\modules-2\files-2.1\org.springframework\spring-expression\5.0.6.RELEASE\dec57ae5e6f0dfd4c6cfc199aa13ed268c3e1a65\spring-expression-5.0.6.RELEASE.jar;C:\Users\alexander.angulo\.gradle\caches\modules-2\files-2.1\org.springframework\spring-core\5.0.6.RELEASE\984a52455b1be596b7f1a29f62d21d2f483eb764\spring-core-5.0.6.RELEASE.jar;C:\Users\alexander.angulo\.gradle\caches\modules-2\files-2.1\org.xmlunit\xmlunit-core\2.5.1\4ffdb346572a7356f7521cd3119ce5287d2e339d\xmlunit-core-2.5.1.jar;C:\Users\alexander.angulo\.gradle\caches\modules-2\files-2.1\org.springframework.boot\spring-boot-starter-logging\2.0.2.RELEASE\b56d7d1931792d6e58dbd41f956912359ba85238\spring-boot-starter-logging-2.0.2.RELEASE.jar;C:\Users\alexander.angulo\.gradle\caches\modules-2\files-2.1\javax.annotation\javax.annotation-api\1.3.2\934c04d3cfef185a8008e7bf34331b79730a9d43\javax.annotation-api-1.3.2.jar;C:\Users\alexander.angulo\.gradle\caches\modules-2\files-2.1\org.yaml\snakeyaml\1.19\2d998d3d674b172a588e54ab619854d073f555b5\snakeyaml-1.19.jar;C:\Users\alexander.angulo\.gradle\caches\modules-2\files-2.1\org.aspectj\aspectjweaver\1.8.13\ad94df2a28d658a40dc27bbaff6a1ce5fbf04e9b\aspectjweaver-1.8.13.jar;C:\Users\alexander.angulo\.gradle\caches\modules-2\files-2.1\com.zaxxer\HikariCP\2.7.9\a83113d2c091d0d0f853dad3217bd7df3beb6ae3\HikariCP-2.7.9.jar;C:\Users\alexander.angulo\.gradle\caches\modules-2\files-2.1\org.hibernate.common\hibernate-commons-annotations\5.0.1.Final\71e1cff3fcb20d3b3af4f3363c3ddb24d33c6879\hibernate-commons-annotations-5.0.1.Final.jar;C:\Users\alexander.angulo\.gradle\caches\modules-2\files-2.1\org.jboss.logging\jboss-logging\3.3.2.Final\3789d00e859632e6c6206adc0c71625559e6e3b0\jboss-logging-3.3.2.Final.jar;C:\Users\alexander.angulo\.gradle\caches\modules-2\files-2.1\org.hibernate.javax.persistence\hibernate-jpa-2.1-api\1.0.0.Final\5e731d961297e5a07290bfaf3db1fbc8bbbf405a\hibernate-jpa-2.1-api-1.0.0.Final.jar;C:\Users\alexander.angulo\.gradle\caches\modules-2\files-2.1\org.javassist\javassist\3.22.0-GA\3e83394258ae2089be7219b971ec21a8288528ad\javassist-3.22.0-GA.jar;C:\Users\alexander.angulo\.gradle\caches\modules-2\files-2.1\antlr\antlr\2.7.7\83cd2cd674a217ade95a4bb83a8a14f351f48bd0\antlr-2.7.7.jar;C:\Users\alexander.angulo\.gradle\caches\modules-2\files-2.1\org.jboss\jandex\2.0.3.Final\bfc4d6257dbff7a33a357f0de116be6ff951d849\jandex-2.0.3.Final.jar;C:\Users\alexander.angulo\.gradle\caches\modules-2\files-2.1\com.fasterxml\classmate\1.3.4\3d5f48f10bbe4eb7bd862f10c0583be2e0053c6\classmate-1.3.4.jar;C:\Users\alexander.angulo\.gradle\caches\modules-2\files-2.1\dom4j\dom4j\1.6.1\5d3ccc056b6f056dbf0dddfdf43894b9065a8f94\dom4j-1.6.1.jar;C:\Users\alexander.angulo\.gradle\caches\modules-2\files-2.1\ch.qos.logback\logback-classic\1.2.3\7c4f3c474fb2c041d8028740440937705ebb473a\logback-classic-1.2.3.jar;C:\Users\alexander.angulo\.gradle\caches\modules-2\files-2.1\org.apache.logging.log4j\log4j-to-slf4j\2.10.0\f7e631ccf49cfc0aefa4a2a728da7d374c05bd3c\log4j-to-slf4j-2.10.0.jar;C:\Users\alexander.angulo\.gradle\caches\modules-2\files-2.1\org.slf4j\jul-to-slf4j\1.7.25\af5364cd6679bfffb114f0dec8a157aaa283b76\jul-to-slf4j-1.7.25.jar;C:\Users\alexander.angulo\.gradle\caches\modules-2\files-2.1\org.slf4j\slf4j-api\1.7.25\da76ca59f6a57ee3102f8f9bd9cee742973efa8a\slf4j-api-1.7.25.jar;C:\Users\alexander.angulo\.gradle\caches\modules-2\files-2.1\com.fasterxml.jackson.datatype\jackson-datatype-jdk8\2.9.5\23e37f085279ba316c0df923513b81609e1d1f6\jackson-datatype-jdk8-2.9.5.jar;C:\Users\alexander.angulo\.gradle\caches\modules-2\files-2.1\com.fasterxml.jackson.datatype\jackson-datatype-jsr310\2.9.5\d1f0d11e816bc04e222a261106ca138801841c2d\jackson-datatype-jsr310-2.9.5.jar;C:\Users\alexander.angulo\.gradle\caches\modules-2\files-2.1\com.fasterxml.jackson.module\jackson-module-parameter-names\2.9.5\f824c60751ffb7bfc3a0d30dfe0e42317d8e67f5\jackson-module-parameter-names-2.9.5.jar;C:\Users\alexander.angulo\.gradle\caches\modules-2\files-2.1\com.fasterxml.jackson.core\jackson-databind\2.9.5\3490508379d065fe3fcb80042b62f630f7588606\jackson-databind-2.9.5.jar;C:\Users\alexander.angulo\.gradle\caches\modules-2\files-2.1\com.fasterxml.jackson.core\jackson-annotations\2.9.0\7c10d545325e3a6e72e06381afe469fd40eb701\jackson-annotations-2.9.0.jar;C:\Users\alexander.angulo\.gradle\caches\modules-2\files-2.1\org.apache.tomcat.embed\tomcat-embed-websocket\8.5.31\6564e716b89de5eaa0dd234ae7989576503ddf3\tomcat-embed-websocket-8.5.31.jar;C:\Users\alexander.angulo\.gradle\caches\modules-2\files-2.1\org.apache.tomcat.embed\tomcat-embed-core\8.5.31\f5adf7ed8c34aa005b22b6a2dc7b6796e10e9c79\tomcat-embed-core-8.5.31.jar;C:\Users\alexander.angulo\.gradle\caches\modules-2\files-2.1\org.apache.tomcat.embed\tomcat-embed-el\8.5.31\3a536e1ac71b82627c3a7408eb38fa0704cb9034\tomcat-embed-el-8.5.31.jar;C:\Users\alexander.angulo\.gradle\caches\modules-2\files-2.1\javax.validation\validation-api\2.0.1.Final\cb855558e6271b1b32e716d24cb85c7f583ce09e\validation-api-2.0.1.Final.jar;C:\Users\alexander.angulo\.gradle\caches\modules-2\files-2.1\net.minidev\json-smart\2.3\7396407491352ce4fa30de92efb158adb76b5b\json-smart-2.3.jar;C:\Users\alexander.angulo\.gradle\caches\modules-2\files-2.1\net.bytebuddy\byte-buddy\1.7.11\f02857a4e2c66ccbe7aaad6100a0a6c461bce9b3\byte-buddy-1.7.11.jar;C:\Users\alexander.angulo\.gradle\caches\modules-2\files-2.1\net.bytebuddy\byte-buddy-agent\1.7.11\b425a8933ca07edd03c6dbc8bc3b595fba9780de\byte-buddy-agent-1.7.11.jar;C:\Users\alexander.angulo\.gradle\caches\modules-2\files-2.1\org.objenesis\objenesis\2.6\639033469776fd37c08358c6b92a4761feb2af4b\objenesis-2.6.jar;C:\Users\alexander.angulo\.gradle\caches\modules-2\files-2.1\com.vaadin.external.google\android-json\0.0.20131108.vaadin1\fa26d351fe62a6a17f5cda1287c1c6110dec413f\android-json-0.0.20131108.vaadin1.jar;C:\Users\alexander.angulo\.gradle\caches\modules-2\files-2.1\org.springframework\spring-jcl\5.0.6.RELEASE\295ee4e8657e9c1fd327735c01d5fbce339cc44d\spring-jcl-5.0.6.RELEASE.jar;C:\Users\alexander.angulo\.gradle\caches\modules-2\files-2.1\com.fasterxml.jackson.core\jackson-core\2.9.5\a22ac51016944b06fd9ffbc9541c6e7ce5eea117\jackson-core-2.9.5.jar;C:\Users\alexander.angulo\.gradle\caches\modules-2\files-2.1\org.atteo\evo-inflector\1.2.2\2551aad98d65ac5464d81fe05f0e1516cfe471c9\evo-inflector-1.2.2.jar;C:\Users\alexander.angulo\.gradle\caches\modules-2\files-2.1\net.minidev\accessors-smart\1.2\c592b500269bfde36096641b01238a8350f8aa31\accessors-smart-1.2.jar;C:\Users\alexander.angulo\.gradle\caches\modules-2\files-2.1\ch.qos.logback\logback-core\1.2.3\864344400c3d4d92dfeb0a305dc87d953677c03c\logback-core-1.2.3.jar;C:\Users\alexander.angulo\.gradle\caches\modules-2\files-2.1\org.apache.logging.log4j\log4j-api\2.10.0\fec5797a55b786184a537abd39c3fa1449d752d6\log4j-api-2.10.0.jar;C:\Users\alexander.angulo\.gradle\caches\modules-2\files-2.1\org.ow2.asm\asm\5.0.4\da08b8cce7bbf903602a25a3a163ae252435795\asm-5.0.4.jar;C:\Users\alexander.angulo\.gradle\caches\modules-2\files-2.1\net.sourceforge.cobertura\cobertura\2.1.1\eab984794b3f7d0d37736a9e5b7f790128f611b5\cobertura-2.1.1.jar;C:\Users\alexander.angulo\.gradle\caches\modules-2\files-2.1\org.ow2.asm\asm-commons\5.0.1\7b7147a390a93a14d2edfdcf3f7b0e87a0939c3e\asm-commons-5.0.1.jar;C:\Users\alexander.angulo\.gradle\caches\modules-2\files-2.1\org.ow2.asm\asm-util\5.0.1\7c8caddfbd0b2d7b844f8fcc75175b9cb9cf4724\asm-util-5.0.1.jar;C:\Users\alexander.angulo\.gradle\caches\modules-2\files-2.1\org.ow2.asm\asm-analysis\5.0.1\e286fbee48efacb4e7c175f7948d9d8b2ab52352\asm-analysis-5.0.1.jar;C:\Users\alexander.angulo\.gradle\caches\modules-2\files-2.1\org.ow2.asm\asm-tree\5.0.1\1b1e6e9d869acd704056d0a4223071a511c619e6\asm-tree-5.0.1.jar;C:\Users\alexander.angulo\.gradle\caches\modules-2\files-2.1\org.ow2.asm\asm\5.0.1\2fd56467a018aafe6ec6a73ccba520be4a7e1565\asm-5.0.1.jar;C:\Users\alexander.angulo\.gradle\caches\modules-2\files-2.1\oro\oro\2.0.8\5592374f834645c4ae250f4c9fbb314c9369d698\oro-2.0.8.jar;C:\Users\alexander.angulo\.gradle\caches\modules-2\files-2.1\jaxen\jaxen\1.1.6\3f8c36d9a0578e8e98f030c662b69888b1430ac0\jaxen-1.1.6.jar;C:\Users\alexander.angulo\.gradle\caches\modules-2\files-2.1\org.apache.ant\ant-junit\1.8.3\9f77eec4e103241602fb0cdd97b3ec3237e0bd9\ant-junit-1.8.3.jar;C:\Users\alexander.angulo\.gradle\caches\modules-2\files-2.1\org.apache.ant\ant\1.8.3\77c746ecab048b9839c7a8e39e55fe8636c5b11\ant-1.8.3.jar;C:\Users\alexander.angulo\.gradle\caches\modules-2\files-2.1\org.mortbay.jetty\jetty\6.1.14\5ded67b609e59c27e82ff61b510773d28c9bef56\jetty-6.1.14.jar;C:\Users\alexander.angulo\.gradle\caches\modules-2\files-2.1\org.mortbay.jetty\servlet-api-2.5\6.1.14\5f07601ab7d7c85dd9e38a17c0e1b0edfbd4a191\servlet-api-2.5-6.1.14.jar;C:\Users\alexander.angulo\.gradle\caches\modules-2\files-2.1\org.mortbay.jetty\jetty-util\6.1.14\1b707d5884e35c9b97114a24aa9ee94ca531fa21\jetty-util-6.1.14.jar;C:\Users\alexander.angulo\.gradle\caches\modules-2\files-2.1\org.apache.commons\commons-lang3\3.7\557edd918fd41f9260963583ebf5a61a43a6b423\commons-lang3-3.7.jar;C:\Users\alexander.angulo\.gradle\caches\modules-2\files-2.1\org.apache.ant\ant-launcher\1.8.3\a22bcf9438c41828b04c13b052c4886606abac2\ant-launcher-1.8.3.jar, user.name=alexander.angulo, java.vm.specification.version=1.8, sun.java.command=worker.org.gradle.process.internal.worker.GradleWorkerMain 'Gradle Test Executor 3', java.home=C:\Program Files\Java\jdk1.8.0_172\jre, sun.arch.data.model=64, user.language=en, java.specification.vendor=Oracle Corporation, awt.toolkit=sun.awt.windows.WToolkit, java.vm.info=mixed mode, java.version=1.8.0_172, java.ext.dirs=C:\Program Files\Java\jdk1.8.0_172\jre\lib\ext;C:\Windows\Sun\Java\lib\ext, property=value, sun.boot.class.path=C:\Program Files\Java\jdk1.8.0_172\jre\lib\resources.jar;C:\Program Files\Java\jdk1.8.0_172\jre\lib\rt.jar;C:\Program Files\Java\jdk1.8.0_172\jre\lib\sunrsasign.jar;C:\Program Files\Java\jdk1.8.0_172\jre\lib\jsse.jar;C:\Program Files\Java\jdk1.8.0_172\jre\lib\jce.jar;C:\Program Files\Java\jdk1.8.0_172\jre\lib\charsets.jar;C:\Program Files\Java\jdk1.8.0_172\jre\lib\jfr.jar;C:\Program Files\Java\jdk1.8.0_172\jre\classes, java.awt.headless=true, java.vendor=Oracle Corporation, org.gradle.test.worker=3, file.separator=\, java.vendor.url.bug=http://bugreport.sun.com/bugreport/, sun.io.unicode.encoding=UnicodeLittle, sun.cpu.endian=little, sun.desktop=windows, sun.cpu.isalist=amd64}}, SystemEnvironmentPropertySource@181013322 {name='systemEnvironment', properties={USERDOMAIN_ROAMINGPROFILE=CEIBA, LOCALAPPDATA=C:\Users\alexander.angulo\AppData\Local, PROCESSOR_LEVEL=6, USERDOMAIN=CEIBA, LOGONSERVER=\\CRONOS, SESSIONNAME=Console, ALLUSERSPROFILE=C:\ProgramData, PROCESSOR_ARCHITECTURE=AMD64, PSModulePath=C:\Program Files\WindowsPowerShell\Modules;C:\Windows\system32\WindowsPowerShell\v1.0\Modules, SystemDrive=C:, OneDrive=C:\Users\alexander.angulo\OneDrive, APPDATA=C:\Users\alexander.angulo\AppData\Roaming, USERNAME=alexander.angulo, USERDNSDOMAIN=CEIBA.LOCAL, ProgramFiles(x86)=C:\Program Files (x86), CommonProgramFiles=C:\Program Files\Common Files, Path=C:/Program Files/Java/jre1.8.0_172/bin/server;C:/Program Files/Java/jre1.8.0_172/bin;C:/Program Files/Java/jre1.8.0_172/lib/amd64;C:\Program Files (x86)\Common Files\Oracle\Java\javapath;C:\Oracle\product\11.1.0\client_1\bin;C:\Program Files\CollabNet\Subversion Client;C:\Windows\system32;C:\Windows;C:\Windows\System32\Wbem;C:\Windows\System32\WindowsPowerShell\v1.0\;C:\Windows\System32\OpenSSH\;C:\Program Files\TortoiseSVN\bin;C:\Program Files\Git\cmd;C:\Program Files\PuTTY\;C:\xampp\mysql\bin;C:\Program Files\nodejs\;C:\Users\alexander.angulo\AppData\Local\Microsoft\WindowsApps;;C:\Program Files\Microsoft VS Code\bin;C:\Users\alexander.angulo\AppData\Roaming\npm;D:\spring-tool-suite\sts-bundle\sts-3.9.4.RELEASE;, PATHEXT=.COM;.EXE;.BAT;.CMD;.VBS;.VBE;.JS;.JSE;.WSF;.WSH;.MSC, DriverData=C:\Windows\System32\Drivers\DriverData, OS=Windows_NT, COMPUTERNAME=ALEXANDER-ANGUL, PROCESSOR_REVISION=3a09, CommonProgramW6432=C:\Program Files\Common Files, ComSpec=C:\Windows\system32\cmd.exe, ProgramData=C:\ProgramData, ProgramW6432=C:\Program Files, HOMEPATH=\Users\alexander.angulo, SystemRoot=C:\Windows, TEMP=C:\Users\ALEXAN~1.ANG\AppData\Local\Temp, HOMEDRIVE=C:, PROCESSOR_IDENTIFIER=Intel64 Family 6 Model 58 Stepping 9, GenuineIntel, USERPROFILE=C:\Users\alexander.angulo, TMP=C:\Users\ALEXAN~1.ANG\AppData\Local\Temp, CommonProgramFiles(x86)=C:\Program Files (x86)\Common Files, ProgramFiles=C:\Program Files, PUBLIC=C:\Users\Public, NUMBER_OF_PROCESSORS=8, windir=C:\Windows, =::=::\}}]
[DEBUG] Creating shared instance of singleton bean 'org.springframework.boot.autoconfigure.AutoConfigurationPackages'
[DEBUG] Creating instance of bean 'org.springframework.boot.autoconfigure.AutoConfigurationPackages'
[DEBUG] Eagerly caching bean 'org.springframework.boot.autoconfigure.AutoConfigurationPackages' to allow for resolving potential circular references
[DEBUG] Finished creating instance of bean 'org.springframework.boot.autoconfigure.AutoConfigurationPackages'
[DEBUG] @EnableAutoConfiguration was declared on a class in the package 'com.co.ceiba.parqueadero'. Automatic @Repository and @Entity scanning is enabled.
[DEBUG] Resolved classpath location [com/co/ceiba/parqueadero/] to resources [URL [file:/C:/Users/alexander.angulo/Music/version2/parqueadero/build/instrumented_classes/com/co/ceiba/parqueadero/], URL [file:/C:/Users/alexander.angulo/Music/version2/parqueadero/build/classes/java/test/com/co/ceiba/parqueadero/], URL [file:/C:/Users/alexander.angulo/Music/version2/parqueadero/build/classes/java/main/com/co/ceiba/parqueadero/]]
[DEBUG] Looking for matching resources in directory tree [C:\Users\alexander.angulo\Music\version2\parqueadero\build\instrumented_classes\com\co\ceiba\parqueadero]
[DEBUG] Searching directory [C:\Users\alexander.angulo\Music\version2\parqueadero\build\instrumented_classes\com\co\ceiba\parqueadero] for files matching pattern [C:/Users/alexander.angulo/Music/version2/parqueadero/build/instrumented_classes/com/co/ceiba/parqueadero/**/*.class]
[DEBUG] Searching directory [C:\Users\alexander.angulo\Music\version2\parqueadero\build\instrumented_classes\com\co\ceiba\parqueadero\business] for files matching pattern [C:/Users/alexander.angulo/Music/version2/parqueadero/build/instrumented_classes/com/co/ceiba/parqueadero/**/*.class]
[DEBUG] Searching directory [C:\Users\alexander.angulo\Music\version2\parqueadero\build\instrumented_classes\com\co\ceiba\parqueadero\entity] for files matching pattern [C:/Users/alexander.angulo/Music/version2/parqueadero/build/instrumented_classes/com/co/ceiba/parqueadero/**/*.class]
[DEBUG] Searching directory [C:\Users\alexander.angulo\Music\version2\parqueadero\build\instrumented_classes\com\co\ceiba\parqueadero\repository] for files matching pattern [C:/Users/alexander.angulo/Music/version2/parqueadero/build/instrumented_classes/com/co/ceiba/parqueadero/**/*.class]
[DEBUG] Searching directory [C:\Users\alexander.angulo\Music\version2\parqueadero\build\instrumented_classes\com\co\ceiba\parqueadero\services] for files matching pattern [C:/Users/alexander.angulo/Music/version2/parqueadero/build/instrumented_classes/com/co/ceiba/parqueadero/**/*.class]
[DEBUG] Searching directory [C:\Users\alexander.angulo\Music\version2\parqueadero\build\instrumented_classes\com\co\ceiba\parqueadero\utility] for files matching pattern [C:/Users/alexander.angulo/Music/version2/parqueadero/build/instrumented_classes/com/co/ceiba/parqueadero/**/*.class]
[DEBUG] Looking for matching resources in directory tree [C:\Users\alexander.angulo\Music\version2\parqueadero\build\classes\java\test\com\co\ceiba\parqueadero]
[DEBUG] Searching directory [C:\Users\alexander.angulo\Music\version2\parqueadero\build\classes\java\test\com\co\ceiba\parqueadero] for files matching pattern [C:/Users/alexander.angulo/Music/version2/parqueadero/build/classes/java/test/com/co/ceiba/parqueadero/**/*.class]
[DEBUG] Searching directory [C:\Users\alexander.angulo\Music\version2\parqueadero\build\classes\java\test\com\co\ceiba\parqueadero\unitarioTest] for files matching pattern [C:/Users/alexander.angulo/Music/version2/parqueadero/build/classes/java/test/com/co/ceiba/parqueadero/**/*.class]
[DEBUG] Looking for matching resources in directory tree [C:\Users\alexander.angulo\Music\version2\parqueadero\build\classes\java\main\com\co\ceiba\parqueadero]
[DEBUG] Searching directory [C:\Users\alexander.angulo\Music\version2\parqueadero\build\classes\java\main\com\co\ceiba\parqueadero] for files matching pattern [C:/Users/alexander.angulo/Music/version2/parqueadero/build/classes/java/main/com/co/ceiba/parqueadero/**/*.class]
[DEBUG] Searching directory [C:\Users\alexander.angulo\Music\version2\parqueadero\build\classes\java\main\com\co\ceiba\parqueadero\business] for files matching pattern [C:/Users/alexander.angulo/Music/version2/parqueadero/build/classes/java/main/com/co/ceiba/parqueadero/**/*.class]
[DEBUG] Searching directory [C:\Users\alexander.angulo\Music\version2\parqueadero\build\classes\java\main\com\co\ceiba\parqueadero\entity] for files matching pattern [C:/Users/alexander.angulo/Music/version2/parqueadero/build/classes/java/main/com/co/ceiba/parqueadero/**/*.class]
[DEBUG] Searching directory [C:\Users\alexander.angulo\Music\version2\parqueadero\build\classes\java\main\com\co\ceiba\parqueadero\repository] for files matching pattern [C:/Users/alexander.angulo/Music/version2/parqueadero/build/classes/java/main/com/co/ceiba/parqueadero/**/*.class]
[DEBUG] Searching directory [C:\Users\alexander.angulo\Music\version2\parqueadero\build\classes\java\main\com\co\ceiba\parqueadero\services] for files matching pattern [C:/Users/alexander.angulo/Music/version2/parqueadero/build/classes/java/main/com/co/ceiba/parqueadero/**/*.class]
[DEBUG] Searching directory [C:\Users\alexander.angulo\Music\version2\parqueadero\build\classes\java\main\com\co\ceiba\parqueadero\utility] for files matching pattern [C:/Users/alexander.angulo/Music/version2/parqueadero/build/classes/java/main/com/co/ceiba/parqueadero/**/*.class]
[DEBUG] Resolved location pattern [classpath*:com/co/ceiba/parqueadero/**/*.class] to resources [file [C:\Users\alexander.angulo\Music\version2\parqueadero\build\instrumented_classes\com\co\ceiba\parqueadero\business\FacturaBusiness.class], file [C:\Users\alexander.angulo\Music\version2\parqueadero\build\instrumented_classes\com\co\ceiba\parqueadero\business\IngresoBusiness.class], file [C:\Users\alexander.angulo\Music\version2\parqueadero\build\instrumented_classes\com\co\ceiba\parqueadero\business\ParqueaderoBusiness.class], file [C:\Users\alexander.angulo\Music\version2\parqueadero\build\instrumented_classes\com\co\ceiba\parqueadero\entity\Factura.class], file [C:\Users\alexander.angulo\Music\version2\parqueadero\build\instrumented_classes\com\co\ceiba\parqueadero\entity\Ingreso.class], file [C:\Users\alexander.angulo\Music\version2\parqueadero\build\instrumented_classes\com\co\ceiba\parqueadero\entity\Parqueadero.class], file [C:\Users\alexander.angulo\Music\version2\parqueadero\build\instrumented_classes\com\co\ceiba\parqueadero\ParqueaderoApplication.class], file [C:\Users\alexander.angulo\Music\version2\parqueadero\build\instrumented_classes\com\co\ceiba\parqueadero\repository\IFacturaRepository.class], file [C:\Users\alexander.angulo\Music\version2\parqueadero\build\instrumented_classes\com\co\ceiba\parqueadero\repository\IIngresoRepository.class], file [C:\Users\alexander.angulo\Music\version2\parqueadero\build\instrumented_classes\com\co\ceiba\parqueadero\repository\IParqueaderoRepository.class], file [C:\Users\alexander.angulo\Music\version2\parqueadero\build\instrumented_classes\com\co\ceiba\parqueadero\services\FacturaCrud.class], file [C:\Users\alexander.angulo\Music\version2\parqueadero\build\instrumented_classes\com\co\ceiba\parqueadero\services\IngresoCrud.class], file [C:\Users\alexander.angulo\Music\version2\parqueadero\build\instrumented_classes\com\co\ceiba\parqueadero\services\ListadoVehiculos.class], file [C:\Users\alexander.angulo\Music\version2\parqueadero\build\instrumented_classes\com\co\ceiba\parqueadero\ServletInitializer.class], file [C:\Users\alexander.angulo\Music\version2\parqueadero\build\instrumented_classes\com\co\ceiba\parqueadero\utility\ExcepcionesParqueadero.class], file [C:\Users\alexander.angulo\Music\version2\parqueadero\build\classes\java\test\com\co\ceiba\parqueadero\ParqueaderoApplicationTests.class], file [C:\Users\alexander.angulo\Music\version2\parqueadero\build\classes\java\test\com\co\ceiba\parqueadero\unitarioTest\FacturaTest.class], file [C:\Users\alexander.angulo\Music\version2\parqueadero\build\classes\java\test\com\co\ceiba\parqueadero\unitarioTest\IngresoTest.class], file [C:\Users\alexander.angulo\Music\version2\parqueadero\build\classes\java\test\com\co\ceiba\parqueadero\unitarioTest\ParqueaderoTest.class], file [C:\Users\alexander.angulo\Music\version2\parqueadero\build\classes\java\main\com\co\ceiba\parqueadero\business\FacturaBusiness.class], file [C:\Users\alexander.angulo\Music\version2\parqueadero\build\classes\java\main\com\co\ceiba\parqueadero\business\IngresoBusiness.class], file [C:\Users\alexander.angulo\Music\version2\parqueadero\build\classes\java\main\com\co\ceiba\parqueadero\business\ParqueaderoBusiness.class], file [C:\Users\alexander.angulo\Music\version2\parqueadero\build\classes\java\main\com\co\ceiba\parqueadero\entity\Factura.class], file [C:\Users\alexander.angulo\Music\version2\parqueadero\build\classes\java\main\com\co\ceiba\parqueadero\entity\Ingreso.class], file [C:\Users\alexander.angulo\Music\version2\parqueadero\build\classes\java\main\com\co\ceiba\parqueadero\entity\Parqueadero.class], file [C:\Users\alexander.angulo\Music\version2\parqueadero\build\classes\java\main\com\co\ceiba\parqueadero\ParqueaderoApplication.class], file [C:\Users\alexander.angulo\Music\version2\parqueadero\build\classes\java\main\com\co\ceiba\parqueadero\repository\IFacturaRepository.class], file [C:\Users\alexander.angulo\Music\version2\parqueadero\build\classes\java\main\com\co\ceiba\parqueadero\repository\IIngresoRepository.class], file [C:\Users\alexander.angulo\Music\version2\parqueadero\build\classes\java\main\com\co\ceiba\parqueadero\repository\IParqueaderoRepository.class], file [C:\Users\alexander.angulo\Music\version2\parqueadero\build\classes\java\main\com\co\ceiba\parqueadero\services\FacturaCrud.class], file [C:\Users\alexander.angulo\Music\version2\parqueadero\build\classes\java\main\com\co\ceiba\parqueadero\services\IngresoCrud.class], file [C:\Users\alexander.angulo\Music\version2\parqueadero\build\classes\java\main\com\co\ceiba\parqueadero\services\ListadoVehiculos.class], file [C:\Users\alexander.angulo\Music\version2\parqueadero\build\classes\java\main\com\co\ceiba\parqueadero\ServletInitializer.class], file [C:\Users\alexander.angulo\Music\version2\parqueadero\build\classes\java\main\com\co\ceiba\parqueadero\utility\ExcepcionesParqueadero.class]]
[DEBUG] Identified candidate component class: file [C:\Users\alexander.angulo\Music\version2\parqueadero\build\instrumented_classes\com\co\ceiba\parqueadero\repository\IFacturaRepository.class]
[DEBUG] Identified candidate component class: file [C:\Users\alexander.angulo\Music\version2\parqueadero\build\instrumented_classes\com\co\ceiba\parqueadero\repository\IIngresoRepository.class]
[DEBUG] Identified candidate component class: file [C:\Users\alexander.angulo\Music\version2\parqueadero\build\instrumented_classes\com\co\ceiba\parqueadero\repository\IParqueaderoRepository.class]
[DEBUG] Identified candidate component class: file [C:\Users\alexander.angulo\Music\version2\parqueadero\build\classes\java\main\com\co\ceiba\parqueadero\repository\IFacturaRepository.class]
[DEBUG] Identified candidate component class: file [C:\Users\alexander.angulo\Music\version2\parqueadero\build\classes\java\main\com\co\ceiba\parqueadero\repository\IIngresoRepository.class]
[DEBUG] Identified candidate component class: file [C:\Users\alexander.angulo\Music\version2\parqueadero\build\classes\java\main\com\co\ceiba\parqueadero\repository\IParqueaderoRepository.class]
[DEBUG] Resolved classpath location [com/co/ceiba/parqueadero/repository/] to resources [URL [file:/C:/Users/alexander.angulo/Music/version2/parqueadero/build/instrumented_classes/com/co/ceiba/parqueadero/repository/], URL [file:/C:/Users/alexander.angulo/Music/version2/parqueadero/build/classes/java/main/com/co/ceiba/parqueadero/repository/]]
[DEBUG] Looking for matching resources in directory tree [C:\Users\alexander.angulo\Music\version2\parqueadero\build\instrumented_classes\com\co\ceiba\parqueadero\repository]
[DEBUG] Searching directory [C:\Users\alexander.angulo\Music\version2\parqueadero\build\instrumented_classes\com\co\ceiba\parqueadero\repository] for files matching pattern [C:/Users/alexander.angulo/Music/version2/parqueadero/build/instrumented_classes/com/co/ceiba/parqueadero/repository/**/*IParqueaderoRepositoryImpl.class]
[DEBUG] Looking for matching resources in directory tree [C:\Users\alexander.angulo\Music\version2\parqueadero\build\classes\java\main\com\co\ceiba\parqueadero\repository]
[DEBUG] Searching directory [C:\Users\alexander.angulo\Music\version2\parqueadero\build\classes\java\main\com\co\ceiba\parqueadero\repository] for files matching pattern [C:/Users/alexander.angulo/Music/version2/parqueadero/build/classes/java/main/com/co/ceiba/parqueadero/repository/**/*IParqueaderoRepositoryImpl.class]
[DEBUG] Resolved location pattern [classpath*:com/co/ceiba/parqueadero/repository/**/*IParqueaderoRepositoryImpl.class] to resources []
[DEBUG] Spring Data JPA - Registering repository: IParqueaderoRepository - Interface: com.co.ceiba.parqueadero.repository.IParqueaderoRepository - Factory: org.springframework.data.jpa.repository.support.JpaRepositoryFactoryBean
[DEBUG] Resolved classpath location [com/co/ceiba/parqueadero/repository/] to resources [URL [file:/C:/Users/alexander.angulo/Music/version2/parqueadero/build/instrumented_classes/com/co/ceiba/parqueadero/repository/], URL [file:/C:/Users/alexander.angulo/Music/version2/parqueadero/build/classes/java/main/com/co/ceiba/parqueadero/repository/]]
[DEBUG] Looking for matching resources in directory tree [C:\Users\alexander.angulo\Music\version2\parqueadero\build\instrumented_classes\com\co\ceiba\parqueadero\repository]
[DEBUG] Searching directory [C:\Users\alexander.angulo\Music\version2\parqueadero\build\instrumented_classes\com\co\ceiba\parqueadero\repository] for files matching pattern [C:/Users/alexander.angulo/Music/version2/parqueadero/build/instrumented_classes/com/co/ceiba/parqueadero/repository/**/*IFacturaRepositoryImpl.class]
[DEBUG] Looking for matching resources in directory tree [C:\Users\alexander.angulo\Music\version2\parqueadero\build\classes\java\main\com\co\ceiba\parqueadero\repository]
[DEBUG] Searching directory [C:\Users\alexander.angulo\Music\version2\parqueadero\build\classes\java\main\com\co\ceiba\parqueadero\repository] for files matching pattern [C:/Users/alexander.angulo/Music/version2/parqueadero/build/classes/java/main/com/co/ceiba/parqueadero/repository/**/*IFacturaRepositoryImpl.class]
[DEBUG] Resolved location pattern [classpath*:com/co/ceiba/parqueadero/repository/**/*IFacturaRepositoryImpl.class] to resources []
[DEBUG] Spring Data JPA - Registering repository: IFacturaRepository - Interface: com.co.ceiba.parqueadero.repository.IFacturaRepository - Factory: org.springframework.data.jpa.repository.support.JpaRepositoryFactoryBean
[DEBUG] Resolved classpath location [com/co/ceiba/parqueadero/repository/] to resources [URL [file:/C:/Users/alexander.angulo/Music/version2/parqueadero/build/instrumented_classes/com/co/ceiba/parqueadero/repository/], URL [file:/C:/Users/alexander.angulo/Music/version2/parqueadero/build/classes/java/main/com/co/ceiba/parqueadero/repository/]]
[DEBUG] Looking for matching resources in directory tree [C:\Users\alexander.angulo\Music\version2\parqueadero\build\instrumented_classes\com\co\ceiba\parqueadero\repository]
[DEBUG] Searching directory [C:\Users\alexander.angulo\Music\version2\parqueadero\build\instrumented_classes\com\co\ceiba\parqueadero\repository] for files matching pattern [C:/Users/alexander.angulo/Music/version2/parqueadero/build/instrumented_classes/com/co/ceiba/parqueadero/repository/**/*IIngresoRepositoryImpl.class]
[DEBUG] Looking for matching resources in directory tree [C:\Users\alexander.angulo\Music\version2\parqueadero\build\classes\java\main\com\co\ceiba\parqueadero\repository]
[DEBUG] Searching directory [C:\Users\alexander.angulo\Music\version2\parqueadero\build\classes\java\main\com\co\ceiba\parqueadero\repository] for files matching pattern [C:/Users/alexander.angulo/Music/version2/parqueadero/build/classes/java/main/com/co/ceiba/parqueadero/repository/**/*IIngresoRepositoryImpl.class]
[DEBUG] Resolved location pattern [classpath*:com/co/ceiba/parqueadero/repository/**/*IIngresoRepositoryImpl.class] to resources []
[DEBUG] Spring Data JPA - Registering repository: IIngresoRepository - Interface: com.co.ceiba.parqueadero.repository.IIngresoRepository - Factory: org.springframework.data.jpa.repository.support.JpaRepositoryFactoryBean
[DEBUG] Returning cached instance of singleton bean 'autoConfigurationReport'
[DEBUG] Returning cached instance of singleton bean 'autoConfigurationReport'
[DEBUG] Registered bean definition for imported class 'org.springframework.boot.autoconfigure.jackson.JacksonAutoConfiguration$Jackson2ObjectMapperBuilderCustomizerConfiguration'
[DEBUG] Registering bean definition for @Bean method org.springframework.boot.autoconfigure.jackson.JacksonAutoConfiguration$Jackson2ObjectMapperBuilderCustomizerConfiguration.standardJacksonObjectMapperBuilderCustomizer()
[DEBUG] Returning cached instance of singleton bean 'autoConfigurationReport'
[DEBUG] Registered bean definition for imported class 'org.springframework.boot.autoconfigure.jackson.JacksonAutoConfiguration$JacksonObjectMapperBuilderConfiguration'
[DEBUG] Returning cached instance of singleton bean 'org.springframework.boot.autoconfigure.condition.BeanTypeRegistry'
[DEBUG] Returning cached instance of singleton bean 'autoConfigurationReport'
[DEBUG] Registering bean definition for @Bean method org.springframework.boot.autoconfigure.jackson.JacksonAutoConfiguration$JacksonObjectMapperBuilderConfiguration.jacksonObjectMapperBuilder()
[DEBUG] Returning cached instance of singleton bean 'autoConfigurationReport'
[DEBUG] Registered bean definition for imported class 'org.springframework.boot.autoconfigure.jackson.JacksonAutoConfiguration$ParameterNamesModuleConfiguration'
[DEBUG] Returning cached instance of singleton bean 'org.springframework.boot.autoconfigure.condition.BeanTypeRegistry'
[DEBUG] Returning cached instance of singleton bean 'autoConfigurationReport'
[DEBUG] Registering bean definition for @Bean method org.springframework.boot.autoconfigure.jackson.JacksonAutoConfiguration$ParameterNamesModuleConfiguration.parameterNamesModule()
[DEBUG] Returning cached instance of singleton bean 'autoConfigurationReport'
[DEBUG] Registered bean definition for imported class 'org.springframework.boot.autoconfigure.jackson.JacksonAutoConfiguration$JacksonObjectMapperConfiguration'
[DEBUG] Returning cached instance of singleton bean 'org.springframework.boot.autoconfigure.condition.BeanTypeRegistry'
[DEBUG] Returning cached instance of singleton bean 'autoConfigurationReport'
[DEBUG] Registering bean definition for @Bean method org.springframework.boot.autoconfigure.jackson.JacksonAutoConfiguration$JacksonObjectMapperConfiguration.jacksonObjectMapper()
[DEBUG] Registered bean definition for imported class 'org.springframework.boot.autoconfigure.jackson.JacksonAutoConfiguration'
[DEBUG] Registering bean definition for @Bean method org.springframework.boot.autoconfigure.jackson.JacksonAutoConfiguration.jsonComponentModule()
[DEBUG] Returning cached instance of singleton bean 'autoConfigurationReport'
[DEBUG] Returning cached instance of singleton bean 'autoConfigurationReport'
[DEBUG] Registered bean definition for imported class 'org.springframework.boot.autoconfigure.http.HttpMessageConvertersAutoConfiguration$StringHttpMessageConverterConfiguration'
[DEBUG] Returning cached instance of singleton bean 'org.springframework.boot.autoconfigure.condition.BeanTypeRegistry'
[DEBUG] Returning cached instance of singleton bean 'autoConfigurationReport'
[DEBUG] Registering bean definition for @Bean method org.springframework.boot.autoconfigure.http.HttpMessageConvertersAutoConfiguration$StringHttpMessageConverterConfiguration.stringHttpMessageConverter()
[DEBUG] Returning cached instance of singleton bean 'autoConfigurationReport'
[DEBUG] Returning cached instance of singleton bean 'autoConfigurationReport'
[DEBUG] Returning cached instance of singleton bean 'org.springframework.boot.autoconfigure.condition.BeanTypeRegistry'
[DEBUG] Returning cached instance of singleton bean 'autoConfigurationReport'
[DEBUG] Registered bean definition for imported class 'org.springframework.boot.autoconfigure.http.JacksonHttpMessageConvertersConfiguration$MappingJackson2HttpMessageConverterConfiguration'
[DEBUG] Returning cached instance of singleton bean 'org.springframework.boot.autoconfigure.condition.BeanTypeRegistry'
[DEBUG] Returning cached instance of singleton bean 'org.springframework.boot.autoconfigure.condition.BeanTypeRegistry'
[DEBUG] Returning cached instance of singleton bean 'org.springframework.boot.autoconfigure.condition.BeanTypeRegistry'
[DEBUG] Returning cached instance of singleton bean 'autoConfigurationReport'
[DEBUG] Registering bean definition for @Bean method org.springframework.boot.autoconfigure.http.JacksonHttpMessageConvertersConfiguration$MappingJackson2HttpMessageConverterConfiguration.mappingJackson2HttpMessageConverter()
[DEBUG] Registered bean definition for imported class 'org.springframework.boot.autoconfigure.http.JacksonHttpMessageConvertersConfiguration'
[DEBUG] Registered bean definition for imported class 'org.springframework.boot.autoconfigure.http.HttpMessageConvertersAutoConfiguration'
[DEBUG] Returning cached instance of singleton bean 'org.springframework.boot.autoconfigure.condition.BeanTypeRegistry'
[DEBUG] Returning cached instance of singleton bean 'autoConfigurationReport'
[DEBUG] Registering bean definition for @Bean method org.springframework.boot.autoconfigure.http.HttpMessageConvertersAutoConfiguration.messageConverters()
[DEBUG] Returning cached instance of singleton bean 'autoConfigurationReport'
[DEBUG] Returning cached instance of singleton bean 'autoConfigurationReport'
[DEBUG] Returning cached instance of singleton bean 'org.springframework.boot.autoconfigure.condition.BeanTypeRegistry'
[DEBUG] Returning cached instance of singleton bean 'autoConfigurationReport'
[DEBUG] Registered bean definition for imported class 'org.springframework.hateoas.config.HateoasConfiguration'
[DEBUG] Registering bean definition for @Bean method org.springframework.hateoas.config.HateoasConfiguration.linkRelationMessageSource()
[DEBUG] Registered bean definition for imported class 'org.springframework.data.web.config.SpringDataJacksonConfiguration'
[DEBUG] Registering bean definition for @Bean method org.springframework.data.web.config.SpringDataJacksonConfiguration.jacksonGeoModule()
[DEBUG] Registered bean definition for imported class 'org.springframework.data.rest.webmvc.config.RepositoryRestMvcConfiguration'
[DEBUG] Registering bean definition for @Bean method org.springframework.data.rest.webmvc.config.RepositoryRestMvcConfiguration.repositories()
[DEBUG] Registering bean definition for @Bean method org.springframework.data.rest.webmvc.config.RepositoryRestMvcConfiguration.repositoryRelProvider()
[DEBUG] Registering bean definition for @Bean method org.springframework.data.rest.webmvc.config.RepositoryRestMvcConfiguration.persistentEntities()
[DEBUG] Registering bean definition for @Bean method org.springframework.data.rest.webmvc.config.RepositoryRestMvcConfiguration.defaultConversionService()
[DEBUG] Registering bean definition for @Bean method org.springframework.data.rest.webmvc.config.RepositoryRestMvcConfiguration.validatingRepositoryEventListener()
[DEBUG] Registering bean definition for @Bean method org.springframework.data.rest.webmvc.config.RepositoryRestMvcConfiguration.jpaHelper()
[DEBUG] Registering bean definition for @Bean method org.springframework.data.rest.webmvc.config.RepositoryRestMvcConfiguration.repositoryRestConfiguration()
[DEBUG] Registering bean definition for @Bean method org.springframework.data.rest.webmvc.config.RepositoryRestMvcConfiguration.projectionDefinitionRegistrar()
[DEBUG] Registering bean definition for @Bean method org.springframework.data.rest.webmvc.config.RepositoryRestMvcConfiguration.metadataConfiguration()
[DEBUG] Registering bean definition for @Bean method org.springframework.data.rest.webmvc.config.RepositoryRestMvcConfiguration.baseUri()
[DEBUG] Registering bean definition for @Bean method org.springframework.data.rest.webmvc.config.RepositoryRestMvcConfiguration.annotatedEventHandlerInvoker()
[DEBUG] Registering bean definition for @Bean method org.springframework.data.rest.webmvc.config.RepositoryRestMvcConfiguration.domainObjectMerger()
[DEBUG] Registering bean definition for @Bean method org.springframework.data.rest.webmvc.config.RepositoryRestMvcConfiguration.serverHttpRequestMethodArgumentResolver()
[DEBUG] Registering bean definition for @Bean method org.springframework.data.rest.webmvc.config.RepositoryRestMvcConfiguration.repoRequestArgumentResolver()
[DEBUG] Registering bean definition for @Bean method org.springframework.data.rest.webmvc.config.RepositoryRestMvcConfiguration.resourceMetadataHandlerMethodArgumentResolver()
[DEBUG] Registering bean definition for @Bean method org.springframework.data.rest.webmvc.config.RepositoryRestMvcConfiguration.backendIdHandlerMethodArgumentResolver()
[DEBUG] Registering bean definition for @Bean method org.springframework.data.rest.webmvc.config.RepositoryRestMvcConfiguration.eTagArgumentResolver()
[DEBUG] Registering bean definition for @Bean method org.springframework.data.rest.webmvc.config.RepositoryRestMvcConfiguration.entityLinks()
[DEBUG] Registering bean definition for @Bean method org.springframework.data.rest.webmvc.config.RepositoryRestMvcConfiguration.persistentEntityArgumentResolver()
[DEBUG] Registering bean definition for @Bean method org.springframework.data.rest.webmvc.config.RepositoryRestMvcConfiguration.jsonSchemaConverter()
[DEBUG] Registering bean definition for @Bean method org.springframework.data.rest.webmvc.config.RepositoryRestMvcConfiguration.resourceDescriptionMessageSourceAccessor()
[DEBUG] Registering bean definition for @Bean method org.springframework.data.rest.webmvc.config.RepositoryRestMvcConfiguration.objectMapper()
[DEBUG] Registering bean definition for @Bean method org.springframework.data.rest.webmvc.config.RepositoryRestMvcConfiguration.jacksonHttpMessageConverter()
[DEBUG] Registering bean definition for @Bean method org.springframework.data.rest.webmvc.config.RepositoryRestMvcConfiguration.halJacksonHttpMessageConverter()
[DEBUG] Registering bean definition for @Bean method org.springframework.data.rest.webmvc.config.RepositoryRestMvcConfiguration.halObjectMapper()
[DEBUG] Registering bean definition for @Bean method org.springframework.data.rest.webmvc.config.RepositoryRestMvcConfiguration.uriListHttpMessageConverter()
[DEBUG] Registering bean definition for @Bean method org.springframework.data.rest.webmvc.config.RepositoryRestMvcConfiguration.resourceProcessorInvoker()
[DEBUG] Registering bean definition for @Bean method org.springframework.data.rest.webmvc.config.RepositoryRestMvcConfiguration.repositoryExporterHandlerAdapter()
[DEBUG] Registering bean definition for @Bean method org.springframework.data.rest.webmvc.config.RepositoryRestMvcConfiguration.httpRequestHandlerAdapter()
[INFO] Overriding bean definition for bean 'httpRequestHandlerAdapter' with a different definition: replacing [Root bean: class [null]; scope=; abstract=false; lazyInit=false; autowireMode=3; dependencyCheck=0; autowireCandidate=true; primary=false; factoryBeanName=org.springframework.boot.autoconfigure.web.servlet.WebMvcAutoConfiguration$EnableWebMvcConfiguration; factoryMethodName=httpRequestHandlerAdapter; initMethodName=null; destroyMethodName=(inferred); defined in class path resource [org/springframework/boot/autoconfigure/web/servlet/WebMvcAutoConfiguration$EnableWebMvcConfiguration.class]] with [Root bean: class [null]; scope=; abstract=false; lazyInit=false; autowireMode=3; dependencyCheck=0; autowireCandidate=true; primary=false; factoryBeanName=org.springframework.data.rest.webmvc.config.RepositoryRestMvcConfiguration; factoryMethodName=httpRequestHandlerAdapter; initMethodName=null; destroyMethodName=(inferred); defined in class path resource [org/springframework/data/rest/webmvc/config/RepositoryRestMvcConfiguration.class]]
[DEBUG] Registering bean definition for @Bean method org.springframework.data.rest.webmvc.config.RepositoryRestMvcConfiguration.restHandlerMapping()
[DEBUG] Registering bean definition for @Bean method org.springframework.data.rest.webmvc.config.RepositoryRestMvcConfiguration.resourceMappings()
[DEBUG] Registering bean definition for @Bean method org.springframework.data.rest.webmvc.config.RepositoryRestMvcConfiguration.linkCollector()
[DEBUG] Registering bean definition for @Bean method org.springframework.data.rest.webmvc.config.RepositoryRestMvcConfiguration.excerptProjector()
[DEBUG] Registering bean definition for @Bean method org.springframework.data.rest.webmvc.config.RepositoryRestMvcConfiguration.repositoryRestExceptionHandler()
[DEBUG] Registering bean definition for @Bean method org.springframework.data.rest.webmvc.config.RepositoryRestMvcConfiguration.repositoryInvokerFactory()
[DEBUG] Registering bean definition for @Bean method org.springframework.data.rest.webmvc.config.RepositoryRestMvcConfiguration.defaultMessageConverters()
[DEBUG] Registering bean definition for @Bean method org.springframework.data.rest.webmvc.config.RepositoryRestMvcConfiguration.alpsJsonHttpMessageConverter()
[DEBUG] Registering bean definition for @Bean method org.springframework.data.rest.webmvc.config.RepositoryRestMvcConfiguration.pageableResolver()
[DEBUG] Registering bean definition for @Bean method org.springframework.data.rest.webmvc.config.RepositoryRestMvcConfiguration.sortResolver()
[DEBUG] Registering bean definition for @Bean method org.springframework.data.rest.webmvc.config.RepositoryRestMvcConfiguration.backendIdConverterRegistry()
[DEBUG] Registering bean definition for @Bean method org.springframework.data.rest.webmvc.config.RepositoryRestMvcConfiguration.auditableBeanWrapperFactory()
[DEBUG] Registering bean definition for @Bean method org.springframework.data.rest.webmvc.config.RepositoryRestMvcConfiguration.httpHeadersPreparer()
[DEBUG] Registering bean definition for @Bean method org.springframework.data.rest.webmvc.config.RepositoryRestMvcConfiguration.selfLinkProvider()
[DEBUG] Registering bean definition for @Bean method org.springframework.data.rest.webmvc.config.RepositoryRestMvcConfiguration.associationLinks()
[DEBUG] Registering bean definition for @Bean method org.springframework.data.rest.webmvc.config.RepositoryRestMvcConfiguration.enumTranslator()
[DEBUG] Registering bean definition for @Bean method org.springframework.data.rest.webmvc.config.RepositoryRestMvcConfiguration.alpsConverter()
[DEBUG] Registering bean definition for @Bean method org.springframework.data.rest.webmvc.config.RepositoryRestMvcConfiguration.profileResourceProcessor()
[DEBUG] Registering bean definition for @Bean method org.springframework.data.rest.webmvc.config.RepositoryRestMvcConfiguration.pagedResourcesAssembler()
[DEBUG] Registering bean definition for @Bean method org.springframework.data.rest.webmvc.config.RepositoryRestMvcConfiguration.pagedResourcesAssemblerArgumentResolver()
[DEBUG] Adding PropertySource 'systemProperties' with lowest search precedence
[DEBUG] Adding PropertySource 'systemEnvironment' with lowest search precedence
[DEBUG] Initialized StandardEnvironment with PropertySources [MapPropertySource@1435092771 {name='systemProperties', properties={java.runtime.name=Java(TM) SE Runtime Environment, sun.boot.library.path=C:\Program Files\Java\jdk1.8.0_172\jre\bin, java.vm.version=25.172-b11, java.vm.vendor=Oracle Corporation, java.vendor.url=http://java.oracle.com/, path.separator=;, java.vm.name=Java HotSpot(TM) 64-Bit Server VM, file.encoding.pkg=sun.io, user.script=, sun.java.launcher=SUN_STANDARD, user.country=US, sun.os.patch.level=, PID=7896, java.vm.specification.name=Java Virtual Machine Specification, user.dir=C:\Users\alexander.angulo\Music\version2\parqueadero, java.runtime.version=1.8.0_172-b11, java.awt.graphicsenv=sun.awt.Win32GraphicsEnvironment, java.endorsed.dirs=C:\Program Files\Java\jdk1.8.0_172\jre\lib\endorsed, os.arch=amd64, java.io.tmpdir=C:\Users\ALEXAN~1.ANG\AppData\Local\Temp\, line.separator=
, java.vm.specification.vendor=Oracle Corporation, user.variant=, os.name=Windows 10, net.sourceforge.cobertura.datafile=C:\Users\alexander.angulo\Music\version2\parqueadero\build\cobertura\cobertura.ser, sun.jnu.encoding=Cp1252, spring.beaninfo.ignore=true, java.library.path=C:\Program Files\Java\jdk1.8.0_172\bin;C:\Windows\Sun\Java\bin;C:\Windows\system32;C:\Windows;C:/Program Files/Java/jre1.8.0_172/bin/server;C:/Program Files/Java/jre1.8.0_172/bin;C:/Program Files/Java/jre1.8.0_172/lib/amd64;C:\Program Files (x86)\Common Files\Oracle\Java\javapath;C:\Oracle\product\11.1.0\client_1\bin;C:\Program Files\CollabNet\Subversion Client;C:\Windows\system32;C:\Windows;C:\Windows\System32\Wbem;C:\Windows\System32\WindowsPowerShell\v1.0\;C:\Windows\System32\OpenSSH\;C:\Program Files\TortoiseSVN\bin;C:\Program Files\Git\cmd;C:\Program Files\PuTTY\;C:\xampp\mysql\bin;C:\Program Files\nodejs\;C:\Users\alexander.angulo\AppData\Local\Microsoft\WindowsApps;;C:\Program Files\Microsoft VS Code\bin;C:\Users\alexander.angulo\AppData\Roaming\npm;D:\spring-tool-suite\sts-bundle\sts-3.9.4.RELEASE;;., java.specification.name=Java Platform API Specification, java.class.version=52.0, org.gradle.native=false, sun.management.compiler=HotSpot 64-Bit Tiered Compilers, os.version=10.0, user.home=C:\Users\alexander.angulo, user.timezone=America/Bogota, java.awt.printerjob=sun.awt.windows.WPrinterJob, file.encoding=windows-1252, java.specification.version=1.8, java.class.path=C:\Users\alexander.angulo\Music\version2\parqueadero\build\instrumented_classes;C:\Users\alexander.angulo\Music\version2\parqueadero\build\classes\java\test;C:\Users\alexander.angulo\Music\version2\parqueadero\build\resources\test;C:\Users\alexander.angulo\Music\version2\parqueadero\build\classes\java\main;C:\Users\alexander.angulo\Music\version2\parqueadero\build\resources\main;C:\Users\alexander.angulo\.gradle\caches\modules-2\files-2.1\org.springframework.boot\spring-boot-starter-data-jpa\2.0.2.RELEASE\a277d15c247684aaef38852a2e71b8b1ef7357e6\spring-boot-starter-data-jpa-2.0.2.RELEASE.jar;C:\Users\alexander.angulo\.gradle\caches\modules-2\files-2.1\org.springframework.boot\spring-boot-starter-data-rest\2.0.2.RELEASE\1617ded563edcb560034293532d74a6c61132eea\spring-boot-starter-data-rest-2.0.2.RELEASE.jar;C:\Users\alexander.angulo\.gradle\caches\modules-2\files-2.1\org.springframework.boot\spring-boot-starter-web\2.0.2.RELEASE\b6ef0cf4d0a7c6c7e93ff524b84cd1d8f87f67d9\spring-boot-starter-web-2.0.2.RELEASE.jar;C:\Users\alexander.angulo\.gradle\caches\modules-2\files-2.1\mysql\mysql-connector-java\5.1.46\9a3e63b387e376364211e96827bc27db8d7a92e9\mysql-connector-java-5.1.46.jar;C:\Users\alexander.angulo\.gradle\caches\modules-2\files-2.1\org.json\json\20090211\c183aa3a2a6250293808bba12262c8920ce5a51c\json-20090211.jar;C:\Users\alexander.angulo\.gradle\caches\modules-2\files-2.1\org.springframework.boot\spring-boot-starter-test\2.0.2.RELEASE\d9e090412f318586e0f277e24740b79b58ef190b\spring-boot-starter-test-2.0.2.RELEASE.jar;C:\Users\alexander.angulo\.gradle\caches\modules-2\files-2.1\org.springframework.boot\spring-boot-starter-aop\2.0.2.RELEASE\b0b0c7dcfdffaef1b04886c0279772905bc7e9d2\spring-boot-starter-aop-2.0.2.RELEASE.jar;C:\Users\alexander.angulo\.gradle\caches\modules-2\files-2.1\org.springframework.boot\spring-boot-starter-jdbc\2.0.2.RELEASE\f93c2459a06061f889b837d1c2503055df024778\spring-boot-starter-jdbc-2.0.2.RELEASE.jar;C:\Users\alexander.angulo\.gradle\caches\modules-2\files-2.1\org.springframework.boot\spring-boot-starter-json\2.0.2.RELEASE\5edda979838ced5314b8f58a958fe9d6b4b3badd\spring-boot-starter-json-2.0.2.RELEASE.jar;C:\Users\alexander.angulo\.gradle\caches\modules-2\files-2.1\org.springframework.boot\spring-boot-starter\2.0.2.RELEASE\1cda94f0dfcf2b065191782a54b84d2abf96391\spring-boot-starter-2.0.2.RELEASE.jar;C:\Users\alexander.angulo\.gradle\caches\modules-2\files-2.1\org.hibernate\hibernate-core\5.2.17.Final\f2dc36470e7a2ffcf6106bb1625ecf5b54bb5f65\hibernate-core-5.2.17.Final.jar;C:\Users\alexander.angulo\.gradle\caches\modules-2\files-2.1\javax.transaction\javax.transaction-api\1.2\d81aff979d603edd90dcd8db2abc1f4ce6479e3e\javax.transaction-api-1.2.jar;C:\Users\alexander.angulo\.gradle\caches\modules-2\files-2.1\org.springframework.data\spring-data-jpa\2.0.7.RELEASE\9f201f3d3435a9e5422e0edcff3475c46215ffb\spring-data-jpa-2.0.7.RELEASE.jar;C:\Users\alexander.angulo\.gradle\caches\modules-2\files-2.1\org.springframework\spring-aspects\5.0.6.RELEASE\45a7631a64eb82625067587b9796d4418d9e0568\spring-aspects-5.0.6.RELEASE.jar;C:\Users\alexander.angulo\.gradle\caches\modules-2\files-2.1\org.springframework.data\spring-data-rest-webmvc\3.0.7.RELEASE\684949215006f844591c6a8632356f483752fca0\spring-data-rest-webmvc-3.0.7.RELEASE.jar;C:\Users\alexander.angulo\.gradle\caches\modules-2\files-2.1\org.springframework.boot\spring-boot-starter-tomcat\2.0.2.RELEASE\cedbfb18762e1c220007c768bfc5b773f5b30f8a\spring-boot-starter-tomcat-2.0.2.RELEASE.jar;C:\Users\alexander.angulo\.gradle\caches\modules-2\files-2.1\org.hibernate.validator\hibernate-validator\6.0.9.Final\b149e4cce82379f11f6129eb3187ca8ae5404005\hibernate-validator-6.0.9.Final.jar;C:\Users\alexander.angulo\.gradle\caches\modules-2\files-2.1\org.springframework.data\spring-data-rest-core\3.0.7.RELEASE\dd56b4f427987e1d5ab320eee6c3401e32557bb2\spring-data-rest-core-3.0.7.RELEASE.jar;C:\Users\alexander.angulo\.gradle\caches\modules-2\files-2.1\org.springframework.hateoas\spring-hateoas\0.24.0.RELEASE\b6401a781a58e0b2ab95242a553683e04300fe69\spring-hateoas-0.24.0.RELEASE.jar;C:\Users\alexander.angulo\.gradle\caches\modules-2\files-2.1\org.springframework\spring-webmvc\5.0.6.RELEASE\1361c5d1cf46665ee01de5dc1ca447c3be174c19\spring-webmvc-5.0.6.RELEASE.jar;C:\Users\alexander.angulo\.gradle\caches\modules-2\files-2.1\org.springframework\spring-web\5.0.6.RELEASE\89e89de3025165998118590613aedc6df8d64af6\spring-web-5.0.6.RELEASE.jar;C:\Users\alexander.angulo\.gradle\caches\modules-2\files-2.1\org.springframework.boot\spring-boot-test-autoconfigure\2.0.2.RELEASE\4993bdd96a4c02bc5b5703862d99ef4c563f25d0\spring-boot-test-autoconfigure-2.0.2.RELEASE.jar;C:\Users\alexander.angulo\.gradle\caches\modules-2\files-2.1\org.springframework.boot\spring-boot-test\2.0.2.RELEASE\fc85812e6543312a3b0ea9fbbdfd4a51183380a3\spring-boot-test-2.0.2.RELEASE.jar;C:\Users\alexander.angulo\.gradle\caches\modules-2\files-2.1\com.jayway.jsonpath\json-path\2.4.0\765a4401ceb2dc8d40553c2075eb80a8fa35c2ae\json-path-2.4.0.jar;C:\Users\alexander.angulo\.gradle\caches\modules-2\files-2.1\junit\junit\4.12\2973d150c0dc1fefe998f834810d68f278ea58ec\junit-4.12.jar;C:\Users\alexander.angulo\.gradle\caches\modules-2\files-2.1\org.assertj\assertj-core\3.9.1\c5ce126b15f28d56cd8f960c1a6a058b9c9aea87\assertj-core-3.9.1.jar;C:\Users\alexander.angulo\.gradle\caches\modules-2\files-2.1\org.mockito\mockito-core\2.15.0\b84bfbbc29cd22c9529409627af6ea2897f4fa85\mockito-core-2.15.0.jar;C:\Users\alexander.angulo\.gradle\caches\modules-2\files-2.1\org.hamcrest\hamcrest-library\1.3\4785a3c21320980282f9f33d0d1264a69040538f\hamcrest-library-1.3.jar;C:\Users\alexander.angulo\.gradle\caches\modules-2\files-2.1\org.hamcrest\hamcrest-core\1.3\42a25dc3219429f0e5d060061f71acb49bf010a0\hamcrest-core-1.3.jar;C:\Users\alexander.angulo\.gradle\caches\modules-2\files-2.1\org.skyscreamer\jsonassert\1.5.0\6c9d5fe2f59da598d9aefc1cfc6528ff3cf32df3\jsonassert-1.5.0.jar;C:\Users\alexander.angulo\.gradle\caches\modules-2\files-2.1\org.springframework\spring-test\5.0.6.RELEASE\dbc99b288774b2e07d94bc14fe38d556bc3ed34a\spring-test-5.0.6.RELEASE.jar;C:\Users\alexander.angulo\.gradle\caches\modules-2\files-2.1\org.springframework.boot\spring-boot-autoconfigure\2.0.2.RELEASE\f4b25e753e4955337a138d8b1550236b5efe5b3b\spring-boot-autoconfigure-2.0.2.RELEASE.jar;C:\Users\alexander.angulo\.gradle\caches\modules-2\files-2.1\org.springframework.boot\spring-boot\2.0.2.RELEASE\15012cf02e9f77938244e554f0598535fdd1cb38\spring-boot-2.0.2.RELEASE.jar;C:\Users\alexander.angulo\.gradle\caches\modules-2\files-2.1\org.springframework\spring-orm\5.0.6.RELEASE\7a08073597b79dfcd4db1cffa924f2b991a14a20\spring-orm-5.0.6.RELEASE.jar;C:\Users\alexander.angulo\.gradle\caches\modules-2\files-2.1\org.springframework\spring-jdbc\5.0.6.RELEASE\7d4de1ee9b042774e09ceb88393e5a564e342729\spring-jdbc-5.0.6.RELEASE.jar;C:\Users\alexander.angulo\.gradle\caches\modules-2\files-2.1\org.springframework.plugin\spring-plugin-core\1.2.0.RELEASE\f380e7760032e7d929184f8ad8a33716b75c0657\spring-plugin-core-1.2.0.RELEASE.jar;C:\Users\alexander.angulo\.gradle\caches\modules-2\files-2.1\org.springframework\spring-context\5.0.6.RELEASE\8b73b742ef0ddce04f0f1068f305de240b00ce0d\spring-context-5.0.6.RELEASE.jar;C:\Users\alexander.angulo\.gradle\caches\modules-2\files-2.1\org.springframework\spring-tx\5.0.6.RELEASE\1b6ffc44f2d59507a0fce1084fcc21788b13904\spring-tx-5.0.6.RELEASE.jar;C:\Users\alexander.angulo\.gradle\caches\modules-2\files-2.1\org.springframework\spring-aop\5.0.6.RELEASE\74078df698992054c1c1a8f705763a6c7b4b914c\spring-aop-5.0.6.RELEASE.jar;C:\Users\alexander.angulo\.gradle\caches\modules-2\files-2.1\org.springframework.data\spring-data-commons\2.0.7.RELEASE\7faa0fb2ffa50a5c50ad9f10118095ae24d5c6e1\spring-data-commons-2.0.7.RELEASE.jar;C:\Users\alexander.angulo\.gradle\caches\modules-2\files-2.1\org.springframework\spring-beans\5.0.6.RELEASE\d609b83cd8a71650a70778cf8d02c9a05b9161fe\spring-beans-5.0.6.RELEASE.jar;C:\Users\alexander.angulo\.gradle\caches\modules-2\files-2.1\org.springframework\spring-expression\5.0.6.RELEASE\dec57ae5e6f0dfd4c6cfc199aa13ed268c3e1a65\spring-expression-5.0.6.RELEASE.jar;C:\Users\alexander.angulo\.gradle\caches\modules-2\files-2.1\org.springframework\spring-core\5.0.6.RELEASE\984a52455b1be596b7f1a29f62d21d2f483eb764\spring-core-5.0.6.RELEASE.jar;C:\Users\alexander.angulo\.gradle\caches\modules-2\files-2.1\org.xmlunit\xmlunit-core\2.5.1\4ffdb346572a7356f7521cd3119ce5287d2e339d\xmlunit-core-2.5.1.jar;C:\Users\alexander.angulo\.gradle\caches\modules-2\files-2.1\org.springframework.boot\spring-boot-starter-logging\2.0.2.RELEASE\b56d7d1931792d6e58dbd41f956912359ba85238\spring-boot-starter-logging-2.0.2.RELEASE.jar;C:\Users\alexander.angulo\.gradle\caches\modules-2\files-2.1\javax.annotation\javax.annotation-api\1.3.2\934c04d3cfef185a8008e7bf34331b79730a9d43\javax.annotation-api-1.3.2.jar;C:\Users\alexander.angulo\.gradle\caches\modules-2\files-2.1\org.yaml\snakeyaml\1.19\2d998d3d674b172a588e54ab619854d073f555b5\snakeyaml-1.19.jar;C:\Users\alexander.angulo\.gradle\caches\modules-2\files-2.1\org.aspectj\aspectjweaver\1.8.13\ad94df2a28d658a40dc27bbaff6a1ce5fbf04e9b\aspectjweaver-1.8.13.jar;C:\Users\alexander.angulo\.gradle\caches\modules-2\files-2.1\com.zaxxer\HikariCP\2.7.9\a83113d2c091d0d0f853dad3217bd7df3beb6ae3\HikariCP-2.7.9.jar;C:\Users\alexander.angulo\.gradle\caches\modules-2\files-2.1\org.hibernate.common\hibernate-commons-annotations\5.0.1.Final\71e1cff3fcb20d3b3af4f3363c3ddb24d33c6879\hibernate-commons-annotations-5.0.1.Final.jar;C:\Users\alexander.angulo\.gradle\caches\modules-2\files-2.1\org.jboss.logging\jboss-logging\3.3.2.Final\3789d00e859632e6c6206adc0c71625559e6e3b0\jboss-logging-3.3.2.Final.jar;C:\Users\alexander.angulo\.gradle\caches\modules-2\files-2.1\org.hibernate.javax.persistence\hibernate-jpa-2.1-api\1.0.0.Final\5e731d961297e5a07290bfaf3db1fbc8bbbf405a\hibernate-jpa-2.1-api-1.0.0.Final.jar;C:\Users\alexander.angulo\.gradle\caches\modules-2\files-2.1\org.javassist\javassist\3.22.0-GA\3e83394258ae2089be7219b971ec21a8288528ad\javassist-3.22.0-GA.jar;C:\Users\alexander.angulo\.gradle\caches\modules-2\files-2.1\antlr\antlr\2.7.7\83cd2cd674a217ade95a4bb83a8a14f351f48bd0\antlr-2.7.7.jar;C:\Users\alexander.angulo\.gradle\caches\modules-2\files-2.1\org.jboss\jandex\2.0.3.Final\bfc4d6257dbff7a33a357f0de116be6ff951d849\jandex-2.0.3.Final.jar;C:\Users\alexander.angulo\.gradle\caches\modules-2\files-2.1\com.fasterxml\classmate\1.3.4\3d5f48f10bbe4eb7bd862f10c0583be2e0053c6\classmate-1.3.4.jar;C:\Users\alexander.angulo\.gradle\caches\modules-2\files-2.1\dom4j\dom4j\1.6.1\5d3ccc056b6f056dbf0dddfdf43894b9065a8f94\dom4j-1.6.1.jar;C:\Users\alexander.angulo\.gradle\caches\modules-2\files-2.1\ch.qos.logback\logback-classic\1.2.3\7c4f3c474fb2c041d8028740440937705ebb473a\logback-classic-1.2.3.jar;C:\Users\alexander.angulo\.gradle\caches\modules-2\files-2.1\org.apache.logging.log4j\log4j-to-slf4j\2.10.0\f7e631ccf49cfc0aefa4a2a728da7d374c05bd3c\log4j-to-slf4j-2.10.0.jar;C:\Users\alexander.angulo\.gradle\caches\modules-2\files-2.1\org.slf4j\jul-to-slf4j\1.7.25\af5364cd6679bfffb114f0dec8a157aaa283b76\jul-to-slf4j-1.7.25.jar;C:\Users\alexander.angulo\.gradle\caches\modules-2\files-2.1\org.slf4j\slf4j-api\1.7.25\da76ca59f6a57ee3102f8f9bd9cee742973efa8a\slf4j-api-1.7.25.jar;C:\Users\alexander.angulo\.gradle\caches\modules-2\files-2.1\com.fasterxml.jackson.datatype\jackson-datatype-jdk8\2.9.5\23e37f085279ba316c0df923513b81609e1d1f6\jackson-datatype-jdk8-2.9.5.jar;C:\Users\alexander.angulo\.gradle\caches\modules-2\files-2.1\com.fasterxml.jackson.datatype\jackson-datatype-jsr310\2.9.5\d1f0d11e816bc04e222a261106ca138801841c2d\jackson-datatype-jsr310-2.9.5.jar;C:\Users\alexander.angulo\.gradle\caches\modules-2\files-2.1\com.fasterxml.jackson.module\jackson-module-parameter-names\2.9.5\f824c60751ffb7bfc3a0d30dfe0e42317d8e67f5\jackson-module-parameter-names-2.9.5.jar;C:\Users\alexander.angulo\.gradle\caches\modules-2\files-2.1\com.fasterxml.jackson.core\jackson-databind\2.9.5\3490508379d065fe3fcb80042b62f630f7588606\jackson-databind-2.9.5.jar;C:\Users\alexander.angulo\.gradle\caches\modules-2\files-2.1\com.fasterxml.jackson.core\jackson-annotations\2.9.0\7c10d545325e3a6e72e06381afe469fd40eb701\jackson-annotations-2.9.0.jar;C:\Users\alexander.angulo\.gradle\caches\modules-2\files-2.1\org.apache.tomcat.embed\tomcat-embed-websocket\8.5.31\6564e716b89de5eaa0dd234ae7989576503ddf3\tomcat-embed-websocket-8.5.31.jar;C:\Users\alexander.angulo\.gradle\caches\modules-2\files-2.1\org.apache.tomcat.embed\tomcat-embed-core\8.5.31\f5adf7ed8c34aa005b22b6a2dc7b6796e10e9c79\tomcat-embed-core-8.5.31.jar;C:\Users\alexander.angulo\.gradle\caches\modules-2\files-2.1\org.apache.tomcat.embed\tomcat-embed-el\8.5.31\3a536e1ac71b82627c3a7408eb38fa0704cb9034\tomcat-embed-el-8.5.31.jar;C:\Users\alexander.angulo\.gradle\caches\modules-2\files-2.1\javax.validation\validation-api\2.0.1.Final\cb855558e6271b1b32e716d24cb85c7f583ce09e\validation-api-2.0.1.Final.jar;C:\Users\alexander.angulo\.gradle\caches\modules-2\files-2.1\net.minidev\json-smart\2.3\7396407491352ce4fa30de92efb158adb76b5b\json-smart-2.3.jar;C:\Users\alexander.angulo\.gradle\caches\modules-2\files-2.1\net.bytebuddy\byte-buddy\1.7.11\f02857a4e2c66ccbe7aaad6100a0a6c461bce9b3\byte-buddy-1.7.11.jar;C:\Users\alexander.angulo\.gradle\caches\modules-2\files-2.1\net.bytebuddy\byte-buddy-agent\1.7.11\b425a8933ca07edd03c6dbc8bc3b595fba9780de\byte-buddy-agent-1.7.11.jar;C:\Users\alexander.angulo\.gradle\caches\modules-2\files-2.1\org.objenesis\objenesis\2.6\639033469776fd37c08358c6b92a4761feb2af4b\objenesis-2.6.jar;C:\Users\alexander.angulo\.gradle\caches\modules-2\files-2.1\com.vaadin.external.google\android-json\0.0.20131108.vaadin1\fa26d351fe62a6a17f5cda1287c1c6110dec413f\android-json-0.0.20131108.vaadin1.jar;C:\Users\alexander.angulo\.gradle\caches\modules-2\files-2.1\org.springframework\spring-jcl\5.0.6.RELEASE\295ee4e8657e9c1fd327735c01d5fbce339cc44d\spring-jcl-5.0.6.RELEASE.jar;C:\Users\alexander.angulo\.gradle\caches\modules-2\files-2.1\com.fasterxml.jackson.core\jackson-core\2.9.5\a22ac51016944b06fd9ffbc9541c6e7ce5eea117\jackson-core-2.9.5.jar;C:\Users\alexander.angulo\.gradle\caches\modules-2\files-2.1\org.atteo\evo-inflector\1.2.2\2551aad98d65ac5464d81fe05f0e1516cfe471c9\evo-inflector-1.2.2.jar;C:\Users\alexander.angulo\.gradle\caches\modules-2\files-2.1\net.minidev\accessors-smart\1.2\c592b500269bfde36096641b01238a8350f8aa31\accessors-smart-1.2.jar;C:\Users\alexander.angulo\.gradle\caches\modules-2\files-2.1\ch.qos.logback\logback-core\1.2.3\864344400c3d4d92dfeb0a305dc87d953677c03c\logback-core-1.2.3.jar;C:\Users\alexander.angulo\.gradle\caches\modules-2\files-2.1\org.apache.logging.log4j\log4j-api\2.10.0\fec5797a55b786184a537abd39c3fa1449d752d6\log4j-api-2.10.0.jar;C:\Users\alexander.angulo\.gradle\caches\modules-2\files-2.1\org.ow2.asm\asm\5.0.4\da08b8cce7bbf903602a25a3a163ae252435795\asm-5.0.4.jar;C:\Users\alexander.angulo\.gradle\caches\modules-2\files-2.1\net.sourceforge.cobertura\cobertura\2.1.1\eab984794b3f7d0d37736a9e5b7f790128f611b5\cobertura-2.1.1.jar;C:\Users\alexander.angulo\.gradle\caches\modules-2\files-2.1\org.ow2.asm\asm-commons\5.0.1\7b7147a390a93a14d2edfdcf3f7b0e87a0939c3e\asm-commons-5.0.1.jar;C:\Users\alexander.angulo\.gradle\caches\modules-2\files-2.1\org.ow2.asm\asm-util\5.0.1\7c8caddfbd0b2d7b844f8fcc75175b9cb9cf4724\asm-util-5.0.1.jar;C:\Users\alexander.angulo\.gradle\caches\modules-2\files-2.1\org.ow2.asm\asm-analysis\5.0.1\e286fbee48efacb4e7c175f7948d9d8b2ab52352\asm-analysis-5.0.1.jar;C:\Users\alexander.angulo\.gradle\caches\modules-2\files-2.1\org.ow2.asm\asm-tree\5.0.1\1b1e6e9d869acd704056d0a4223071a511c619e6\asm-tree-5.0.1.jar;C:\Users\alexander.angulo\.gradle\caches\modules-2\files-2.1\org.ow2.asm\asm\5.0.1\2fd56467a018aafe6ec6a73ccba520be4a7e1565\asm-5.0.1.jar;C:\Users\alexander.angulo\.gradle\caches\modules-2\files-2.1\oro\oro\2.0.8\5592374f834645c4ae250f4c9fbb314c9369d698\oro-2.0.8.jar;C:\Users\alexander.angulo\.gradle\caches\modules-2\files-2.1\jaxen\jaxen\1.1.6\3f8c36d9a0578e8e98f030c662b69888b1430ac0\jaxen-1.1.6.jar;C:\Users\alexander.angulo\.gradle\caches\modules-2\files-2.1\org.apache.ant\ant-junit\1.8.3\9f77eec4e103241602fb0cdd97b3ec3237e0bd9\ant-junit-1.8.3.jar;C:\Users\alexander.angulo\.gradle\caches\modules-2\files-2.1\org.apache.ant\ant\1.8.3\77c746ecab048b9839c7a8e39e55fe8636c5b11\ant-1.8.3.jar;C:\Users\alexander.angulo\.gradle\caches\modules-2\files-2.1\org.mortbay.jetty\jetty\6.1.14\5ded67b609e59c27e82ff61b510773d28c9bef56\jetty-6.1.14.jar;C:\Users\alexander.angulo\.gradle\caches\modules-2\files-2.1\org.mortbay.jetty\servlet-api-2.5\6.1.14\5f07601ab7d7c85dd9e38a17c0e1b0edfbd4a191\servlet-api-2.5-6.1.14.jar;C:\Users\alexander.angulo\.gradle\caches\modules-2\files-2.1\org.mortbay.jetty\jetty-util\6.1.14\1b707d5884e35c9b97114a24aa9ee94ca531fa21\jetty-util-6.1.14.jar;C:\Users\alexander.angulo\.gradle\caches\modules-2\files-2.1\org.apache.commons\commons-lang3\3.7\557edd918fd41f9260963583ebf5a61a43a6b423\commons-lang3-3.7.jar;C:\Users\alexander.angulo\.gradle\caches\modules-2\files-2.1\org.apache.ant\ant-launcher\1.8.3\a22bcf9438c41828b04c13b052c4886606abac2\ant-launcher-1.8.3.jar, user.name=alexander.angulo, java.vm.specification.version=1.8, sun.java.command=worker.org.gradle.process.internal.worker.GradleWorkerMain 'Gradle Test Executor 3', java.home=C:\Program Files\Java\jdk1.8.0_172\jre, sun.arch.data.model=64, user.language=en, java.specification.vendor=Oracle Corporation, awt.toolkit=sun.awt.windows.WToolkit, java.vm.info=mixed mode, java.version=1.8.0_172, java.ext.dirs=C:\Program Files\Java\jdk1.8.0_172\jre\lib\ext;C:\Windows\Sun\Java\lib\ext, property=value, sun.boot.class.path=C:\Program Files\Java\jdk1.8.0_172\jre\lib\resources.jar;C:\Program Files\Java\jdk1.8.0_172\jre\lib\rt.jar;C:\Program Files\Java\jdk1.8.0_172\jre\lib\sunrsasign.jar;C:\Program Files\Java\jdk1.8.0_172\jre\lib\jsse.jar;C:\Program Files\Java\jdk1.8.0_172\jre\lib\jce.jar;C:\Program Files\Java\jdk1.8.0_172\jre\lib\charsets.jar;C:\Program Files\Java\jdk1.8.0_172\jre\lib\jfr.jar;C:\Program Files\Java\jdk1.8.0_172\jre\classes, java.awt.headless=true, java.vendor=Oracle Corporation, org.gradle.test.worker=3, file.separator=\, java.vendor.url.bug=http://bugreport.sun.com/bugreport/, sun.io.unicode.encoding=UnicodeLittle, sun.cpu.endian=little, sun.desktop=windows, sun.cpu.isalist=amd64}}, SystemEnvironmentPropertySource@1178481796 {name='systemEnvironment', properties={USERDOMAIN_ROAMINGPROFILE=CEIBA, LOCALAPPDATA=C:\Users\alexander.angulo\AppData\Local, PROCESSOR_LEVEL=6, USERDOMAIN=CEIBA, LOGONSERVER=\\CRONOS, SESSIONNAME=Console, ALLUSERSPROFILE=C:\ProgramData, PROCESSOR_ARCHITECTURE=AMD64, PSModulePath=C:\Program Files\WindowsPowerShell\Modules;C:\Windows\system32\WindowsPowerShell\v1.0\Modules, SystemDrive=C:, OneDrive=C:\Users\alexander.angulo\OneDrive, APPDATA=C:\Users\alexander.angulo\AppData\Roaming, USERNAME=alexander.angulo, USERDNSDOMAIN=CEIBA.LOCAL, ProgramFiles(x86)=C:\Program Files (x86), CommonProgramFiles=C:\Program Files\Common Files, Path=C:/Program Files/Java/jre1.8.0_172/bin/server;C:/Program Files/Java/jre1.8.0_172/bin;C:/Program Files/Java/jre1.8.0_172/lib/amd64;C:\Program Files (x86)\Common Files\Oracle\Java\javapath;C:\Oracle\product\11.1.0\client_1\bin;C:\Program Files\CollabNet\Subversion Client;C:\Windows\system32;C:\Windows;C:\Windows\System32\Wbem;C:\Windows\System32\WindowsPowerShell\v1.0\;C:\Windows\System32\OpenSSH\;C:\Program Files\TortoiseSVN\bin;C:\Program Files\Git\cmd;C:\Program Files\PuTTY\;C:\xampp\mysql\bin;C:\Program Files\nodejs\;C:\Users\alexander.angulo\AppData\Local\Microsoft\WindowsApps;;C:\Program Files\Microsoft VS Code\bin;C:\Users\alexander.angulo\AppData\Roaming\npm;D:\spring-tool-suite\sts-bundle\sts-3.9.4.RELEASE;, PATHEXT=.COM;.EXE;.BAT;.CMD;.VBS;.VBE;.JS;.JSE;.WSF;.WSH;.MSC, DriverData=C:\Windows\System32\Drivers\DriverData, OS=Windows_NT, COMPUTERNAME=ALEXANDER-ANGUL, PROCESSOR_REVISION=3a09, CommonProgramW6432=C:\Program Files\Common Files, ComSpec=C:\Windows\system32\cmd.exe, ProgramData=C:\ProgramData, ProgramW6432=C:\Program Files, HOMEPATH=\Users\alexander.angulo, SystemRoot=C:\Windows, TEMP=C:\Users\ALEXAN~1.ANG\AppData\Local\Temp, HOMEDRIVE=C:, PROCESSOR_IDENTIFIER=Intel64 Family 6 Model 58 Stepping 9, GenuineIntel, USERPROFILE=C:\Users\alexander.angulo, TMP=C:\Users\ALEXAN~1.ANG\AppData\Local\Temp, CommonProgramFiles(x86)=C:\Program Files (x86)\Common Files, ProgramFiles=C:\Program Files, PUBLIC=C:\Users\Public, NUMBER_OF_PROCESSORS=8, windir=C:\Windows, =::=::\}}]
[DEBUG] Resolved classpath location [META-INF/spring-data-rest/] to resources []
[DEBUG] Resolved location pattern [classpath*:META-INF/spring-data-rest/**/*.xml] to resources []
[DEBUG] Loaded 0 bean definitions from location pattern [classpath*:META-INF/spring-data-rest/**/*.xml]
[DEBUG] Registered bean definition for imported class 'org.springframework.boot.autoconfigure.data.rest.RepositoryRestMvcAutoConfiguration'
[DEBUG] Registering bean definition for @Bean method org.springframework.boot.autoconfigure.data.rest.RepositoryRestMvcAutoConfiguration.springBootRepositoryRestConfigurer()
[DEBUG] Returning cached instance of singleton bean 'autoConfigurationReport'
[DEBUG] Returning cached instance of singleton bean 'autoConfigurationReport'
[DEBUG] Returning cached instance of singleton bean 'org.springframework.boot.autoconfigure.condition.BeanTypeRegistry'
[DEBUG] Returning cached instance of singleton bean 'autoConfigurationReport'
[DEBUG] Returning cached instance of singleton bean 'autoConfigurationReport'
[DEBUG] Returning cached instance of singleton bean 'autoConfigurationReport'
[DEBUG] Returning cached instance of singleton bean 'org.springframework.boot.autoconfigure.condition.BeanTypeRegistry'
[DEBUG] Returning cached instance of singleton bean 'autoConfigurationReport'
[DEBUG] Returning cached instance of singleton bean 'autoConfigurationReport'
[DEBUG] Returning cached instance of singleton bean 'org.springframework.boot.autoconfigure.condition.BeanTypeRegistry'
[DEBUG] Returning cached instance of singleton bean 'autoConfigurationReport'
[DEBUG] Registered bean definition for imported class 'org.springframework.boot.autoconfigure.hateoas.HypermediaHttpMessageConverterConfiguration'
[DEBUG] Returning cached instance of singleton bean 'autoConfigurationReport'
[DEBUG] Registering bean definition for @Bean method org.springframework.boot.autoconfigure.hateoas.HypermediaHttpMessageConverterConfiguration.halMessageConverterSupportedMediaTypeCustomizer()
[DEBUG] Registered bean definition for imported class 'org.springframework.boot.autoconfigure.hateoas.HypermediaAutoConfiguration'
[DEBUG] Returning cached instance of singleton bean 'autoConfigurationReport'
[DEBUG] Returning cached instance of singleton bean 'autoConfigurationReport'
[DEBUG] Registered bean definition for imported class 'org.springframework.boot.autoconfigure.http.codec.CodecsAutoConfiguration$JacksonCodecConfiguration'
[DEBUG] Returning cached instance of singleton bean 'org.springframework.boot.autoconfigure.condition.BeanTypeRegistry'
[DEBUG] Returning cached instance of singleton bean 'autoConfigurationReport'
[DEBUG] Registering bean definition for @Bean method org.springframework.boot.autoconfigure.http.codec.CodecsAutoConfiguration$JacksonCodecConfiguration.jacksonCodecCustomizer()
[DEBUG] Registered bean definition for imported class 'org.springframework.boot.autoconfigure.http.codec.CodecsAutoConfiguration'
[DEBUG] Registered bean definition for imported class 'org.springframework.boot.autoconfigure.info.ProjectInfoAutoConfiguration'
[DEBUG] Could not find key 'spring.info.git.location' in any property source
[DEBUG] Returning cached instance of singleton bean 'autoConfigurationReport'
[DEBUG] Could not find key 'spring.info.build.location:classpath:META-INF/build-info.properties' in any property source
[DEBUG] Could not find key 'spring.info.build.location' in any property source
[DEBUG] Returning cached instance of singleton bean 'autoConfigurationReport'
[DEBUG] Returning cached instance of singleton bean 'autoConfigurationReport'
[DEBUG] Returning cached instance of singleton bean 'org.springframework.boot.autoconfigure.condition.BeanTypeRegistry'
[DEBUG] Returning cached instance of singleton bean 'autoConfigurationReport'
[DEBUG] Registered bean definition for imported class 'org.springframework.boot.autoconfigure.jdbc.JdbcTemplateAutoConfiguration$JdbcTemplateConfiguration'
[DEBUG] Returning cached instance of singleton bean 'org.springframework.boot.autoconfigure.condition.BeanTypeRegistry'
[DEBUG] Returning cached instance of singleton bean 'autoConfigurationReport'
[DEBUG] Registering bean definition for @Bean method org.springframework.boot.autoconfigure.jdbc.JdbcTemplateAutoConfiguration$JdbcTemplateConfiguration.jdbcTemplate()
[DEBUG] Registered bean definition for imported class 'org.springframework.boot.autoconfigure.jdbc.JdbcTemplateAutoConfiguration$NamedParameterJdbcTemplateConfiguration'
[DEBUG] Returning cached instance of singleton bean 'org.springframework.boot.autoconfigure.condition.BeanTypeRegistry'
[DEBUG] Returning cached instance of singleton bean 'org.springframework.boot.autoconfigure.condition.BeanTypeRegistry'
[DEBUG] Returning cached instance of singleton bean 'autoConfigurationReport'
[DEBUG] Returning cached instance of singleton bean 'org.springframework.boot.autoconfigure.condition.BeanTypeRegistry'
[DEBUG] Returning cached instance of singleton bean 'org.springframework.boot.autoconfigure.condition.BeanTypeRegistry'
[DEBUG] Returning cached instance of singleton bean 'autoConfigurationReport'
[DEBUG] Registering bean definition for @Bean method org.springframework.boot.autoconfigure.jdbc.JdbcTemplateAutoConfiguration$NamedParameterJdbcTemplateConfiguration.namedParameterJdbcTemplate()
[DEBUG] Registered bean definition for imported class 'org.springframework.boot.autoconfigure.jdbc.JdbcTemplateAutoConfiguration'
[DEBUG] Registered bean definition for imported class 'org.springframework.boot.autoconfigure.security.reactive.ReactiveSecurityAutoConfiguration'
[DEBUG] Returning cached instance of singleton bean 'autoConfigurationReport'
[DEBUG] Returning cached instance of singleton bean 'org.springframework.boot.autoconfigure.condition.BeanTypeRegistry'
[DEBUG] Returning cached instance of singleton bean 'autoConfigurationReport'
[DEBUG] Registered bean definition for imported class 'org.springframework.boot.autoconfigure.jdbc.DataSourceTransactionManagerAutoConfiguration$DataSourceTransactionManagerConfiguration'
[DEBUG] Returning cached instance of singleton bean 'org.springframework.boot.autoconfigure.condition.BeanTypeRegistry'
[DEBUG] Returning cached instance of singleton bean 'autoConfigurationReport'
[DEBUG] Registered bean definition for imported class 'org.springframework.boot.autoconfigure.jdbc.DataSourceTransactionManagerAutoConfiguration'
[DEBUG] Returning cached instance of singleton bean 'autoConfigurationReport'
[DEBUG] Returning cached instance of singleton bean 'org.springframework.boot.autoconfigure.condition.BeanTypeRegistry'
[DEBUG] Returning cached instance of singleton bean 'org.springframework.boot.autoconfigure.condition.BeanTypeRegistry'
[DEBUG] Returning cached instance of singleton bean 'autoConfigurationReport'
[DEBUG] Returning cached instance of singleton bean 'org.springframework.boot.autoconfigure.condition.BeanTypeRegistry'
[DEBUG] Returning cached instance of singleton bean 'org.springframework.boot.autoconfigure.condition.BeanTypeRegistry'
[DEBUG] Returning cached instance of singleton bean 'autoConfigurationReport'
[DEBUG] Returning cached instance of singleton bean 'autoConfigurationReport'
[DEBUG] Registered bean definition for imported class 'org.springframework.transaction.annotation.ProxyTransactionManagementConfiguration'
[DEBUG] Registering bean definition for @Bean method org.springframework.transaction.annotation.ProxyTransactionManagementConfiguration.org.springframework.transaction.config.internalTransactionAdvisor()
[DEBUG] Registering bean definition for @Bean method org.springframework.transaction.annotation.ProxyTransactionManagementConfiguration.transactionAttributeSource()
[DEBUG] Registering bean definition for @Bean method org.springframework.transaction.annotation.ProxyTransactionManagementConfiguration.transactionInterceptor()
[DEBUG] Registering bean definition for @Bean method org.springframework.transaction.annotation.ProxyTransactionManagementConfiguration.org.springframework.transaction.config.internalTransactionalEventListenerFactory()
[DEBUG] Registered bean definition for imported class 'org.springframework.boot.autoconfigure.transaction.TransactionAutoConfiguration$EnableTransactionManagementConfiguration$CglibAutoProxyConfiguration'
[DEBUG] Registered bean definition for imported class 'org.springframework.boot.autoconfigure.transaction.TransactionAutoConfiguration$EnableTransactionManagementConfiguration'
[DEBUG] Returning cached instance of singleton bean 'org.springframework.boot.autoconfigure.condition.BeanTypeRegistry'
[DEBUG] Returning cached instance of singleton bean 'autoConfigurationReport'
[DEBUG] Registered bean definition for imported class 'org.springframework.boot.autoconfigure.transaction.TransactionAutoConfiguration$TransactionTemplateConfiguration'
[DEBUG] Returning cached instance of singleton bean 'org.springframework.boot.autoconfigure.condition.BeanTypeRegistry'
[DEBUG] Returning cached instance of singleton bean 'autoConfigurationReport'
[DEBUG] Registering bean definition for @Bean method org.springframework.boot.autoconfigure.transaction.TransactionAutoConfiguration$TransactionTemplateConfiguration.transactionTemplate()
[DEBUG] Registered bean definition for imported class 'org.springframework.boot.autoconfigure.transaction.TransactionAutoConfiguration'
[DEBUG] Returning cached instance of singleton bean 'org.springframework.boot.autoconfigure.condition.BeanTypeRegistry'
[DEBUG] Returning cached instance of singleton bean 'autoConfigurationReport'
[DEBUG] Registering bean definition for @Bean method org.springframework.boot.autoconfigure.transaction.TransactionAutoConfiguration.platformTransactionManagerCustomizers()
[DEBUG] Returning cached instance of singleton bean 'autoConfigurationReport'
[DEBUG] Registered bean definition for imported class 'org.springframework.boot.autoconfigure.web.client.RestTemplateAutoConfiguration'
[DEBUG] Returning cached instance of singleton bean 'org.springframework.boot.autoconfigure.condition.BeanTypeRegistry'
[DEBUG] Returning cached instance of singleton bean 'autoConfigurationReport'
[DEBUG] Registering bean definition for @Bean method org.springframework.boot.autoconfigure.web.client.RestTemplateAutoConfiguration.restTemplateBuilder()
[DEBUG] Returning cached instance of singleton bean 'autoConfigurationReport'
[DEBUG] Registered bean definition for imported class 'org.springframework.boot.autoconfigure.web.embedded.EmbeddedWebServerFactoryCustomizerAutoConfiguration$TomcatWebServerFactoryCustomizerConfiguration'
[DEBUG] Registering bean definition for @Bean method org.springframework.boot.autoconfigure.web.embedded.EmbeddedWebServerFactoryCustomizerAutoConfiguration$TomcatWebServerFactoryCustomizerConfiguration.tomcatWebServerFactoryCustomizer()
[DEBUG] Registered bean definition for imported class 'org.springframework.boot.autoconfigure.web.embedded.EmbeddedWebServerFactoryCustomizerAutoConfiguration'
[DEBUG] Returning cached instance of singleton bean 'autoConfigurationReport'
[DEBUG] Returning cached instance of singleton bean 'autoConfigurationReport'
[DEBUG] Returning cached instance of singleton bean 'autoConfigurationReport'
[DEBUG] Registered bean definition for imported class 'org.springframework.boot.autoconfigure.web.servlet.HttpEncodingAutoConfiguration'
[DEBUG] Returning cached instance of singleton bean 'org.springframework.boot.autoconfigure.condition.BeanTypeRegistry'
[DEBUG] Returning cached instance of singleton bean 'autoConfigurationReport'
[DEBUG] Registering bean definition for @Bean method org.springframework.boot.autoconfigure.web.servlet.HttpEncodingAutoConfiguration.characterEncodingFilter()
[DEBUG] Registering bean definition for @Bean method org.springframework.boot.autoconfigure.web.servlet.HttpEncodingAutoConfiguration.localeCharsetMappingsCustomizer()
[DEBUG] Returning cached instance of singleton bean 'autoConfigurationReport'
[DEBUG] Returning cached instance of singleton bean 'autoConfigurationReport'
[DEBUG] Returning cached instance of singleton bean 'autoConfigurationReport'
[DEBUG] Registered bean definition for imported class 'org.springframework.boot.autoconfigure.web.servlet.MultipartAutoConfiguration'
[DEBUG] Returning cached instance of singleton bean 'org.springframework.boot.autoconfigure.condition.BeanTypeRegistry'
[DEBUG] Returning cached instance of singleton bean 'autoConfigurationReport'
[DEBUG] Registering bean definition for @Bean method org.springframework.boot.autoconfigure.web.servlet.MultipartAutoConfiguration.multipartConfigElement()
[DEBUG] Returning cached instance of singleton bean 'org.springframework.boot.autoconfigure.condition.BeanTypeRegistry'
[DEBUG] Returning cached instance of singleton bean 'autoConfigurationReport'
[DEBUG] Registering bean definition for @Bean method org.springframework.boot.autoconfigure.web.servlet.MultipartAutoConfiguration.multipartResolver()
[DEBUG] Successfully enhanced com.co.ceiba.parqueadero.ParqueaderoApplication; enhanced class name is: com.co.ceiba.parqueadero.ParqueaderoApplication$$EnhancerBySpringCGLIB$$4d13095c
[DEBUG] Replacing bean definition 'parqueaderoApplication' existing class 'com.co.ceiba.parqueadero.ParqueaderoApplication' with enhanced class 'com.co.ceiba.parqueadero.ParqueaderoApplication$$EnhancerBySpringCGLIB$$4d13095c'
[DEBUG] Successfully enhanced org.springframework.boot.autoconfigure.context.PropertyPlaceholderAutoConfiguration; enhanced class name is: org.springframework.boot.autoconfigure.context.PropertyPlaceholderAutoConfiguration$$EnhancerBySpringCGLIB$$dfc6bc13
[DEBUG] Replacing bean definition 'org.springframework.boot.autoconfigure.context.PropertyPlaceholderAutoConfiguration' existing class 'org.springframework.boot.autoconfigure.context.PropertyPlaceholderAutoConfiguration' with enhanced class 'org.springframework.boot.autoconfigure.context.PropertyPlaceholderAutoConfiguration$$EnhancerBySpringCGLIB$$dfc6bc13'
[DEBUG] Successfully enhanced org.springframework.boot.autoconfigure.websocket.servlet.WebSocketServletAutoConfiguration$TomcatWebSocketConfiguration; enhanced class name is: org.springframework.boot.autoconfigure.websocket.servlet.WebSocketServletAutoConfiguration$TomcatWebSocketConfiguration$$EnhancerBySpringCGLIB$$57aa5ec9
[DEBUG] Replacing bean definition 'org.springframework.boot.autoconfigure.websocket.servlet.WebSocketServletAutoConfiguration$TomcatWebSocketConfiguration' existing class 'org.springframework.boot.autoconfigure.websocket.servlet.WebSocketServletAutoConfiguration$TomcatWebSocketConfiguration' with enhanced class 'org.springframework.boot.autoconfigure.websocket.servlet.WebSocketServletAutoConfiguration$TomcatWebSocketConfiguration$$EnhancerBySpringCGLIB$$57aa5ec9'
[DEBUG] Successfully enhanced org.springframework.boot.autoconfigure.websocket.servlet.WebSocketServletAutoConfiguration; enhanced class name is: org.springframework.boot.autoconfigure.websocket.servlet.WebSocketServletAutoConfiguration$$EnhancerBySpringCGLIB$$9fff33ac
[DEBUG] Replacing bean definition 'org.springframework.boot.autoconfigure.websocket.servlet.WebSocketServletAutoConfiguration' existing class 'org.springframework.boot.autoconfigure.websocket.servlet.WebSocketServletAutoConfiguration' with enhanced class 'org.springframework.boot.autoconfigure.websocket.servlet.WebSocketServletAutoConfiguration$$EnhancerBySpringCGLIB$$9fff33ac'
[DEBUG] Successfully enhanced org.springframework.boot.autoconfigure.web.servlet.ServletWebServerFactoryConfiguration$EmbeddedTomcat; enhanced class name is: org.springframework.boot.autoconfigure.web.servlet.ServletWebServerFactoryConfiguration$EmbeddedTomcat$$EnhancerBySpringCGLIB$$4992bbc4
[DEBUG] Replacing bean definition 'org.springframework.boot.autoconfigure.web.servlet.ServletWebServerFactoryConfiguration$EmbeddedTomcat' existing class 'org.springframework.boot.autoconfigure.web.servlet.ServletWebServerFactoryConfiguration$EmbeddedTomcat' with enhanced class 'org.springframework.boot.autoconfigure.web.servlet.ServletWebServerFactoryConfiguration$EmbeddedTomcat$$EnhancerBySpringCGLIB$$4992bbc4'
[DEBUG] Successfully enhanced org.springframework.boot.autoconfigure.web.servlet.ServletWebServerFactoryAutoConfiguration; enhanced class name is: org.springframework.boot.autoconfigure.web.servlet.ServletWebServerFactoryAutoConfiguration$$EnhancerBySpringCGLIB$$cec9713d
[DEBUG] Replacing bean definition 'org.springframework.boot.autoconfigure.web.servlet.ServletWebServerFactoryAutoConfiguration' existing class 'org.springframework.boot.autoconfigure.web.servlet.ServletWebServerFactoryAutoConfiguration' with enhanced class 'org.springframework.boot.autoconfigure.web.servlet.ServletWebServerFactoryAutoConfiguration$$EnhancerBySpringCGLIB$$cec9713d'
[DEBUG] Successfully enhanced org.springframework.boot.autoconfigure.web.servlet.DispatcherServletAutoConfiguration$DispatcherServletConfiguration; enhanced class name is: org.springframework.boot.autoconfigure.web.servlet.DispatcherServletAutoConfiguration$DispatcherServletConfiguration$$EnhancerBySpringCGLIB$$2f0fd9a3
[DEBUG] Replacing bean definition 'org.springframework.boot.autoconfigure.web.servlet.DispatcherServletAutoConfiguration$DispatcherServletConfiguration' existing class 'org.springframework.boot.autoconfigure.web.servlet.DispatcherServletAutoConfiguration$DispatcherServletConfiguration' with enhanced class 'org.springframework.boot.autoconfigure.web.servlet.DispatcherServletAutoConfiguration$DispatcherServletConfiguration$$EnhancerBySpringCGLIB$$2f0fd9a3'
[DEBUG] Successfully enhanced org.springframework.boot.autoconfigure.web.servlet.DispatcherServletAutoConfiguration$DispatcherServletRegistrationConfiguration; enhanced class name is: org.springframework.boot.autoconfigure.web.servlet.DispatcherServletAutoConfiguration$DispatcherServletRegistrationConfiguration$$EnhancerBySpringCGLIB$$91176e4a
[DEBUG] Replacing bean definition 'org.springframework.boot.autoconfigure.web.servlet.DispatcherServletAutoConfiguration$DispatcherServletRegistrationConfiguration' existing class 'org.springframework.boot.autoconfigure.web.servlet.DispatcherServletAutoConfiguration$DispatcherServletRegistrationConfiguration' with enhanced class 'org.springframework.boot.autoconfigure.web.servlet.DispatcherServletAutoConfiguration$DispatcherServletRegistrationConfiguration$$EnhancerBySpringCGLIB$$91176e4a'
[DEBUG] Successfully enhanced org.springframework.boot.autoconfigure.web.servlet.DispatcherServletAutoConfiguration; enhanced class name is: org.springframework.boot.autoconfigure.web.servlet.DispatcherServletAutoConfiguration$$EnhancerBySpringCGLIB$$cd729e97
[DEBUG] Replacing bean definition 'org.springframework.boot.autoconfigure.web.servlet.DispatcherServletAutoConfiguration' existing class 'org.springframework.boot.autoconfigure.web.servlet.DispatcherServletAutoConfiguration' with enhanced class 'org.springframework.boot.autoconfigure.web.servlet.DispatcherServletAutoConfiguration$$EnhancerBySpringCGLIB$$cd729e97'
[DEBUG] Successfully enhanced org.springframework.boot.autoconfigure.validation.ValidationAutoConfiguration; enhanced class name is: org.springframework.boot.autoconfigure.validation.ValidationAutoConfiguration$$EnhancerBySpringCGLIB$$500fda64
[DEBUG] Replacing bean definition 'org.springframework.boot.autoconfigure.validation.ValidationAutoConfiguration' existing class 'org.springframework.boot.autoconfigure.validation.ValidationAutoConfiguration' with enhanced class 'org.springframework.boot.autoconfigure.validation.ValidationAutoConfiguration$$EnhancerBySpringCGLIB$$500fda64'
[DEBUG] Successfully enhanced org.springframework.boot.autoconfigure.web.servlet.error.ErrorMvcAutoConfiguration$WhitelabelErrorViewConfiguration; enhanced class name is: org.springframework.boot.autoconfigure.web.servlet.error.ErrorMvcAutoConfiguration$WhitelabelErrorViewConfiguration$$EnhancerBySpringCGLIB$$e9f035d7
[DEBUG] Replacing bean definition 'org.springframework.boot.autoconfigure.web.servlet.error.ErrorMvcAutoConfiguration$WhitelabelErrorViewConfiguration' existing class 'org.springframework.boot.autoconfigure.web.servlet.error.ErrorMvcAutoConfiguration$WhitelabelErrorViewConfiguration' with enhanced class 'org.springframework.boot.autoconfigure.web.servlet.error.ErrorMvcAutoConfiguration$WhitelabelErrorViewConfiguration$$EnhancerBySpringCGLIB$$e9f035d7'
[DEBUG] Successfully enhanced org.springframework.boot.autoconfigure.web.servlet.error.ErrorMvcAutoConfiguration$DefaultErrorViewResolverConfiguration; enhanced class name is: org.springframework.boot.autoconfigure.web.servlet.error.ErrorMvcAutoConfiguration$DefaultErrorViewResolverConfiguration$$EnhancerBySpringCGLIB$$1f5123ff
[DEBUG] Replacing bean definition 'org.springframework.boot.autoconfigure.web.servlet.error.ErrorMvcAutoConfiguration$DefaultErrorViewResolverConfiguration' existing class 'org.springframework.boot.autoconfigure.web.servlet.error.ErrorMvcAutoConfiguration$DefaultErrorViewResolverConfiguration' with enhanced class 'org.springframework.boot.autoconfigure.web.servlet.error.ErrorMvcAutoConfiguration$DefaultErrorViewResolverConfiguration$$EnhancerBySpringCGLIB$$1f5123ff'
[DEBUG] Successfully enhanced org.springframework.boot.autoconfigure.web.servlet.error.ErrorMvcAutoConfiguration; enhanced class name is: org.springframework.boot.autoconfigure.web.servlet.error.ErrorMvcAutoConfiguration$$EnhancerBySpringCGLIB$$abc4f5f
[DEBUG] Replacing bean definition 'org.springframework.boot.autoconfigure.web.servlet.error.ErrorMvcAutoConfiguration' existing class 'org.springframework.boot.autoconfigure.web.servlet.error.ErrorMvcAutoConfiguration' with enhanced class 'org.springframework.boot.autoconfigure.web.servlet.error.ErrorMvcAutoConfiguration$$EnhancerBySpringCGLIB$$abc4f5f'
[DEBUG] Successfully enhanced org.springframework.boot.autoconfigure.web.servlet.WebMvcAutoConfiguration$WebMvcAutoConfigurationAdapter$FaviconConfiguration; enhanced class name is: org.springframework.boot.autoconfigure.web.servlet.WebMvcAutoConfiguration$WebMvcAutoConfigurationAdapter$FaviconConfiguration$$EnhancerBySpringCGLIB$$a83e6d85
[DEBUG] Replacing bean definition 'org.springframework.boot.autoconfigure.web.servlet.WebMvcAutoConfiguration$WebMvcAutoConfigurationAdapter$FaviconConfiguration' existing class 'org.springframework.boot.autoconfigure.web.servlet.WebMvcAutoConfiguration$WebMvcAutoConfigurationAdapter$FaviconConfiguration' with enhanced class 'org.springframework.boot.autoconfigure.web.servlet.WebMvcAutoConfiguration$WebMvcAutoConfigurationAdapter$FaviconConfiguration$$EnhancerBySpringCGLIB$$a83e6d85'
[DEBUG] Successfully enhanced org.springframework.boot.autoconfigure.web.servlet.WebMvcAutoConfiguration$EnableWebMvcConfiguration; enhanced class name is: org.springframework.boot.autoconfigure.web.servlet.WebMvcAutoConfiguration$EnableWebMvcConfiguration$$EnhancerBySpringCGLIB$$49fd9a5a
[DEBUG] Replacing bean definition 'org.springframework.boot.autoconfigure.web.servlet.WebMvcAutoConfiguration$EnableWebMvcConfiguration' existing class 'org.springframework.boot.autoconfigure.web.servlet.WebMvcAutoConfiguration$EnableWebMvcConfiguration' with enhanced class 'org.springframework.boot.autoconfigure.web.servlet.WebMvcAutoConfiguration$EnableWebMvcConfiguration$$EnhancerBySpringCGLIB$$49fd9a5a'
[DEBUG] Successfully enhanced org.springframework.boot.autoconfigure.web.servlet.WebMvcAutoConfiguration$WebMvcAutoConfigurationAdapter; enhanced class name is: org.springframework.boot.autoconfigure.web.servlet.WebMvcAutoConfiguration$WebMvcAutoConfigurationAdapter$$EnhancerBySpringCGLIB$$ec01653f
[DEBUG] Replacing bean definition 'org.springframework.boot.autoconfigure.web.servlet.WebMvcAutoConfiguration$WebMvcAutoConfigurationAdapter' existing class 'org.springframework.boot.autoconfigure.web.servlet.WebMvcAutoConfiguration$WebMvcAutoConfigurationAdapter' with enhanced class 'org.springframework.boot.autoconfigure.web.servlet.WebMvcAutoConfiguration$WebMvcAutoConfigurationAdapter$$EnhancerBySpringCGLIB$$ec01653f'
[DEBUG] Successfully enhanced org.springframework.boot.autoconfigure.web.servlet.WebMvcAutoConfiguration; enhanced class name is: org.springframework.boot.autoconfigure.web.servlet.WebMvcAutoConfiguration$$EnhancerBySpringCGLIB$$13528851
[DEBUG] Replacing bean definition 'org.springframework.boot.autoconfigure.web.servlet.WebMvcAutoConfiguration' existing class 'org.springframework.boot.autoconfigure.web.servlet.WebMvcAutoConfiguration' with enhanced class 'org.springframework.boot.autoconfigure.web.servlet.WebMvcAutoConfiguration$$EnhancerBySpringCGLIB$$13528851'
[DEBUG] Successfully enhanced org.springframework.boot.autoconfigure.aop.AopAutoConfiguration$CglibAutoProxyConfiguration; enhanced class name is: org.springframework.boot.autoconfigure.aop.AopAutoConfiguration$CglibAutoProxyConfiguration$$EnhancerBySpringCGLIB$$1b2cc910
[DEBUG] Replacing bean definition 'org.springframework.boot.autoconfigure.aop.AopAutoConfiguration$CglibAutoProxyConfiguration' existing class 'org.springframework.boot.autoconfigure.aop.AopAutoConfiguration$CglibAutoProxyConfiguration' with enhanced class 'org.springframework.boot.autoconfigure.aop.AopAutoConfiguration$CglibAutoProxyConfiguration$$EnhancerBySpringCGLIB$$1b2cc910'
[DEBUG] Successfully enhanced org.springframework.boot.autoconfigure.aop.AopAutoConfiguration; enhanced class name is: org.springframework.boot.autoconfigure.aop.AopAutoConfiguration$$EnhancerBySpringCGLIB$$2a66c89c
[DEBUG] Replacing bean definition 'org.springframework.boot.autoconfigure.aop.AopAutoConfiguration' existing class 'org.springframework.boot.autoconfigure.aop.AopAutoConfiguration' with enhanced class 'org.springframework.boot.autoconfigure.aop.AopAutoConfiguration$$EnhancerBySpringCGLIB$$2a66c89c'
[DEBUG] Successfully enhanced org.springframework.boot.autoconfigure.context.ConfigurationPropertiesAutoConfiguration; enhanced class name is: org.springframework.boot.autoconfigure.context.ConfigurationPropertiesAutoConfiguration$$EnhancerBySpringCGLIB$$ce99d528
[DEBUG] Replacing bean definition 'org.springframework.boot.autoconfigure.context.ConfigurationPropertiesAutoConfiguration' existing class 'org.springframework.boot.autoconfigure.context.ConfigurationPropertiesAutoConfiguration' with enhanced class 'org.springframework.boot.autoconfigure.context.ConfigurationPropertiesAutoConfiguration$$EnhancerBySpringCGLIB$$ce99d528'
[DEBUG] Successfully enhanced org.springframework.boot.autoconfigure.jdbc.DataSourceAutoConfiguration$PooledDataSourceConfiguration; enhanced class name is: org.springframework.boot.autoconfigure.jdbc.DataSourceAutoConfiguration$PooledDataSourceConfiguration$$EnhancerBySpringCGLIB$$5db43acc
[DEBUG] Replacing bean definition 'org.springframework.boot.autoconfigure.jdbc.DataSourceAutoConfiguration$PooledDataSourceConfiguration' existing class 'org.springframework.boot.autoconfigure.jdbc.DataSourceAutoConfiguration$PooledDataSourceConfiguration' with enhanced class 'org.springframework.boot.autoconfigure.jdbc.DataSourceAutoConfiguration$PooledDataSourceConfiguration$$EnhancerBySpringCGLIB$$5db43acc'
[DEBUG] Successfully enhanced org.springframework.boot.autoconfigure.jdbc.metadata.DataSourcePoolMetadataProvidersConfiguration$HikariPoolDataSourceMetadataProviderConfiguration; enhanced class name is: org.springframework.boot.autoconfigure.jdbc.metadata.DataSourcePoolMetadataProvidersConfiguration$HikariPoolDataSourceMetadataProviderConfiguration$$EnhancerBySpringCGLIB$$3f6771be
[DEBUG] Replacing bean definition 'org.springframework.boot.autoconfigure.jdbc.metadata.DataSourcePoolMetadataProvidersConfiguration$HikariPoolDataSourceMetadataProviderConfiguration' existing class 'org.springframework.boot.autoconfigure.jdbc.metadata.DataSourcePoolMetadataProvidersConfiguration$HikariPoolDataSourceMetadataProviderConfiguration' with enhanced class 'org.springframework.boot.autoconfigure.jdbc.metadata.DataSourcePoolMetadataProvidersConfiguration$HikariPoolDataSourceMetadataProviderConfiguration$$EnhancerBySpringCGLIB$$3f6771be'
[DEBUG] Successfully enhanced org.springframework.boot.autoconfigure.jdbc.metadata.DataSourcePoolMetadataProvidersConfiguration; enhanced class name is: org.springframework.boot.autoconfigure.jdbc.metadata.DataSourcePoolMetadataProvidersConfiguration$$EnhancerBySpringCGLIB$$bc01321b
[DEBUG] Replacing bean definition 'org.springframework.boot.autoconfigure.jdbc.metadata.DataSourcePoolMetadataProvidersConfiguration' existing class 'org.springframework.boot.autoconfigure.jdbc.metadata.DataSourcePoolMetadataProvidersConfiguration' with enhanced class 'org.springframework.boot.autoconfigure.jdbc.metadata.DataSourcePoolMetadataProvidersConfiguration$$EnhancerBySpringCGLIB$$bc01321b'
[DEBUG] Successfully enhanced org.springframework.boot.autoconfigure.jdbc.DataSourceInitializationConfiguration; enhanced class name is: org.springframework.boot.autoconfigure.jdbc.DataSourceInitializationConfiguration$$EnhancerBySpringCGLIB$$7a763bc9
[DEBUG] Replacing bean definition 'org.springframework.boot.autoconfigure.jdbc.DataSourceInitializationConfiguration' existing class 'org.springframework.boot.autoconfigure.jdbc.DataSourceInitializationConfiguration' with enhanced class 'org.springframework.boot.autoconfigure.jdbc.DataSourceInitializationConfiguration$$EnhancerBySpringCGLIB$$7a763bc9'
[DEBUG] Successfully enhanced org.springframework.boot.autoconfigure.jdbc.DataSourceAutoConfiguration; enhanced class name is: org.springframework.boot.autoconfigure.jdbc.DataSourceAutoConfiguration$$EnhancerBySpringCGLIB$$c103ed3a
[DEBUG] Replacing bean definition 'org.springframework.boot.autoconfigure.jdbc.DataSourceAutoConfiguration' existing class 'org.springframework.boot.autoconfigure.jdbc.DataSourceAutoConfiguration' with enhanced class 'org.springframework.boot.autoconfigure.jdbc.DataSourceAutoConfiguration$$EnhancerBySpringCGLIB$$c103ed3a'
[DEBUG] Successfully enhanced org.springframework.boot.autoconfigure.orm.jpa.JpaBaseConfiguration$JpaWebConfiguration$JpaWebMvcConfiguration; enhanced class name is: org.springframework.boot.autoconfigure.orm.jpa.JpaBaseConfiguration$JpaWebConfiguration$JpaWebMvcConfiguration$$EnhancerBySpringCGLIB$$284b56d2
[DEBUG] Replacing bean definition 'org.springframework.boot.autoconfigure.orm.jpa.JpaBaseConfiguration$JpaWebConfiguration$JpaWebMvcConfiguration' existing class 'org.springframework.boot.autoconfigure.orm.jpa.JpaBaseConfiguration$JpaWebConfiguration$JpaWebMvcConfiguration' with enhanced class 'org.springframework.boot.autoconfigure.orm.jpa.JpaBaseConfiguration$JpaWebConfiguration$JpaWebMvcConfiguration$$EnhancerBySpringCGLIB$$284b56d2'
[DEBUG] Successfully enhanced org.springframework.boot.autoconfigure.orm.jpa.JpaBaseConfiguration$JpaWebConfiguration; enhanced class name is: org.springframework.boot.autoconfigure.orm.jpa.JpaBaseConfiguration$JpaWebConfiguration$$EnhancerBySpringCGLIB$$4d2ce725
[DEBUG] Replacing bean definition 'org.springframework.boot.autoconfigure.orm.jpa.JpaBaseConfiguration$JpaWebConfiguration' existing class 'org.springframework.boot.autoconfigure.orm.jpa.JpaBaseConfiguration$JpaWebConfiguration' with enhanced class 'org.springframework.boot.autoconfigure.orm.jpa.JpaBaseConfiguration$JpaWebConfiguration$$EnhancerBySpringCGLIB$$4d2ce725'
[DEBUG] Successfully enhanced org.springframework.boot.autoconfigure.orm.jpa.HibernateJpaConfiguration; enhanced class name is: org.springframework.boot.autoconfigure.orm.jpa.HibernateJpaConfiguration$$EnhancerBySpringCGLIB$$fde70c49
[DEBUG] Replacing bean definition 'org.springframework.boot.autoconfigure.orm.jpa.HibernateJpaConfiguration' existing class 'org.springframework.boot.autoconfigure.orm.jpa.HibernateJpaConfiguration' with enhanced class 'org.springframework.boot.autoconfigure.orm.jpa.HibernateJpaConfiguration$$EnhancerBySpringCGLIB$$fde70c49'
[DEBUG] Successfully enhanced org.springframework.boot.autoconfigure.orm.jpa.HibernateJpaAutoConfiguration; enhanced class name is: org.springframework.boot.autoconfigure.orm.jpa.HibernateJpaAutoConfiguration$$EnhancerBySpringCGLIB$$4896adfa
[DEBUG] Replacing bean definition 'org.springframework.boot.autoconfigure.orm.jpa.HibernateJpaAutoConfiguration' existing class 'org.springframework.boot.autoconfigure.orm.jpa.HibernateJpaAutoConfiguration' with enhanced class 'org.springframework.boot.autoconfigure.orm.jpa.HibernateJpaAutoConfiguration$$EnhancerBySpringCGLIB$$4896adfa'
[DEBUG] Successfully enhanced org.springframework.boot.autoconfigure.data.jpa.JpaRepositoriesAutoConfiguration; enhanced class name is: org.springframework.boot.autoconfigure.data.jpa.JpaRepositoriesAutoConfiguration$$EnhancerBySpringCGLIB$$8eeb378e
[DEBUG] Replacing bean definition 'org.springframework.boot.autoconfigure.data.jpa.JpaRepositoriesAutoConfiguration' existing class 'org.springframework.boot.autoconfigure.data.jpa.JpaRepositoriesAutoConfiguration' with enhanced class 'org.springframework.boot.autoconfigure.data.jpa.JpaRepositoriesAutoConfiguration$$EnhancerBySpringCGLIB$$8eeb378e'
[DEBUG] Successfully enhanced org.springframework.boot.autoconfigure.jackson.JacksonAutoConfiguration$Jackson2ObjectMapperBuilderCustomizerConfiguration; enhanced class name is: org.springframework.boot.autoconfigure.jackson.JacksonAutoConfiguration$Jackson2ObjectMapperBuilderCustomizerConfiguration$$EnhancerBySpringCGLIB$$a8077173
[DEBUG] Replacing bean definition 'org.springframework.boot.autoconfigure.jackson.JacksonAutoConfiguration$Jackson2ObjectMapperBuilderCustomizerConfiguration' existing class 'org.springframework.boot.autoconfigure.jackson.JacksonAutoConfiguration$Jackson2ObjectMapperBuilderCustomizerConfiguration' with enhanced class 'org.springframework.boot.autoconfigure.jackson.JacksonAutoConfiguration$Jackson2ObjectMapperBuilderCustomizerConfiguration$$EnhancerBySpringCGLIB$$a8077173'
[DEBUG] Successfully enhanced org.springframework.boot.autoconfigure.jackson.JacksonAutoConfiguration$JacksonObjectMapperBuilderConfiguration; enhanced class name is: org.springframework.boot.autoconfigure.jackson.JacksonAutoConfiguration$JacksonObjectMapperBuilderConfiguration$$EnhancerBySpringCGLIB$$ecf08b84
[DEBUG] Replacing bean definition 'org.springframework.boot.autoconfigure.jackson.JacksonAutoConfiguration$JacksonObjectMapperBuilderConfiguration' existing class 'org.springframework.boot.autoconfigure.jackson.JacksonAutoConfiguration$JacksonObjectMapperBuilderConfiguration' with enhanced class 'org.springframework.boot.autoconfigure.jackson.JacksonAutoConfiguration$JacksonObjectMapperBuilderConfiguration$$EnhancerBySpringCGLIB$$ecf08b84'
[DEBUG] Successfully enhanced org.springframework.boot.autoconfigure.jackson.JacksonAutoConfiguration$ParameterNamesModuleConfiguration; enhanced class name is: org.springframework.boot.autoconfigure.jackson.JacksonAutoConfiguration$ParameterNamesModuleConfiguration$$EnhancerBySpringCGLIB$$ced2e8a1
[DEBUG] Replacing bean definition 'org.springframework.boot.autoconfigure.jackson.JacksonAutoConfiguration$ParameterNamesModuleConfiguration' existing class 'org.springframework.boot.autoconfigure.jackson.JacksonAutoConfiguration$ParameterNamesModuleConfiguration' with enhanced class 'org.springframework.boot.autoconfigure.jackson.JacksonAutoConfiguration$ParameterNamesModuleConfiguration$$EnhancerBySpringCGLIB$$ced2e8a1'
[DEBUG] Successfully enhanced org.springframework.boot.autoconfigure.jackson.JacksonAutoConfiguration$JacksonObjectMapperConfiguration; enhanced class name is: org.springframework.boot.autoconfigure.jackson.JacksonAutoConfiguration$JacksonObjectMapperConfiguration$$EnhancerBySpringCGLIB$$3aa3c96b
[DEBUG] Replacing bean definition 'org.springframework.boot.autoconfigure.jackson.JacksonAutoConfiguration$JacksonObjectMapperConfiguration' existing class 'org.springframework.boot.autoconfigure.jackson.JacksonAutoConfiguration$JacksonObjectMapperConfiguration' with enhanced class 'org.springframework.boot.autoconfigure.jackson.JacksonAutoConfiguration$JacksonObjectMapperConfiguration$$EnhancerBySpringCGLIB$$3aa3c96b'
[DEBUG] Successfully enhanced org.springframework.boot.autoconfigure.jackson.JacksonAutoConfiguration; enhanced class name is: org.springframework.boot.autoconfigure.jackson.JacksonAutoConfiguration$$EnhancerBySpringCGLIB$$1caf66fa
[DEBUG] Replacing bean definition 'org.springframework.boot.autoconfigure.jackson.JacksonAutoConfiguration' existing class 'org.springframework.boot.autoconfigure.jackson.JacksonAutoConfiguration' with enhanced class 'org.springframework.boot.autoconfigure.jackson.JacksonAutoConfiguration$$EnhancerBySpringCGLIB$$1caf66fa'
[DEBUG] Successfully enhanced org.springframework.boot.autoconfigure.http.HttpMessageConvertersAutoConfiguration$StringHttpMessageConverterConfiguration; enhanced class name is: org.springframework.boot.autoconfigure.http.HttpMessageConvertersAutoConfiguration$StringHttpMessageConverterConfiguration$$EnhancerBySpringCGLIB$$2c51dc0e
[DEBUG] Replacing bean definition 'org.springframework.boot.autoconfigure.http.HttpMessageConvertersAutoConfiguration$StringHttpMessageConverterConfiguration' existing class 'org.springframework.boot.autoconfigure.http.HttpMessageConvertersAutoConfiguration$StringHttpMessageConverterConfiguration' with enhanced class 'org.springframework.boot.autoconfigure.http.HttpMessageConvertersAutoConfiguration$StringHttpMessageConverterConfiguration$$EnhancerBySpringCGLIB$$2c51dc0e'
[DEBUG] Successfully enhanced org.springframework.boot.autoconfigure.http.JacksonHttpMessageConvertersConfiguration$MappingJackson2HttpMessageConverterConfiguration; enhanced class name is: org.springframework.boot.autoconfigure.http.JacksonHttpMessageConvertersConfiguration$MappingJackson2HttpMessageConverterConfiguration$$EnhancerBySpringCGLIB$$6627d80e
[DEBUG] Replacing bean definition 'org.springframework.boot.autoconfigure.http.JacksonHttpMessageConvertersConfiguration$MappingJackson2HttpMessageConverterConfiguration' existing class 'org.springframework.boot.autoconfigure.http.JacksonHttpMessageConvertersConfiguration$MappingJackson2HttpMessageConverterConfiguration' with enhanced class 'org.springframework.boot.autoconfigure.http.JacksonHttpMessageConvertersConfiguration$MappingJackson2HttpMessageConverterConfiguration$$EnhancerBySpringCGLIB$$6627d80e'
[DEBUG] Successfully enhanced org.springframework.boot.autoconfigure.http.JacksonHttpMessageConvertersConfiguration; enhanced class name is: org.springframework.boot.autoconfigure.http.JacksonHttpMessageConvertersConfiguration$$EnhancerBySpringCGLIB$$5c9b0b9c
[DEBUG] Replacing bean definition 'org.springframework.boot.autoconfigure.http.JacksonHttpMessageConvertersConfiguration' existing class 'org.springframework.boot.autoconfigure.http.JacksonHttpMessageConvertersConfiguration' with enhanced class 'org.springframework.boot.autoconfigure.http.JacksonHttpMessageConvertersConfiguration$$EnhancerBySpringCGLIB$$5c9b0b9c'
[DEBUG] Successfully enhanced org.springframework.boot.autoconfigure.http.HttpMessageConvertersAutoConfiguration; enhanced class name is: org.springframework.boot.autoconfigure.http.HttpMessageConvertersAutoConfiguration$$EnhancerBySpringCGLIB$$f944156e
[DEBUG] Replacing bean definition 'org.springframework.boot.autoconfigure.http.HttpMessageConvertersAutoConfiguration' existing class 'org.springframework.boot.autoconfigure.http.HttpMessageConvertersAutoConfiguration' with enhanced class 'org.springframework.boot.autoconfigure.http.HttpMessageConvertersAutoConfiguration$$EnhancerBySpringCGLIB$$f944156e'
[DEBUG] Successfully enhanced org.springframework.hateoas.config.HateoasConfiguration; enhanced class name is: org.springframework.hateoas.config.HateoasConfiguration$$EnhancerBySpringCGLIB$$5e90970c
[DEBUG] Replacing bean definition 'org.springframework.hateoas.config.HateoasConfiguration' existing class 'org.springframework.hateoas.config.HateoasConfiguration' with enhanced class 'org.springframework.hateoas.config.HateoasConfiguration$$EnhancerBySpringCGLIB$$5e90970c'
[DEBUG] Successfully enhanced org.springframework.data.rest.webmvc.config.RepositoryRestMvcConfiguration; enhanced class name is: org.springframework.data.rest.webmvc.config.RepositoryRestMvcConfiguration$$EnhancerBySpringCGLIB$$13687a
[DEBUG] Replacing bean definition 'org.springframework.data.rest.webmvc.config.RepositoryRestMvcConfiguration' existing class 'org.springframework.data.rest.webmvc.config.RepositoryRestMvcConfiguration' with enhanced class 'org.springframework.data.rest.webmvc.config.RepositoryRestMvcConfiguration$$EnhancerBySpringCGLIB$$13687a'
[DEBUG] Successfully enhanced org.springframework.boot.autoconfigure.data.rest.RepositoryRestMvcAutoConfiguration; enhanced class name is: org.springframework.boot.autoconfigure.data.rest.RepositoryRestMvcAutoConfiguration$$EnhancerBySpringCGLIB$$1d1e9acc
[DEBUG] Replacing bean definition 'org.springframework.boot.autoconfigure.data.rest.RepositoryRestMvcAutoConfiguration' existing class 'org.springframework.boot.autoconfigure.data.rest.RepositoryRestMvcAutoConfiguration' with enhanced class 'org.springframework.boot.autoconfigure.data.rest.RepositoryRestMvcAutoConfiguration$$EnhancerBySpringCGLIB$$1d1e9acc'
[DEBUG] Successfully enhanced org.springframework.boot.autoconfigure.hateoas.HypermediaAutoConfiguration; enhanced class name is: org.springframework.boot.autoconfigure.hateoas.HypermediaAutoConfiguration$$EnhancerBySpringCGLIB$$fb16b40b
[DEBUG] Replacing bean definition 'org.springframework.boot.autoconfigure.hateoas.HypermediaAutoConfiguration' existing class 'org.springframework.boot.autoconfigure.hateoas.HypermediaAutoConfiguration' with enhanced class 'org.springframework.boot.autoconfigure.hateoas.HypermediaAutoConfiguration$$EnhancerBySpringCGLIB$$fb16b40b'
[DEBUG] Successfully enhanced org.springframework.boot.autoconfigure.http.codec.CodecsAutoConfiguration$JacksonCodecConfiguration; enhanced class name is: org.springframework.boot.autoconfigure.http.codec.CodecsAutoConfiguration$JacksonCodecConfiguration$$EnhancerBySpringCGLIB$$46ea6526
[DEBUG] Replacing bean definition 'org.springframework.boot.autoconfigure.http.codec.CodecsAutoConfiguration$JacksonCodecConfiguration' existing class 'org.springframework.boot.autoconfigure.http.codec.CodecsAutoConfiguration$JacksonCodecConfiguration' with enhanced class 'org.springframework.boot.autoconfigure.http.codec.CodecsAutoConfiguration$JacksonCodecConfiguration$$EnhancerBySpringCGLIB$$46ea6526'
[DEBUG] Successfully enhanced org.springframework.boot.autoconfigure.http.codec.CodecsAutoConfiguration; enhanced class name is: org.springframework.boot.autoconfigure.http.codec.CodecsAutoConfiguration$$EnhancerBySpringCGLIB$$51b7dcd7
[DEBUG] Replacing bean definition 'org.springframework.boot.autoconfigure.http.codec.CodecsAutoConfiguration' existing class 'org.springframework.boot.autoconfigure.http.codec.CodecsAutoConfiguration' with enhanced class 'org.springframework.boot.autoconfigure.http.codec.CodecsAutoConfiguration$$EnhancerBySpringCGLIB$$51b7dcd7'
[DEBUG] Successfully enhanced org.springframework.boot.autoconfigure.info.ProjectInfoAutoConfiguration; enhanced class name is: org.springframework.boot.autoconfigure.info.ProjectInfoAutoConfiguration$$EnhancerBySpringCGLIB$$1b0a56f3
[DEBUG] Replacing bean definition 'org.springframework.boot.autoconfigure.info.ProjectInfoAutoConfiguration' existing class 'org.springframework.boot.autoconfigure.info.ProjectInfoAutoConfiguration' with enhanced class 'org.springframework.boot.autoconfigure.info.ProjectInfoAutoConfiguration$$EnhancerBySpringCGLIB$$1b0a56f3'
[DEBUG] Successfully enhanced org.springframework.boot.autoconfigure.jdbc.JdbcTemplateAutoConfiguration$JdbcTemplateConfiguration; enhanced class name is: org.springframework.boot.autoconfigure.jdbc.JdbcTemplateAutoConfiguration$JdbcTemplateConfiguration$$EnhancerBySpringCGLIB$$f79b7847
[DEBUG] Replacing bean definition 'org.springframework.boot.autoconfigure.jdbc.JdbcTemplateAutoConfiguration$JdbcTemplateConfiguration' existing class 'org.springframework.boot.autoconfigure.jdbc.JdbcTemplateAutoConfiguration$JdbcTemplateConfiguration' with enhanced class 'org.springframework.boot.autoconfigure.jdbc.JdbcTemplateAutoConfiguration$JdbcTemplateConfiguration$$EnhancerBySpringCGLIB$$f79b7847'
[DEBUG] Successfully enhanced org.springframework.boot.autoconfigure.jdbc.JdbcTemplateAutoConfiguration$NamedParameterJdbcTemplateConfiguration; enhanced class name is: org.springframework.boot.autoconfigure.jdbc.JdbcTemplateAutoConfiguration$NamedParameterJdbcTemplateConfiguration$$EnhancerBySpringCGLIB$$e97c6f77
[DEBUG] Replacing bean definition 'org.springframework.boot.autoconfigure.jdbc.JdbcTemplateAutoConfiguration$NamedParameterJdbcTemplateConfiguration' existing class 'org.springframework.boot.autoconfigure.jdbc.JdbcTemplateAutoConfiguration$NamedParameterJdbcTemplateConfiguration' with enhanced class 'org.springframework.boot.autoconfigure.jdbc.JdbcTemplateAutoConfiguration$NamedParameterJdbcTemplateConfiguration$$EnhancerBySpringCGLIB$$e97c6f77'
[DEBUG] Successfully enhanced org.springframework.boot.autoconfigure.jdbc.JdbcTemplateAutoConfiguration; enhanced class name is: org.springframework.boot.autoconfigure.jdbc.JdbcTemplateAutoConfiguration$$EnhancerBySpringCGLIB$$fef47eca
[DEBUG] Replacing bean definition 'org.springframework.boot.autoconfigure.jdbc.JdbcTemplateAutoConfiguration' existing class 'org.springframework.boot.autoconfigure.jdbc.JdbcTemplateAutoConfiguration' with enhanced class 'org.springframework.boot.autoconfigure.jdbc.JdbcTemplateAutoConfiguration$$EnhancerBySpringCGLIB$$fef47eca'
[DEBUG] Successfully enhanced org.springframework.boot.autoconfigure.security.reactive.ReactiveSecurityAutoConfiguration; enhanced class name is: org.springframework.boot.autoconfigure.security.reactive.ReactiveSecurityAutoConfiguration$$EnhancerBySpringCGLIB$$416e285a
[DEBUG] Replacing bean definition 'org.springframework.boot.autoconfigure.security.reactive.ReactiveSecurityAutoConfiguration' existing class 'org.springframework.boot.autoconfigure.security.reactive.ReactiveSecurityAutoConfiguration' with enhanced class 'org.springframework.boot.autoconfigure.security.reactive.ReactiveSecurityAutoConfiguration$$EnhancerBySpringCGLIB$$416e285a'
[DEBUG] Successfully enhanced org.springframework.boot.autoconfigure.jdbc.DataSourceTransactionManagerAutoConfiguration$DataSourceTransactionManagerConfiguration; enhanced class name is: org.springframework.boot.autoconfigure.jdbc.DataSourceTransactionManagerAutoConfiguration$DataSourceTransactionManagerConfiguration$$EnhancerBySpringCGLIB$$8c10e249
[DEBUG] Replacing bean definition 'org.springframework.boot.autoconfigure.jdbc.DataSourceTransactionManagerAutoConfiguration$DataSourceTransactionManagerConfiguration' existing class 'org.springframework.boot.autoconfigure.jdbc.DataSourceTransactionManagerAutoConfiguration$DataSourceTransactionManagerConfiguration' with enhanced class 'org.springframework.boot.autoconfigure.jdbc.DataSourceTransactionManagerAutoConfiguration$DataSourceTransactionManagerConfiguration$$EnhancerBySpringCGLIB$$8c10e249'
[DEBUG] Successfully enhanced org.springframework.boot.autoconfigure.jdbc.DataSourceTransactionManagerAutoConfiguration; enhanced class name is: org.springframework.boot.autoconfigure.jdbc.DataSourceTransactionManagerAutoConfiguration$$EnhancerBySpringCGLIB$$efe73a2b
[DEBUG] Replacing bean definition 'org.springframework.boot.autoconfigure.jdbc.DataSourceTransactionManagerAutoConfiguration' existing class 'org.springframework.boot.autoconfigure.jdbc.DataSourceTransactionManagerAutoConfiguration' with enhanced class 'org.springframework.boot.autoconfigure.jdbc.DataSourceTransactionManagerAutoConfiguration$$EnhancerBySpringCGLIB$$efe73a2b'
[DEBUG] Successfully enhanced org.springframework.transaction.annotation.ProxyTransactionManagementConfiguration; enhanced class name is: org.springframework.transaction.annotation.ProxyTransactionManagementConfiguration$$EnhancerBySpringCGLIB$$df1049da
[DEBUG] Replacing bean definition 'org.springframework.transaction.annotation.ProxyTransactionManagementConfiguration' existing class 'org.springframework.transaction.annotation.ProxyTransactionManagementConfiguration' with enhanced class 'org.springframework.transaction.annotation.ProxyTransactionManagementConfiguration$$EnhancerBySpringCGLIB$$df1049da'
[DEBUG] Successfully enhanced org.springframework.boot.autoconfigure.transaction.TransactionAutoConfiguration$EnableTransactionManagementConfiguration$CglibAutoProxyConfiguration; enhanced class name is: org.springframework.boot.autoconfigure.transaction.TransactionAutoConfiguration$EnableTransactionManagementConfiguration$CglibAutoProxyConfiguration$$EnhancerBySpringCGLIB$$4af58e0a
[DEBUG] Replacing bean definition 'org.springframework.boot.autoconfigure.transaction.TransactionAutoConfiguration$EnableTransactionManagementConfiguration$CglibAutoProxyConfiguration' existing class 'org.springframework.boot.autoconfigure.transaction.TransactionAutoConfiguration$EnableTransactionManagementConfiguration$CglibAutoProxyConfiguration' with enhanced class 'org.springframework.boot.autoconfigure.transaction.TransactionAutoConfiguration$EnableTransactionManagementConfiguration$CglibAutoProxyConfiguration$$EnhancerBySpringCGLIB$$4af58e0a'
[DEBUG] Successfully enhanced org.springframework.boot.autoconfigure.transaction.TransactionAutoConfiguration$EnableTransactionManagementConfiguration; enhanced class name is: org.springframework.boot.autoconfigure.transaction.TransactionAutoConfiguration$EnableTransactionManagementConfiguration$$EnhancerBySpringCGLIB$$697ee896
[DEBUG] Replacing bean definition 'org.springframework.boot.autoconfigure.transaction.TransactionAutoConfiguration$EnableTransactionManagementConfiguration' existing class 'org.springframework.boot.autoconfigure.transaction.TransactionAutoConfiguration$EnableTransactionManagementConfiguration' with enhanced class 'org.springframework.boot.autoconfigure.transaction.TransactionAutoConfiguration$EnableTransactionManagementConfiguration$$EnhancerBySpringCGLIB$$697ee896'
[DEBUG] Successfully enhanced org.springframework.boot.autoconfigure.transaction.TransactionAutoConfiguration$TransactionTemplateConfiguration; enhanced class name is: org.springframework.boot.autoconfigure.transaction.TransactionAutoConfiguration$TransactionTemplateConfiguration$$EnhancerBySpringCGLIB$$dd9aa71c
[DEBUG] Replacing bean definition 'org.springframework.boot.autoconfigure.transaction.TransactionAutoConfiguration$TransactionTemplateConfiguration' existing class 'org.springframework.boot.autoconfigure.transaction.TransactionAutoConfiguration$TransactionTemplateConfiguration' with enhanced class 'org.springframework.boot.autoconfigure.transaction.TransactionAutoConfiguration$TransactionTemplateConfiguration$$EnhancerBySpringCGLIB$$dd9aa71c'
[DEBUG] Successfully enhanced org.springframework.boot.autoconfigure.transaction.TransactionAutoConfiguration; enhanced class name is: org.springframework.boot.autoconfigure.transaction.TransactionAutoConfiguration$$EnhancerBySpringCGLIB$$738444e4
[DEBUG] Replacing bean definition 'org.springframework.boot.autoconfigure.transaction.TransactionAutoConfiguration' existing class 'org.springframework.boot.autoconfigure.transaction.TransactionAutoConfiguration' with enhanced class 'org.springframework.boot.autoconfigure.transaction.TransactionAutoConfiguration$$EnhancerBySpringCGLIB$$738444e4'
[DEBUG] Successfully enhanced org.springframework.boot.autoconfigure.web.client.RestTemplateAutoConfiguration; enhanced class name is: org.springframework.boot.autoconfigure.web.client.RestTemplateAutoConfiguration$$EnhancerBySpringCGLIB$$7a26435b
[DEBUG] Replacing bean definition 'org.springframework.boot.autoconfigure.web.client.RestTemplateAutoConfiguration' existing class 'org.springframework.boot.autoconfigure.web.client.RestTemplateAutoConfiguration' with enhanced class 'org.springframework.boot.autoconfigure.web.client.RestTemplateAutoConfiguration$$EnhancerBySpringCGLIB$$7a26435b'
[DEBUG] Successfully enhanced org.springframework.boot.autoconfigure.web.embedded.EmbeddedWebServerFactoryCustomizerAutoConfiguration; enhanced class name is: org.springframework.boot.autoconfigure.web.embedded.EmbeddedWebServerFactoryCustomizerAutoConfiguration$$EnhancerBySpringCGLIB$$f47849bc
[DEBUG] Replacing bean definition 'org.springframework.boot.autoconfigure.web.embedded.EmbeddedWebServerFactoryCustomizerAutoConfiguration' existing class 'org.springframework.boot.autoconfigure.web.embedded.EmbeddedWebServerFactoryCustomizerAutoConfiguration' with enhanced class 'org.springframework.boot.autoconfigure.web.embedded.EmbeddedWebServerFactoryCustomizerAutoConfiguration$$EnhancerBySpringCGLIB$$f47849bc'
[DEBUG] Successfully enhanced org.springframework.boot.autoconfigure.web.servlet.HttpEncodingAutoConfiguration; enhanced class name is: org.springframework.boot.autoconfigure.web.servlet.HttpEncodingAutoConfiguration$$EnhancerBySpringCGLIB$$b265007c
[DEBUG] Replacing bean definition 'org.springframework.boot.autoconfigure.web.servlet.HttpEncodingAutoConfiguration' existing class 'org.springframework.boot.autoconfigure.web.servlet.HttpEncodingAutoConfiguration' with enhanced class 'org.springframework.boot.autoconfigure.web.servlet.HttpEncodingAutoConfiguration$$EnhancerBySpringCGLIB$$b265007c'
[DEBUG] Successfully enhanced org.springframework.boot.autoconfigure.web.servlet.MultipartAutoConfiguration; enhanced class name is: org.springframework.boot.autoconfigure.web.servlet.MultipartAutoConfiguration$$EnhancerBySpringCGLIB$$21558889
[DEBUG] Replacing bean definition 'org.springframework.boot.autoconfigure.web.servlet.MultipartAutoConfiguration' existing class 'org.springframework.boot.autoconfigure.web.servlet.MultipartAutoConfiguration' with enhanced class 'org.springframework.boot.autoconfigure.web.servlet.MultipartAutoConfiguration$$EnhancerBySpringCGLIB$$21558889'
[DEBUG] Removing PropertySource 'defaultProperties'
[DEBUG] Creating shared instance of singleton bean 'propertySourcesPlaceholderConfigurer'
[DEBUG] Creating instance of bean 'propertySourcesPlaceholderConfigurer'
[DEBUG] Eagerly caching bean 'propertySourcesPlaceholderConfigurer' to allow for resolving potential circular references
[DEBUG] Finished creating instance of bean 'propertySourcesPlaceholderConfigurer'
[DEBUG] Adding PropertySource 'environmentProperties' with lowest search precedence
[DEBUG] Adding PropertySource 'localProperties' with lowest search precedence
[DEBUG] Creating shared instance of singleton bean 'org.springframework.boot.test.mock.mockito.MockitoPostProcessor'
[DEBUG] Creating instance of bean 'org.springframework.boot.test.mock.mockito.MockitoPostProcessor'
[DEBUG] Eagerly caching bean 'org.springframework.boot.test.mock.mockito.MockitoPostProcessor' to allow for resolving potential circular references
[DEBUG] Finished creating instance of bean 'org.springframework.boot.test.mock.mockito.MockitoPostProcessor'
[DEBUG] Creating shared instance of singleton bean 'org.springframework.boot.context.properties.ConfigurationBeanFactoryMetadata'
[DEBUG] Creating instance of bean 'org.springframework.boot.context.properties.ConfigurationBeanFactoryMetadata'
[DEBUG] Eagerly caching bean 'org.springframework.boot.context.properties.ConfigurationBeanFactoryMetadata' to allow for resolving potential circular references
[DEBUG] Finished creating instance of bean 'org.springframework.boot.context.properties.ConfigurationBeanFactoryMetadata'
[DEBUG] Creating shared instance of singleton bean 'preserveErrorControllerTargetClassPostProcessor'
[DEBUG] Creating instance of bean 'preserveErrorControllerTargetClassPostProcessor'
[DEBUG] Eagerly caching bean 'preserveErrorControllerTargetClassPostProcessor' to allow for resolving potential circular references
[DEBUG] Finished creating instance of bean 'preserveErrorControllerTargetClassPostProcessor'
[DEBUG] Creating shared instance of singleton bean 'emBeanDefinitionRegistrarPostProcessor'
[DEBUG] Creating instance of bean 'emBeanDefinitionRegistrarPostProcessor'
[DEBUG] Eagerly caching bean 'emBeanDefinitionRegistrarPostProcessor' to allow for resolving potential circular references
[DEBUG] Finished creating instance of bean 'emBeanDefinitionRegistrarPostProcessor'
[DEBUG] Creating shared instance of singleton bean 'org.springframework.boot.test.mock.mockito.MockitoPostProcessor$SpyPostProcessor'
[DEBUG] Creating instance of bean 'org.springframework.boot.test.mock.mockito.MockitoPostProcessor$SpyPostProcessor'
[DEBUG] Returning cached instance of singleton bean 'org.springframework.boot.test.mock.mockito.MockitoPostProcessor'
[DEBUG] Eagerly caching bean 'org.springframework.boot.test.mock.mockito.MockitoPostProcessor$SpyPostProcessor' to allow for resolving potential circular references
[DEBUG] Finished creating instance of bean 'org.springframework.boot.test.mock.mockito.MockitoPostProcessor$SpyPostProcessor'
[DEBUG] Creating shared instance of singleton bean 'org.springframework.context.annotation.internalAutowiredAnnotationProcessor'
[DEBUG] Creating instance of bean 'org.springframework.context.annotation.internalAutowiredAnnotationProcessor'
[DEBUG] Eagerly caching bean 'org.springframework.context.annotation.internalAutowiredAnnotationProcessor' to allow for resolving potential circular references
[DEBUG] Finished creating instance of bean 'org.springframework.context.annotation.internalAutowiredAnnotationProcessor'
[DEBUG] Creating shared instance of singleton bean 'org.springframework.context.annotation.internalRequiredAnnotationProcessor'
[DEBUG] Creating instance of bean 'org.springframework.context.annotation.internalRequiredAnnotationProcessor'
[DEBUG] Eagerly caching bean 'org.springframework.context.annotation.internalRequiredAnnotationProcessor' to allow for resolving potential circular references
[DEBUG] Finished creating instance of bean 'org.springframework.context.annotation.internalRequiredAnnotationProcessor'
[DEBUG] Creating shared instance of singleton bean 'org.springframework.context.annotation.internalCommonAnnotationProcessor'
[DEBUG] Creating instance of bean 'org.springframework.context.annotation.internalCommonAnnotationProcessor'
[DEBUG] Eagerly caching bean 'org.springframework.context.annotation.internalCommonAnnotationProcessor' to allow for resolving potential circular references
[DEBUG] Finished creating instance of bean 'org.springframework.context.annotation.internalCommonAnnotationProcessor'
[DEBUG] Creating shared instance of singleton bean 'org.springframework.context.annotation.internalPersistenceAnnotationProcessor'
[DEBUG] Creating instance of bean 'org.springframework.context.annotation.internalPersistenceAnnotationProcessor'
[DEBUG] Eagerly caching bean 'org.springframework.context.annotation.internalPersistenceAnnotationProcessor' to allow for resolving potential circular references
[DEBUG] Finished creating instance of bean 'org.springframework.context.annotation.internalPersistenceAnnotationProcessor'
[DEBUG] Creating shared instance of singleton bean 'org.springframework.boot.context.properties.ConfigurationPropertiesBindingPostProcessor'
[DEBUG] Creating instance of bean 'org.springframework.boot.context.properties.ConfigurationPropertiesBindingPostProcessor'
[DEBUG] Eagerly caching bean 'org.springframework.boot.context.properties.ConfigurationPropertiesBindingPostProcessor' to allow for resolving potential circular references
[DEBUG] Invoking afterPropertiesSet() on bean with name 'org.springframework.boot.context.properties.ConfigurationPropertiesBindingPostProcessor'
[DEBUG] Returning cached instance of singleton bean 'org.springframework.boot.context.properties.ConfigurationBeanFactoryMetadata'
[DEBUG] Returning cached instance of singleton bean 'propertySourcesPlaceholderConfigurer'
[DEBUG] Finished creating instance of bean 'org.springframework.boot.context.properties.ConfigurationPropertiesBindingPostProcessor'
[DEBUG] Returning cached instance of singleton bean 'org.springframework.boot.test.mock.mockito.MockitoPostProcessor'
[DEBUG] Creating shared instance of singleton bean 'methodValidationPostProcessor'
[DEBUG] Creating instance of bean 'methodValidationPostProcessor'
[DEBUG] Returning cached instance of singleton bean 'environment'
[DEBUG] Creating JDK dynamic proxy: target source is org.springframework.context.annotation.ContextAnnotationAutowireCandidateResolver$1@78c8bb33
[DEBUG] Autowiring by type from bean name 'methodValidationPostProcessor' via factory method to bean named 'environment'
[DEBUG] Could not find key 'spring.aop.proxy-target-class' in any property source
[DEBUG] Eagerly caching bean 'methodValidationPostProcessor' to allow for resolving potential circular references
[DEBUG] Invoking afterPropertiesSet() on bean with name 'methodValidationPostProcessor'
[DEBUG] Finished creating instance of bean 'methodValidationPostProcessor'
[DEBUG] Creating shared instance of singleton bean 'org.springframework.aop.config.internalAutoProxyCreator'
[DEBUG] Creating instance of bean 'org.springframework.aop.config.internalAutoProxyCreator'
[DEBUG] Eagerly caching bean 'org.springframework.aop.config.internalAutoProxyCreator' to allow for resolving potential circular references
[DEBUG] Finished creating instance of bean 'org.springframework.aop.config.internalAutoProxyCreator'
[DEBUG] Creating shared instance of singleton bean 'persistenceExceptionTranslationPostProcessor'
[DEBUG] Creating instance of bean 'persistenceExceptionTranslationPostProcessor'
[DEBUG] Returning cached instance of singleton bean 'environment'
[DEBUG] Autowiring by type from bean name 'persistenceExceptionTranslationPostProcessor' via factory method to bean named 'environment'
[DEBUG] Could not find key 'spring.aop.proxy-target-class' in any property source
[DEBUG] Eagerly caching bean 'persistenceExceptionTranslationPostProcessor' to allow for resolving potential circular references
[DEBUG] Finished creating instance of bean 'persistenceExceptionTranslationPostProcessor'
[DEBUG] Creating shared instance of singleton bean 'dataSourceInitializerPostProcessor'
[DEBUG] Creating instance of bean 'dataSourceInitializerPostProcessor'
[DEBUG] Registered injected element on class [org.springframework.boot.autoconfigure.jdbc.DataSourceInitializerPostProcessor]: AutowiredFieldElement for private org.springframework.beans.factory.BeanFactory org.springframework.boot.autoconfigure.jdbc.DataSourceInitializerPostProcessor.beanFactory
[DEBUG] Eagerly caching bean 'dataSourceInitializerPostProcessor' to allow for resolving potential circular references
[DEBUG] Processing injected element of bean 'dataSourceInitializerPostProcessor': AutowiredFieldElement for private org.springframework.beans.factory.BeanFactory org.springframework.boot.autoconfigure.jdbc.DataSourceInitializerPostProcessor.beanFactory
[DEBUG] Autowiring by type from bean name 'dataSourceInitializerPostProcessor' to bean named 'org.springframework.beans.factory.support.DefaultListableBeanFactory@5d462f1b'
[DEBUG] Finished creating instance of bean 'dataSourceInitializerPostProcessor'
[DEBUG] Creating shared instance of singleton bean 'webServerFactoryCustomizerBeanPostProcessor'
[DEBUG] Creating instance of bean 'webServerFactoryCustomizerBeanPostProcessor'
[DEBUG] Eagerly caching bean 'webServerFactoryCustomizerBeanPostProcessor' to allow for resolving potential circular references
[DEBUG] Finished creating instance of bean 'webServerFactoryCustomizerBeanPostProcessor'
[DEBUG] Creating shared instance of singleton bean 'errorPageRegistrarBeanPostProcessor'
[DEBUG] Creating instance of bean 'errorPageRegistrarBeanPostProcessor'
[DEBUG] Eagerly caching bean 'errorPageRegistrarBeanPostProcessor' to allow for resolving potential circular references
[DEBUG] Finished creating instance of bean 'errorPageRegistrarBeanPostProcessor'
[DEBUG] Creating shared instance of singleton bean 'dataSourceInitializedPublisher'
[DEBUG] Creating instance of bean 'dataSourceInitializedPublisher'
[DEBUG] Registered injected element on class [org.springframework.boot.autoconfigure.orm.jpa.DataSourceInitializedPublisher]: AutowiredFieldElement for private org.springframework.context.ApplicationContext org.springframework.boot.autoconfigure.orm.jpa.DataSourceInitializedPublisher.applicationContext
[DEBUG] Eagerly caching bean 'dataSourceInitializedPublisher' to allow for resolving potential circular references
[DEBUG] Processing injected element of bean 'dataSourceInitializedPublisher': AutowiredFieldElement for private org.springframework.context.ApplicationContext org.springframework.boot.autoconfigure.orm.jpa.DataSourceInitializedPublisher.applicationContext
[DEBUG] Autowiring by type from bean name 'dataSourceInitializedPublisher' to bean named 'org.springframework.web.context.support.GenericWebApplicationContext@360e2db'
[DEBUG] Finished creating instance of bean 'dataSourceInitializedPublisher'
[DEBUG] Creating shared instance of singleton bean 'projectionDefinitionRegistrar'
[DEBUG] Creating instance of bean 'projectionDefinitionRegistrar'
[DEBUG] Creating shared instance of singleton bean 'org.springframework.transaction.config.internalTransactionAdvisor'
[DEBUG] Creating instance of bean 'org.springframework.transaction.config.internalTransactionAdvisor'
[DEBUG] Creating shared instance of singleton bean 'org.springframework.transaction.annotation.ProxyTransactionManagementConfiguration'
[DEBUG] Creating instance of bean 'org.springframework.transaction.annotation.ProxyTransactionManagementConfiguration'
[DEBUG] Skipping currently created advisor 'org.springframework.transaction.config.internalTransactionAdvisor'
[DEBUG] Registered injected element on class [org.springframework.transaction.annotation.ProxyTransactionManagementConfiguration$$EnhancerBySpringCGLIB$$df1049da]: AutowiredMethodElement for void org.springframework.transaction.annotation.AbstractTransactionManagementConfiguration.setConfigurers(java.util.Collection)
[DEBUG] Eagerly caching bean 'org.springframework.transaction.annotation.ProxyTransactionManagementConfiguration' to allow for resolving potential circular references
[DEBUG] Processing injected element of bean 'org.springframework.transaction.annotation.ProxyTransactionManagementConfiguration': AutowiredMethodElement for void org.springframework.transaction.annotation.AbstractTransactionManagementConfiguration.setConfigurers(java.util.Collection)
[DEBUG] Returning cached instance of singleton bean 'org.springframework.context.annotation.ConfigurationClassPostProcessor.importRegistry'
[INFO] Bean 'org.springframework.transaction.annotation.ProxyTransactionManagementConfiguration' of type [org.springframework.transaction.annotation.ProxyTransactionManagementConfiguration$$EnhancerBySpringCGLIB$$df1049da] is not eligible for getting processed by all BeanPostProcessors (for example: not eligible for auto-proxying)
[DEBUG] Skipping currently created advisor 'org.springframework.transaction.config.internalTransactionAdvisor'
[DEBUG] Skipping currently created advisor 'org.springframework.transaction.config.internalTransactionAdvisor'
[DEBUG] Finished creating instance of bean 'org.springframework.transaction.annotation.ProxyTransactionManagementConfiguration'
[DEBUG] Creating shared instance of singleton bean 'transactionAttributeSource'
[DEBUG] Creating instance of bean 'transactionAttributeSource'
[DEBUG] Skipping currently created advisor 'org.springframework.transaction.config.internalTransactionAdvisor'
[DEBUG] Returning cached instance of singleton bean 'org.springframework.transaction.annotation.ProxyTransactionManagementConfiguration'
[DEBUG] Eagerly caching bean 'transactionAttributeSource' to allow for resolving potential circular references
[DEBUG] Skipping currently created advisor 'org.springframework.transaction.config.internalTransactionAdvisor'
[DEBUG] Skipping currently created advisor 'org.springframework.transaction.config.internalTransactionAdvisor'
[DEBUG] Finished creating instance of bean 'transactionAttributeSource'
[DEBUG] Creating shared instance of singleton bean 'transactionInterceptor'
[DEBUG] Creating instance of bean 'transactionInterceptor'
[DEBUG] Returning cached instance of singleton bean 'org.springframework.transaction.annotation.ProxyTransactionManagementConfiguration'
[DEBUG] Returning cached instance of singleton bean 'transactionAttributeSource'
[DEBUG] Eagerly caching bean 'transactionInterceptor' to allow for resolving potential circular references
[DEBUG] Invoking afterPropertiesSet() on bean with name 'transactionInterceptor'
[DEBUG] Finished creating instance of bean 'transactionInterceptor'
[DEBUG] Eagerly caching bean 'org.springframework.transaction.config.internalTransactionAdvisor' to allow for resolving potential circular references
[DEBUG] Finished creating instance of bean 'org.springframework.transaction.config.internalTransactionAdvisor'
[DEBUG] Eagerly caching bean 'projectionDefinitionRegistrar' to allow for resolving potential circular references
[DEBUG] Returning cached instance of singleton bean 'org.springframework.transaction.config.internalTransactionAdvisor'
[DEBUG] Returning cached instance of singleton bean 'org.springframework.transaction.config.internalTransactionAdvisor'
[DEBUG] Finished creating instance of bean 'projectionDefinitionRegistrar'
[DEBUG] Creating shared instance of singleton bean 'annotatedEventHandlerInvoker'
[DEBUG] Creating instance of bean 'annotatedEventHandlerInvoker'
[DEBUG] Returning cached instance of singleton bean 'org.springframework.transaction.config.internalTransactionAdvisor'
[DEBUG] Eagerly caching bean 'annotatedEventHandlerInvoker' to allow for resolving potential circular references
[DEBUG] Returning cached instance of singleton bean 'org.springframework.transaction.config.internalTransactionAdvisor'
[DEBUG] Returning cached instance of singleton bean 'org.springframework.transaction.config.internalTransactionAdvisor'
[DEBUG] Finished creating instance of bean 'annotatedEventHandlerInvoker'
[DEBUG] Creating shared instance of singleton bean 'org.springframework.hateoas.config.HypermediaSupportBeanDefinitionRegistrar$DefaultObjectMapperCustomizer#0'
[DEBUG] Creating instance of bean 'org.springframework.hateoas.config.HypermediaSupportBeanDefinitionRegistrar$DefaultObjectMapperCustomizer#0'
[DEBUG] Returning cached instance of singleton bean 'org.springframework.transaction.config.internalTransactionAdvisor'
[DEBUG] Eagerly caching bean 'org.springframework.hateoas.config.HypermediaSupportBeanDefinitionRegistrar$DefaultObjectMapperCustomizer#0' to allow for resolving potential circular references
[DEBUG] Returning cached instance of singleton bean 'org.springframework.transaction.config.internalTransactionAdvisor'
[DEBUG] Returning cached instance of singleton bean 'org.springframework.transaction.config.internalTransactionAdvisor'
[DEBUG] Finished creating instance of bean 'org.springframework.hateoas.config.HypermediaSupportBeanDefinitionRegistrar$DefaultObjectMapperCustomizer#0'
[DEBUG] Creating shared instance of singleton bean 'org.springframework.hateoas.config.HypermediaSupportBeanDefinitionRegistrar$Jackson2ModuleRegisteringBeanPostProcessor#0'
[DEBUG] Creating instance of bean 'org.springframework.hateoas.config.HypermediaSupportBeanDefinitionRegistrar$Jackson2ModuleRegisteringBeanPostProcessor#0'
[DEBUG] Returning cached instance of singleton bean 'org.springframework.transaction.config.internalTransactionAdvisor'
[DEBUG] Eagerly caching bean 'org.springframework.hateoas.config.HypermediaSupportBeanDefinitionRegistrar$Jackson2ModuleRegisteringBeanPostProcessor#0' to allow for resolving potential circular references
[DEBUG] Returning cached instance of singleton bean 'org.springframework.transaction.config.internalTransactionAdvisor'
[DEBUG] Returning cached instance of singleton bean 'org.springframework.transaction.config.internalTransactionAdvisor'
[DEBUG] Finished creating instance of bean 'org.springframework.hateoas.config.HypermediaSupportBeanDefinitionRegistrar$Jackson2ModuleRegisteringBeanPostProcessor#0'
[DEBUG] Returning cached instance of singleton bean 'org.springframework.boot.test.autoconfigure.properties.PropertyMappingContextCustomizer$PropertyMappingCheckBeanPostProcessor'
[DEBUG] Unable to locate MessageSource with name 'messageSource': using default [org.springframework.context.support.DelegatingMessageSource@53d79e69]
[DEBUG] Unable to locate ApplicationEventMulticaster with name 'applicationEventMulticaster': using default [org.springframework.context.event.SimpleApplicationEventMulticaster@742665e6]
[DEBUG] Unable to locate ThemeSource with name 'themeSource': using default [org.springframework.ui.context.support.ResourceBundleThemeSource@3eaa6b04]
[DEBUG] Creating shared instance of singleton bean 'entityManagerFactory'
[DEBUG] Creating instance of bean 'entityManagerFactory'
[DEBUG] Returning cached instance of singleton bean 'org.springframework.transaction.config.internalTransactionAdvisor'
[DEBUG] Creating shared instance of singleton bean 'org.springframework.boot.autoconfigure.orm.jpa.HibernateJpaConfiguration'
[DEBUG] Creating instance of bean 'org.springframework.boot.autoconfigure.orm.jpa.HibernateJpaConfiguration'
[DEBUG] Returning cached instance of singleton bean 'org.springframework.transaction.config.internalTransactionAdvisor'
[DEBUG] Cannot find '.class' file for class [class org.springframework.boot.autoconfigure.orm.jpa.HibernateJpaConfiguration$$EnhancerBySpringCGLIB$$fde70c49] - unable to determine constructor/method parameter names
[DEBUG] Creating shared instance of singleton bean 'dataSource'
[DEBUG] Creating instance of bean 'dataSource'
[DEBUG] Returning cached instance of singleton bean 'org.springframework.transaction.config.internalTransactionAdvisor'
[DEBUG] Creating shared instance of singleton bean 'org.springframework.boot.autoconfigure.jdbc.DataSourceConfiguration$Hikari'
[DEBUG] Creating instance of bean 'org.springframework.boot.autoconfigure.jdbc.DataSourceConfiguration$Hikari'
[DEBUG] Returning cached instance of singleton bean 'org.springframework.transaction.config.internalTransactionAdvisor'
[DEBUG] Eagerly caching bean 'org.springframework.boot.autoconfigure.jdbc.DataSourceConfiguration$Hikari' to allow for resolving potential circular references
[DEBUG] Returning cached instance of singleton bean 'org.springframework.transaction.config.internalTransactionAdvisor'
[DEBUG] Returning cached instance of singleton bean 'org.springframework.transaction.config.internalTransactionAdvisor'
[DEBUG] Finished creating instance of bean 'org.springframework.boot.autoconfigure.jdbc.DataSourceConfiguration$Hikari'
[DEBUG] Creating shared instance of singleton bean 'spring.datasource-org.springframework.boot.autoconfigure.jdbc.DataSourceProperties'
[DEBUG] Creating instance of bean 'spring.datasource-org.springframework.boot.autoconfigure.jdbc.DataSourceProperties'
[DEBUG] Returning cached instance of singleton bean 'org.springframework.transaction.config.internalTransactionAdvisor'
[DEBUG] Eagerly caching bean 'spring.datasource-org.springframework.boot.autoconfigure.jdbc.DataSourceProperties' to allow for resolving potential circular references
[DEBUG] Creating instance of bean 'org.springframework.boot.context.properties.ConversionServiceDeducer$Factory'
[DEBUG] Returning cached instance of singleton bean 'org.springframework.transaction.config.internalTransactionAdvisor'
[DEBUG] Registered injected element on class [org.springframework.boot.context.properties.ConversionServiceDeducer$Factory]: AutowiredMethodElement for public void org.springframework.boot.context.properties.ConversionServiceDeducer$Factory.setGenericConverters(java.util.List)
[DEBUG] Registered injected element on class [org.springframework.boot.context.properties.ConversionServiceDeducer$Factory]: AutowiredMethodElement for public void org.springframework.boot.context.properties.ConversionServiceDeducer$Factory.setConverters(java.util.List)
[DEBUG] Processing injected element of bean 'org.springframework.boot.context.properties.ConversionServiceDeducer$Factory': AutowiredMethodElement for public void org.springframework.boot.context.properties.ConversionServiceDeducer$Factory.setGenericConverters(java.util.List)
[DEBUG] Processing injected element of bean 'org.springframework.boot.context.properties.ConversionServiceDeducer$Factory': AutowiredMethodElement for public void org.springframework.boot.context.properties.ConversionServiceDeducer$Factory.setConverters(java.util.List)
[DEBUG] Returning cached instance of singleton bean 'org.springframework.transaction.config.internalTransactionAdvisor'
[DEBUG] Returning cached instance of singleton bean 'org.springframework.transaction.config.internalTransactionAdvisor'
[DEBUG] Finished creating instance of bean 'org.springframework.boot.context.properties.ConversionServiceDeducer$Factory'
[DEBUG] Invoking afterPropertiesSet() on bean with name 'spring.datasource-org.springframework.boot.autoconfigure.jdbc.DataSourceProperties'
[DEBUG] Returning cached instance of singleton bean 'org.springframework.transaction.config.internalTransactionAdvisor'
[DEBUG] Returning cached instance of singleton bean 'org.springframework.transaction.config.internalTransactionAdvisor'
[DEBUG] Finished creating instance of bean 'spring.datasource-org.springframework.boot.autoconfigure.jdbc.DataSourceProperties'
[DEBUG] Autowiring by type from bean name 'dataSource' via factory method to bean named 'spring.datasource-org.springframework.boot.autoconfigure.jdbc.DataSourceProperties'
[DEBUG] Driver class com.mysql.jdbc.Driver found in Thread context class loader sun.misc.Launcher$AppClassLoader@73d16e93
[DEBUG] Eagerly caching bean 'dataSource' to allow for resolving potential circular references
[DEBUG] Returning cached instance of singleton bean 'org.springframework.transaction.config.internalTransactionAdvisor'
[DEBUG] Returning cached instance of singleton bean 'org.springframework.transaction.config.internalTransactionAdvisor'
[DEBUG] Creating shared instance of singleton bean 'org.springframework.boot.autoconfigure.jdbc.DataSourceInitializerInvoker'
[DEBUG] Creating instance of bean 'org.springframework.boot.autoconfigure.jdbc.DataSourceInitializerInvoker'
[DEBUG] Returning cached instance of singleton bean 'org.springframework.transaction.config.internalTransactionAdvisor'
[DEBUG] Returning cached instance of singleton bean 'spring.datasource-org.springframework.boot.autoconfigure.jdbc.DataSourceProperties'
[DEBUG] Autowiring by type from bean name 'org.springframework.boot.autoconfigure.jdbc.DataSourceInitializerInvoker' via constructor to bean named 'spring.datasource-org.springframework.boot.autoconfigure.jdbc.DataSourceProperties'
[DEBUG] Autowiring by type from bean name 'org.springframework.boot.autoconfigure.jdbc.DataSourceInitializerInvoker' via constructor to bean named 'org.springframework.web.context.support.GenericWebApplicationContext@360e2db'
[DEBUG] Eagerly caching bean 'org.springframework.boot.autoconfigure.jdbc.DataSourceInitializerInvoker' to allow for resolving potential circular references
[DEBUG] Invoking afterPropertiesSet() on bean with name 'org.springframework.boot.autoconfigure.jdbc.DataSourceInitializerInvoker'
[DEBUG] Returning eagerly cached instance of singleton bean 'dataSource' that is not fully initialized yet - a consequence of a circular reference
[DEBUG] Resolved classpath location [schema-all.sql] to resources []
[DEBUG] Resolved classpath location [schema.sql] to resources []
[DEBUG] Returning cached instance of singleton bean 'org.springframework.transaction.config.internalTransactionAdvisor'
[DEBUG] Returning cached instance of singleton bean 'org.springframework.transaction.config.internalTransactionAdvisor'
[DEBUG] Finished creating instance of bean 'org.springframework.boot.autoconfigure.jdbc.DataSourceInitializerInvoker'
[DEBUG] Finished creating instance of bean 'dataSource'
[DEBUG] Creating shared instance of singleton bean 'spring.jpa-org.springframework.boot.autoconfigure.orm.jpa.JpaProperties'
[DEBUG] Creating instance of bean 'spring.jpa-org.springframework.boot.autoconfigure.orm.jpa.JpaProperties'
[DEBUG] Returning cached instance of singleton bean 'org.springframework.transaction.config.internalTransactionAdvisor'
[DEBUG] Eagerly caching bean 'spring.jpa-org.springframework.boot.autoconfigure.orm.jpa.JpaProperties' to allow for resolving potential circular references
[DEBUG] Returning cached instance of singleton bean 'org.springframework.transaction.config.internalTransactionAdvisor'
[DEBUG] Returning cached instance of singleton bean 'org.springframework.transaction.config.internalTransactionAdvisor'
[DEBUG] Finished creating instance of bean 'spring.jpa-org.springframework.boot.autoconfigure.orm.jpa.JpaProperties'
[DEBUG] Autowiring by type from bean name 'org.springframework.boot.autoconfigure.orm.jpa.HibernateJpaConfiguration' via constructor to bean named 'dataSource'
[DEBUG] Autowiring by type from bean name 'org.springframework.boot.autoconfigure.orm.jpa.HibernateJpaConfiguration' via constructor to bean named 'spring.jpa-org.springframework.boot.autoconfigure.orm.jpa.JpaProperties'
[DEBUG] Creating shared instance of singleton bean 'platformTransactionManagerCustomizers'
[DEBUG] Creating instance of bean 'platformTransactionManagerCustomizers'
[DEBUG] Returning cached instance of singleton bean 'org.springframework.transaction.config.internalTransactionAdvisor'
[DEBUG] Creating shared instance of singleton bean 'org.springframework.boot.autoconfigure.transaction.TransactionAutoConfiguration'
[DEBUG] Creating instance of bean 'org.springframework.boot.autoconfigure.transaction.TransactionAutoConfiguration'
[DEBUG] Returning cached instance of singleton bean 'org.springframework.transaction.config.internalTransactionAdvisor'
[DEBUG] Eagerly caching bean 'org.springframework.boot.autoconfigure.transaction.TransactionAutoConfiguration' to allow for resolving potential circular references
[DEBUG] Returning cached instance of singleton bean 'org.springframework.transaction.config.internalTransactionAdvisor'
[DEBUG] Returning cached instance of singleton bean 'org.springframework.transaction.config.internalTransactionAdvisor'
[DEBUG] Finished creating instance of bean 'org.springframework.boot.autoconfigure.transaction.TransactionAutoConfiguration'
[DEBUG] Creating shared instance of singleton bean 'spring.transaction-org.springframework.boot.autoconfigure.transaction.TransactionProperties'
[DEBUG] Creating instance of bean 'spring.transaction-org.springframework.boot.autoconfigure.transaction.TransactionProperties'
[DEBUG] Returning cached instance of singleton bean 'org.springframework.transaction.config.internalTransactionAdvisor'
[DEBUG] Eagerly caching bean 'spring.transaction-org.springframework.boot.autoconfigure.transaction.TransactionProperties' to allow for resolving potential circular references
[DEBUG] Returning cached instance of singleton bean 'org.springframework.transaction.config.internalTransactionAdvisor'
[DEBUG] Returning cached instance of singleton bean 'org.springframework.transaction.config.internalTransactionAdvisor'
[DEBUG] Finished creating instance of bean 'spring.transaction-org.springframework.boot.autoconfigure.transaction.TransactionProperties'
[DEBUG] Eagerly caching bean 'platformTransactionManagerCustomizers' to allow for resolving potential circular references
[DEBUG] Returning cached instance of singleton bean 'org.springframework.transaction.config.internalTransactionAdvisor'
[DEBUG] Returning cached instance of singleton bean 'org.springframework.transaction.config.internalTransactionAdvisor'
[DEBUG] Finished creating instance of bean 'platformTransactionManagerCustomizers'
[DEBUG] Creating shared instance of singleton bean 'hikariPoolDataSourceMetadataProvider'
[DEBUG] Creating instance of bean 'hikariPoolDataSourceMetadataProvider'
[DEBUG] Returning cached instance of singleton bean 'org.springframework.transaction.config.internalTransactionAdvisor'
[DEBUG] Creating shared instance of singleton bean 'org.springframework.boot.autoconfigure.jdbc.metadata.DataSourcePoolMetadataProvidersConfiguration$HikariPoolDataSourceMetadataProviderConfiguration'
[DEBUG] Creating instance of bean 'org.springframework.boot.autoconfigure.jdbc.metadata.DataSourcePoolMetadataProvidersConfiguration$HikariPoolDataSourceMetadataProviderConfiguration'
[DEBUG] Returning cached instance of singleton bean 'org.springframework.transaction.config.internalTransactionAdvisor'
[DEBUG] Eagerly caching bean 'org.springframework.boot.autoconfigure.jdbc.metadata.DataSourcePoolMetadataProvidersConfiguration$HikariPoolDataSourceMetadataProviderConfiguration' to allow for resolving potential circular references
[DEBUG] Returning cached instance of singleton bean 'org.springframework.transaction.config.internalTransactionAdvisor'
[DEBUG] Returning cached instance of singleton bean 'org.springframework.transaction.config.internalTransactionAdvisor'
[DEBUG] Finished creating instance of bean 'org.springframework.boot.autoconfigure.jdbc.metadata.DataSourcePoolMetadataProvidersConfiguration$HikariPoolDataSourceMetadataProviderConfiguration'
[DEBUG] Eagerly caching bean 'hikariPoolDataSourceMetadataProvider' to allow for resolving potential circular references
[DEBUG] Returning cached instance of singleton bean 'org.springframework.transaction.config.internalTransactionAdvisor'
[DEBUG] Returning cached instance of singleton bean 'org.springframework.transaction.config.internalTransactionAdvisor'
[DEBUG] Finished creating instance of bean 'hikariPoolDataSourceMetadataProvider'
[DEBUG] Eagerly caching bean 'org.springframework.boot.autoconfigure.orm.jpa.HibernateJpaConfiguration' to allow for resolving potential circular references
[DEBUG] Returning cached instance of singleton bean 'org.springframework.transaction.config.internalTransactionAdvisor'
[DEBUG] Returning cached instance of singleton bean 'org.springframework.transaction.config.internalTransactionAdvisor'
[DEBUG] Finished creating instance of bean 'org.springframework.boot.autoconfigure.orm.jpa.HibernateJpaConfiguration'
[DEBUG] Creating shared instance of singleton bean 'entityManagerFactoryBuilder'
[DEBUG] Creating instance of bean 'entityManagerFactoryBuilder'
[DEBUG] Returning cached instance of singleton bean 'org.springframework.transaction.config.internalTransactionAdvisor'
[DEBUG] Returning cached instance of singleton bean 'org.springframework.boot.autoconfigure.orm.jpa.HibernateJpaConfiguration'
[DEBUG] Creating shared instance of singleton bean 'jpaVendorAdapter'
[DEBUG] Creating instance of bean 'jpaVendorAdapter'
[DEBUG] Returning cached instance of singleton bean 'org.springframework.transaction.config.internalTransactionAdvisor'
[DEBUG] Returning cached instance of singleton bean 'org.springframework.boot.autoconfigure.orm.jpa.HibernateJpaConfiguration'
[DEBUG] Fetching JDBC Connection from DataSource
[DEBUG] HikariPool-1 - configuration:
[DEBUG] allowPoolSuspension.............false
[DEBUG] autoCommit......................true
[DEBUG] catalog.........................none
[DEBUG] connectionInitSql...............none
[DEBUG] connectionTestQuery.............none
[DEBUG] connectionTimeout...............30000
[DEBUG] dataSource......................none
[DEBUG] dataSourceClassName.............none
[DEBUG] dataSourceJNDI..................none
[DEBUG] dataSourceProperties............{password=<masked>}
[DEBUG] driverClassName................."com.mysql.jdbc.Driver"
[DEBUG] healthCheckProperties...........{}
[DEBUG] healthCheckRegistry.............none
[DEBUG] idleTimeout.....................600000
[DEBUG] initializationFailFast..........true
[DEBUG] initializationFailTimeout.......1
[DEBUG] isolateInternalQueries..........false
[DEBUG] jdbc4ConnectionTest.............false
[DEBUG] jdbcUrl.........................jdbc:mysql://localhost:3306/parking
[DEBUG] leakDetectionThreshold..........0
[DEBUG] maxLifetime.....................1800000
[DEBUG] maximumPoolSize.................10
[DEBUG] metricRegistry..................none
[DEBUG] metricsTrackerFactory...........none
[DEBUG] minimumIdle.....................10
[DEBUG] password........................<masked>
[DEBUG] poolName........................"HikariPool-1"
[DEBUG] readOnly........................false
[DEBUG] registerMbeans..................false
[DEBUG] scheduledExecutor...............none
[DEBUG] scheduledExecutorService........internal
[DEBUG] schema..........................none
[DEBUG] threadFactory...................internal
[DEBUG] transactionIsolation............default
[DEBUG] username........................"root"
[DEBUG] validationTimeout...............5000
[INFO] HikariPool-1 - Starting...
[DEBUG] HikariPool-1 - Added connection com.mysql.jdbc.JDBC4Connection@692c24b
[INFO] HikariPool-1 - Start completed.
[DEBUG] Returning JDBC Connection to DataSource
[DEBUG] Eagerly caching bean 'jpaVendorAdapter' to allow for resolving potential circular references
[DEBUG] Returning cached instance of singleton bean 'org.springframework.transaction.config.internalTransactionAdvisor'
[DEBUG] Returning cached instance of singleton bean 'org.springframework.transaction.config.internalTransactionAdvisor'
[DEBUG] Finished creating instance of bean 'jpaVendorAdapter'
[DEBUG] Autowiring by type from bean name 'entityManagerFactoryBuilder' via factory method to bean named 'jpaVendorAdapter'
[DEBUG] Eagerly caching bean 'entityManagerFactoryBuilder' to allow for resolving potential circular references
[DEBUG] Returning cached instance of singleton bean 'org.springframework.transaction.config.internalTransactionAdvisor'
[DEBUG] Returning cached instance of singleton bean 'org.springframework.transaction.config.internalTransactionAdvisor'
[DEBUG] Finished creating instance of bean 'entityManagerFactoryBuilder'
[DEBUG] Autowiring by type from bean name 'entityManagerFactory' via factory method to bean named 'entityManagerFactoryBuilder'
[DEBUG] Returning cached instance of singleton bean 'org.springframework.boot.autoconfigure.AutoConfigurationPackages'
[DEBUG] Returning cached instance of singleton bean 'org.springframework.boot.autoconfigure.AutoConfigurationPackages'
[DEBUG] Eagerly caching bean 'entityManagerFactory' to allow for resolving potential circular references
[DEBUG] Invoking afterPropertiesSet() on bean with name 'entityManagerFactory'
[DEBUG] Resolved classpath location [META-INF/persistence.xml] to resources []
[DEBUG] Resolved classpath location [com/co/ceiba/parqueadero/] to resources [URL [file:/C:/Users/alexander.angulo/Music/version2/parqueadero/build/instrumented_classes/com/co/ceiba/parqueadero/], URL [file:/C:/Users/alexander.angulo/Music/version2/parqueadero/build/classes/java/test/com/co/ceiba/parqueadero/], URL [file:/C:/Users/alexander.angulo/Music/version2/parqueadero/build/classes/java/main/com/co/ceiba/parqueadero/]]
[DEBUG] Looking for matching resources in directory tree [C:\Users\alexander.angulo\Music\version2\parqueadero\build\instrumented_classes\com\co\ceiba\parqueadero]
[DEBUG] Searching directory [C:\Users\alexander.angulo\Music\version2\parqueadero\build\instrumented_classes\com\co\ceiba\parqueadero] for files matching pattern [C:/Users/alexander.angulo/Music/version2/parqueadero/build/instrumented_classes/com/co/ceiba/parqueadero/**/*.class]
[DEBUG] Searching directory [C:\Users\alexander.angulo\Music\version2\parqueadero\build\instrumented_classes\com\co\ceiba\parqueadero\business] for files matching pattern [C:/Users/alexander.angulo/Music/version2/parqueadero/build/instrumented_classes/com/co/ceiba/parqueadero/**/*.class]
[DEBUG] Searching directory [C:\Users\alexander.angulo\Music\version2\parqueadero\build\instrumented_classes\com\co\ceiba\parqueadero\entity] for files matching pattern [C:/Users/alexander.angulo/Music/version2/parqueadero/build/instrumented_classes/com/co/ceiba/parqueadero/**/*.class]
[DEBUG] Searching directory [C:\Users\alexander.angulo\Music\version2\parqueadero\build\instrumented_classes\com\co\ceiba\parqueadero\repository] for files matching pattern [C:/Users/alexander.angulo/Music/version2/parqueadero/build/instrumented_classes/com/co/ceiba/parqueadero/**/*.class]
[DEBUG] Searching directory [C:\Users\alexander.angulo\Music\version2\parqueadero\build\instrumented_classes\com\co\ceiba\parqueadero\services] for files matching pattern [C:/Users/alexander.angulo/Music/version2/parqueadero/build/instrumented_classes/com/co/ceiba/parqueadero/**/*.class]
[DEBUG] Searching directory [C:\Users\alexander.angulo\Music\version2\parqueadero\build\instrumented_classes\com\co\ceiba\parqueadero\utility] for files matching pattern [C:/Users/alexander.angulo/Music/version2/parqueadero/build/instrumented_classes/com/co/ceiba/parqueadero/**/*.class]
[DEBUG] Looking for matching resources in directory tree [C:\Users\alexander.angulo\Music\version2\parqueadero\build\classes\java\test\com\co\ceiba\parqueadero]
[DEBUG] Searching directory [C:\Users\alexander.angulo\Music\version2\parqueadero\build\classes\java\test\com\co\ceiba\parqueadero] for files matching pattern [C:/Users/alexander.angulo/Music/version2/parqueadero/build/classes/java/test/com/co/ceiba/parqueadero/**/*.class]
[DEBUG] Searching directory [C:\Users\alexander.angulo\Music\version2\parqueadero\build\classes\java\test\com\co\ceiba\parqueadero\unitarioTest] for files matching pattern [C:/Users/alexander.angulo/Music/version2/parqueadero/build/classes/java/test/com/co/ceiba/parqueadero/**/*.class]
[DEBUG] Looking for matching resources in directory tree [C:\Users\alexander.angulo\Music\version2\parqueadero\build\classes\java\main\com\co\ceiba\parqueadero]
[DEBUG] Searching directory [C:\Users\alexander.angulo\Music\version2\parqueadero\build\classes\java\main\com\co\ceiba\parqueadero] for files matching pattern [C:/Users/alexander.angulo/Music/version2/parqueadero/build/classes/java/main/com/co/ceiba/parqueadero/**/*.class]
[DEBUG] Searching directory [C:\Users\alexander.angulo\Music\version2\parqueadero\build\classes\java\main\com\co\ceiba\parqueadero\business] for files matching pattern [C:/Users/alexander.angulo/Music/version2/parqueadero/build/classes/java/main/com/co/ceiba/parqueadero/**/*.class]
[DEBUG] Searching directory [C:\Users\alexander.angulo\Music\version2\parqueadero\build\classes\java\main\com\co\ceiba\parqueadero\entity] for files matching pattern [C:/Users/alexander.angulo/Music/version2/parqueadero/build/classes/java/main/com/co/ceiba/parqueadero/**/*.class]
[DEBUG] Searching directory [C:\Users\alexander.angulo\Music\version2\parqueadero\build\classes\java\main\com\co\ceiba\parqueadero\repository] for files matching pattern [C:/Users/alexander.angulo/Music/version2/parqueadero/build/classes/java/main/com/co/ceiba/parqueadero/**/*.class]
[DEBUG] Searching directory [C:\Users\alexander.angulo\Music\version2\parqueadero\build\classes\java\main\com\co\ceiba\parqueadero\services] for files matching pattern [C:/Users/alexander.angulo/Music/version2/parqueadero/build/classes/java/main/com/co/ceiba/parqueadero/**/*.class]
[DEBUG] Searching directory [C:\Users\alexander.angulo\Music\version2\parqueadero\build\classes\java\main\com\co\ceiba\parqueadero\utility] for files matching pattern [C:/Users/alexander.angulo/Music/version2/parqueadero/build/classes/java/main/com/co/ceiba/parqueadero/**/*.class]
[DEBUG] Resolved location pattern [classpath*:com/co/ceiba/parqueadero/**/*.class] to resources [file [C:\Users\alexander.angulo\Music\version2\parqueadero\build\instrumented_classes\com\co\ceiba\parqueadero\business\FacturaBusiness.class], file [C:\Users\alexander.angulo\Music\version2\parqueadero\build\instrumented_classes\com\co\ceiba\parqueadero\business\IngresoBusiness.class], file [C:\Users\alexander.angulo\Music\version2\parqueadero\build\instrumented_classes\com\co\ceiba\parqueadero\business\ParqueaderoBusiness.class], file [C:\Users\alexander.angulo\Music\version2\parqueadero\build\instrumented_classes\com\co\ceiba\parqueadero\entity\Factura.class], file [C:\Users\alexander.angulo\Music\version2\parqueadero\build\instrumented_classes\com\co\ceiba\parqueadero\entity\Ingreso.class], file [C:\Users\alexander.angulo\Music\version2\parqueadero\build\instrumented_classes\com\co\ceiba\parqueadero\entity\Parqueadero.class], file [C:\Users\alexander.angulo\Music\version2\parqueadero\build\instrumented_classes\com\co\ceiba\parqueadero\ParqueaderoApplication.class], file [C:\Users\alexander.angulo\Music\version2\parqueadero\build\instrumented_classes\com\co\ceiba\parqueadero\repository\IFacturaRepository.class], file [C:\Users\alexander.angulo\Music\version2\parqueadero\build\instrumented_classes\com\co\ceiba\parqueadero\repository\IIngresoRepository.class], file [C:\Users\alexander.angulo\Music\version2\parqueadero\build\instrumented_classes\com\co\ceiba\parqueadero\repository\IParqueaderoRepository.class], file [C:\Users\alexander.angulo\Music\version2\parqueadero\build\instrumented_classes\com\co\ceiba\parqueadero\services\FacturaCrud.class], file [C:\Users\alexander.angulo\Music\version2\parqueadero\build\instrumented_classes\com\co\ceiba\parqueadero\services\IngresoCrud.class], file [C:\Users\alexander.angulo\Music\version2\parqueadero\build\instrumented_classes\com\co\ceiba\parqueadero\services\ListadoVehiculos.class], file [C:\Users\alexander.angulo\Music\version2\parqueadero\build\instrumented_classes\com\co\ceiba\parqueadero\ServletInitializer.class], file [C:\Users\alexander.angulo\Music\version2\parqueadero\build\instrumented_classes\com\co\ceiba\parqueadero\utility\ExcepcionesParqueadero.class], file [C:\Users\alexander.angulo\Music\version2\parqueadero\build\classes\java\test\com\co\ceiba\parqueadero\ParqueaderoApplicationTests.class], file [C:\Users\alexander.angulo\Music\version2\parqueadero\build\classes\java\test\com\co\ceiba\parqueadero\unitarioTest\FacturaTest.class], file [C:\Users\alexander.angulo\Music\version2\parqueadero\build\classes\java\test\com\co\ceiba\parqueadero\unitarioTest\IngresoTest.class], file [C:\Users\alexander.angulo\Music\version2\parqueadero\build\classes\java\test\com\co\ceiba\parqueadero\unitarioTest\ParqueaderoTest.class], file [C:\Users\alexander.angulo\Music\version2\parqueadero\build\classes\java\main\com\co\ceiba\parqueadero\business\FacturaBusiness.class], file [C:\Users\alexander.angulo\Music\version2\parqueadero\build\classes\java\main\com\co\ceiba\parqueadero\business\IngresoBusiness.class], file [C:\Users\alexander.angulo\Music\version2\parqueadero\build\classes\java\main\com\co\ceiba\parqueadero\business\ParqueaderoBusiness.class], file [C:\Users\alexander.angulo\Music\version2\parqueadero\build\classes\java\main\com\co\ceiba\parqueadero\entity\Factura.class], file [C:\Users\alexander.angulo\Music\version2\parqueadero\build\classes\java\main\com\co\ceiba\parqueadero\entity\Ingreso.class], file [C:\Users\alexander.angulo\Music\version2\parqueadero\build\classes\java\main\com\co\ceiba\parqueadero\entity\Parqueadero.class], file [C:\Users\alexander.angulo\Music\version2\parqueadero\build\classes\java\main\com\co\ceiba\parqueadero\ParqueaderoApplication.class], file [C:\Users\alexander.angulo\Music\version2\parqueadero\build\classes\java\main\com\co\ceiba\parqueadero\repository\IFacturaRepository.class], file [C:\Users\alexander.angulo\Music\version2\parqueadero\build\classes\java\main\com\co\ceiba\parqueadero\repository\IIngresoRepository.class], file [C:\Users\alexander.angulo\Music\version2\parqueadero\build\classes\java\main\com\co\ceiba\parqueadero\repository\IParqueaderoRepository.class], file [C:\Users\alexander.angulo\Music\version2\parqueadero\build\classes\java\main\com\co\ceiba\parqueadero\services\FacturaCrud.class], file [C:\Users\alexander.angulo\Music\version2\parqueadero\build\classes\java\main\com\co\ceiba\parqueadero\services\IngresoCrud.class], file [C:\Users\alexander.angulo\Music\version2\parqueadero\build\classes\java\main\com\co\ceiba\parqueadero\services\ListadoVehiculos.class], file [C:\Users\alexander.angulo\Music\version2\parqueadero\build\classes\java\main\com\co\ceiba\parqueadero\ServletInitializer.class], file [C:\Users\alexander.angulo\Music\version2\parqueadero\build\classes\java\main\com\co\ceiba\parqueadero\utility\ExcepcionesParqueadero.class]]
[INFO] Building JPA container EntityManagerFactory for persistence unit 'default'
[DEBUG] PersistenceUnitInfo [
	name: default
	persistence provider classname: null
	classloader: sun.misc.Launcher$AppClassLoader@73d16e93
	excludeUnlistedClasses: true
	JTA datasource: null
	Non JTA datasource: HikariDataSource (HikariPool-1)
	Transaction type: RESOURCE_LOCAL
	PU root URL: file:/C:/Users/alexander.angulo/Music/version2/parqueadero/build/instrumented_classes/
	Shared Cache Mode: UNSPECIFIED
	Validation Mode: AUTO
	Jar files URLs []
	Managed classes names [
		com.co.ceiba.parqueadero.entity.Factura
		com.co.ceiba.parqueadero.entity.Ingreso
		com.co.ceiba.parqueadero.entity.Parqueadero
		com.co.ceiba.parqueadero.entity.Factura
		com.co.ceiba.parqueadero.entity.Ingreso
		com.co.ceiba.parqueadero.entity.Parqueadero]
	Mapping files names []
	Properties []
[DEBUG] HikariPool-1 - Pool stats (total=1, active=0, idle=1, waiting=0)
[DEBUG] Adding Integrator [org.hibernate.cfg.beanvalidation.BeanValidationIntegrator].
[DEBUG] HikariPool-1 - Added connection com.mysql.jdbc.JDBC4Connection@6d72afb4
[DEBUG] Adding Integrator [org.hibernate.secure.spi.JaccIntegrator].
[DEBUG] HikariPool-1 - Added connection com.mysql.jdbc.JDBC4Connection@19120336
[DEBUG] Adding Integrator [org.hibernate.cache.internal.CollectionCacheInvalidator].
[DEBUG] Adding Integrator [org.hibernate.jpa.event.spi.JpaIntegrator].
[DEBUG] HikariPool-1 - Added connection com.mysql.jdbc.JDBC4Connection@33c8f357
[DEBUG] HikariPool-1 - Added connection com.mysql.jdbc.JDBC4Connection@24d7dcc2
[DEBUG] HikariPool-1 - Added connection com.mysql.jdbc.JDBC4Connection@62228cff
[DEBUG] HikariPool-1 - Added connection com.mysql.jdbc.JDBC4Connection@50d02692
[DEBUG] HikariPool-1 - Added connection com.mysql.jdbc.JDBC4Connection@1a87e5f
[DEBUG] HikariPool-1 - Added connection com.mysql.jdbc.JDBC4Connection@324f1f15
[DEBUG] HikariPool-1 - Added connection com.mysql.jdbc.JDBC4Connection@6dbbe846
[DEBUG] HikariPool-1 - After adding stats (total=10, active=0, idle=10, waiting=0)
[INFO] HHH000412: Hibernate Core {5.2.17.Final}
[INFO] HHH000206: hibernate.properties not found
[DEBUG] Overriding existing service binding [org.hibernate.secure.spi.JaccService]
[DEBUG] Cache region factory : org.hibernate.cache.internal.NoCachingRegionFactory
[INFO] HCANN000001: Hibernate Commons Annotations {5.0.1.Final}
[DEBUG] Adding type registration boolean -> org.hibernate.type.BooleanType@477fde0e
[DEBUG] Adding type registration boolean -> org.hibernate.type.BooleanType@477fde0e
[DEBUG] Adding type registration java.lang.Boolean -> org.hibernate.type.BooleanType@477fde0e
[DEBUG] Adding type registration numeric_boolean -> org.hibernate.type.NumericBooleanType@661b4604
[DEBUG] Adding type registration true_false -> org.hibernate.type.TrueFalseType@1f8b4d4d
[DEBUG] Adding type registration yes_no -> org.hibernate.type.YesNoType@48e11e14
[DEBUG] Adding type registration byte -> org.hibernate.type.ByteType@7aa27b05
[DEBUG] Adding type registration byte -> org.hibernate.type.ByteType@7aa27b05
[DEBUG] Adding type registration java.lang.Byte -> org.hibernate.type.ByteType@7aa27b05
[DEBUG] Adding type registration character -> org.hibernate.type.CharacterType@28e4acb7
[DEBUG] Adding type registration char -> org.hibernate.type.CharacterType@28e4acb7
[DEBUG] Adding type registration java.lang.Character -> org.hibernate.type.CharacterType@28e4acb7
[DEBUG] Adding type registration short -> org.hibernate.type.ShortType@39c0e8e4
[DEBUG] Adding type registration short -> org.hibernate.type.ShortType@39c0e8e4
[DEBUG] Adding type registration java.lang.Short -> org.hibernate.type.ShortType@39c0e8e4
[DEBUG] Adding type registration integer -> org.hibernate.type.IntegerType@1e00f741
[DEBUG] Adding type registration int -> org.hibernate.type.IntegerType@1e00f741
[DEBUG] Adding type registration java.lang.Integer -> org.hibernate.type.IntegerType@1e00f741
[DEBUG] Adding type registration long -> org.hibernate.type.LongType@869ecb
[DEBUG] Adding type registration long -> org.hibernate.type.LongType@869ecb
[DEBUG] Adding type registration java.lang.Long -> org.hibernate.type.LongType@869ecb
[DEBUG] Adding type registration float -> org.hibernate.type.FloatType@6b1c2392
[DEBUG] Adding type registration float -> org.hibernate.type.FloatType@6b1c2392
[DEBUG] Adding type registration java.lang.Float -> org.hibernate.type.FloatType@6b1c2392
[DEBUG] Adding type registration double -> org.hibernate.type.DoubleType@15722dd
[DEBUG] Adding type registration double -> org.hibernate.type.DoubleType@15722dd
[DEBUG] Adding type registration java.lang.Double -> org.hibernate.type.DoubleType@15722dd
[DEBUG] Adding type registration big_decimal -> org.hibernate.type.BigDecimalType@54c9c5a0
[DEBUG] Adding type registration java.math.BigDecimal -> org.hibernate.type.BigDecimalType@54c9c5a0
[DEBUG] Adding type registration big_integer -> org.hibernate.type.BigIntegerType@40e58be9
[DEBUG] Adding type registration java.math.BigInteger -> org.hibernate.type.BigIntegerType@40e58be9
[DEBUG] Adding type registration string -> org.hibernate.type.StringType@25a4e383
[DEBUG] Adding type registration java.lang.String -> org.hibernate.type.StringType@25a4e383
[DEBUG] Adding type registration nstring -> org.hibernate.type.StringNVarcharType@1e094cc6
[DEBUG] Adding type registration ncharacter -> org.hibernate.type.CharacterNCharType@49b1913
[DEBUG] Adding type registration url -> org.hibernate.type.UrlType@234861d1
[DEBUG] Adding type registration java.net.URL -> org.hibernate.type.UrlType@234861d1
[DEBUG] Adding type registration Duration -> org.hibernate.type.DurationType@754c9652
[DEBUG] Adding type registration java.time.Duration -> org.hibernate.type.DurationType@754c9652
[DEBUG] Adding type registration Instant -> org.hibernate.type.InstantType@290b96de
[DEBUG] Adding type registration java.time.Instant -> org.hibernate.type.InstantType@290b96de
[DEBUG] Adding type registration LocalDateTime -> org.hibernate.type.LocalDateTimeType@4184ec6d
[DEBUG] Adding type registration java.time.LocalDateTime -> org.hibernate.type.LocalDateTimeType@4184ec6d
[DEBUG] Adding type registration LocalDate -> org.hibernate.type.LocalDateType@406f3a69
[DEBUG] Adding type registration java.time.LocalDate -> org.hibernate.type.LocalDateType@406f3a69
[DEBUG] Adding type registration LocalTime -> org.hibernate.type.LocalTimeType@7dcc9125
[DEBUG] Adding type registration java.time.LocalTime -> org.hibernate.type.LocalTimeType@7dcc9125
[DEBUG] Adding type registration OffsetDateTime -> org.hibernate.type.OffsetDateTimeType@7bacbc89
[DEBUG] Adding type registration java.time.OffsetDateTime -> org.hibernate.type.OffsetDateTimeType@7bacbc89
[DEBUG] Adding type registration OffsetTime -> org.hibernate.type.OffsetTimeType@6e435cad
[DEBUG] Adding type registration java.time.OffsetTime -> org.hibernate.type.OffsetTimeType@6e435cad
[DEBUG] Adding type registration ZonedDateTime -> org.hibernate.type.ZonedDateTimeType@1af405d2
[DEBUG] Adding type registration java.time.ZonedDateTime -> org.hibernate.type.ZonedDateTimeType@1af405d2
[DEBUG] Adding type registration date -> org.hibernate.type.DateType@29959a40
[DEBUG] Adding type registration java.sql.Date -> org.hibernate.type.DateType@29959a40
[DEBUG] Adding type registration time -> org.hibernate.type.TimeType@5ef20705
[DEBUG] Adding type registration java.sql.Time -> org.hibernate.type.TimeType@5ef20705
[DEBUG] Adding type registration timestamp -> org.hibernate.type.TimestampType@63388f41
[DEBUG] Adding type registration java.sql.Timestamp -> org.hibernate.type.TimestampType@63388f41
[DEBUG] Adding type registration java.util.Date -> org.hibernate.type.TimestampType@63388f41
[DEBUG] Adding type registration dbtimestamp -> org.hibernate.type.DbTimestampType@3574b249
[DEBUG] Adding type registration calendar -> org.hibernate.type.CalendarType@66526e8e
[DEBUG] Adding type registration java.util.Calendar -> org.hibernate.type.CalendarType@66526e8e
[DEBUG] Adding type registration java.util.GregorianCalendar -> org.hibernate.type.CalendarType@66526e8e
[DEBUG] Adding type registration calendar_date -> org.hibernate.type.CalendarDateType@3bed032d
[DEBUG] Adding type registration locale -> org.hibernate.type.LocaleType@2dfea111
[DEBUG] Adding type registration java.util.Locale -> org.hibernate.type.LocaleType@2dfea111
[DEBUG] Adding type registration currency -> org.hibernate.type.CurrencyType@48b73070
[DEBUG] Adding type registration java.util.Currency -> org.hibernate.type.CurrencyType@48b73070
[DEBUG] Adding type registration timezone -> org.hibernate.type.TimeZoneType@5507bf2e
[DEBUG] Adding type registration java.util.TimeZone -> org.hibernate.type.TimeZoneType@5507bf2e
[DEBUG] Adding type registration class -> org.hibernate.type.ClassType@7cd4db4d
[DEBUG] Adding type registration java.lang.Class -> org.hibernate.type.ClassType@7cd4db4d
[DEBUG] Adding type registration uuid-binary -> org.hibernate.type.UUIDBinaryType@474fbe30
[DEBUG] Adding type registration java.util.UUID -> org.hibernate.type.UUIDBinaryType@474fbe30
[DEBUG] Adding type registration uuid-char -> org.hibernate.type.UUIDCharType@754ba0c4
[DEBUG] Adding type registration binary -> org.hibernate.type.BinaryType@27bfbcb6
[DEBUG] Adding type registration byte[] -> org.hibernate.type.BinaryType@27bfbcb6
[DEBUG] Adding type registration [B -> org.hibernate.type.BinaryType@27bfbcb6
[DEBUG] Adding type registration wrapper-binary -> org.hibernate.type.WrapperBinaryType@71b315e8
[DEBUG] Adding type registration Byte[] -> org.hibernate.type.WrapperBinaryType@71b315e8
[DEBUG] Adding type registration [Ljava.lang.Byte; -> org.hibernate.type.WrapperBinaryType@71b315e8
[DEBUG] Adding type registration row_version -> org.hibernate.type.RowVersionType@550c8cd
[DEBUG] Adding type registration image -> org.hibernate.type.ImageType@4fadba0c
[DEBUG] Adding type registration characters -> org.hibernate.type.CharArrayType@4ae4df8e
[DEBUG] Adding type registration char[] -> org.hibernate.type.CharArrayType@4ae4df8e
[DEBUG] Adding type registration [C -> org.hibernate.type.CharArrayType@4ae4df8e
[DEBUG] Adding type registration wrapper-characters -> org.hibernate.type.CharacterArrayType@209e67bc
[DEBUG] Adding type registration [Ljava.lang.Character; -> org.hibernate.type.CharacterArrayType@209e67bc
[DEBUG] Adding type registration Character[] -> org.hibernate.type.CharacterArrayType@209e67bc
[DEBUG] Adding type registration text -> org.hibernate.type.TextType@73435f23
[DEBUG] Adding type registration ntext -> org.hibernate.type.NTextType@787c0d86
[DEBUG] Adding type registration blob -> org.hibernate.type.BlobType@226c9baa
[DEBUG] Adding type registration java.sql.Blob -> org.hibernate.type.BlobType@226c9baa
[DEBUG] Adding type registration materialized_blob -> org.hibernate.type.MaterializedBlobType@43c8c318
[DEBUG] Adding type registration clob -> org.hibernate.type.ClobType@1006403e
[DEBUG] Adding type registration java.sql.Clob -> org.hibernate.type.ClobType@1006403e
[DEBUG] Adding type registration nclob -> org.hibernate.type.NClobType@1d95ef8a
[DEBUG] Adding type registration java.sql.NClob -> org.hibernate.type.NClobType@1d95ef8a
[DEBUG] Adding type registration materialized_clob -> org.hibernate.type.MaterializedClobType@565990d2
[DEBUG] Adding type registration materialized_nclob -> org.hibernate.type.MaterializedNClobType@7f9a9015
[DEBUG] Adding type registration serializable -> org.hibernate.type.SerializableType@10abb1dd
[DEBUG] Adding type registration object -> org.hibernate.type.ObjectType@bc02b3e
[DEBUG] Adding type registration java.lang.Object -> org.hibernate.type.ObjectType@bc02b3e
[DEBUG] Adding type registration imm_date -> org.hibernate.type.AdaptedImmutableType@77b55deb
[DEBUG] Adding type registration imm_time -> org.hibernate.type.AdaptedImmutableType@661d16fe
[DEBUG] Adding type registration imm_timestamp -> org.hibernate.type.AdaptedImmutableType@7844a790
[DEBUG] Adding type registration imm_dbtimestamp -> org.hibernate.type.AdaptedImmutableType@35aa4b72
[DEBUG] Adding type registration imm_calendar -> org.hibernate.type.AdaptedImmutableType@682d1229
[DEBUG] Adding type registration imm_calendar_date -> org.hibernate.type.AdaptedImmutableType@66894334
[DEBUG] Adding type registration imm_binary -> org.hibernate.type.AdaptedImmutableType@3bac0052
[DEBUG] Adding type registration imm_serializable -> org.hibernate.type.AdaptedImmutableType@5c3a3d8e
[DEBUG] Database ->
       name : MySQL
    version : 5.5.5-10.1.32-MariaDB
      major : 5
      minor : 5
[DEBUG] Driver ->
       name : MySQL Connector Java
    version : mysql-connector-java-5.1.46 ( Revision: 9cc87a48e75c2d2e87c1a293b2862ce651cb256e )
      major : 5
      minor : 1
[DEBUG] JDBC version : 4.0
[INFO] HHH000400: Using dialect: org.hibernate.dialect.MySQL5Dialect
[DEBUG] JDBC driver metadata reported database stores quoted identifiers in more than one case
[DEBUG] IdentifierCaseStrategy for both quoted and unquoted identifiers was set to the same strategy [LOWER]; that will likely lead to problems in schema update and validation if using quoted identifiers
[DEBUG] Registering IdentifierGenerator strategy [uuid2] -> [org.hibernate.id.UUIDGenerator]
[DEBUG] Registering IdentifierGenerator strategy [guid] -> [org.hibernate.id.GUIDGenerator]
[DEBUG] Registering IdentifierGenerator strategy [uuid] -> [org.hibernate.id.UUIDHexGenerator]
[DEBUG] Registering IdentifierGenerator strategy [uuid.hex] -> [org.hibernate.id.UUIDHexGenerator]
[DEBUG] Registering IdentifierGenerator strategy [assigned] -> [org.hibernate.id.Assigned]
[DEBUG] Registering IdentifierGenerator strategy [identity] -> [org.hibernate.id.IdentityGenerator]
[DEBUG] Registering IdentifierGenerator strategy [select] -> [org.hibernate.id.SelectGenerator]
[DEBUG] Registering IdentifierGenerator strategy [sequence] -> [org.hibernate.id.enhanced.SequenceStyleGenerator]
[DEBUG] Registering IdentifierGenerator strategy [seqhilo] -> [org.hibernate.id.SequenceHiLoGenerator]
[DEBUG] Registering IdentifierGenerator strategy [increment] -> [org.hibernate.id.IncrementGenerator]
[DEBUG] Registering IdentifierGenerator strategy [foreign] -> [org.hibernate.id.ForeignGenerator]
[DEBUG] Registering IdentifierGenerator strategy [sequence-identity] -> [org.hibernate.id.SequenceIdentityGenerator]
[DEBUG] Registering IdentifierGenerator strategy [enhanced-sequence] -> [org.hibernate.id.enhanced.SequenceStyleGenerator]
[DEBUG] Registering IdentifierGenerator strategy [enhanced-table] -> [org.hibernate.id.enhanced.TableGenerator]
[DEBUG] Created database namespace [logicalName=Name{catalog=null, schema=null}, physicalName=Name{catalog=null, schema=null}]
[DEBUG] Binding entity from annotated class: com.co.ceiba.parqueadero.entity.Factura
[DEBUG] Binding column: Ejb3DiscriminatorColumn{logicalColumnName'DTYPE', discriminatorTypeName='string'}
[DEBUG] Import with entity name Factura
[DEBUG] Bind entity com.co.ceiba.parqueadero.entity.Factura on table factura
[DEBUG] Binding column: Ejb3Column{table=org.hibernate.mapping.Table(factura), mappingColumn=id, insertable=true, updatable=true, unique=false}
[DEBUG] MetadataSourceProcessor property id with lazy=false
[DEBUG] Attempting to locate auto-apply AttributeConverter for property [com.co.ceiba.parqueadero.entity.Factura:id]
[DEBUG] building SimpleValue for id
[DEBUG] Building property id
[DEBUG] Binding column: Ejb3Column{table=org.hibernate.mapping.Table(factura), mappingColumn=costo, insertable=true, updatable=true, unique=false}
[DEBUG] MetadataSourceProcessor property costo with lazy=false
[DEBUG] Attempting to locate auto-apply AttributeConverter for property [com.co.ceiba.parqueadero.entity.Factura:costo]
[DEBUG] building SimpleValue for costo
[DEBUG] Building property costo
[DEBUG] Binding column: Ejb3Column{table=org.hibernate.mapping.Table(factura), mappingColumn=fecha_salida, insertable=true, updatable=true, unique=false}
[DEBUG] MetadataSourceProcessor property fechaSalida with lazy=false
[DEBUG] Attempting to locate auto-apply AttributeConverter for property [com.co.ceiba.parqueadero.entity.Factura:fechaSalida]
[DEBUG] building SimpleValue for fechaSalida
[DEBUG] Building property fechaSalida
[DEBUG] Binding column: Ejb3JoinColumn{logicalColumnName='null', referencedColumn='null', mappedBy='null'}
[DEBUG] Binding column: Ejb3Column{table=org.hibernate.mapping.Table(factura), mappingColumn=idingreso, insertable=true, updatable=true, unique=false}
[DEBUG] Building property idingreso
[DEBUG] Binding entity from annotated class: com.co.ceiba.parqueadero.entity.Ingreso
[DEBUG] Binding column: Ejb3DiscriminatorColumn{logicalColumnName'DTYPE', discriminatorTypeName='string'}
[DEBUG] Import with entity name Ingreso
[DEBUG] Bind entity com.co.ceiba.parqueadero.entity.Ingreso on table ingreso
[DEBUG] Binding column: Ejb3Column{table=org.hibernate.mapping.Table(ingreso), mappingColumn=id, insertable=true, updatable=true, unique=false}
[DEBUG] MetadataSourceProcessor property id with lazy=false
[DEBUG] Attempting to locate auto-apply AttributeConverter for property [com.co.ceiba.parqueadero.entity.Ingreso:id]
[DEBUG] building SimpleValue for id
[DEBUG] Building property id
[DEBUG] Binding column: Ejb3Column{table=org.hibernate.mapping.Table(ingreso), mappingColumn=cilindraje, insertable=true, updatable=true, unique=false}
[DEBUG] MetadataSourceProcessor property cilindraje with lazy=false
[DEBUG] Attempting to locate auto-apply AttributeConverter for property [com.co.ceiba.parqueadero.entity.Ingreso:cilindraje]
[DEBUG] building SimpleValue for cilindraje
[DEBUG] Building property cilindraje
[DEBUG] Binding column: Ejb3Column{table=org.hibernate.mapping.Table(ingreso), mappingColumn=fecha_ingreso, insertable=true, updatable=true, unique=false}
[DEBUG] MetadataSourceProcessor property fechaIngreso with lazy=false
[DEBUG] Attempting to locate auto-apply AttributeConverter for property [com.co.ceiba.parqueadero.entity.Ingreso:fechaIngreso]
[DEBUG] building SimpleValue for fechaIngreso
[DEBUG] Building property fechaIngreso
[DEBUG] Binding column: Ejb3Column{table=org.hibernate.mapping.Table(ingreso), mappingColumn=placa, insertable=true, updatable=true, unique=false}
[DEBUG] MetadataSourceProcessor property placa with lazy=false
[DEBUG] Attempting to locate auto-apply AttributeConverter for property [com.co.ceiba.parqueadero.entity.Ingreso:placa]
[DEBUG] building SimpleValue for placa
[DEBUG] Building property placa
[DEBUG] Binding column: Ejb3Column{table=org.hibernate.mapping.Table(ingreso), mappingColumn=tipo_vehiculo, insertable=true, updatable=true, unique=false}
[DEBUG] MetadataSourceProcessor property tipoVehiculo with lazy=false
[DEBUG] Attempting to locate auto-apply AttributeConverter for property [com.co.ceiba.parqueadero.entity.Ingreso:tipoVehiculo]
[DEBUG] building SimpleValue for tipoVehiculo
[DEBUG] Building property tipoVehiculo
[DEBUG] Binding entity from annotated class: com.co.ceiba.parqueadero.entity.Parqueadero
[DEBUG] Binding column: Ejb3DiscriminatorColumn{logicalColumnName'DTYPE', discriminatorTypeName='string'}
[DEBUG] Import with entity name Parqueadero
[DEBUG] Bind entity com.co.ceiba.parqueadero.entity.Parqueadero on table parqueadero
[DEBUG] Binding column: Ejb3Column{table=org.hibernate.mapping.Table(parqueadero), mappingColumn=id, insertable=true, updatable=true, unique=false}
[DEBUG] MetadataSourceProcessor property id with lazy=false
[DEBUG] Attempting to locate auto-apply AttributeConverter for property [com.co.ceiba.parqueadero.entity.Parqueadero:id]
[DEBUG] building SimpleValue for id
[DEBUG] Building property id
[DEBUG] Binding column: Ejb3Column{table=org.hibernate.mapping.Table(parqueadero), mappingColumn=contador_carros, insertable=true, updatable=true, unique=false}
[DEBUG] MetadataSourceProcessor property contadorCarros with lazy=false
[DEBUG] Attempting to locate auto-apply AttributeConverter for property [com.co.ceiba.parqueadero.entity.Parqueadero:contadorCarros]
[DEBUG] building SimpleValue for contadorCarros
[DEBUG] Building property contadorCarros
[DEBUG] Binding column: Ejb3Column{table=org.hibernate.mapping.Table(parqueadero), mappingColumn=contador_motos, insertable=true, updatable=true, unique=false}
[DEBUG] MetadataSourceProcessor property contadorMotos with lazy=false
[DEBUG] Attempting to locate auto-apply AttributeConverter for property [com.co.ceiba.parqueadero.entity.Parqueadero:contadorMotos]
[DEBUG] building SimpleValue for contadorMotos
[DEBUG] Building property contadorMotos
[DEBUG] Starting fillSimpleValue for id
[DEBUG] Starting fillSimpleValue for costo
[DEBUG] Starting fillSimpleValue for fechaSalida
[DEBUG] Starting fillSimpleValue for id
[DEBUG] Starting fillSimpleValue for cilindraje
[DEBUG] Starting fillSimpleValue for fechaIngreso
[DEBUG] Starting fillSimpleValue for placa
[DEBUG] Starting fillSimpleValue for tipoVehiculo
[DEBUG] Starting fillSimpleValue for id
[DEBUG] Starting fillSimpleValue for contadorCarros
[DEBUG] Starting fillSimpleValue for contadorMotos
[DEBUG] Forcing column [id] to be non-null as it is part of the primary key for table [factura]
[DEBUG] Forcing column [id] to be non-null as it is part of the primary key for table [ingreso]
[DEBUG] Forcing column [id] to be non-null as it is part of the primary key for table [parqueadero]
[DEBUG] Resolving reference to class: com.co.ceiba.parqueadero.entity.Ingreso
[DEBUG] Resolving reference to class: com.co.ceiba.parqueadero.entity.Ingreso
[DEBUG] Building session factory
[DEBUG] SessionFactory name : null
[DEBUG] Automatic flush during beforeCompletion(): enabled
[DEBUG] Automatic session close at end of transaction: disabled
[DEBUG] Statistics: disabled
[DEBUG] Deleted entity synthetic identifier rollback: disabled
[DEBUG] Default entity-mode: pojo
[DEBUG] Check Nullability in Core (should be disabled when Bean Validation is on): enabled
[DEBUG] Allow initialization of lazy state outside session : disabled
[DEBUG] Using BatchFetchStyle : LEGACY
[DEBUG] Default batch fetch size: -1
[DEBUG] Maximum outer join fetch depth: 2
[DEBUG] Default null ordering: NONE
[DEBUG] Order SQL updates by primary key: disabled
[DEBUG] Order SQL inserts for batching: disabled
[DEBUG] multi-tenancy strategy : NONE
[DEBUG] JTA Track by Thread: enabled
[DEBUG] Query language substitutions: {}
[DEBUG] JPA query language strict compliance: disabled
[DEBUG] Named query checking : enabled
[DEBUG] Second-level cache: disabled
[DEBUG] Second-level query cache: disabled
[DEBUG] Second-level query cache factory: null
[DEBUG] Second-level cache region prefix: null
[DEBUG] Optimize second-level cache for minimal puts: disabled
[DEBUG] Structured second-level cache entries: disabled
[DEBUG] Second-level cache direct-reference entries: disabled
[DEBUG] Automatic eviction of collection cache: disabled
[DEBUG] JDBC batch size: 15
[DEBUG] JDBC batch updates for versioned data: enabled
[DEBUG] Scrollable result sets: enabled
[DEBUG] Wrap result sets: disabled
[DEBUG] JDBC3 getGeneratedKeys(): enabled
[DEBUG] JDBC result set fetch size: null
[DEBUG] Connection release mode: ON_CLOSE
[DEBUG] Generate SQL with comments: disabled
[DEBUG] Session factory constructed with filter configurations : {}
[DEBUG] Instantiating session factory with properties: {sun.desktop=windows, awt.toolkit=sun.awt.windows.WToolkit, hibernate.id.new_generator_mappings=true, file.encoding.pkg=sun.io, java.specification.version=1.8, sun.cpu.isalist=amd64, hibernate.connection.handling_mode=DELAYED_ACQUISITION_AND_HOLD, sun.jnu.encoding=Cp1252, hibernate.dialect=org.hibernate.dialect.MySQL5Dialect, hibernate.implicit_naming_strategy=org.springframework.boot.orm.jpa.hibernate.SpringImplicitNamingStrategy, org.gradle.test.worker=3, java.class.path=C:\Users\alexander.angulo\Music\version2\parqueadero\build\instrumented_classes;C:\Users\alexander.angulo\Music\version2\parqueadero\build\classes\java\test;C:\Users\alexander.angulo\Music\version2\parqueadero\build\resources\test;C:\Users\alexander.angulo\Music\version2\parqueadero\build\classes\java\main;C:\Users\alexander.angulo\Music\version2\parqueadero\build\resources\main;C:\Users\alexander.angulo\.gradle\caches\modules-2\files-2.1\org.springframework.boot\spring-boot-starter-data-jpa\2.0.2.RELEASE\a277d15c247684aaef38852a2e71b8b1ef7357e6\spring-boot-starter-data-jpa-2.0.2.RELEASE.jar;C:\Users\alexander.angulo\.gradle\caches\modules-2\files-2.1\org.springframework.boot\spring-boot-starter-data-rest\2.0.2.RELEASE\1617ded563edcb560034293532d74a6c61132eea\spring-boot-starter-data-rest-2.0.2.RELEASE.jar;C:\Users\alexander.angulo\.gradle\caches\modules-2\files-2.1\org.springframework.boot\spring-boot-starter-web\2.0.2.RELEASE\b6ef0cf4d0a7c6c7e93ff524b84cd1d8f87f67d9\spring-boot-starter-web-2.0.2.RELEASE.jar;C:\Users\alexander.angulo\.gradle\caches\modules-2\files-2.1\mysql\mysql-connector-java\5.1.46\9a3e63b387e376364211e96827bc27db8d7a92e9\mysql-connector-java-5.1.46.jar;C:\Users\alexander.angulo\.gradle\caches\modules-2\files-2.1\org.json\json\20090211\c183aa3a2a6250293808bba12262c8920ce5a51c\json-20090211.jar;C:\Users\alexander.angulo\.gradle\caches\modules-2\files-2.1\org.springframework.boot\spring-boot-starter-test\2.0.2.RELEASE\d9e090412f318586e0f277e24740b79b58ef190b\spring-boot-starter-test-2.0.2.RELEASE.jar;C:\Users\alexander.angulo\.gradle\caches\modules-2\files-2.1\org.springframework.boot\spring-boot-starter-aop\2.0.2.RELEASE\b0b0c7dcfdffaef1b04886c0279772905bc7e9d2\spring-boot-starter-aop-2.0.2.RELEASE.jar;C:\Users\alexander.angulo\.gradle\caches\modules-2\files-2.1\org.springframework.boot\spring-boot-starter-jdbc\2.0.2.RELEASE\f93c2459a06061f889b837d1c2503055df024778\spring-boot-starter-jdbc-2.0.2.RELEASE.jar;C:\Users\alexander.angulo\.gradle\caches\modules-2\files-2.1\org.springframework.boot\spring-boot-starter-json\2.0.2.RELEASE\5edda979838ced5314b8f58a958fe9d6b4b3badd\spring-boot-starter-json-2.0.2.RELEASE.jar;C:\Users\alexander.angulo\.gradle\caches\modules-2\files-2.1\org.springframework.boot\spring-boot-starter\2.0.2.RELEASE\1cda94f0dfcf2b065191782a54b84d2abf96391\spring-boot-starter-2.0.2.RELEASE.jar;C:\Users\alexander.angulo\.gradle\caches\modules-2\files-2.1\org.hibernate\hibernate-core\5.2.17.Final\f2dc36470e7a2ffcf6106bb1625ecf5b54bb5f65\hibernate-core-5.2.17.Final.jar;C:\Users\alexander.angulo\.gradle\caches\modules-2\files-2.1\javax.transaction\javax.transaction-api\1.2\d81aff979d603edd90dcd8db2abc1f4ce6479e3e\javax.transaction-api-1.2.jar;C:\Users\alexander.angulo\.gradle\caches\modules-2\files-2.1\org.springframework.data\spring-data-jpa\2.0.7.RELEASE\9f201f3d3435a9e5422e0edcff3475c46215ffb\spring-data-jpa-2.0.7.RELEASE.jar;C:\Users\alexander.angulo\.gradle\caches\modules-2\files-2.1\org.springframework\spring-aspects\5.0.6.RELEASE\45a7631a64eb82625067587b9796d4418d9e0568\spring-aspects-5.0.6.RELEASE.jar;C:\Users\alexander.angulo\.gradle\caches\modules-2\files-2.1\org.springframework.data\spring-data-rest-webmvc\3.0.7.RELEASE\684949215006f844591c6a8632356f483752fca0\spring-data-rest-webmvc-3.0.7.RELEASE.jar;C:\Users\alexander.angulo\.gradle\caches\modules-2\files-2.1\org.springframework.boot\spring-boot-starter-tomcat\2.0.2.RELEASE\cedbfb18762e1c220007c768bfc5b773f5b30f8a\spring-boot-starter-tomcat-2.0.2.RELEASE.jar;C:\Users\alexander.angulo\.gradle\caches\modules-2\files-2.1\org.hibernate.validator\hibernate-validator\6.0.9.Final\b149e4cce82379f11f6129eb3187ca8ae5404005\hibernate-validator-6.0.9.Final.jar;C:\Users\alexander.angulo\.gradle\caches\modules-2\files-2.1\org.springframework.data\spring-data-rest-core\3.0.7.RELEASE\dd56b4f427987e1d5ab320eee6c3401e32557bb2\spring-data-rest-core-3.0.7.RELEASE.jar;C:\Users\alexander.angulo\.gradle\caches\modules-2\files-2.1\org.springframework.hateoas\spring-hateoas\0.24.0.RELEASE\b6401a781a58e0b2ab95242a553683e04300fe69\spring-hateoas-0.24.0.RELEASE.jar;C:\Users\alexander.angulo\.gradle\caches\modules-2\files-2.1\org.springframework\spring-webmvc\5.0.6.RELEASE\1361c5d1cf46665ee01de5dc1ca447c3be174c19\spring-webmvc-5.0.6.RELEASE.jar;C:\Users\alexander.angulo\.gradle\caches\modules-2\files-2.1\org.springframework\spring-web\5.0.6.RELEASE\89e89de3025165998118590613aedc6df8d64af6\spring-web-5.0.6.RELEASE.jar;C:\Users\alexander.angulo\.gradle\caches\modules-2\files-2.1\org.springframework.boot\spring-boot-test-autoconfigure\2.0.2.RELEASE\4993bdd96a4c02bc5b5703862d99ef4c563f25d0\spring-boot-test-autoconfigure-2.0.2.RELEASE.jar;C:\Users\alexander.angulo\.gradle\caches\modules-2\files-2.1\org.springframework.boot\spring-boot-test\2.0.2.RELEASE\fc85812e6543312a3b0ea9fbbdfd4a51183380a3\spring-boot-test-2.0.2.RELEASE.jar;C:\Users\alexander.angulo\.gradle\caches\modules-2\files-2.1\com.jayway.jsonpath\json-path\2.4.0\765a4401ceb2dc8d40553c2075eb80a8fa35c2ae\json-path-2.4.0.jar;C:\Users\alexander.angulo\.gradle\caches\modules-2\files-2.1\junit\junit\4.12\2973d150c0dc1fefe998f834810d68f278ea58ec\junit-4.12.jar;C:\Users\alexander.angulo\.gradle\caches\modules-2\files-2.1\org.assertj\assertj-core\3.9.1\c5ce126b15f28d56cd8f960c1a6a058b9c9aea87\assertj-core-3.9.1.jar;C:\Users\alexander.angulo\.gradle\caches\modules-2\files-2.1\org.mockito\mockito-core\2.15.0\b84bfbbc29cd22c9529409627af6ea2897f4fa85\mockito-core-2.15.0.jar;C:\Users\alexander.angulo\.gradle\caches\modules-2\files-2.1\org.hamcrest\hamcrest-library\1.3\4785a3c21320980282f9f33d0d1264a69040538f\hamcrest-library-1.3.jar;C:\Users\alexander.angulo\.gradle\caches\modules-2\files-2.1\org.hamcrest\hamcrest-core\1.3\42a25dc3219429f0e5d060061f71acb49bf010a0\hamcrest-core-1.3.jar;C:\Users\alexander.angulo\.gradle\caches\modules-2\files-2.1\org.skyscreamer\jsonassert\1.5.0\6c9d5fe2f59da598d9aefc1cfc6528ff3cf32df3\jsonassert-1.5.0.jar;C:\Users\alexander.angulo\.gradle\caches\modules-2\files-2.1\org.springframework\spring-test\5.0.6.RELEASE\dbc99b288774b2e07d94bc14fe38d556bc3ed34a\spring-test-5.0.6.RELEASE.jar;C:\Users\alexander.angulo\.gradle\caches\modules-2\files-2.1\org.springframework.boot\spring-boot-autoconfigure\2.0.2.RELEASE\f4b25e753e4955337a138d8b1550236b5efe5b3b\spring-boot-autoconfigure-2.0.2.RELEASE.jar;C:\Users\alexander.angulo\.gradle\caches\modules-2\files-2.1\org.springframework.boot\spring-boot\2.0.2.RELEASE\15012cf02e9f77938244e554f0598535fdd1cb38\spring-boot-2.0.2.RELEASE.jar;C:\Users\alexander.angulo\.gradle\caches\modules-2\files-2.1\org.springframework\spring-orm\5.0.6.RELEASE\7a08073597b79dfcd4db1cffa924f2b991a14a20\spring-orm-5.0.6.RELEASE.jar;C:\Users\alexander.angulo\.gradle\caches\modules-2\files-2.1\org.springframework\spring-jdbc\5.0.6.RELEASE\7d4de1ee9b042774e09ceb88393e5a564e342729\spring-jdbc-5.0.6.RELEASE.jar;C:\Users\alexander.angulo\.gradle\caches\modules-2\files-2.1\org.springframework.plugin\spring-plugin-core\1.2.0.RELEASE\f380e7760032e7d929184f8ad8a33716b75c0657\spring-plugin-core-1.2.0.RELEASE.jar;C:\Users\alexander.angulo\.gradle\caches\modules-2\files-2.1\org.springframework\spring-context\5.0.6.RELEASE\8b73b742ef0ddce04f0f1068f305de240b00ce0d\spring-context-5.0.6.RELEASE.jar;C:\Users\alexander.angulo\.gradle\caches\modules-2\files-2.1\org.springframework\spring-tx\5.0.6.RELEASE\1b6ffc44f2d59507a0fce1084fcc21788b13904\spring-tx-5.0.6.RELEASE.jar;C:\Users\alexander.angulo\.gradle\caches\modules-2\files-2.1\org.springframework\spring-aop\5.0.6.RELEASE\74078df698992054c1c1a8f705763a6c7b4b914c\spring-aop-5.0.6.RELEASE.jar;C:\Users\alexander.angulo\.gradle\caches\modules-2\files-2.1\org.springframework.data\spring-data-commons\2.0.7.RELEASE\7faa0fb2ffa50a5c50ad9f10118095ae24d5c6e1\spring-data-commons-2.0.7.RELEASE.jar;C:\Users\alexander.angulo\.gradle\caches\modules-2\files-2.1\org.springframework\spring-beans\5.0.6.RELEASE\d609b83cd8a71650a70778cf8d02c9a05b9161fe\spring-beans-5.0.6.RELEASE.jar;C:\Users\alexander.angulo\.gradle\caches\modules-2\files-2.1\org.springframework\spring-expression\5.0.6.RELEASE\dec57ae5e6f0dfd4c6cfc199aa13ed268c3e1a65\spring-expression-5.0.6.RELEASE.jar;C:\Users\alexander.angulo\.gradle\caches\modules-2\files-2.1\org.springframework\spring-core\5.0.6.RELEASE\984a52455b1be596b7f1a29f62d21d2f483eb764\spring-core-5.0.6.RELEASE.jar;C:\Users\alexander.angulo\.gradle\caches\modules-2\files-2.1\org.xmlunit\xmlunit-core\2.5.1\4ffdb346572a7356f7521cd3119ce5287d2e339d\xmlunit-core-2.5.1.jar;C:\Users\alexander.angulo\.gradle\caches\modules-2\files-2.1\org.springframework.boot\spring-boot-starter-logging\2.0.2.RELEASE\b56d7d1931792d6e58dbd41f956912359ba85238\spring-boot-starter-logging-2.0.2.RELEASE.jar;C:\Users\alexander.angulo\.gradle\caches\modules-2\files-2.1\javax.annotation\javax.annotation-api\1.3.2\934c04d3cfef185a8008e7bf34331b79730a9d43\javax.annotation-api-1.3.2.jar;C:\Users\alexander.angulo\.gradle\caches\modules-2\files-2.1\org.yaml\snakeyaml\1.19\2d998d3d674b172a588e54ab619854d073f555b5\snakeyaml-1.19.jar;C:\Users\alexander.angulo\.gradle\caches\modules-2\files-2.1\org.aspectj\aspectjweaver\1.8.13\ad94df2a28d658a40dc27bbaff6a1ce5fbf04e9b\aspectjweaver-1.8.13.jar;C:\Users\alexander.angulo\.gradle\caches\modules-2\files-2.1\com.zaxxer\HikariCP\2.7.9\a83113d2c091d0d0f853dad3217bd7df3beb6ae3\HikariCP-2.7.9.jar;C:\Users\alexander.angulo\.gradle\caches\modules-2\files-2.1\org.hibernate.common\hibernate-commons-annotations\5.0.1.Final\71e1cff3fcb20d3b3af4f3363c3ddb24d33c6879\hibernate-commons-annotations-5.0.1.Final.jar;C:\Users\alexander.angulo\.gradle\caches\modules-2\files-2.1\org.jboss.logging\jboss-logging\3.3.2.Final\3789d00e859632e6c6206adc0c71625559e6e3b0\jboss-logging-3.3.2.Final.jar;C:\Users\alexander.angulo\.gradle\caches\modules-2\files-2.1\org.hibernate.javax.persistence\hibernate-jpa-2.1-api\1.0.0.Final\5e731d961297e5a07290bfaf3db1fbc8bbbf405a\hibernate-jpa-2.1-api-1.0.0.Final.jar;C:\Users\alexander.angulo\.gradle\caches\modules-2\files-2.1\org.javassist\javassist\3.22.0-GA\3e83394258ae2089be7219b971ec21a8288528ad\javassist-3.22.0-GA.jar;C:\Users\alexander.angulo\.gradle\caches\modules-2\files-2.1\antlr\antlr\2.7.7\83cd2cd674a217ade95a4bb83a8a14f351f48bd0\antlr-2.7.7.jar;C:\Users\alexander.angulo\.gradle\caches\modules-2\files-2.1\org.jboss\jandex\2.0.3.Final\bfc4d6257dbff7a33a357f0de116be6ff951d849\jandex-2.0.3.Final.jar;C:\Users\alexander.angulo\.gradle\caches\modules-2\files-2.1\com.fasterxml\classmate\1.3.4\3d5f48f10bbe4eb7bd862f10c0583be2e0053c6\classmate-1.3.4.jar;C:\Users\alexander.angulo\.gradle\caches\modules-2\files-2.1\dom4j\dom4j\1.6.1\5d3ccc056b6f056dbf0dddfdf43894b9065a8f94\dom4j-1.6.1.jar;C:\Users\alexander.angulo\.gradle\caches\modules-2\files-2.1\ch.qos.logback\logback-classic\1.2.3\7c4f3c474fb2c041d8028740440937705ebb473a\logback-classic-1.2.3.jar;C:\Users\alexander.angulo\.gradle\caches\modules-2\files-2.1\org.apache.logging.log4j\log4j-to-slf4j\2.10.0\f7e631ccf49cfc0aefa4a2a728da7d374c05bd3c\log4j-to-slf4j-2.10.0.jar;C:\Users\alexander.angulo\.gradle\caches\modules-2\files-2.1\org.slf4j\jul-to-slf4j\1.7.25\af5364cd6679bfffb114f0dec8a157aaa283b76\jul-to-slf4j-1.7.25.jar;C:\Users\alexander.angulo\.gradle\caches\modules-2\files-2.1\org.slf4j\slf4j-api\1.7.25\da76ca59f6a57ee3102f8f9bd9cee742973efa8a\slf4j-api-1.7.25.jar;C:\Users\alexander.angulo\.gradle\caches\modules-2\files-2.1\com.fasterxml.jackson.datatype\jackson-datatype-jdk8\2.9.5\23e37f085279ba316c0df923513b81609e1d1f6\jackson-datatype-jdk8-2.9.5.jar;C:\Users\alexander.angulo\.gradle\caches\modules-2\files-2.1\com.fasterxml.jackson.datatype\jackson-datatype-jsr310\2.9.5\d1f0d11e816bc04e222a261106ca138801841c2d\jackson-datatype-jsr310-2.9.5.jar;C:\Users\alexander.angulo\.gradle\caches\modules-2\files-2.1\com.fasterxml.jackson.module\jackson-module-parameter-names\2.9.5\f824c60751ffb7bfc3a0d30dfe0e42317d8e67f5\jackson-module-parameter-names-2.9.5.jar;C:\Users\alexander.angulo\.gradle\caches\modules-2\files-2.1\com.fasterxml.jackson.core\jackson-databind\2.9.5\3490508379d065fe3fcb80042b62f630f7588606\jackson-databind-2.9.5.jar;C:\Users\alexander.angulo\.gradle\caches\modules-2\files-2.1\com.fasterxml.jackson.core\jackson-annotations\2.9.0\7c10d545325e3a6e72e06381afe469fd40eb701\jackson-annotations-2.9.0.jar;C:\Users\alexander.angulo\.gradle\caches\modules-2\files-2.1\org.apache.tomcat.embed\tomcat-embed-websocket\8.5.31\6564e716b89de5eaa0dd234ae7989576503ddf3\tomcat-embed-websocket-8.5.31.jar;C:\Users\alexander.angulo\.gradle\caches\modules-2\files-2.1\org.apache.tomcat.embed\tomcat-embed-core\8.5.31\f5adf7ed8c34aa005b22b6a2dc7b6796e10e9c79\tomcat-embed-core-8.5.31.jar;C:\Users\alexander.angulo\.gradle\caches\modules-2\files-2.1\org.apache.tomcat.embed\tomcat-embed-el\8.5.31\3a536e1ac71b82627c3a7408eb38fa0704cb9034\tomcat-embed-el-8.5.31.jar;C:\Users\alexander.angulo\.gradle\caches\modules-2\files-2.1\javax.validation\validation-api\2.0.1.Final\cb855558e6271b1b32e716d24cb85c7f583ce09e\validation-api-2.0.1.Final.jar;C:\Users\alexander.angulo\.gradle\caches\modules-2\files-2.1\net.minidev\json-smart\2.3\7396407491352ce4fa30de92efb158adb76b5b\json-smart-2.3.jar;C:\Users\alexander.angulo\.gradle\caches\modules-2\files-2.1\net.bytebuddy\byte-buddy\1.7.11\f02857a4e2c66ccbe7aaad6100a0a6c461bce9b3\byte-buddy-1.7.11.jar;C:\Users\alexander.angulo\.gradle\caches\modules-2\files-2.1\net.bytebuddy\byte-buddy-agent\1.7.11\b425a8933ca07edd03c6dbc8bc3b595fba9780de\byte-buddy-agent-1.7.11.jar;C:\Users\alexander.angulo\.gradle\caches\modules-2\files-2.1\org.objenesis\objenesis\2.6\639033469776fd37c08358c6b92a4761feb2af4b\objenesis-2.6.jar;C:\Users\alexander.angulo\.gradle\caches\modules-2\files-2.1\com.vaadin.external.google\android-json\0.0.20131108.vaadin1\fa26d351fe62a6a17f5cda1287c1c6110dec413f\android-json-0.0.20131108.vaadin1.jar;C:\Users\alexander.angulo\.gradle\caches\modules-2\files-2.1\org.springframework\spring-jcl\5.0.6.RELEASE\295ee4e8657e9c1fd327735c01d5fbce339cc44d\spring-jcl-5.0.6.RELEASE.jar;C:\Users\alexander.angulo\.gradle\caches\modules-2\files-2.1\com.fasterxml.jackson.core\jackson-core\2.9.5\a22ac51016944b06fd9ffbc9541c6e7ce5eea117\jackson-core-2.9.5.jar;C:\Users\alexander.angulo\.gradle\caches\modules-2\files-2.1\org.atteo\evo-inflector\1.2.2\2551aad98d65ac5464d81fe05f0e1516cfe471c9\evo-inflector-1.2.2.jar;C:\Users\alexander.angulo\.gradle\caches\modules-2\files-2.1\net.minidev\accessors-smart\1.2\c592b500269bfde36096641b01238a8350f8aa31\accessors-smart-1.2.jar;C:\Users\alexander.angulo\.gradle\caches\modules-2\files-2.1\ch.qos.logback\logback-core\1.2.3\864344400c3d4d92dfeb0a305dc87d953677c03c\logback-core-1.2.3.jar;C:\Users\alexander.angulo\.gradle\caches\modules-2\files-2.1\org.apache.logging.log4j\log4j-api\2.10.0\fec5797a55b786184a537abd39c3fa1449d752d6\log4j-api-2.10.0.jar;C:\Users\alexander.angulo\.gradle\caches\modules-2\files-2.1\org.ow2.asm\asm\5.0.4\da08b8cce7bbf903602a25a3a163ae252435795\asm-5.0.4.jar;C:\Users\alexander.angulo\.gradle\caches\modules-2\files-2.1\net.sourceforge.cobertura\cobertura\2.1.1\eab984794b3f7d0d37736a9e5b7f790128f611b5\cobertura-2.1.1.jar;C:\Users\alexander.angulo\.gradle\caches\modules-2\files-2.1\org.ow2.asm\asm-commons\5.0.1\7b7147a390a93a14d2edfdcf3f7b0e87a0939c3e\asm-commons-5.0.1.jar;C:\Users\alexander.angulo\.gradle\caches\modules-2\files-2.1\org.ow2.asm\asm-util\5.0.1\7c8caddfbd0b2d7b844f8fcc75175b9cb9cf4724\asm-util-5.0.1.jar;C:\Users\alexander.angulo\.gradle\caches\modules-2\files-2.1\org.ow2.asm\asm-analysis\5.0.1\e286fbee48efacb4e7c175f7948d9d8b2ab52352\asm-analysis-5.0.1.jar;C:\Users\alexander.angulo\.gradle\caches\modules-2\files-2.1\org.ow2.asm\asm-tree\5.0.1\1b1e6e9d869acd704056d0a4223071a511c619e6\asm-tree-5.0.1.jar;C:\Users\alexander.angulo\.gradle\caches\modules-2\files-2.1\org.ow2.asm\asm\5.0.1\2fd56467a018aafe6ec6a73ccba520be4a7e1565\asm-5.0.1.jar;C:\Users\alexander.angulo\.gradle\caches\modules-2\files-2.1\oro\oro\2.0.8\5592374f834645c4ae250f4c9fbb314c9369d698\oro-2.0.8.jar;C:\Users\alexander.angulo\.gradle\caches\modules-2\files-2.1\jaxen\jaxen\1.1.6\3f8c36d9a0578e8e98f030c662b69888b1430ac0\jaxen-1.1.6.jar;C:\Users\alexander.angulo\.gradle\caches\modules-2\files-2.1\org.apache.ant\ant-junit\1.8.3\9f77eec4e103241602fb0cdd97b3ec3237e0bd9\ant-junit-1.8.3.jar;C:\Users\alexander.angulo\.gradle\caches\modules-2\files-2.1\org.apache.ant\ant\1.8.3\77c746ecab048b9839c7a8e39e55fe8636c5b11\ant-1.8.3.jar;C:\Users\alexander.angulo\.gradle\caches\modules-2\files-2.1\org.mortbay.jetty\jetty\6.1.14\5ded67b609e59c27e82ff61b510773d28c9bef56\jetty-6.1.14.jar;C:\Users\alexander.angulo\.gradle\caches\modules-2\files-2.1\org.mortbay.jetty\servlet-api-2.5\6.1.14\5f07601ab7d7c85dd9e38a17c0e1b0edfbd4a191\servlet-api-2.5-6.1.14.jar;C:\Users\alexander.angulo\.gradle\caches\modules-2\files-2.1\org.mortbay.jetty\jetty-util\6.1.14\1b707d5884e35c9b97114a24aa9ee94ca531fa21\jetty-util-6.1.14.jar;C:\Users\alexander.angulo\.gradle\caches\modules-2\files-2.1\org.apache.commons\commons-lang3\3.7\557edd918fd41f9260963583ebf5a61a43a6b423\commons-lang3-3.7.jar;C:\Users\alexander.angulo\.gradle\caches\modules-2\files-2.1\org.apache.ant\ant-launcher\1.8.3\a22bcf9438c41828b04c13b052c4886606abac2\ant-launcher-1.8.3.jar, java.vm.vendor=Oracle Corporation, sun.arch.data.model=64, user.variant=, java.vendor.url=http://java.oracle.com/, user.timezone=America/Bogota, net.sourceforge.cobertura.datafile=C:\Users\alexander.angulo\Music\version2\parqueadero\build\cobertura\cobertura.ser, property=value, os.name=Windows 10, java.vm.specification.version=1.8, javax.persistence.validation.mode=AUTO, sun.java.launcher=SUN_STANDARD, user.country=US, sun.boot.library.path=C:\Program Files\Java\jdk1.8.0_172\jre\bin, sun.java.command=worker.org.gradle.process.internal.worker.GradleWorkerMain 'Gradle Test Executor 3', hibernate.transaction.jta.platform=org.hibernate.engine.transaction.jta.platform.internal.NoJtaPlatform@41462fbd, javax.persistence.sharedCache.mode=UNSPECIFIED, sun.cpu.endian=little, user.home=C:\Users\alexander.angulo, user.language=en, java.specification.vendor=Oracle Corporation, org.gradle.native=false, java.home=C:\Program Files\Java\jdk1.8.0_172\jre, file.separator=\, line.separator=
, java.vm.specification.vendor=Oracle Corporation, java.specification.name=Java Platform API Specification, hibernate.transaction.coordinator_class=class org.hibernate.resource.transaction.backend.jdbc.internal.JdbcResourceLocalTransactionCoordinatorBuilderImpl, java.awt.graphicsenv=sun.awt.Win32GraphicsEnvironment, java.awt.headless=true, sun.boot.class.path=C:\Program Files\Java\jdk1.8.0_172\jre\lib\resources.jar;C:\Program Files\Java\jdk1.8.0_172\jre\lib\rt.jar;C:\Program Files\Java\jdk1.8.0_172\jre\lib\sunrsasign.jar;C:\Program Files\Java\jdk1.8.0_172\jre\lib\jsse.jar;C:\Program Files\Java\jdk1.8.0_172\jre\lib\jce.jar;C:\Program Files\Java\jdk1.8.0_172\jre\lib\charsets.jar;C:\Program Files\Java\jdk1.8.0_172\jre\lib\jfr.jar;C:\Program Files\Java\jdk1.8.0_172\jre\classes, hibernate.hbm2ddl.auto=update, user.script=, sun.management.compiler=HotSpot 64-Bit Tiered Compilers, java.runtime.version=1.8.0_172-b11, user.name=alexander.angulo, path.separator=;, os.version=10.0, java.endorsed.dirs=C:\Program Files\Java\jdk1.8.0_172\jre\lib\endorsed, java.runtime.name=Java(TM) SE Runtime Environment, hibernate.ejb.persistenceUnitName=default, file.encoding=windows-1252, spring.beaninfo.ignore=true, java.vm.name=Java HotSpot(TM) 64-Bit Server VM, java.vendor.url.bug=http://bugreport.sun.com/bugreport/, java.io.tmpdir=C:\Users\ALEXAN~1.ANG\AppData\Local\Temp\, com.zaxxer.hikari.pool_number=1, java.version=1.8.0_172, hibernate.physical_naming_strategy=org.springframework.boot.orm.jpa.hibernate.SpringPhysicalNamingStrategy, user.dir=C:\Users\alexander.angulo\Music\version2\parqueadero, os.arch=amd64, PID=7896, java.vm.specification.name=Java Virtual Machine Specification, java.awt.printerjob=sun.awt.windows.WPrinterJob, sun.os.patch.level=, hibernate.boot.CfgXmlAccessService.key=org.hibernate.boot.cfgxml.spi.LoadedConfig@2580ea3d, java.library.path=C:\Program Files\Java\jdk1.8.0_172\bin;C:\Windows\Sun\Java\bin;C:\Windows\system32;C:\Windows;C:/Program Files/Java/jre1.8.0_172/bin/server;C:/Program Files/Java/jre1.8.0_172/bin;C:/Program Files/Java/jre1.8.0_172/lib/amd64;C:\Program Files (x86)\Common Files\Oracle\Java\javapath;C:\Oracle\product\11.1.0\client_1\bin;C:\Program Files\CollabNet\Subversion Client;C:\Windows\system32;C:\Windows;C:\Windows\System32\Wbem;C:\Windows\System32\WindowsPowerShell\v1.0\;C:\Windows\System32\OpenSSH\;C:\Program Files\TortoiseSVN\bin;C:\Program Files\Git\cmd;C:\Program Files\PuTTY\;C:\xampp\mysql\bin;C:\Program Files\nodejs\;C:\Users\alexander.angulo\AppData\Local\Microsoft\WindowsApps;;C:\Program Files\Microsoft VS Code\bin;C:\Users\alexander.angulo\AppData\Roaming\npm;D:\spring-tool-suite\sts-bundle\sts-3.9.4.RELEASE;;., java.vendor=Oracle Corporation, java.vm.info=mixed mode, java.vm.version=25.172-b11, hibernate.bytecode.use_reflection_optimizer=false, hibernate.connection.datasource=HikariDataSource (HikariPool-1), sun.io.unicode.encoding=UnicodeLittle, java.ext.dirs=C:\Program Files\Java\jdk1.8.0_172\jre\lib\ext;C:\Windows\Sun\Java\lib\ext, java.class.version=52.0}
[DEBUG] Found javax.persistence.Persistence on classpath containing 'getPersistenceUtil'. Assuming JPA 2 environment. Trying to instantiate JPA aware TraversableResolver
[DEBUG] Instantiated JPA aware TraversableResolver of type org.hibernate.validator.internal.engine.resolver.JPATraversableResolver.
[DEBUG] Unable to load or instantiate JPA aware resolver org.hibernate.validator.internal.engine.resolver.JPATraversableResolver. All properties will per default be traversable.
[DEBUG] Trying to load META-INF/validation.xml for XML based Validator configuration.
[DEBUG] Trying to load META-INF/validation.xml via TCCL
[DEBUG] Trying to load META-INF/validation.xml via Hibernate Validator's class loader
[DEBUG] No META-INF/validation.xml found. Using annotation based configuration only.
[DEBUG] Loaded expression factory via original TCCL
[DEBUG] HV000234: Using org.hibernate.validator.messageinterpolation.ResourceBundleMessageInterpolator as ValidatorFactory-scoped message interpolator.
[DEBUG] HV000234: Using org.hibernate.validator.internal.engine.resolver.TraverseAllTraversableResolver as ValidatorFactory-scoped traversable resolver.
[DEBUG] HV000234: Using org.hibernate.validator.internal.util.ExecutableParameterNameProvider as ValidatorFactory-scoped parameter name provider.
[DEBUG] HV000234: Using org.hibernate.validator.internal.engine.DefaultClockProvider as ValidatorFactory-scoped clock provider.
[DEBUG] HV000234: Using org.hibernate.validator.internal.engine.scripting.DefaultScriptEvaluatorFactory as ValidatorFactory-scoped script evaluator factory.
[DEBUG] Not known whether passed class name [com.co.ceiba.parqueadero.entity.Factura] is safe
[DEBUG] No temp ClassLoader provided; using live ClassLoader for loading potentially unsafe class : com.co.ceiba.parqueadero.entity.Factura
[DEBUG] Not known whether passed class name [com.co.ceiba.parqueadero.entity.Ingreso] is safe
[DEBUG] No temp ClassLoader provided; using live ClassLoader for loading potentially unsafe class : com.co.ceiba.parqueadero.entity.Ingreso
[DEBUG] Not known whether passed class name [com.co.ceiba.parqueadero.entity.Parqueadero] is safe
[DEBUG] No temp ClassLoader provided; using live ClassLoader for loading potentially unsafe class : com.co.ceiba.parqueadero.entity.Parqueadero
[DEBUG] Skipping JACC integration as it was not enabled
[DEBUG] External cascade style registration [persist : STYLE_PERSIST_SKIPLAZY] overrode base registration [STYLE_PERSIST]
[DEBUG] Instantiated session factory
[DEBUG] Not known whether passed class name [com.co.ceiba.parqueadero.entity.Factura] is safe
[DEBUG] No temp ClassLoader provided; using live ClassLoader for loading potentially unsafe class : com.co.ceiba.parqueadero.entity.Factura
[DEBUG] Not known whether passed class name [com.co.ceiba.parqueadero.entity.Factura] is safe
[DEBUG] No temp ClassLoader provided; using live ClassLoader for loading potentially unsafe class : com.co.ceiba.parqueadero.entity.Factura
[DEBUG] Not known whether passed class name [com.co.ceiba.parqueadero.entity.Ingreso] is safe
[DEBUG] No temp ClassLoader provided; using live ClassLoader for loading potentially unsafe class : com.co.ceiba.parqueadero.entity.Ingreso
[DEBUG] Not known whether passed class name [com.co.ceiba.parqueadero.entity.Ingreso] is safe
[DEBUG] No temp ClassLoader provided; using live ClassLoader for loading potentially unsafe class : com.co.ceiba.parqueadero.entity.Ingreso
[DEBUG] Not known whether passed class name [com.co.ceiba.parqueadero.entity.Parqueadero] is safe
[DEBUG] No temp ClassLoader provided; using live ClassLoader for loading potentially unsafe class : com.co.ceiba.parqueadero.entity.Parqueadero
[DEBUG] Not known whether passed class name [com.co.ceiba.parqueadero.entity.Parqueadero] is safe
[DEBUG] No temp ClassLoader provided; using live ClassLoader for loading potentially unsafe class : com.co.ceiba.parqueadero.entity.Parqueadero
[DEBUG] Static SQL for entity: com.co.ceiba.parqueadero.entity.Factura
[DEBUG]  Version select: select id from factura where id =?
[DEBUG]  Snapshot select: select factura_.id, factura_.costo as costo2_0_, factura_.fecha_salida as fecha_sa3_0_, factura_.idingreso_id as idingres4_0_ from factura factura_ where factura_.id=?
[DEBUG]  Insert 0: insert into factura (costo, fecha_salida, idingreso_id, id) values (?, ?, ?, ?)
[DEBUG]  Update 0: update factura set costo=?, fecha_salida=?, idingreso_id=? where id=?
[DEBUG]  Delete 0: delete from factura where id=?
[DEBUG] Adding QuerySpace : uid = <gen:0> -> org.hibernate.loader.plan.build.internal.spaces.EntityQuerySpaceImpl@764a2e53]
[DEBUG] Visiting attribute path : costo
[DEBUG] Visiting attribute path : fechaSalida
[DEBUG] Visiting attribute path : idingreso
[DEBUG] Adding QuerySpace : uid = <gen:1> -> org.hibernate.loader.plan.build.internal.spaces.EntityQuerySpaceImpl@4bf4ac70]
[DEBUG] Visiting attribute path : idingreso.cilindraje
[DEBUG] Visiting attribute path : idingreso.fechaIngreso
[DEBUG] Visiting attribute path : idingreso.placa
[DEBUG] Visiting attribute path : idingreso.tipoVehiculo
[DEBUG] Building LoadPlan...
[DEBUG] processing queryspace <gen:0>
[DEBUG] LoadPlan(entity=com.co.ceiba.parqueadero.entity.Factura)
    - Returns
       - EntityReturnImpl(entity=com.co.ceiba.parqueadero.entity.Factura, querySpaceUid=<gen:0>, path=com.co.ceiba.parqueadero.entity.Factura)
          - EntityAttributeFetchImpl(entity=com.co.ceiba.parqueadero.entity.Ingreso, querySpaceUid=<gen:1>, path=com.co.ceiba.parqueadero.entity.Factura.idingreso)
    - QuerySpaces
       - EntityQuerySpaceImpl(uid=<gen:0>, entity=com.co.ceiba.parqueadero.entity.Factura)
          - SQL table alias mapping - factura0_
          - alias suffix - 0_
          - suffixed key columns - {id1_0_0_}
          - JOIN (JoinDefinedByMetadata(idingreso)) : <gen:0> -> <gen:1>
             - EntityQuerySpaceImpl(uid=<gen:1>, entity=com.co.ceiba.parqueadero.entity.Ingreso)
                - SQL table alias mapping - ingreso1_
                - alias suffix - 1_
                - suffixed key columns - {id1_1_1_}

[DEBUG] Static select for entity com.co.ceiba.parqueadero.entity.Factura [NONE]: select factura0_.id as id1_0_0_, factura0_.costo as costo2_0_0_, factura0_.fecha_salida as fecha_sa3_0_0_, factura0_.idingreso_id as idingres4_0_0_, ingreso1_.id as id1_1_1_, ingreso1_.cilindraje as cilindra2_1_1_, ingreso1_.fecha_ingreso as fecha_in3_1_1_, ingreso1_.placa as placa4_1_1_, ingreso1_.tipo_vehiculo as tipo_veh5_1_1_ from factura factura0_ left outer join ingreso ingreso1_ on factura0_.idingreso_id=ingreso1_.id where factura0_.id=?
[DEBUG] Adding QuerySpace : uid = <gen:0> -> org.hibernate.loader.plan.build.internal.spaces.EntityQuerySpaceImpl@36e1823]
[DEBUG] Visiting attribute path : costo
[DEBUG] Visiting attribute path : fechaSalida
[DEBUG] Visiting attribute path : idingreso
[DEBUG] Adding QuerySpace : uid = <gen:1> -> org.hibernate.loader.plan.build.internal.spaces.EntityQuerySpaceImpl@1944d522]
[DEBUG] Visiting attribute path : idingreso.cilindraje
[DEBUG] Visiting attribute path : idingreso.fechaIngreso
[DEBUG] Visiting attribute path : idingreso.placa
[DEBUG] Visiting attribute path : idingreso.tipoVehiculo
[DEBUG] Building LoadPlan...
[DEBUG] processing queryspace <gen:0>
[DEBUG] LoadPlan(entity=com.co.ceiba.parqueadero.entity.Factura)
    - Returns
       - EntityReturnImpl(entity=com.co.ceiba.parqueadero.entity.Factura, querySpaceUid=<gen:0>, path=com.co.ceiba.parqueadero.entity.Factura)
          - EntityAttributeFetchImpl(entity=com.co.ceiba.parqueadero.entity.Ingreso, querySpaceUid=<gen:1>, path=com.co.ceiba.parqueadero.entity.Factura.idingreso)
    - QuerySpaces
       - EntityQuerySpaceImpl(uid=<gen:0>, entity=com.co.ceiba.parqueadero.entity.Factura)
          - SQL table alias mapping - factura0_
          - alias suffix - 0_
          - suffixed key columns - {id1_0_0_}
          - JOIN (JoinDefinedByMetadata(idingreso)) : <gen:0> -> <gen:1>
             - EntityQuerySpaceImpl(uid=<gen:1>, entity=com.co.ceiba.parqueadero.entity.Ingreso)
                - SQL table alias mapping - ingreso1_
                - alias suffix - 1_
                - suffixed key columns - {id1_1_1_}

[DEBUG] Static select for entity com.co.ceiba.parqueadero.entity.Factura [READ]: select factura0_.id as id1_0_0_, factura0_.costo as costo2_0_0_, factura0_.fecha_salida as fecha_sa3_0_0_, factura0_.idingreso_id as idingres4_0_0_, ingreso1_.id as id1_1_1_, ingreso1_.cilindraje as cilindra2_1_1_, ingreso1_.fecha_ingreso as fecha_in3_1_1_, ingreso1_.placa as placa4_1_1_, ingreso1_.tipo_vehiculo as tipo_veh5_1_1_ from factura factura0_ left outer join ingreso ingreso1_ on factura0_.idingreso_id=ingreso1_.id where factura0_.id=?
[DEBUG] Adding QuerySpace : uid = <gen:0> -> org.hibernate.loader.plan.build.internal.spaces.EntityQuerySpaceImpl@73e90c2d]
[DEBUG] Visiting attribute path : costo
[DEBUG] Visiting attribute path : fechaSalida
[DEBUG] Visiting attribute path : idingreso
[DEBUG] Adding QuerySpace : uid = <gen:1> -> org.hibernate.loader.plan.build.internal.spaces.EntityQuerySpaceImpl@67330e0c]
[DEBUG] Building LoadPlan...
[DEBUG] processing queryspace <gen:0>
[DEBUG] LoadPlan(entity=com.co.ceiba.parqueadero.entity.Factura)
    - Returns
       - EntityReturnImpl(entity=com.co.ceiba.parqueadero.entity.Factura, querySpaceUid=<gen:0>, path=com.co.ceiba.parqueadero.entity.Factura)
          - EntityAttributeFetchImpl(entity=com.co.ceiba.parqueadero.entity.Ingreso, querySpaceUid=<gen:1>, path=com.co.ceiba.parqueadero.entity.Factura.idingreso)
    - QuerySpaces
       - EntityQuerySpaceImpl(uid=<gen:0>, entity=com.co.ceiba.parqueadero.entity.Factura)
          - SQL table alias mapping - factura0_
          - alias suffix - 0_
          - suffixed key columns - {id1_0_0_}

[DEBUG] Static select for entity com.co.ceiba.parqueadero.entity.Factura [UPGRADE]: select factura0_.id as id1_0_0_, factura0_.costo as costo2_0_0_, factura0_.fecha_salida as fecha_sa3_0_0_, factura0_.idingreso_id as idingres4_0_0_ from factura factura0_ where factura0_.id=? for update
[DEBUG] Adding QuerySpace : uid = <gen:0> -> org.hibernate.loader.plan.build.internal.spaces.EntityQuerySpaceImpl@4a33dc91]
[DEBUG] Visiting attribute path : costo
[DEBUG] Visiting attribute path : fechaSalida
[DEBUG] Visiting attribute path : idingreso
[DEBUG] Adding QuerySpace : uid = <gen:1> -> org.hibernate.loader.plan.build.internal.spaces.EntityQuerySpaceImpl@205f3c4c]
[DEBUG] Building LoadPlan...
[DEBUG] processing queryspace <gen:0>
[DEBUG] LoadPlan(entity=com.co.ceiba.parqueadero.entity.Factura)
    - Returns
       - EntityReturnImpl(entity=com.co.ceiba.parqueadero.entity.Factura, querySpaceUid=<gen:0>, path=com.co.ceiba.parqueadero.entity.Factura)
          - EntityAttributeFetchImpl(entity=com.co.ceiba.parqueadero.entity.Ingreso, querySpaceUid=<gen:1>, path=com.co.ceiba.parqueadero.entity.Factura.idingreso)
    - QuerySpaces
       - EntityQuerySpaceImpl(uid=<gen:0>, entity=com.co.ceiba.parqueadero.entity.Factura)
          - SQL table alias mapping - factura0_
          - alias suffix - 0_
          - suffixed key columns - {id1_0_0_}

[DEBUG] Static select for entity com.co.ceiba.parqueadero.entity.Factura [UPGRADE_NOWAIT]: select factura0_.id as id1_0_0_, factura0_.costo as costo2_0_0_, factura0_.fecha_salida as fecha_sa3_0_0_, factura0_.idingreso_id as idingres4_0_0_ from factura factura0_ where factura0_.id=? for update
[DEBUG] Adding QuerySpace : uid = <gen:0> -> org.hibernate.loader.plan.build.internal.spaces.EntityQuerySpaceImpl@5f630525]
[DEBUG] Visiting attribute path : costo
[DEBUG] Visiting attribute path : fechaSalida
[DEBUG] Visiting attribute path : idingreso
[DEBUG] Adding QuerySpace : uid = <gen:1> -> org.hibernate.loader.plan.build.internal.spaces.EntityQuerySpaceImpl@7b5c9937]
[DEBUG] Building LoadPlan...
[DEBUG] processing queryspace <gen:0>
[DEBUG] LoadPlan(entity=com.co.ceiba.parqueadero.entity.Factura)
    - Returns
       - EntityReturnImpl(entity=com.co.ceiba.parqueadero.entity.Factura, querySpaceUid=<gen:0>, path=com.co.ceiba.parqueadero.entity.Factura)
          - EntityAttributeFetchImpl(entity=com.co.ceiba.parqueadero.entity.Ingreso, querySpaceUid=<gen:1>, path=com.co.ceiba.parqueadero.entity.Factura.idingreso)
    - QuerySpaces
       - EntityQuerySpaceImpl(uid=<gen:0>, entity=com.co.ceiba.parqueadero.entity.Factura)
          - SQL table alias mapping - factura0_
          - alias suffix - 0_
          - suffixed key columns - {id1_0_0_}

[DEBUG] Static select for entity com.co.ceiba.parqueadero.entity.Factura [UPGRADE_SKIPLOCKED]: select factura0_.id as id1_0_0_, factura0_.costo as costo2_0_0_, factura0_.fecha_salida as fecha_sa3_0_0_, factura0_.idingreso_id as idingres4_0_0_ from factura factura0_ where factura0_.id=? for update
[DEBUG] Adding QuerySpace : uid = <gen:0> -> org.hibernate.loader.plan.build.internal.spaces.EntityQuerySpaceImpl@22b8674c]
[DEBUG] Visiting attribute path : costo
[DEBUG] Visiting attribute path : fechaSalida
[DEBUG] Visiting attribute path : idingreso
[DEBUG] Adding QuerySpace : uid = <gen:1> -> org.hibernate.loader.plan.build.internal.spaces.EntityQuerySpaceImpl@6ab26d44]
[DEBUG] Building LoadPlan...
[DEBUG] processing queryspace <gen:0>
[DEBUG] LoadPlan(entity=com.co.ceiba.parqueadero.entity.Factura)
    - Returns
       - EntityReturnImpl(entity=com.co.ceiba.parqueadero.entity.Factura, querySpaceUid=<gen:0>, path=com.co.ceiba.parqueadero.entity.Factura)
          - EntityAttributeFetchImpl(entity=com.co.ceiba.parqueadero.entity.Ingreso, querySpaceUid=<gen:1>, path=com.co.ceiba.parqueadero.entity.Factura.idingreso)
    - QuerySpaces
       - EntityQuerySpaceImpl(uid=<gen:0>, entity=com.co.ceiba.parqueadero.entity.Factura)
          - SQL table alias mapping - factura0_
          - alias suffix - 0_
          - suffixed key columns - {id1_0_0_}

[DEBUG] Static select for entity com.co.ceiba.parqueadero.entity.Factura [FORCE]: select factura0_.id as id1_0_0_, factura0_.costo as costo2_0_0_, factura0_.fecha_salida as fecha_sa3_0_0_, factura0_.idingreso_id as idingres4_0_0_ from factura factura0_ where factura0_.id=? for update
[DEBUG] Adding QuerySpace : uid = <gen:0> -> org.hibernate.loader.plan.build.internal.spaces.EntityQuerySpaceImpl@7538d404]
[DEBUG] Visiting attribute path : costo
[DEBUG] Visiting attribute path : fechaSalida
[DEBUG] Visiting attribute path : idingreso
[DEBUG] Adding QuerySpace : uid = <gen:1> -> org.hibernate.loader.plan.build.internal.spaces.EntityQuerySpaceImpl@598344ec]
[DEBUG] Building LoadPlan...
[DEBUG] processing queryspace <gen:0>
[DEBUG] LoadPlan(entity=com.co.ceiba.parqueadero.entity.Factura)
    - Returns
       - EntityReturnImpl(entity=com.co.ceiba.parqueadero.entity.Factura, querySpaceUid=<gen:0>, path=com.co.ceiba.parqueadero.entity.Factura)
          - EntityAttributeFetchImpl(entity=com.co.ceiba.parqueadero.entity.Ingreso, querySpaceUid=<gen:1>, path=com.co.ceiba.parqueadero.entity.Factura.idingreso)
    - QuerySpaces
       - EntityQuerySpaceImpl(uid=<gen:0>, entity=com.co.ceiba.parqueadero.entity.Factura)
          - SQL table alias mapping - factura0_
          - alias suffix - 0_
          - suffixed key columns - {id1_0_0_}

[DEBUG] Static select for entity com.co.ceiba.parqueadero.entity.Factura [PESSIMISTIC_READ]: select factura0_.id as id1_0_0_, factura0_.costo as costo2_0_0_, factura0_.fecha_salida as fecha_sa3_0_0_, factura0_.idingreso_id as idingres4_0_0_ from factura factura0_ where factura0_.id=? lock in share mode
[DEBUG] Adding QuerySpace : uid = <gen:0> -> org.hibernate.loader.plan.build.internal.spaces.EntityQuerySpaceImpl@20a2cad5]
[DEBUG] Visiting attribute path : costo
[DEBUG] Visiting attribute path : fechaSalida
[DEBUG] Visiting attribute path : idingreso
[DEBUG] Adding QuerySpace : uid = <gen:1> -> org.hibernate.loader.plan.build.internal.spaces.EntityQuerySpaceImpl@5d638bb7]
[DEBUG] Building LoadPlan...
[DEBUG] processing queryspace <gen:0>
[DEBUG] LoadPlan(entity=com.co.ceiba.parqueadero.entity.Factura)
    - Returns
       - EntityReturnImpl(entity=com.co.ceiba.parqueadero.entity.Factura, querySpaceUid=<gen:0>, path=com.co.ceiba.parqueadero.entity.Factura)
          - EntityAttributeFetchImpl(entity=com.co.ceiba.parqueadero.entity.Ingreso, querySpaceUid=<gen:1>, path=com.co.ceiba.parqueadero.entity.Factura.idingreso)
    - QuerySpaces
       - EntityQuerySpaceImpl(uid=<gen:0>, entity=com.co.ceiba.parqueadero.entity.Factura)
          - SQL table alias mapping - factura0_
          - alias suffix - 0_
          - suffixed key columns - {id1_0_0_}

[DEBUG] Static select for entity com.co.ceiba.parqueadero.entity.Factura [PESSIMISTIC_WRITE]: select factura0_.id as id1_0_0_, factura0_.costo as costo2_0_0_, factura0_.fecha_salida as fecha_sa3_0_0_, factura0_.idingreso_id as idingres4_0_0_ from factura factura0_ where factura0_.id=? for update
[DEBUG] Adding QuerySpace : uid = <gen:0> -> org.hibernate.loader.plan.build.internal.spaces.EntityQuerySpaceImpl@1e0400d3]
[DEBUG] Visiting attribute path : costo
[DEBUG] Visiting attribute path : fechaSalida
[DEBUG] Visiting attribute path : idingreso
[DEBUG] Adding QuerySpace : uid = <gen:1> -> org.hibernate.loader.plan.build.internal.spaces.EntityQuerySpaceImpl@768022a7]
[DEBUG] Building LoadPlan...
[DEBUG] processing queryspace <gen:0>
[DEBUG] LoadPlan(entity=com.co.ceiba.parqueadero.entity.Factura)
    - Returns
       - EntityReturnImpl(entity=com.co.ceiba.parqueadero.entity.Factura, querySpaceUid=<gen:0>, path=com.co.ceiba.parqueadero.entity.Factura)
          - EntityAttributeFetchImpl(entity=com.co.ceiba.parqueadero.entity.Ingreso, querySpaceUid=<gen:1>, path=com.co.ceiba.parqueadero.entity.Factura.idingreso)
    - QuerySpaces
       - EntityQuerySpaceImpl(uid=<gen:0>, entity=com.co.ceiba.parqueadero.entity.Factura)
          - SQL table alias mapping - factura0_
          - alias suffix - 0_
          - suffixed key columns - {id1_0_0_}

[DEBUG] Static select for entity com.co.ceiba.parqueadero.entity.Factura [PESSIMISTIC_FORCE_INCREMENT]: select factura0_.id as id1_0_0_, factura0_.costo as costo2_0_0_, factura0_.fecha_salida as fecha_sa3_0_0_, factura0_.idingreso_id as idingres4_0_0_ from factura factura0_ where factura0_.id=? for update
[DEBUG] Adding QuerySpace : uid = <gen:0> -> org.hibernate.loader.plan.build.internal.spaces.EntityQuerySpaceImpl@37ff21f3]
[DEBUG] Visiting attribute path : costo
[DEBUG] Visiting attribute path : fechaSalida
[DEBUG] Visiting attribute path : idingreso
[DEBUG] Adding QuerySpace : uid = <gen:1> -> org.hibernate.loader.plan.build.internal.spaces.EntityQuerySpaceImpl@1534e26e]
[DEBUG] Building LoadPlan...
[DEBUG] processing queryspace <gen:0>
[DEBUG] LoadPlan(entity=com.co.ceiba.parqueadero.entity.Factura)
    - Returns
       - EntityReturnImpl(entity=com.co.ceiba.parqueadero.entity.Factura, querySpaceUid=<gen:0>, path=com.co.ceiba.parqueadero.entity.Factura)
          - EntityAttributeFetchImpl(entity=com.co.ceiba.parqueadero.entity.Ingreso, querySpaceUid=<gen:1>, path=com.co.ceiba.parqueadero.entity.Factura.idingreso)
    - QuerySpaces
       - EntityQuerySpaceImpl(uid=<gen:0>, entity=com.co.ceiba.parqueadero.entity.Factura)
          - SQL table alias mapping - factura0_
          - alias suffix - 0_
          - suffixed key columns - {id1_0_0_}

[DEBUG] Static select for entity com.co.ceiba.parqueadero.entity.Factura [OPTIMISTIC]: select factura0_.id as id1_0_0_, factura0_.costo as costo2_0_0_, factura0_.fecha_salida as fecha_sa3_0_0_, factura0_.idingreso_id as idingres4_0_0_ from factura factura0_ where factura0_.id=?
[DEBUG] Adding QuerySpace : uid = <gen:0> -> org.hibernate.loader.plan.build.internal.spaces.EntityQuerySpaceImpl@62d66f75]
[DEBUG] Visiting attribute path : costo
[DEBUG] Visiting attribute path : fechaSalida
[DEBUG] Visiting attribute path : idingreso
[DEBUG] Adding QuerySpace : uid = <gen:1> -> org.hibernate.loader.plan.build.internal.spaces.EntityQuerySpaceImpl@38d5133a]
[DEBUG] Building LoadPlan...
[DEBUG] processing queryspace <gen:0>
[DEBUG] LoadPlan(entity=com.co.ceiba.parqueadero.entity.Factura)
    - Returns
       - EntityReturnImpl(entity=com.co.ceiba.parqueadero.entity.Factura, querySpaceUid=<gen:0>, path=com.co.ceiba.parqueadero.entity.Factura)
          - EntityAttributeFetchImpl(entity=com.co.ceiba.parqueadero.entity.Ingreso, querySpaceUid=<gen:1>, path=com.co.ceiba.parqueadero.entity.Factura.idingreso)
    - QuerySpaces
       - EntityQuerySpaceImpl(uid=<gen:0>, entity=com.co.ceiba.parqueadero.entity.Factura)
          - SQL table alias mapping - factura0_
          - alias suffix - 0_
          - suffixed key columns - {id1_0_0_}

[DEBUG] Static select for entity com.co.ceiba.parqueadero.entity.Factura [OPTIMISTIC_FORCE_INCREMENT]: select factura0_.id as id1_0_0_, factura0_.costo as costo2_0_0_, factura0_.fecha_salida as fecha_sa3_0_0_, factura0_.idingreso_id as idingres4_0_0_ from factura factura0_ where factura0_.id=?
[DEBUG] Static select for action ACTION_MERGE on entity com.co.ceiba.parqueadero.entity.Factura: select factura0_.id as id1_0_0_, factura0_.costo as costo2_0_0_, factura0_.fecha_salida as fecha_sa3_0_0_, factura0_.idingreso_id as idingres4_0_0_ from factura factura0_ where factura0_.id=?
[DEBUG] Static select for action ACTION_REFRESH on entity com.co.ceiba.parqueadero.entity.Factura: select factura0_.id as id1_0_0_, factura0_.costo as costo2_0_0_, factura0_.fecha_salida as fecha_sa3_0_0_, factura0_.idingreso_id as idingres4_0_0_ from factura factura0_ where factura0_.id=?
[DEBUG] Static SQL for entity: com.co.ceiba.parqueadero.entity.Ingreso
[DEBUG]  Version select: select id from ingreso where id =?
[DEBUG]  Snapshot select: select ingreso_.id, ingreso_.cilindraje as cilindra2_1_, ingreso_.fecha_ingreso as fecha_in3_1_, ingreso_.placa as placa4_1_, ingreso_.tipo_vehiculo as tipo_veh5_1_ from ingreso ingreso_ where ingreso_.id=?
[DEBUG]  Insert 0: insert into ingreso (cilindraje, fecha_ingreso, placa, tipo_vehiculo, id) values (?, ?, ?, ?, ?)
[DEBUG]  Update 0: update ingreso set cilindraje=?, fecha_ingreso=?, placa=?, tipo_vehiculo=? where id=?
[DEBUG]  Delete 0: delete from ingreso where id=?
[DEBUG] Adding QuerySpace : uid = <gen:0> -> org.hibernate.loader.plan.build.internal.spaces.EntityQuerySpaceImpl@41468e88]
[DEBUG] Visiting attribute path : cilindraje
[DEBUG] Visiting attribute path : fechaIngreso
[DEBUG] Visiting attribute path : placa
[DEBUG] Visiting attribute path : tipoVehiculo
[DEBUG] Building LoadPlan...
[DEBUG] processing queryspace <gen:0>
[DEBUG] LoadPlan(entity=com.co.ceiba.parqueadero.entity.Ingreso)
    - Returns
       - EntityReturnImpl(entity=com.co.ceiba.parqueadero.entity.Ingreso, querySpaceUid=<gen:0>, path=com.co.ceiba.parqueadero.entity.Ingreso)
    - QuerySpaces
       - EntityQuerySpaceImpl(uid=<gen:0>, entity=com.co.ceiba.parqueadero.entity.Ingreso)
          - SQL table alias mapping - ingreso0_
          - alias suffix - 0_
          - suffixed key columns - {id1_1_0_}

[DEBUG] Static select for entity com.co.ceiba.parqueadero.entity.Ingreso [NONE]: select ingreso0_.id as id1_1_0_, ingreso0_.cilindraje as cilindra2_1_0_, ingreso0_.fecha_ingreso as fecha_in3_1_0_, ingreso0_.placa as placa4_1_0_, ingreso0_.tipo_vehiculo as tipo_veh5_1_0_ from ingreso ingreso0_ where ingreso0_.id=?
[DEBUG] Adding QuerySpace : uid = <gen:0> -> org.hibernate.loader.plan.build.internal.spaces.EntityQuerySpaceImpl@32366ecc]
[DEBUG] Visiting attribute path : cilindraje
[DEBUG] Visiting attribute path : fechaIngreso
[DEBUG] Visiting attribute path : placa
[DEBUG] Visiting attribute path : tipoVehiculo
[DEBUG] Building LoadPlan...
[DEBUG] processing queryspace <gen:0>
[DEBUG] LoadPlan(entity=com.co.ceiba.parqueadero.entity.Ingreso)
    - Returns
       - EntityReturnImpl(entity=com.co.ceiba.parqueadero.entity.Ingreso, querySpaceUid=<gen:0>, path=com.co.ceiba.parqueadero.entity.Ingreso)
    - QuerySpaces
       - EntityQuerySpaceImpl(uid=<gen:0>, entity=com.co.ceiba.parqueadero.entity.Ingreso)
          - SQL table alias mapping - ingreso0_
          - alias suffix - 0_
          - suffixed key columns - {id1_1_0_}

[DEBUG] Static select for entity com.co.ceiba.parqueadero.entity.Ingreso [READ]: select ingreso0_.id as id1_1_0_, ingreso0_.cilindraje as cilindra2_1_0_, ingreso0_.fecha_ingreso as fecha_in3_1_0_, ingreso0_.placa as placa4_1_0_, ingreso0_.tipo_vehiculo as tipo_veh5_1_0_ from ingreso ingreso0_ where ingreso0_.id=?
[DEBUG] Adding QuerySpace : uid = <gen:0> -> org.hibernate.loader.plan.build.internal.spaces.EntityQuerySpaceImpl@1fecda7e]
[DEBUG] Visiting attribute path : cilindraje
[DEBUG] Visiting attribute path : fechaIngreso
[DEBUG] Visiting attribute path : placa
[DEBUG] Visiting attribute path : tipoVehiculo
[DEBUG] Building LoadPlan...
[DEBUG] processing queryspace <gen:0>
[DEBUG] LoadPlan(entity=com.co.ceiba.parqueadero.entity.Ingreso)
    - Returns
       - EntityReturnImpl(entity=com.co.ceiba.parqueadero.entity.Ingreso, querySpaceUid=<gen:0>, path=com.co.ceiba.parqueadero.entity.Ingreso)
    - QuerySpaces
       - EntityQuerySpaceImpl(uid=<gen:0>, entity=com.co.ceiba.parqueadero.entity.Ingreso)
          - SQL table alias mapping - ingreso0_
          - alias suffix - 0_
          - suffixed key columns - {id1_1_0_}

[DEBUG] Static select for entity com.co.ceiba.parqueadero.entity.Ingreso [UPGRADE]: select ingreso0_.id as id1_1_0_, ingreso0_.cilindraje as cilindra2_1_0_, ingreso0_.fecha_ingreso as fecha_in3_1_0_, ingreso0_.placa as placa4_1_0_, ingreso0_.tipo_vehiculo as tipo_veh5_1_0_ from ingreso ingreso0_ where ingreso0_.id=? for update
[DEBUG] Adding QuerySpace : uid = <gen:0> -> org.hibernate.loader.plan.build.internal.spaces.EntityQuerySpaceImpl@1a0f8d6e]
[DEBUG] Visiting attribute path : cilindraje
[DEBUG] Visiting attribute path : fechaIngreso
[DEBUG] Visiting attribute path : placa
[DEBUG] Visiting attribute path : tipoVehiculo
[DEBUG] Building LoadPlan...
[DEBUG] processing queryspace <gen:0>
[DEBUG] LoadPlan(entity=com.co.ceiba.parqueadero.entity.Ingreso)
    - Returns
       - EntityReturnImpl(entity=com.co.ceiba.parqueadero.entity.Ingreso, querySpaceUid=<gen:0>, path=com.co.ceiba.parqueadero.entity.Ingreso)
    - QuerySpaces
       - EntityQuerySpaceImpl(uid=<gen:0>, entity=com.co.ceiba.parqueadero.entity.Ingreso)
          - SQL table alias mapping - ingreso0_
          - alias suffix - 0_
          - suffixed key columns - {id1_1_0_}

[DEBUG] Static select for entity com.co.ceiba.parqueadero.entity.Ingreso [UPGRADE_NOWAIT]: select ingreso0_.id as id1_1_0_, ingreso0_.cilindraje as cilindra2_1_0_, ingreso0_.fecha_ingreso as fecha_in3_1_0_, ingreso0_.placa as placa4_1_0_, ingreso0_.tipo_vehiculo as tipo_veh5_1_0_ from ingreso ingreso0_ where ingreso0_.id=? for update
[DEBUG] Adding QuerySpace : uid = <gen:0> -> org.hibernate.loader.plan.build.internal.spaces.EntityQuerySpaceImpl@508a2d6c]
[DEBUG] Visiting attribute path : cilindraje
[DEBUG] Visiting attribute path : fechaIngreso
[DEBUG] Visiting attribute path : placa
[DEBUG] Visiting attribute path : tipoVehiculo
[DEBUG] Building LoadPlan...
[DEBUG] processing queryspace <gen:0>
[DEBUG] LoadPlan(entity=com.co.ceiba.parqueadero.entity.Ingreso)
    - Returns
       - EntityReturnImpl(entity=com.co.ceiba.parqueadero.entity.Ingreso, querySpaceUid=<gen:0>, path=com.co.ceiba.parqueadero.entity.Ingreso)
    - QuerySpaces
       - EntityQuerySpaceImpl(uid=<gen:0>, entity=com.co.ceiba.parqueadero.entity.Ingreso)
          - SQL table alias mapping - ingreso0_
          - alias suffix - 0_
          - suffixed key columns - {id1_1_0_}

[DEBUG] Static select for entity com.co.ceiba.parqueadero.entity.Ingreso [UPGRADE_SKIPLOCKED]: select ingreso0_.id as id1_1_0_, ingreso0_.cilindraje as cilindra2_1_0_, ingreso0_.fecha_ingreso as fecha_in3_1_0_, ingreso0_.placa as placa4_1_0_, ingreso0_.tipo_vehiculo as tipo_veh5_1_0_ from ingreso ingreso0_ where ingreso0_.id=? for update
[DEBUG] Adding QuerySpace : uid = <gen:0> -> org.hibernate.loader.plan.build.internal.spaces.EntityQuerySpaceImpl@5b2d9966]
[DEBUG] Visiting attribute path : cilindraje
[DEBUG] Visiting attribute path : fechaIngreso
[DEBUG] Visiting attribute path : placa
[DEBUG] Visiting attribute path : tipoVehiculo
[DEBUG] Building LoadPlan...
[DEBUG] processing queryspace <gen:0>
[DEBUG] LoadPlan(entity=com.co.ceiba.parqueadero.entity.Ingreso)
    - Returns
       - EntityReturnImpl(entity=com.co.ceiba.parqueadero.entity.Ingreso, querySpaceUid=<gen:0>, path=com.co.ceiba.parqueadero.entity.Ingreso)
    - QuerySpaces
       - EntityQuerySpaceImpl(uid=<gen:0>, entity=com.co.ceiba.parqueadero.entity.Ingreso)
          - SQL table alias mapping - ingreso0_
          - alias suffix - 0_
          - suffixed key columns - {id1_1_0_}

[DEBUG] Static select for entity com.co.ceiba.parqueadero.entity.Ingreso [FORCE]: select ingreso0_.id as id1_1_0_, ingreso0_.cilindraje as cilindra2_1_0_, ingreso0_.fecha_ingreso as fecha_in3_1_0_, ingreso0_.placa as placa4_1_0_, ingreso0_.tipo_vehiculo as tipo_veh5_1_0_ from ingreso ingreso0_ where ingreso0_.id=? for update
[DEBUG] Adding QuerySpace : uid = <gen:0> -> org.hibernate.loader.plan.build.internal.spaces.EntityQuerySpaceImpl@1221ad6e]
[DEBUG] Visiting attribute path : cilindraje
[DEBUG] Visiting attribute path : fechaIngreso
[DEBUG] Visiting attribute path : placa
[DEBUG] Visiting attribute path : tipoVehiculo
[DEBUG] Building LoadPlan...
[DEBUG] processing queryspace <gen:0>
[DEBUG] LoadPlan(entity=com.co.ceiba.parqueadero.entity.Ingreso)
    - Returns
       - EntityReturnImpl(entity=com.co.ceiba.parqueadero.entity.Ingreso, querySpaceUid=<gen:0>, path=com.co.ceiba.parqueadero.entity.Ingreso)
    - QuerySpaces
       - EntityQuerySpaceImpl(uid=<gen:0>, entity=com.co.ceiba.parqueadero.entity.Ingreso)
          - SQL table alias mapping - ingreso0_
          - alias suffix - 0_
          - suffixed key columns - {id1_1_0_}

[DEBUG] Static select for entity com.co.ceiba.parqueadero.entity.Ingreso [PESSIMISTIC_READ]: select ingreso0_.id as id1_1_0_, ingreso0_.cilindraje as cilindra2_1_0_, ingreso0_.fecha_ingreso as fecha_in3_1_0_, ingreso0_.placa as placa4_1_0_, ingreso0_.tipo_vehiculo as tipo_veh5_1_0_ from ingreso ingreso0_ where ingreso0_.id=? lock in share mode
[DEBUG] Adding QuerySpace : uid = <gen:0> -> org.hibernate.loader.plan.build.internal.spaces.EntityQuerySpaceImpl@60a0785c]
[DEBUG] Visiting attribute path : cilindraje
[DEBUG] Visiting attribute path : fechaIngreso
[DEBUG] Visiting attribute path : placa
[DEBUG] Visiting attribute path : tipoVehiculo
[DEBUG] Building LoadPlan...
[DEBUG] processing queryspace <gen:0>
[DEBUG] LoadPlan(entity=com.co.ceiba.parqueadero.entity.Ingreso)
    - Returns
       - EntityReturnImpl(entity=com.co.ceiba.parqueadero.entity.Ingreso, querySpaceUid=<gen:0>, path=com.co.ceiba.parqueadero.entity.Ingreso)
    - QuerySpaces
       - EntityQuerySpaceImpl(uid=<gen:0>, entity=com.co.ceiba.parqueadero.entity.Ingreso)
          - SQL table alias mapping - ingreso0_
          - alias suffix - 0_
          - suffixed key columns - {id1_1_0_}

[DEBUG] Static select for entity com.co.ceiba.parqueadero.entity.Ingreso [PESSIMISTIC_WRITE]: select ingreso0_.id as id1_1_0_, ingreso0_.cilindraje as cilindra2_1_0_, ingreso0_.fecha_ingreso as fecha_in3_1_0_, ingreso0_.placa as placa4_1_0_, ingreso0_.tipo_vehiculo as tipo_veh5_1_0_ from ingreso ingreso0_ where ingreso0_.id=? for update
[DEBUG] Adding QuerySpace : uid = <gen:0> -> org.hibernate.loader.plan.build.internal.spaces.EntityQuerySpaceImpl@64368f9b]
[DEBUG] Visiting attribute path : cilindraje
[DEBUG] Visiting attribute path : fechaIngreso
[DEBUG] Visiting attribute path : placa
[DEBUG] Visiting attribute path : tipoVehiculo
[DEBUG] Building LoadPlan...
[DEBUG] processing queryspace <gen:0>
[DEBUG] LoadPlan(entity=com.co.ceiba.parqueadero.entity.Ingreso)
    - Returns
       - EntityReturnImpl(entity=com.co.ceiba.parqueadero.entity.Ingreso, querySpaceUid=<gen:0>, path=com.co.ceiba.parqueadero.entity.Ingreso)
    - QuerySpaces
       - EntityQuerySpaceImpl(uid=<gen:0>, entity=com.co.ceiba.parqueadero.entity.Ingreso)
          - SQL table alias mapping - ingreso0_
          - alias suffix - 0_
          - suffixed key columns - {id1_1_0_}

[DEBUG] Static select for entity com.co.ceiba.parqueadero.entity.Ingreso [PESSIMISTIC_FORCE_INCREMENT]: select ingreso0_.id as id1_1_0_, ingreso0_.cilindraje as cilindra2_1_0_, ingreso0_.fecha_ingreso as fecha_in3_1_0_, ingreso0_.placa as placa4_1_0_, ingreso0_.tipo_vehiculo as tipo_veh5_1_0_ from ingreso ingreso0_ where ingreso0_.id=? for update
[DEBUG] Adding QuerySpace : uid = <gen:0> -> org.hibernate.loader.plan.build.internal.spaces.EntityQuerySpaceImpl@59f3a1af]
[DEBUG] Visiting attribute path : cilindraje
[DEBUG] Visiting attribute path : fechaIngreso
[DEBUG] Visiting attribute path : placa
[DEBUG] Visiting attribute path : tipoVehiculo
[DEBUG] Building LoadPlan...
[DEBUG] processing queryspace <gen:0>
[DEBUG] LoadPlan(entity=com.co.ceiba.parqueadero.entity.Ingreso)
    - Returns
       - EntityReturnImpl(entity=com.co.ceiba.parqueadero.entity.Ingreso, querySpaceUid=<gen:0>, path=com.co.ceiba.parqueadero.entity.Ingreso)
    - QuerySpaces
       - EntityQuerySpaceImpl(uid=<gen:0>, entity=com.co.ceiba.parqueadero.entity.Ingreso)
          - SQL table alias mapping - ingreso0_
          - alias suffix - 0_
          - suffixed key columns - {id1_1_0_}

[DEBUG] Static select for entity com.co.ceiba.parqueadero.entity.Ingreso [OPTIMISTIC]: select ingreso0_.id as id1_1_0_, ingreso0_.cilindraje as cilindra2_1_0_, ingreso0_.fecha_ingreso as fecha_in3_1_0_, ingreso0_.placa as placa4_1_0_, ingreso0_.tipo_vehiculo as tipo_veh5_1_0_ from ingreso ingreso0_ where ingreso0_.id=?
[DEBUG] Adding QuerySpace : uid = <gen:0> -> org.hibernate.loader.plan.build.internal.spaces.EntityQuerySpaceImpl@6ad35ee7]
[DEBUG] Visiting attribute path : cilindraje
[DEBUG] Visiting attribute path : fechaIngreso
[DEBUG] Visiting attribute path : placa
[DEBUG] Visiting attribute path : tipoVehiculo
[DEBUG] Building LoadPlan...
[DEBUG] processing queryspace <gen:0>
[DEBUG] LoadPlan(entity=com.co.ceiba.parqueadero.entity.Ingreso)
    - Returns
       - EntityReturnImpl(entity=com.co.ceiba.parqueadero.entity.Ingreso, querySpaceUid=<gen:0>, path=com.co.ceiba.parqueadero.entity.Ingreso)
    - QuerySpaces
       - EntityQuerySpaceImpl(uid=<gen:0>, entity=com.co.ceiba.parqueadero.entity.Ingreso)
          - SQL table alias mapping - ingreso0_
          - alias suffix - 0_
          - suffixed key columns - {id1_1_0_}

[DEBUG] Static select for entity com.co.ceiba.parqueadero.entity.Ingreso [OPTIMISTIC_FORCE_INCREMENT]: select ingreso0_.id as id1_1_0_, ingreso0_.cilindraje as cilindra2_1_0_, ingreso0_.fecha_ingreso as fecha_in3_1_0_, ingreso0_.placa as placa4_1_0_, ingreso0_.tipo_vehiculo as tipo_veh5_1_0_ from ingreso ingreso0_ where ingreso0_.id=?
[DEBUG] Static select for action ACTION_MERGE on entity com.co.ceiba.parqueadero.entity.Ingreso: select ingreso0_.id as id1_1_0_, ingreso0_.cilindraje as cilindra2_1_0_, ingreso0_.fecha_ingreso as fecha_in3_1_0_, ingreso0_.placa as placa4_1_0_, ingreso0_.tipo_vehiculo as tipo_veh5_1_0_ from ingreso ingreso0_ where ingreso0_.id=?
[DEBUG] Static select for action ACTION_REFRESH on entity com.co.ceiba.parqueadero.entity.Ingreso: select ingreso0_.id as id1_1_0_, ingreso0_.cilindraje as cilindra2_1_0_, ingreso0_.fecha_ingreso as fecha_in3_1_0_, ingreso0_.placa as placa4_1_0_, ingreso0_.tipo_vehiculo as tipo_veh5_1_0_ from ingreso ingreso0_ where ingreso0_.id=?
[DEBUG] Static SQL for entity: com.co.ceiba.parqueadero.entity.Parqueadero
[DEBUG]  Version select: select id from parqueadero where id =?
[DEBUG]  Snapshot select: select parqueader_.id, parqueader_.contador_carros as contador2_2_, parqueader_.contador_motos as contador3_2_ from parqueadero parqueader_ where parqueader_.id=?
[DEBUG]  Insert 0: insert into parqueadero (contador_carros, contador_motos, id) values (?, ?, ?)
[DEBUG]  Update 0: update parqueadero set contador_carros=?, contador_motos=? where id=?
[DEBUG]  Delete 0: delete from parqueadero where id=?
[DEBUG] Adding QuerySpace : uid = <gen:0> -> org.hibernate.loader.plan.build.internal.spaces.EntityQuerySpaceImpl@6d20b57]
[DEBUG] Visiting attribute path : contadorCarros
[DEBUG] Visiting attribute path : contadorMotos
[DEBUG] Building LoadPlan...
[DEBUG] processing queryspace <gen:0>
[DEBUG] LoadPlan(entity=com.co.ceiba.parqueadero.entity.Parqueadero)
    - Returns
       - EntityReturnImpl(entity=com.co.ceiba.parqueadero.entity.Parqueadero, querySpaceUid=<gen:0>, path=com.co.ceiba.parqueadero.entity.Parqueadero)
    - QuerySpaces
       - EntityQuerySpaceImpl(uid=<gen:0>, entity=com.co.ceiba.parqueadero.entity.Parqueadero)
          - SQL table alias mapping - parqueader0_
          - alias suffix - 0_
          - suffixed key columns - {id1_2_0_}

[DEBUG] Static select for entity com.co.ceiba.parqueadero.entity.Parqueadero [NONE]: select parqueader0_.id as id1_2_0_, parqueader0_.contador_carros as contador2_2_0_, parqueader0_.contador_motos as contador3_2_0_ from parqueadero parqueader0_ where parqueader0_.id=?
[DEBUG] Adding QuerySpace : uid = <gen:0> -> org.hibernate.loader.plan.build.internal.spaces.EntityQuerySpaceImpl@61cf973]
[DEBUG] Visiting attribute path : contadorCarros
[DEBUG] Visiting attribute path : contadorMotos
[DEBUG] Building LoadPlan...
[DEBUG] processing queryspace <gen:0>
[DEBUG] LoadPlan(entity=com.co.ceiba.parqueadero.entity.Parqueadero)
    - Returns
       - EntityReturnImpl(entity=com.co.ceiba.parqueadero.entity.Parqueadero, querySpaceUid=<gen:0>, path=com.co.ceiba.parqueadero.entity.Parqueadero)
    - QuerySpaces
       - EntityQuerySpaceImpl(uid=<gen:0>, entity=com.co.ceiba.parqueadero.entity.Parqueadero)
          - SQL table alias mapping - parqueader0_
          - alias suffix - 0_
          - suffixed key columns - {id1_2_0_}

[DEBUG] Static select for entity com.co.ceiba.parqueadero.entity.Parqueadero [READ]: select parqueader0_.id as id1_2_0_, parqueader0_.contador_carros as contador2_2_0_, parqueader0_.contador_motos as contador3_2_0_ from parqueadero parqueader0_ where parqueader0_.id=?
[DEBUG] Adding QuerySpace : uid = <gen:0> -> org.hibernate.loader.plan.build.internal.spaces.EntityQuerySpaceImpl@13ca4dc6]
[DEBUG] Visiting attribute path : contadorCarros
[DEBUG] Visiting attribute path : contadorMotos
[DEBUG] Building LoadPlan...
[DEBUG] processing queryspace <gen:0>
[DEBUG] LoadPlan(entity=com.co.ceiba.parqueadero.entity.Parqueadero)
    - Returns
       - EntityReturnImpl(entity=com.co.ceiba.parqueadero.entity.Parqueadero, querySpaceUid=<gen:0>, path=com.co.ceiba.parqueadero.entity.Parqueadero)
    - QuerySpaces
       - EntityQuerySpaceImpl(uid=<gen:0>, entity=com.co.ceiba.parqueadero.entity.Parqueadero)
          - SQL table alias mapping - parqueader0_
          - alias suffix - 0_
          - suffixed key columns - {id1_2_0_}

[DEBUG] Static select for entity com.co.ceiba.parqueadero.entity.Parqueadero [UPGRADE]: select parqueader0_.id as id1_2_0_, parqueader0_.contador_carros as contador2_2_0_, parqueader0_.contador_motos as contador3_2_0_ from parqueadero parqueader0_ where parqueader0_.id=? for update
[DEBUG] Adding QuerySpace : uid = <gen:0> -> org.hibernate.loader.plan.build.internal.spaces.EntityQuerySpaceImpl@412e71f8]
[DEBUG] Visiting attribute path : contadorCarros
[DEBUG] Visiting attribute path : contadorMotos
[DEBUG] Building LoadPlan...
[DEBUG] processing queryspace <gen:0>
[DEBUG] LoadPlan(entity=com.co.ceiba.parqueadero.entity.Parqueadero)
    - Returns
       - EntityReturnImpl(entity=com.co.ceiba.parqueadero.entity.Parqueadero, querySpaceUid=<gen:0>, path=com.co.ceiba.parqueadero.entity.Parqueadero)
    - QuerySpaces
       - EntityQuerySpaceImpl(uid=<gen:0>, entity=com.co.ceiba.parqueadero.entity.Parqueadero)
          - SQL table alias mapping - parqueader0_
          - alias suffix - 0_
          - suffixed key columns - {id1_2_0_}

[DEBUG] Static select for entity com.co.ceiba.parqueadero.entity.Parqueadero [UPGRADE_NOWAIT]: select parqueader0_.id as id1_2_0_, parqueader0_.contador_carros as contador2_2_0_, parqueader0_.contador_motos as contador3_2_0_ from parqueadero parqueader0_ where parqueader0_.id=? for update
[DEBUG] Adding QuerySpace : uid = <gen:0> -> org.hibernate.loader.plan.build.internal.spaces.EntityQuerySpaceImpl@260dea25]
[DEBUG] Visiting attribute path : contadorCarros
[DEBUG] Visiting attribute path : contadorMotos
[DEBUG] Building LoadPlan...
[DEBUG] processing queryspace <gen:0>
[DEBUG] LoadPlan(entity=com.co.ceiba.parqueadero.entity.Parqueadero)
    - Returns
       - EntityReturnImpl(entity=com.co.ceiba.parqueadero.entity.Parqueadero, querySpaceUid=<gen:0>, path=com.co.ceiba.parqueadero.entity.Parqueadero)
    - QuerySpaces
       - EntityQuerySpaceImpl(uid=<gen:0>, entity=com.co.ceiba.parqueadero.entity.Parqueadero)
          - SQL table alias mapping - parqueader0_
          - alias suffix - 0_
          - suffixed key columns - {id1_2_0_}

[DEBUG] Static select for entity com.co.ceiba.parqueadero.entity.Parqueadero [UPGRADE_SKIPLOCKED]: select parqueader0_.id as id1_2_0_, parqueader0_.contador_carros as contador2_2_0_, parqueader0_.contador_motos as contador3_2_0_ from parqueadero parqueader0_ where parqueader0_.id=? for update
[DEBUG] Adding QuerySpace : uid = <gen:0> -> org.hibernate.loader.plan.build.internal.spaces.EntityQuerySpaceImpl@727feac2]
[DEBUG] Visiting attribute path : contadorCarros
[DEBUG] Visiting attribute path : contadorMotos
[DEBUG] Building LoadPlan...
[DEBUG] processing queryspace <gen:0>
[DEBUG] LoadPlan(entity=com.co.ceiba.parqueadero.entity.Parqueadero)
    - Returns
       - EntityReturnImpl(entity=com.co.ceiba.parqueadero.entity.Parqueadero, querySpaceUid=<gen:0>, path=com.co.ceiba.parqueadero.entity.Parqueadero)
    - QuerySpaces
       - EntityQuerySpaceImpl(uid=<gen:0>, entity=com.co.ceiba.parqueadero.entity.Parqueadero)
          - SQL table alias mapping - parqueader0_
          - alias suffix - 0_
          - suffixed key columns - {id1_2_0_}

[DEBUG] Static select for entity com.co.ceiba.parqueadero.entity.Parqueadero [FORCE]: select parqueader0_.id as id1_2_0_, parqueader0_.contador_carros as contador2_2_0_, parqueader0_.contador_motos as contador3_2_0_ from parqueadero parqueader0_ where parqueader0_.id=? for update
[DEBUG] Adding QuerySpace : uid = <gen:0> -> org.hibernate.loader.plan.build.internal.spaces.EntityQuerySpaceImpl@1d5f4427]
[DEBUG] Visiting attribute path : contadorCarros
[DEBUG] Visiting attribute path : contadorMotos
[DEBUG] Building LoadPlan...
[DEBUG] processing queryspace <gen:0>
[DEBUG] LoadPlan(entity=com.co.ceiba.parqueadero.entity.Parqueadero)
    - Returns
       - EntityReturnImpl(entity=com.co.ceiba.parqueadero.entity.Parqueadero, querySpaceUid=<gen:0>, path=com.co.ceiba.parqueadero.entity.Parqueadero)
    - QuerySpaces
       - EntityQuerySpaceImpl(uid=<gen:0>, entity=com.co.ceiba.parqueadero.entity.Parqueadero)
          - SQL table alias mapping - parqueader0_
          - alias suffix - 0_
          - suffixed key columns - {id1_2_0_}

[DEBUG] Static select for entity com.co.ceiba.parqueadero.entity.Parqueadero [PESSIMISTIC_READ]: select parqueader0_.id as id1_2_0_, parqueader0_.contador_carros as contador2_2_0_, parqueader0_.contador_motos as contador3_2_0_ from parqueadero parqueader0_ where parqueader0_.id=? lock in share mode
[DEBUG] Adding QuerySpace : uid = <gen:0> -> org.hibernate.loader.plan.build.internal.spaces.EntityQuerySpaceImpl@37242930]
[DEBUG] Visiting attribute path : contadorCarros
[DEBUG] Visiting attribute path : contadorMotos
[DEBUG] Building LoadPlan...
[DEBUG] processing queryspace <gen:0>
[DEBUG] LoadPlan(entity=com.co.ceiba.parqueadero.entity.Parqueadero)
    - Returns
       - EntityReturnImpl(entity=com.co.ceiba.parqueadero.entity.Parqueadero, querySpaceUid=<gen:0>, path=com.co.ceiba.parqueadero.entity.Parqueadero)
    - QuerySpaces
       - EntityQuerySpaceImpl(uid=<gen:0>, entity=com.co.ceiba.parqueadero.entity.Parqueadero)
          - SQL table alias mapping - parqueader0_
          - alias suffix - 0_
          - suffixed key columns - {id1_2_0_}

[DEBUG] Static select for entity com.co.ceiba.parqueadero.entity.Parqueadero [PESSIMISTIC_WRITE]: select parqueader0_.id as id1_2_0_, parqueader0_.contador_carros as contador2_2_0_, parqueader0_.contador_motos as contador3_2_0_ from parqueadero parqueader0_ where parqueader0_.id=? for update
[DEBUG] Adding QuerySpace : uid = <gen:0> -> org.hibernate.loader.plan.build.internal.spaces.EntityQuerySpaceImpl@52f7fb73]
[DEBUG] Visiting attribute path : contadorCarros
[DEBUG] Visiting attribute path : contadorMotos
[DEBUG] Building LoadPlan...
[DEBUG] processing queryspace <gen:0>
[DEBUG] LoadPlan(entity=com.co.ceiba.parqueadero.entity.Parqueadero)
    - Returns
       - EntityReturnImpl(entity=com.co.ceiba.parqueadero.entity.Parqueadero, querySpaceUid=<gen:0>, path=com.co.ceiba.parqueadero.entity.Parqueadero)
    - QuerySpaces
       - EntityQuerySpaceImpl(uid=<gen:0>, entity=com.co.ceiba.parqueadero.entity.Parqueadero)
          - SQL table alias mapping - parqueader0_
          - alias suffix - 0_
          - suffixed key columns - {id1_2_0_}

[DEBUG] Static select for entity com.co.ceiba.parqueadero.entity.Parqueadero [PESSIMISTIC_FORCE_INCREMENT]: select parqueader0_.id as id1_2_0_, parqueader0_.contador_carros as contador2_2_0_, parqueader0_.contador_motos as contador3_2_0_ from parqueadero parqueader0_ where parqueader0_.id=? for update
[DEBUG] Adding QuerySpace : uid = <gen:0> -> org.hibernate.loader.plan.build.internal.spaces.EntityQuerySpaceImpl@79dbefb5]
[DEBUG] Visiting attribute path : contadorCarros
[DEBUG] Visiting attribute path : contadorMotos
[DEBUG] Building LoadPlan...
[DEBUG] processing queryspace <gen:0>
[DEBUG] LoadPlan(entity=com.co.ceiba.parqueadero.entity.Parqueadero)
    - Returns
       - EntityReturnImpl(entity=com.co.ceiba.parqueadero.entity.Parqueadero, querySpaceUid=<gen:0>, path=com.co.ceiba.parqueadero.entity.Parqueadero)
    - QuerySpaces
       - EntityQuerySpaceImpl(uid=<gen:0>, entity=com.co.ceiba.parqueadero.entity.Parqueadero)
          - SQL table alias mapping - parqueader0_
          - alias suffix - 0_
          - suffixed key columns - {id1_2_0_}

[DEBUG] Static select for entity com.co.ceiba.parqueadero.entity.Parqueadero [OPTIMISTIC]: select parqueader0_.id as id1_2_0_, parqueader0_.contador_carros as contador2_2_0_, parqueader0_.contador_motos as contador3_2_0_ from parqueadero parqueader0_ where parqueader0_.id=?
[DEBUG] Adding QuerySpace : uid = <gen:0> -> org.hibernate.loader.plan.build.internal.spaces.EntityQuerySpaceImpl@564aedad]
[DEBUG] Visiting attribute path : contadorCarros
[DEBUG] Visiting attribute path : contadorMotos
[DEBUG] Building LoadPlan...
[DEBUG] processing queryspace <gen:0>
[DEBUG] LoadPlan(entity=com.co.ceiba.parqueadero.entity.Parqueadero)
    - Returns
       - EntityReturnImpl(entity=com.co.ceiba.parqueadero.entity.Parqueadero, querySpaceUid=<gen:0>, path=com.co.ceiba.parqueadero.entity.Parqueadero)
    - QuerySpaces
       - EntityQuerySpaceImpl(uid=<gen:0>, entity=com.co.ceiba.parqueadero.entity.Parqueadero)
          - SQL table alias mapping - parqueader0_
          - alias suffix - 0_
          - suffixed key columns - {id1_2_0_}

[DEBUG] Static select for entity com.co.ceiba.parqueadero.entity.Parqueadero [OPTIMISTIC_FORCE_INCREMENT]: select parqueader0_.id as id1_2_0_, parqueader0_.contador_carros as contador2_2_0_, parqueader0_.contador_motos as contador3_2_0_ from parqueadero parqueader0_ where parqueader0_.id=?
[DEBUG] Static select for action ACTION_MERGE on entity com.co.ceiba.parqueadero.entity.Parqueadero: select parqueader0_.id as id1_2_0_, parqueader0_.contador_carros as contador2_2_0_, parqueader0_.contador_motos as contador3_2_0_ from parqueadero parqueader0_ where parqueader0_.id=?
[DEBUG] Static select for action ACTION_REFRESH on entity com.co.ceiba.parqueadero.entity.Parqueadero: select parqueader0_.id as id1_2_0_, parqueader0_.contador_carros as contador2_2_0_, parqueader0_.contador_motos as contador3_2_0_ from parqueadero parqueader0_ where parqueader0_.id=?
[DEBUG] No alter strings for table : factura
[DEBUG] No alter strings for table : hibernate_sequence
[DEBUG] No alter strings for table : ingreso
[DEBUG] No alter strings for table : parqueadero
[DEBUG] alter table factura add constraint FKsaggloxnrvfpkfdbt27lrqek1 foreign key (idingreso_id) references ingreso (id)
[DEBUG] Checking 0 named HQL queries
[DEBUG] Checking 0 named SQL queries
[DEBUG] Initializing SessionFactoryRegistry : org.hibernate.internal.SessionFactoryRegistry@5a7cf357
[DEBUG] Registering SessionFactory: 00f4d587-bd77-4fee-ac53-752f79134b41 (<unnamed>)
[DEBUG] Not binding SessionFactory to JNDI, no JNDI name configured
[INFO] Initialized JPA EntityManagerFactory for persistence unit 'default'
[DEBUG] Returning cached instance of singleton bean 'org.springframework.transaction.config.internalTransactionAdvisor'
[DEBUG] Returning cached instance of singleton bean 'org.springframework.transaction.config.internalTransactionAdvisor'
[DEBUG] Finished creating instance of bean 'entityManagerFactory'
[DEBUG] Pre-instantiating singletons in org.springframework.beans.factory.support.DefaultListableBeanFactory@5d462f1b: defining beans [org.springframework.boot.test.mock.mockito.MockitoPostProcessor$SpyPostProcessor,org.springframework.boot.test.mock.mockito.MockitoPostProcessor,org.springframework.context.annotation.internalConfigurationAnnotationProcessor,org.springframework.context.annotation.internalAutowiredAnnotationProcessor,org.springframework.context.annotation.internalRequiredAnnotationProcessor,org.springframework.context.annotation.internalCommonAnnotationProcessor,org.springframework.context.annotation.internalPersistenceAnnotationProcessor,org.springframework.context.event.internalEventListenerProcessor,org.springframework.context.event.internalEventListenerFactory,parqueaderoApplication,org.springframework.boot.autoconfigure.internalCachingMetadataReaderFactory,facturaBusiness,ingresoBusiness,facturaCrud,ingresoCrud,listadoVehiculos,profileController,alpsController,repositoryEntityController,repositorySearchController,repositorySchemaController,repositoryController,repositoryPropertyReferenceController,org.springframework.boot.autoconfigure.AutoConfigurationPackages,org.springframework.boot.autoconfigure.context.PropertyPlaceholderAutoConfiguration,org.springframework.boot.autoconfigure.condition.BeanTypeRegistry,propertySourcesPlaceholderConfigurer,org.springframework.boot.autoconfigure.websocket.servlet.WebSocketServletAutoConfiguration$TomcatWebSocketConfiguration,websocketContainerCustomizer,org.springframework.boot.autoconfigure.websocket.servlet.WebSocketServletAutoConfiguration,org.springframework.boot.autoconfigure.web.servlet.ServletWebServerFactoryConfiguration$EmbeddedTomcat,tomcatServletWebServerFactory,org.springframework.boot.autoconfigure.web.servlet.ServletWebServerFactoryAutoConfiguration,servletWebServerFactoryCustomizer,tomcatServletWebServerFactoryCustomizer,server-org.springframework.boot.autoconfigure.web.ServerProperties,org.springframework.boot.context.properties.ConfigurationPropertiesBindingPostProcessor,org.springframework.boot.context.properties.ConfigurationBeanFactoryMetadata,webServerFactoryCustomizerBeanPostProcessor,errorPageRegistrarBeanPostProcessor,org.springframework.boot.autoconfigure.web.servlet.DispatcherServletAutoConfiguration$DispatcherServletConfiguration,dispatcherServlet,mainDispatcherServletPathProvider,spring.mvc-org.springframework.boot.autoconfigure.web.servlet.WebMvcProperties,org.springframework.boot.autoconfigure.web.servlet.DispatcherServletAutoConfiguration$DispatcherServletRegistrationConfiguration,dispatcherServletRegistration,org.springframework.boot.autoconfigure.web.servlet.DispatcherServletAutoConfiguration,org.springframework.boot.autoconfigure.validation.ValidationAutoConfiguration,defaultValidator,methodValidationPostProcessor,org.springframework.boot.autoconfigure.web.servlet.error.ErrorMvcAutoConfiguration$WhitelabelErrorViewConfiguration,error,beanNameViewResolver,org.springframework.boot.autoconfigure.web.servlet.error.ErrorMvcAutoConfiguration$DefaultErrorViewResolverConfiguration,conventionErrorViewResolver,org.springframework.boot.autoconfigure.web.servlet.error.ErrorMvcAutoConfiguration,errorAttributes,basicErrorController,errorPageCustomizer,preserveErrorControllerTargetClassPostProcessor,spring.resources-org.springframework.boot.autoconfigure.web.ResourceProperties,org.springframework.boot.autoconfigure.web.servlet.WebMvcAutoConfiguration$WebMvcAutoConfigurationAdapter$FaviconConfiguration,faviconHandlerMapping,faviconRequestHandler,org.springframework.boot.autoconfigure.web.servlet.WebMvcAutoConfiguration$EnableWebMvcConfiguration,requestMappingHandlerAdapter,requestMappingHandlerMapping,mvcConversionService,mvcValidator,mvcContentNegotiationManager,mvcPathMatcher,mvcUrlPathHelper,viewControllerHandlerMapping,beanNameHandlerMapping,resourceHandlerMapping,mvcResourceUrlProvider,defaultServletHandlerMapping,mvcUriComponentsContributor,httpRequestHandlerAdapter,simpleControllerHandlerAdapter,handlerExceptionResolver,mvcViewResolver,mvcHandlerMappingIntrospector,org.springframework.boot.autoconfigure.web.servlet.WebMvcAutoConfiguration$WebMvcAutoConfigurationAdapter,defaultViewResolver,viewResolver,welcomePageHandlerMapping,requestContextFilter,org.springframework.boot.autoconfigure.web.servlet.WebMvcAutoConfiguration,hiddenHttpMethodFilter,httpPutFormContentFilter,org.springframework.boot.autoconfigure.aop.AopAutoConfiguration$CglibAutoProxyConfiguration,org.springframework.aop.config.internalAutoProxyCreator,org.springframework.boot.autoconfigure.aop.AopAutoConfiguration,org.springframework.boot.autoconfigure.context.ConfigurationPropertiesAutoConfiguration,org.springframework.boot.autoconfigure.dao.PersistenceExceptionTranslationAutoConfiguration,persistenceExceptionTranslationPostProcessor,org.springframework.boot.autoconfigure.transaction.jta.JtaAutoConfiguration,spring.jta-org.springframework.boot.autoconfigure.transaction.jta.JtaProperties,org.springframework.boot.autoconfigure.jdbc.DataSourceConfiguration$Hikari,dataSource,org.springframework.boot.autoconfigure.jdbc.DataSourceAutoConfiguration$PooledDataSourceConfiguration,org.springframework.boot.autoconfigure.jdbc.metadata.DataSourcePoolMetadataProvidersConfiguration$HikariPoolDataSourceMetadataProviderConfiguration,hikariPoolDataSourceMetadataProvider,org.springframework.boot.autoconfigure.jdbc.metadata.DataSourcePoolMetadataProvidersConfiguration,org.springframework.boot.autoconfigure.jdbc.DataSourceInitializerInvoker,org.springframework.boot.autoconfigure.jdbc.DataSourceInitializationConfiguration,dataSourceInitializerPostProcessor,org.springframework.boot.autoconfigure.jdbc.DataSourceAutoConfiguration,spring.datasource-org.springframework.boot.autoconfigure.jdbc.DataSourceProperties,org.springframework.boot.autoconfigure.orm.jpa.JpaBaseConfiguration$JpaWebConfiguration$JpaWebMvcConfiguration,openEntityManagerInViewInterceptor,org.springframework.boot.autoconfigure.orm.jpa.JpaBaseConfiguration$JpaWebConfiguration,org.springframework.boot.autoconfigure.orm.jpa.HibernateJpaConfiguration,transactionManager,jpaVendorAdapter,entityManagerFactoryBuilder,entityManagerFactory,spring.jpa-org.springframework.boot.autoconfigure.orm.jpa.JpaProperties,dataSourceInitializedPublisher,org.springframework.boot.autoconfigure.orm.jpa.HibernateJpaAutoConfiguration,org.springframework.boot.autoconfigure.data.jpa.JpaRepositoriesAutoConfiguration,emBeanDefinitionRegistrarPostProcessor,jpaMappingContext,jpaContext,IParqueaderoRepository,IFacturaRepository,IIngresoRepository,org.springframework.boot.autoconfigure.jackson.JacksonAutoConfiguration$Jackson2ObjectMapperBuilderCustomizerConfiguration,standardJacksonObjectMapperBuilderCustomizer,spring.jackson-org.springframework.boot.autoconfigure.jackson.JacksonProperties,org.springframework.boot.autoconfigure.jackson.JacksonAutoConfiguration$JacksonObjectMapperBuilderConfiguration,jacksonObjectMapperBuilder,org.springframework.boot.autoconfigure.jackson.JacksonAutoConfiguration$ParameterNamesModuleConfiguration,parameterNamesModule,org.springframework.boot.autoconfigure.jackson.JacksonAutoConfiguration$JacksonObjectMapperConfiguration,jacksonObjectMapper,org.springframework.boot.autoconfigure.jackson.JacksonAutoConfiguration,jsonComponentModule,org.springframework.boot.autoconfigure.http.HttpMessageConvertersAutoConfiguration$StringHttpMessageConverterConfiguration,stringHttpMessageConverter,spring.http.encoding-org.springframework.boot.autoconfigure.http.HttpEncodingProperties,org.springframework.boot.autoconfigure.http.JacksonHttpMessageConvertersConfiguration$MappingJackson2HttpMessageConverterConfiguration,mappingJackson2HttpMessageConverter,org.springframework.boot.autoconfigure.http.JacksonHttpMessageConvertersConfiguration,org.springframework.boot.autoconfigure.http.HttpMessageConvertersAutoConfiguration,messageConverters,org.springframework.hateoas.config.HateoasConfiguration,linkRelationMessageSource,org.springframework.data.web.config.SpringDataJacksonConfiguration,jacksonGeoModule,org.springframework.data.rest.webmvc.config.RepositoryRestMvcConfiguration,repositories,repositoryRelProvider,persistentEntities,defaultConversionService,validatingRepositoryEventListener,jpaHelper,repositoryRestConfiguration,projectionDefinitionRegistrar,metadataConfiguration,baseUri,annotatedEventHandlerInvoker,domainObjectMerger,serverHttpRequestMethodArgumentResolver,repoRequestArgumentResolver,resourceMetadataHandlerMethodArgumentResolver,backendIdHandlerMethodArgumentResolver,eTagArgumentResolver,entityLinks,persistentEntityArgumentResolver,jsonSchemaConverter,resourceDescriptionMessageSourceAccessor,objectMapper,jacksonHttpMessageConverter,halJacksonHttpMessageConverter,halObjectMapper,uriListHttpMessageConverter,resourceProcessorInvoker,repositoryExporterHandlerAdapter,restHandlerMapping,resourceMappings,linkCollector,excerptProjector,repositoryRestExceptionHandler,repositoryInvokerFactory,defaultMessageConverters,alpsJsonHttpMessageConverter,pageableResolver,sortResolver,backendIdConverterRegistry,auditableBeanWrapperFactory,httpHeadersPreparer,selfLinkProvider,associationLinks,enumTranslator,alpsConverter,profileResourceProcessor,pagedResourcesAssembler,pagedResourcesAssemblerArgumentResolver,entityLinksPluginRegistry,controllerEntityLinks,delegatingEntityLinks,org.springframework.hateoas.hal.HalLinkDiscoverer#0,_halObjectMapper,org.springframework.hateoas.config.HypermediaSupportBeanDefinitionRegistrar$DefaultObjectMapperCustomizer#0,org.springframework.hateoas.config.HypermediaSupportBeanDefinitionRegistrar$Jackson2ModuleRegisteringBeanPostProcessor#0,org.springframework.hateoas.hal.HalConfiguration#0,_linkDiscovererRegistry,org.springframework.hateoas.LinkDiscoverers#0,defaultRelProvider,annotationRelProvider,relProviderPluginRegistry,_relProvider,org.springframework.boot.autoconfigure.data.rest.RepositoryRestMvcAutoConfiguration,springBootRepositoryRestConfigurer,spring.data.rest-org.springframework.boot.autoconfigure.data.rest.RepositoryRestProperties,org.springframework.boot.autoconfigure.hateoas.HypermediaHttpMessageConverterConfiguration,halMessageConverterSupportedMediaTypeCustomizer,org.springframework.boot.autoconfigure.hateoas.HypermediaAutoConfiguration,spring.hateoas-org.springframework.boot.autoconfigure.hateoas.HateoasProperties,org.springframework.boot.autoconfigure.http.codec.CodecsAutoConfiguration$JacksonCodecConfiguration,jacksonCodecCustomizer,org.springframework.boot.autoconfigure.http.codec.CodecsAutoConfiguration,org.springframework.boot.autoconfigure.info.ProjectInfoAutoConfiguration,spring.info-org.springframework.boot.autoconfigure.info.ProjectInfoProperties,org.springframework.boot.autoconfigure.jdbc.JdbcTemplateAutoConfiguration$JdbcTemplateConfiguration,jdbcTemplate,org.springframework.boot.autoconfigure.jdbc.JdbcTemplateAutoConfiguration$NamedParameterJdbcTemplateConfiguration,namedParameterJdbcTemplate,org.springframework.boot.autoconfigure.jdbc.JdbcTemplateAutoConfiguration,spring.jdbc-org.springframework.boot.autoconfigure.jdbc.JdbcProperties,org.springframework.boot.autoconfigure.security.reactive.ReactiveSecurityAutoConfiguration,spring.security-org.springframework.boot.autoconfigure.security.SecurityProperties,org.springframework.boot.autoconfigure.jdbc.DataSourceTransactionManagerAutoConfiguration$DataSourceTransactionManagerConfiguration,org.springframework.boot.autoconfigure.jdbc.DataSourceTransactionManagerAutoConfiguration,org.springframework.transaction.annotation.ProxyTransactionManagementConfiguration,org.springframework.transaction.config.internalTransactionAdvisor,transactionAttributeSource,transactionInterceptor,org.springframework.transaction.config.internalTransactionalEventListenerFactory,org.springframework.boot.autoconfigure.transaction.TransactionAutoConfiguration$EnableTransactionManagementConfiguration$CglibAutoProxyConfiguration,org.springframework.boot.autoconfigure.transaction.TransactionAutoConfiguration$EnableTransactionManagementConfiguration,org.springframework.boot.autoconfigure.transaction.TransactionAutoConfiguration$TransactionTemplateConfiguration,transactionTemplate,org.springframework.boot.autoconfigure.transaction.TransactionAutoConfiguration,platformTransactionManagerCustomizers,spring.transaction-org.springframework.boot.autoconfigure.transaction.TransactionProperties,org.springframework.boot.autoconfigure.web.client.RestTemplateAutoConfiguration,restTemplateBuilder,org.springframework.boot.autoconfigure.web.embedded.EmbeddedWebServerFactoryCustomizerAutoConfiguration$TomcatWebServerFactoryCustomizerConfiguration,tomcatWebServerFactoryCustomizer,org.springframework.boot.autoconfigure.web.embedded.EmbeddedWebServerFactoryCustomizerAutoConfiguration,org.springframework.boot.autoconfigure.web.servlet.HttpEncodingAutoConfiguration,characterEncodingFilter,localeCharsetMappingsCustomizer,org.springframework.boot.autoconfigure.web.servlet.MultipartAutoConfiguration,multipartConfigElement,multipartResolver,spring.servlet.multipart-org.springframework.boot.autoconfigure.web.servlet.MultipartProperties,org.springframework.orm.jpa.SharedEntityManagerCreator#0]; root of factory hierarchy
[DEBUG] Returning cached instance of singleton bean 'org.springframework.boot.test.mock.mockito.MockitoPostProcessor$SpyPostProcessor'
[DEBUG] Returning cached instance of singleton bean 'org.springframework.boot.test.mock.mockito.MockitoPostProcessor'
[DEBUG] Returning cached instance of singleton bean 'org.springframework.context.annotation.internalConfigurationAnnotationProcessor'
[DEBUG] Returning cached instance of singleton bean 'org.springframework.context.annotation.internalAutowiredAnnotationProcessor'
[DEBUG] Returning cached instance of singleton bean 'org.springframework.context.annotation.internalRequiredAnnotationProcessor'
[DEBUG] Returning cached instance of singleton bean 'org.springframework.context.annotation.internalCommonAnnotationProcessor'
[DEBUG] Returning cached instance of singleton bean 'org.springframework.context.annotation.internalPersistenceAnnotationProcessor'
[DEBUG] Creating shared instance of singleton bean 'org.springframework.context.event.internalEventListenerProcessor'
[DEBUG] Creating instance of bean 'org.springframework.context.event.internalEventListenerProcessor'
[DEBUG] Returning cached instance of singleton bean 'org.springframework.transaction.config.internalTransactionAdvisor'
[DEBUG] Eagerly caching bean 'org.springframework.context.event.internalEventListenerProcessor' to allow for resolving potential circular references
[DEBUG] Returning cached instance of singleton bean 'org.springframework.transaction.config.internalTransactionAdvisor'
[DEBUG] Returning cached instance of singleton bean 'org.springframework.transaction.config.internalTransactionAdvisor'
[DEBUG] Finished creating instance of bean 'org.springframework.context.event.internalEventListenerProcessor'
[DEBUG] Creating shared instance of singleton bean 'org.springframework.context.event.internalEventListenerFactory'
[DEBUG] Creating instance of bean 'org.springframework.context.event.internalEventListenerFactory'
[DEBUG] Returning cached instance of singleton bean 'org.springframework.transaction.config.internalTransactionAdvisor'
[DEBUG] Eagerly caching bean 'org.springframework.context.event.internalEventListenerFactory' to allow for resolving potential circular references
[DEBUG] Returning cached instance of singleton bean 'org.springframework.transaction.config.internalTransactionAdvisor'
[DEBUG] Returning cached instance of singleton bean 'org.springframework.transaction.config.internalTransactionAdvisor'
[DEBUG] Finished creating instance of bean 'org.springframework.context.event.internalEventListenerFactory'
[DEBUG] Creating shared instance of singleton bean 'parqueaderoApplication'
[DEBUG] Creating instance of bean 'parqueaderoApplication'
[DEBUG] Returning cached instance of singleton bean 'org.springframework.transaction.config.internalTransactionAdvisor'
[DEBUG] Eagerly caching bean 'parqueaderoApplication' to allow for resolving potential circular references
[DEBUG] Returning cached instance of singleton bean 'org.springframework.transaction.config.internalTransactionAdvisor'
[DEBUG] Returning cached instance of singleton bean 'org.springframework.transaction.config.internalTransactionAdvisor'
[DEBUG] Finished creating instance of bean 'parqueaderoApplication'
[DEBUG] Returning cached instance of singleton bean 'org.springframework.boot.autoconfigure.internalCachingMetadataReaderFactory'
[DEBUG] Creating shared instance of singleton bean 'facturaBusiness'
[DEBUG] Creating instance of bean 'facturaBusiness'
[DEBUG] Returning cached instance of singleton bean 'org.springframework.transaction.config.internalTransactionAdvisor'
[DEBUG] Registered injected element on class [com.co.ceiba.parqueadero.business.FacturaBusiness]: AutowiredFieldElement for public com.co.ceiba.parqueadero.repository.IFacturaRepository com.co.ceiba.parqueadero.business.FacturaBusiness.facturarepository
[DEBUG] Registered injected element on class [com.co.ceiba.parqueadero.business.FacturaBusiness]: AutowiredFieldElement for public com.co.ceiba.parqueadero.repository.IIngresoRepository com.co.ceiba.parqueadero.business.FacturaBusiness.ingresorepository
[DEBUG] Registered injected element on class [com.co.ceiba.parqueadero.business.FacturaBusiness]: AutowiredFieldElement for public com.co.ceiba.parqueadero.repository.IParqueaderoRepository com.co.ceiba.parqueadero.business.FacturaBusiness.parqueaderorepository
[DEBUG] Eagerly caching bean 'facturaBusiness' to allow for resolving potential circular references
[DEBUG] Processing injected element of bean 'facturaBusiness': AutowiredFieldElement for public com.co.ceiba.parqueadero.repository.IFacturaRepository com.co.ceiba.parqueadero.business.FacturaBusiness.facturarepository
[DEBUG] Creating shared instance of singleton bean 'IFacturaRepository'
[DEBUG] Creating instance of bean 'IFacturaRepository'
[DEBUG] Returning cached instance of singleton bean 'org.springframework.transaction.config.internalTransactionAdvisor'
[DEBUG] Registered injected element on class [org.springframework.data.jpa.repository.support.JpaRepositoryFactoryBean]: PersistenceElement for public void org.springframework.data.jpa.repository.support.JpaRepositoryFactoryBean.setEntityManager(javax.persistence.EntityManager)
[DEBUG] Eagerly caching bean 'IFacturaRepository' to allow for resolving potential circular references
[DEBUG] Processing injected element of bean 'IFacturaRepository': PersistenceElement for public void org.springframework.data.jpa.repository.support.JpaRepositoryFactoryBean.setEntityManager(javax.persistence.EntityManager)
[DEBUG] Creating instance of bean '(inner bean)#6f70f2a7'
[DEBUG] Returning cached instance of singleton bean 'org.springframework.transaction.config.internalTransactionAdvisor'
[DEBUG] Creating instance of bean '(inner bean)#67809d3d'
[DEBUG] Returning cached instance of singleton bean 'org.springframework.transaction.config.internalTransactionAdvisor'
[DEBUG] Resolved classpath location [META-INF/jpa-named-queries.properties] to resources []
[DEBUG] Invoking afterPropertiesSet() on bean with name '(inner bean)#67809d3d'
[DEBUG] Returning cached instance of singleton bean 'org.springframework.transaction.config.internalTransactionAdvisor'
[DEBUG] Returning cached instance of singleton bean 'org.springframework.transaction.config.internalTransactionAdvisor'
[DEBUG] Finished creating instance of bean '(inner bean)#67809d3d'
[DEBUG] Returning cached instance of singleton bean 'org.springframework.transaction.config.internalTransactionAdvisor'
[DEBUG] Returning cached instance of singleton bean 'org.springframework.transaction.config.internalTransactionAdvisor'
[DEBUG] Returning cached instance of singleton bean 'org.springframework.transaction.config.internalTransactionAdvisor'
[DEBUG] Returning cached instance of singleton bean 'org.springframework.transaction.config.internalTransactionAdvisor'
[DEBUG] Finished creating instance of bean '(inner bean)#6f70f2a7'
[DEBUG] Creating instance of bean '(inner bean)#5f0db5f6'
[DEBUG] Returning cached instance of singleton bean 'org.springframework.transaction.config.internalTransactionAdvisor'
[DEBUG] Invoking afterPropertiesSet() on bean with name '(inner bean)#5f0db5f6'
[DEBUG] Returning cached instance of singleton bean 'org.springframework.transaction.config.internalTransactionAdvisor'
[DEBUG] Returning cached instance of singleton bean 'org.springframework.transaction.config.internalTransactionAdvisor'
[DEBUG] Finished creating instance of bean '(inner bean)#5f0db5f6'
[DEBUG] Returning cached instance of singleton bean 'org.springframework.transaction.config.internalTransactionAdvisor'
[DEBUG] Returning cached instance of singleton bean 'org.springframework.transaction.config.internalTransactionAdvisor'
[DEBUG] Creating instance of bean '(inner bean)#2f721fdd'
[DEBUG] Returning cached instance of singleton bean 'org.springframework.transaction.config.internalTransactionAdvisor'
[DEBUG] Returning cached instance of singleton bean 'org.springframework.transaction.config.internalTransactionAdvisor'
[DEBUG] Returning cached instance of singleton bean 'org.springframework.transaction.config.internalTransactionAdvisor'
[DEBUG] Finished creating instance of bean '(inner bean)#2f721fdd'
[DEBUG] Creating instance of bean '(inner bean)#264d4cae'
[DEBUG] Returning cached instance of singleton bean 'org.springframework.transaction.config.internalTransactionAdvisor'
[DEBUG] Returning cached instance of singleton bean 'entityManagerFactory'
[DEBUG] Returning cached instance of singleton bean 'org.springframework.transaction.config.internalTransactionAdvisor'
[DEBUG] Returning cached instance of singleton bean 'org.springframework.transaction.config.internalTransactionAdvisor'
[DEBUG] Returning cached instance of singleton bean 'org.springframework.boot.autoconfigure.jdbc.DataSourceInitializerInvoker'
[DEBUG] Resolved classpath location [data-all.sql] to resources []
[DEBUG] Resolved classpath location [data.sql] to resources []
[DEBUG] Returning cached instance of singleton bean 'org.springframework.transaction.config.internalTransactionAdvisor'
[DEBUG] Returning cached instance of singleton bean 'org.springframework.transaction.config.internalTransactionAdvisor'
[DEBUG] Finished creating instance of bean '(inner bean)#264d4cae'
[DEBUG] Creating shared instance of singleton bean 'jpaMappingContext'
[DEBUG] Creating instance of bean 'jpaMappingContext'
[DEBUG] Returning cached instance of singleton bean 'org.springframework.transaction.config.internalTransactionAdvisor'
[DEBUG] Eagerly caching bean 'jpaMappingContext' to allow for resolving potential circular references
[DEBUG] Invoking afterPropertiesSet() on bean with name 'jpaMappingContext'
[DEBUG] Returning cached instance of singleton bean 'entityManagerFactory'
[DEBUG] Returning cached instance of singleton bean 'org.springframework.transaction.config.internalTransactionAdvisor'
[DEBUG] Returning cached instance of singleton bean 'org.springframework.transaction.config.internalTransactionAdvisor'
[DEBUG] Finished creating instance of bean 'jpaMappingContext'
[DEBUG] Returning cached instance of singleton bean 'org.springframework.transaction.config.internalTransactionAdvisor'
[DEBUG] Returning cached instance of singleton bean 'org.springframework.transaction.config.internalTransactionAdvisor'
[DEBUG] Invoking afterPropertiesSet() on bean with name 'IFacturaRepository'
[DEBUG] Creating new EntityManager for shared EntityManager invocation
[DEBUG] Statistics initialized [enabled=false]
[DEBUG] Closing JPA EntityManager
[DEBUG] Creating new EntityManager for shared EntityManager invocation
[DEBUG] Closing JPA EntityManager
[DEBUG] Creating new EntityManager for shared EntityManager invocation
[DEBUG] Closing JPA EntityManager
[DEBUG] Creating JDK dynamic proxy: target source is org.springframework.data.jpa.repository.support.CrudMethodMetadataPostProcessor$ThreadBoundTargetSource@775fe733
[DEBUG] Creating new EntityManager for shared EntityManager invocation
[DEBUG] Closing JPA EntityManager
[DEBUG] Creating JDK dynamic proxy: target source is SingletonTargetSource for target object [org.springframework.data.jpa.repository.support.SimpleJpaRepository@3dc1f65b]
[DEBUG] Returning cached instance of singleton bean 'org.springframework.transaction.config.internalTransactionAdvisor'
[DEBUG] Returning cached instance of singleton bean 'org.springframework.transaction.config.internalTransactionAdvisor'
[DEBUG] Finished creating instance of bean 'IFacturaRepository'
[DEBUG] Returning cached instance of singleton bean 'org.springframework.transaction.config.internalTransactionAdvisor'
[DEBUG] Returning cached instance of singleton bean 'org.springframework.transaction.config.internalTransactionAdvisor'
[DEBUG] Autowiring by type from bean name 'facturaBusiness' to bean named 'IFacturaRepository'
[DEBUG] Processing injected element of bean 'facturaBusiness': AutowiredFieldElement for public com.co.ceiba.parqueadero.repository.IIngresoRepository com.co.ceiba.parqueadero.business.FacturaBusiness.ingresorepository
[DEBUG] Creating shared instance of singleton bean 'IIngresoRepository'
[DEBUG] Creating instance of bean 'IIngresoRepository'
[DEBUG] Returning cached instance of singleton bean 'org.springframework.transaction.config.internalTransactionAdvisor'
[DEBUG] Registered injected element on class [org.springframework.data.jpa.repository.support.JpaRepositoryFactoryBean]: PersistenceElement for public void org.springframework.data.jpa.repository.support.JpaRepositoryFactoryBean.setEntityManager(javax.persistence.EntityManager)
[DEBUG] Eagerly caching bean 'IIngresoRepository' to allow for resolving potential circular references
[DEBUG] Processing injected element of bean 'IIngresoRepository': PersistenceElement for public void org.springframework.data.jpa.repository.support.JpaRepositoryFactoryBean.setEntityManager(javax.persistence.EntityManager)
[DEBUG] Creating instance of bean '(inner bean)#5a476b7f'
[DEBUG] Returning cached instance of singleton bean 'org.springframework.transaction.config.internalTransactionAdvisor'
[DEBUG] Creating instance of bean '(inner bean)#3e1fa7f3'
[DEBUG] Returning cached instance of singleton bean 'org.springframework.transaction.config.internalTransactionAdvisor'
[DEBUG] Resolved classpath location [META-INF/jpa-named-queries.properties] to resources []
[DEBUG] Invoking afterPropertiesSet() on bean with name '(inner bean)#3e1fa7f3'
[DEBUG] Returning cached instance of singleton bean 'org.springframework.transaction.config.internalTransactionAdvisor'
[DEBUG] Returning cached instance of singleton bean 'org.springframework.transaction.config.internalTransactionAdvisor'
[DEBUG] Finished creating instance of bean '(inner bean)#3e1fa7f3'
[DEBUG] Returning cached instance of singleton bean 'org.springframework.transaction.config.internalTransactionAdvisor'
[DEBUG] Returning cached instance of singleton bean 'org.springframework.transaction.config.internalTransactionAdvisor'
[DEBUG] Returning cached instance of singleton bean 'org.springframework.transaction.config.internalTransactionAdvisor'
[DEBUG] Returning cached instance of singleton bean 'org.springframework.transaction.config.internalTransactionAdvisor'
[DEBUG] Finished creating instance of bean '(inner bean)#5a476b7f'
[DEBUG] Creating instance of bean '(inner bean)#3c6d954a'
[DEBUG] Returning cached instance of singleton bean 'org.springframework.transaction.config.internalTransactionAdvisor'
[DEBUG] Invoking afterPropertiesSet() on bean with name '(inner bean)#3c6d954a'
[DEBUG] Returning cached instance of singleton bean 'org.springframework.transaction.config.internalTransactionAdvisor'
[DEBUG] Returning cached instance of singleton bean 'org.springframework.transaction.config.internalTransactionAdvisor'
[DEBUG] Finished creating instance of bean '(inner bean)#3c6d954a'
[DEBUG] Returning cached instance of singleton bean 'org.springframework.transaction.config.internalTransactionAdvisor'
[DEBUG] Returning cached instance of singleton bean 'org.springframework.transaction.config.internalTransactionAdvisor'
[DEBUG] Creating instance of bean '(inner bean)#39c08ed7'
[DEBUG] Returning cached instance of singleton bean 'org.springframework.transaction.config.internalTransactionAdvisor'
[DEBUG] Returning cached instance of singleton bean 'org.springframework.transaction.config.internalTransactionAdvisor'
[DEBUG] Returning cached instance of singleton bean 'org.springframework.transaction.config.internalTransactionAdvisor'
[DEBUG] Finished creating instance of bean '(inner bean)#39c08ed7'
[DEBUG] Creating instance of bean '(inner bean)#514f488a'
[DEBUG] Returning cached instance of singleton bean 'org.springframework.transaction.config.internalTransactionAdvisor'
[DEBUG] Returning cached instance of singleton bean 'entityManagerFactory'
[DEBUG] Returning cached instance of singleton bean 'org.springframework.transaction.config.internalTransactionAdvisor'
[DEBUG] Returning cached instance of singleton bean 'org.springframework.transaction.config.internalTransactionAdvisor'
[DEBUG] Finished creating instance of bean '(inner bean)#514f488a'
[DEBUG] Returning cached instance of singleton bean 'jpaMappingContext'
[DEBUG] Invoking afterPropertiesSet() on bean with name 'IIngresoRepository'
[DEBUG] Creating new EntityManager for shared EntityManager invocation
[DEBUG] Closing JPA EntityManager
[DEBUG] Creating new EntityManager for shared EntityManager invocation
[DEBUG] Closing JPA EntityManager
[DEBUG] Creating JDK dynamic proxy: target source is org.springframework.data.jpa.repository.support.CrudMethodMetadataPostProcessor$ThreadBoundTargetSource@7bb3bec8
[DEBUG] Creating new EntityManager for shared EntityManager invocation
[DEBUG] Closing JPA EntityManager
[DEBUG] Looking up query for method findByPlaca
[DEBUG] Looking up named query Ingreso.findByPlaca
[DEBUG] Did not find named query Ingreso.findByPlaca
[DEBUG] Creating new EntityManager for shared EntityManager invocation
[DEBUG] Closing JPA EntityManager
[DEBUG] Creating JDK dynamic proxy: target source is SingletonTargetSource for target object [org.springframework.data.jpa.repository.support.SimpleJpaRepository@449cea21]
[DEBUG] Returning cached instance of singleton bean 'org.springframework.transaction.config.internalTransactionAdvisor'
[DEBUG] Returning cached instance of singleton bean 'org.springframework.transaction.config.internalTransactionAdvisor'
[DEBUG] Finished creating instance of bean 'IIngresoRepository'
[DEBUG] Returning cached instance of singleton bean 'org.springframework.transaction.config.internalTransactionAdvisor'
[DEBUG] Returning cached instance of singleton bean 'org.springframework.transaction.config.internalTransactionAdvisor'
[DEBUG] Autowiring by type from bean name 'facturaBusiness' to bean named 'IIngresoRepository'
[DEBUG] Processing injected element of bean 'facturaBusiness': AutowiredFieldElement for public com.co.ceiba.parqueadero.repository.IParqueaderoRepository com.co.ceiba.parqueadero.business.FacturaBusiness.parqueaderorepository
[DEBUG] Creating shared instance of singleton bean 'IParqueaderoRepository'
[DEBUG] Creating instance of bean 'IParqueaderoRepository'
[DEBUG] Returning cached instance of singleton bean 'org.springframework.transaction.config.internalTransactionAdvisor'
[DEBUG] Registered injected element on class [org.springframework.data.jpa.repository.support.JpaRepositoryFactoryBean]: PersistenceElement for public void org.springframework.data.jpa.repository.support.JpaRepositoryFactoryBean.setEntityManager(javax.persistence.EntityManager)
[DEBUG] Eagerly caching bean 'IParqueaderoRepository' to allow for resolving potential circular references
[DEBUG] Processing injected element of bean 'IParqueaderoRepository': PersistenceElement for public void org.springframework.data.jpa.repository.support.JpaRepositoryFactoryBean.setEntityManager(javax.persistence.EntityManager)
[DEBUG] Creating instance of bean '(inner bean)#2ce7bc0'
[DEBUG] Returning cached instance of singleton bean 'org.springframework.transaction.config.internalTransactionAdvisor'
[DEBUG] Creating instance of bean '(inner bean)#625d0fd4'
[DEBUG] Returning cached instance of singleton bean 'org.springframework.transaction.config.internalTransactionAdvisor'
[DEBUG] Resolved classpath location [META-INF/jpa-named-queries.properties] to resources []
[DEBUG] Invoking afterPropertiesSet() on bean with name '(inner bean)#625d0fd4'
[DEBUG] Returning cached instance of singleton bean 'org.springframework.transaction.config.internalTransactionAdvisor'
[DEBUG] Returning cached instance of singleton bean 'org.springframework.transaction.config.internalTransactionAdvisor'
[DEBUG] Finished creating instance of bean '(inner bean)#625d0fd4'
[DEBUG] Returning cached instance of singleton bean 'org.springframework.transaction.config.internalTransactionAdvisor'
[DEBUG] Returning cached instance of singleton bean 'org.springframework.transaction.config.internalTransactionAdvisor'
[DEBUG] Returning cached instance of singleton bean 'org.springframework.transaction.config.internalTransactionAdvisor'
[DEBUG] Returning cached instance of singleton bean 'org.springframework.transaction.config.internalTransactionAdvisor'
[DEBUG] Finished creating instance of bean '(inner bean)#2ce7bc0'
[DEBUG] Creating instance of bean '(inner bean)#404d2637'
[DEBUG] Returning cached instance of singleton bean 'org.springframework.transaction.config.internalTransactionAdvisor'
[DEBUG] Invoking afterPropertiesSet() on bean with name '(inner bean)#404d2637'
[DEBUG] Returning cached instance of singleton bean 'org.springframework.transaction.config.internalTransactionAdvisor'
[DEBUG] Returning cached instance of singleton bean 'org.springframework.transaction.config.internalTransactionAdvisor'
[DEBUG] Finished creating instance of bean '(inner bean)#404d2637'
[DEBUG] Returning cached instance of singleton bean 'org.springframework.transaction.config.internalTransactionAdvisor'
[DEBUG] Returning cached instance of singleton bean 'org.springframework.transaction.config.internalTransactionAdvisor'
[DEBUG] Creating instance of bean '(inner bean)#1e3b95dd'
[DEBUG] Returning cached instance of singleton bean 'org.springframework.transaction.config.internalTransactionAdvisor'
[DEBUG] Returning cached instance of singleton bean 'org.springframework.transaction.config.internalTransactionAdvisor'
[DEBUG] Returning cached instance of singleton bean 'org.springframework.transaction.config.internalTransactionAdvisor'
[DEBUG] Finished creating instance of bean '(inner bean)#1e3b95dd'
[DEBUG] Creating instance of bean '(inner bean)#66d9d80d'
[DEBUG] Returning cached instance of singleton bean 'org.springframework.transaction.config.internalTransactionAdvisor'
[DEBUG] Returning cached instance of singleton bean 'entityManagerFactory'
[DEBUG] Returning cached instance of singleton bean 'org.springframework.transaction.config.internalTransactionAdvisor'
[DEBUG] Returning cached instance of singleton bean 'org.springframework.transaction.config.internalTransactionAdvisor'
[DEBUG] Finished creating instance of bean '(inner bean)#66d9d80d'
[DEBUG] Returning cached instance of singleton bean 'jpaMappingContext'
[DEBUG] Invoking afterPropertiesSet() on bean with name 'IParqueaderoRepository'
[DEBUG] Creating new EntityManager for shared EntityManager invocation
[DEBUG] Closing JPA EntityManager
[DEBUG] Creating new EntityManager for shared EntityManager invocation
[DEBUG] Closing JPA EntityManager
[DEBUG] Creating JDK dynamic proxy: target source is org.springframework.data.jpa.repository.support.CrudMethodMetadataPostProcessor$ThreadBoundTargetSource@573c15a4
[DEBUG] Creating new EntityManager for shared EntityManager invocation
[DEBUG] Closing JPA EntityManager
[DEBUG] Creating JDK dynamic proxy: target source is SingletonTargetSource for target object [org.springframework.data.jpa.repository.support.SimpleJpaRepository@7f0da6fe]
[DEBUG] Returning cached instance of singleton bean 'org.springframework.transaction.config.internalTransactionAdvisor'
[DEBUG] Returning cached instance of singleton bean 'org.springframework.transaction.config.internalTransactionAdvisor'
[DEBUG] Finished creating instance of bean 'IParqueaderoRepository'
[DEBUG] Returning cached instance of singleton bean 'org.springframework.transaction.config.internalTransactionAdvisor'
[DEBUG] Returning cached instance of singleton bean 'org.springframework.transaction.config.internalTransactionAdvisor'
[DEBUG] Autowiring by type from bean name 'facturaBusiness' to bean named 'IParqueaderoRepository'
[DEBUG] Returning cached instance of singleton bean 'org.springframework.transaction.config.internalTransactionAdvisor'
[DEBUG] Returning cached instance of singleton bean 'org.springframework.transaction.config.internalTransactionAdvisor'
[DEBUG] Finished creating instance of bean 'facturaBusiness'
[DEBUG] Creating shared instance of singleton bean 'ingresoBusiness'
[DEBUG] Creating instance of bean 'ingresoBusiness'
[DEBUG] Returning cached instance of singleton bean 'org.springframework.transaction.config.internalTransactionAdvisor'
[DEBUG] Registered injected element on class [com.co.ceiba.parqueadero.business.IngresoBusiness]: AutowiredFieldElement for public com.co.ceiba.parqueadero.repository.IParqueaderoRepository com.co.ceiba.parqueadero.business.IngresoBusiness.parqueaderorepository
[DEBUG] Registered injected element on class [com.co.ceiba.parqueadero.business.IngresoBusiness]: AutowiredFieldElement for public com.co.ceiba.parqueadero.repository.IIngresoRepository com.co.ceiba.parqueadero.business.IngresoBusiness.ingresorepository
[DEBUG] Eagerly caching bean 'ingresoBusiness' to allow for resolving potential circular references
[DEBUG] Processing injected element of bean 'ingresoBusiness': AutowiredFieldElement for public com.co.ceiba.parqueadero.repository.IParqueaderoRepository com.co.ceiba.parqueadero.business.IngresoBusiness.parqueaderorepository
[DEBUG] Returning cached instance of singleton bean 'IParqueaderoRepository'
[DEBUG] Autowiring by type from bean name 'ingresoBusiness' to bean named 'IParqueaderoRepository'
[DEBUG] Processing injected element of bean 'ingresoBusiness': AutowiredFieldElement for public com.co.ceiba.parqueadero.repository.IIngresoRepository com.co.ceiba.parqueadero.business.IngresoBusiness.ingresorepository
[DEBUG] Returning cached instance of singleton bean 'IIngresoRepository'
[DEBUG] Autowiring by type from bean name 'ingresoBusiness' to bean named 'IIngresoRepository'
[DEBUG] Returning cached instance of singleton bean 'org.springframework.transaction.config.internalTransactionAdvisor'
[DEBUG] Returning cached instance of singleton bean 'org.springframework.transaction.config.internalTransactionAdvisor'
[DEBUG] Finished creating instance of bean 'ingresoBusiness'
[DEBUG] Creating shared instance of singleton bean 'facturaCrud'
[DEBUG] Creating instance of bean 'facturaCrud'
[DEBUG] Returning cached instance of singleton bean 'org.springframework.transaction.config.internalTransactionAdvisor'
[DEBUG] Registered injected element on class [com.co.ceiba.parqueadero.services.FacturaCrud]: AutowiredFieldElement for public com.co.ceiba.parqueadero.business.FacturaBusiness com.co.ceiba.parqueadero.services.FacturaCrud.facturaBuss
[DEBUG] Eagerly caching bean 'facturaCrud' to allow for resolving potential circular references
[DEBUG] Processing injected element of bean 'facturaCrud': AutowiredFieldElement for public com.co.ceiba.parqueadero.business.FacturaBusiness com.co.ceiba.parqueadero.services.FacturaCrud.facturaBuss
[DEBUG] Returning cached instance of singleton bean 'facturaBusiness'
[DEBUG] Autowiring by type from bean name 'facturaCrud' to bean named 'facturaBusiness'
[DEBUG] Returning cached instance of singleton bean 'org.springframework.transaction.config.internalTransactionAdvisor'
[DEBUG] Returning cached instance of singleton bean 'org.springframework.transaction.config.internalTransactionAdvisor'
[DEBUG] Finished creating instance of bean 'facturaCrud'
[DEBUG] Creating shared instance of singleton bean 'ingresoCrud'
[DEBUG] Creating instance of bean 'ingresoCrud'
[DEBUG] Returning cached instance of singleton bean 'org.springframework.transaction.config.internalTransactionAdvisor'
[DEBUG] Registered injected element on class [com.co.ceiba.parqueadero.services.IngresoCrud]: AutowiredFieldElement for public com.co.ceiba.parqueadero.business.IngresoBusiness com.co.ceiba.parqueadero.services.IngresoCrud.ingresoBuss
[DEBUG] Eagerly caching bean 'ingresoCrud' to allow for resolving potential circular references
[DEBUG] Processing injected element of bean 'ingresoCrud': AutowiredFieldElement for public com.co.ceiba.parqueadero.business.IngresoBusiness com.co.ceiba.parqueadero.services.IngresoCrud.ingresoBuss
[DEBUG] Returning cached instance of singleton bean 'ingresoBusiness'
[DEBUG] Autowiring by type from bean name 'ingresoCrud' to bean named 'ingresoBusiness'
[DEBUG] Returning cached instance of singleton bean 'org.springframework.transaction.config.internalTransactionAdvisor'
[DEBUG] Returning cached instance of singleton bean 'org.springframework.transaction.config.internalTransactionAdvisor'
[DEBUG] Finished creating instance of bean 'ingresoCrud'
[DEBUG] Creating shared instance of singleton bean 'listadoVehiculos'
[DEBUG] Creating instance of bean 'listadoVehiculos'
[DEBUG] Returning cached instance of singleton bean 'org.springframework.transaction.config.internalTransactionAdvisor'
[DEBUG] Registered injected element on class [com.co.ceiba.parqueadero.services.ListadoVehiculos]: AutowiredFieldElement for public com.co.ceiba.parqueadero.repository.IIngresoRepository com.co.ceiba.parqueadero.services.ListadoVehiculos.ingresorepository
[DEBUG] Eagerly caching bean 'listadoVehiculos' to allow for resolving potential circular references
[DEBUG] Processing injected element of bean 'listadoVehiculos': AutowiredFieldElement for public com.co.ceiba.parqueadero.repository.IIngresoRepository com.co.ceiba.parqueadero.services.ListadoVehiculos.ingresorepository
[DEBUG] Returning cached instance of singleton bean 'IIngresoRepository'
[DEBUG] Autowiring by type from bean name 'listadoVehiculos' to bean named 'IIngresoRepository'
[DEBUG] Returning cached instance of singleton bean 'org.springframework.transaction.config.internalTransactionAdvisor'
[DEBUG] Returning cached instance of singleton bean 'org.springframework.transaction.config.internalTransactionAdvisor'
[DEBUG] Finished creating instance of bean 'listadoVehiculos'
[DEBUG] Creating shared instance of singleton bean 'profileController'
[DEBUG] Creating instance of bean 'profileController'
[DEBUG] Returning cached instance of singleton bean 'org.springframework.transaction.config.internalTransactionAdvisor'
[DEBUG] Creating shared instance of singleton bean 'repositoryRestConfiguration'
[DEBUG] Creating instance of bean 'repositoryRestConfiguration'
[DEBUG] Returning cached instance of singleton bean 'org.springframework.transaction.config.internalTransactionAdvisor'
[DEBUG] Creating shared instance of singleton bean 'org.springframework.data.rest.webmvc.config.RepositoryRestMvcConfiguration'
[DEBUG] Creating instance of bean 'org.springframework.data.rest.webmvc.config.RepositoryRestMvcConfiguration'
[DEBUG] Returning cached instance of singleton bean 'org.springframework.transaction.config.internalTransactionAdvisor'
[DEBUG] Cannot find '.class' file for class [class org.springframework.data.rest.webmvc.config.RepositoryRestMvcConfiguration$$EnhancerBySpringCGLIB$$13687a] - unable to determine constructor/method parameter names
[DEBUG] Autowiring by type from bean name 'org.springframework.data.rest.webmvc.config.RepositoryRestMvcConfiguration' via constructor to bean named 'org.springframework.web.context.support.GenericWebApplicationContext@360e2db'
[DEBUG] Registered injected element on class [org.springframework.data.rest.webmvc.config.RepositoryRestMvcConfiguration$$EnhancerBySpringCGLIB$$13687a]: AutowiredFieldElement for private java.util.Optional org.springframework.data.web.config.SpringDataWebConfiguration.pageableResolverCustomizer
[DEBUG] Registered injected element on class [org.springframework.data.rest.webmvc.config.RepositoryRestMvcConfiguration$$EnhancerBySpringCGLIB$$13687a]: AutowiredFieldElement for private java.util.Optional org.springframework.data.web.config.SpringDataWebConfiguration.sortResolverCustomizer
[DEBUG] Registered injected element on class [org.springframework.data.rest.webmvc.config.RepositoryRestMvcConfiguration$$EnhancerBySpringCGLIB$$13687a]: AutowiredFieldElement for private java.util.Optional org.springframework.data.web.config.SpringDataWebConfiguration.xmlBeamHttpMessageConverter
[DEBUG] Registered injected element on class [org.springframework.data.rest.webmvc.config.RepositoryRestMvcConfiguration$$EnhancerBySpringCGLIB$$13687a]: AutowiredFieldElement for org.springframework.context.ApplicationContext org.springframework.data.rest.webmvc.config.RepositoryRestMvcConfiguration.applicationContext
[DEBUG] Registered injected element on class [org.springframework.data.rest.webmvc.config.RepositoryRestMvcConfiguration$$EnhancerBySpringCGLIB$$13687a]: AutowiredFieldElement for java.util.List org.springframework.data.rest.webmvc.config.RepositoryRestMvcConfiguration.idConverters
[DEBUG] Registered injected element on class [org.springframework.data.rest.webmvc.config.RepositoryRestMvcConfiguration$$EnhancerBySpringCGLIB$$13687a]: AutowiredFieldElement for java.util.List org.springframework.data.rest.webmvc.config.RepositoryRestMvcConfiguration.configurers
[DEBUG] Registered injected element on class [org.springframework.data.rest.webmvc.config.RepositoryRestMvcConfiguration$$EnhancerBySpringCGLIB$$13687a]: AutowiredFieldElement for java.util.List org.springframework.data.rest.webmvc.config.RepositoryRestMvcConfiguration.lookups
[DEBUG] Registered injected element on class [org.springframework.data.rest.webmvc.config.RepositoryRestMvcConfiguration$$EnhancerBySpringCGLIB$$13687a]: AutowiredFieldElement for org.springframework.hateoas.RelProvider org.springframework.data.rest.webmvc.config.RepositoryRestMvcConfiguration.relProvider
[DEBUG] Registered injected element on class [org.springframework.data.rest.webmvc.config.RepositoryRestMvcConfiguration$$EnhancerBySpringCGLIB$$13687a]: AutowiredFieldElement for org.springframework.hateoas.hal.CurieProvider org.springframework.data.rest.webmvc.config.RepositoryRestMvcConfiguration.curieProvider
[DEBUG] Registered injected element on class [org.springframework.data.rest.webmvc.config.RepositoryRestMvcConfiguration$$EnhancerBySpringCGLIB$$13687a]: AutowiredFieldElement for org.springframework.data.geo.GeoModule org.springframework.data.rest.webmvc.config.RepositoryRestMvcConfiguration.geoModule
[DEBUG] Eagerly caching bean 'org.springframework.data.rest.webmvc.config.RepositoryRestMvcConfiguration' to allow for resolving potential circular references
[DEBUG] Processing injected element of bean 'org.springframework.data.rest.webmvc.config.RepositoryRestMvcConfiguration': AutowiredFieldElement for private java.util.Optional org.springframework.data.web.config.SpringDataWebConfiguration.pageableResolverCustomizer
[DEBUG] Processing injected element of bean 'org.springframework.data.rest.webmvc.config.RepositoryRestMvcConfiguration': AutowiredFieldElement for private java.util.Optional org.springframework.data.web.config.SpringDataWebConfiguration.sortResolverCustomizer
[DEBUG] Processing injected element of bean 'org.springframework.data.rest.webmvc.config.RepositoryRestMvcConfiguration': AutowiredFieldElement for private java.util.Optional org.springframework.data.web.config.SpringDataWebConfiguration.xmlBeamHttpMessageConverter
[DEBUG] Processing injected element of bean 'org.springframework.data.rest.webmvc.config.RepositoryRestMvcConfiguration': AutowiredFieldElement for org.springframework.context.ApplicationContext org.springframework.data.rest.webmvc.config.RepositoryRestMvcConfiguration.applicationContext
[DEBUG] Autowiring by type from bean name 'org.springframework.data.rest.webmvc.config.RepositoryRestMvcConfiguration' to bean named 'org.springframework.web.context.support.GenericWebApplicationContext@360e2db'
[DEBUG] Processing injected element of bean 'org.springframework.data.rest.webmvc.config.RepositoryRestMvcConfiguration': AutowiredFieldElement for java.util.List org.springframework.data.rest.webmvc.config.RepositoryRestMvcConfiguration.idConverters
[DEBUG] Processing injected element of bean 'org.springframework.data.rest.webmvc.config.RepositoryRestMvcConfiguration': AutowiredFieldElement for java.util.List org.springframework.data.rest.webmvc.config.RepositoryRestMvcConfiguration.configurers
[DEBUG] Creating shared instance of singleton bean 'springBootRepositoryRestConfigurer'
[DEBUG] Creating instance of bean 'springBootRepositoryRestConfigurer'
[DEBUG] Returning cached instance of singleton bean 'org.springframework.transaction.config.internalTransactionAdvisor'
[DEBUG] Creating shared instance of singleton bean 'org.springframework.boot.autoconfigure.data.rest.RepositoryRestMvcAutoConfiguration'
[DEBUG] Creating instance of bean 'org.springframework.boot.autoconfigure.data.rest.RepositoryRestMvcAutoConfiguration'
[DEBUG] Returning cached instance of singleton bean 'org.springframework.transaction.config.internalTransactionAdvisor'
[DEBUG] Eagerly caching bean 'org.springframework.boot.autoconfigure.data.rest.RepositoryRestMvcAutoConfiguration' to allow for resolving potential circular references
[DEBUG] Returning cached instance of singleton bean 'org.springframework.transaction.config.internalTransactionAdvisor'
[DEBUG] Returning cached instance of singleton bean 'org.springframework.transaction.config.internalTransactionAdvisor'
[DEBUG] Finished creating instance of bean 'org.springframework.boot.autoconfigure.data.rest.RepositoryRestMvcAutoConfiguration'
[DEBUG] Registered injected element on class [org.springframework.boot.autoconfigure.data.rest.SpringBootRepositoryRestConfigurer]: AutowiredFieldElement for private org.springframework.http.converter.json.Jackson2ObjectMapperBuilder org.springframework.boot.autoconfigure.data.rest.SpringBootRepositoryRestConfigurer.objectMapperBuilder
[DEBUG] Registered injected element on class [org.springframework.boot.autoconfigure.data.rest.SpringBootRepositoryRestConfigurer]: AutowiredFieldElement for private org.springframework.boot.autoconfigure.data.rest.RepositoryRestProperties org.springframework.boot.autoconfigure.data.rest.SpringBootRepositoryRestConfigurer.properties
[DEBUG] Eagerly caching bean 'springBootRepositoryRestConfigurer' to allow for resolving potential circular references
[DEBUG] Processing injected element of bean 'springBootRepositoryRestConfigurer': AutowiredFieldElement for private org.springframework.http.converter.json.Jackson2ObjectMapperBuilder org.springframework.boot.autoconfigure.data.rest.SpringBootRepositoryRestConfigurer.objectMapperBuilder
[DEBUG] Creating shared instance of singleton bean 'jacksonObjectMapperBuilder'
[DEBUG] Creating instance of bean 'jacksonObjectMapperBuilder'
[DEBUG] Returning cached instance of singleton bean 'org.springframework.transaction.config.internalTransactionAdvisor'
[DEBUG] Creating shared instance of singleton bean 'org.springframework.boot.autoconfigure.jackson.JacksonAutoConfiguration$JacksonObjectMapperBuilderConfiguration'
[DEBUG] Creating instance of bean 'org.springframework.boot.autoconfigure.jackson.JacksonAutoConfiguration$JacksonObjectMapperBuilderConfiguration'
[DEBUG] Returning cached instance of singleton bean 'org.springframework.transaction.config.internalTransactionAdvisor'
[DEBUG] Cannot find '.class' file for class [class org.springframework.boot.autoconfigure.jackson.JacksonAutoConfiguration$JacksonObjectMapperBuilderConfiguration$$EnhancerBySpringCGLIB$$ecf08b84] - unable to determine constructor/method parameter names
[DEBUG] Autowiring by type from bean name 'org.springframework.boot.autoconfigure.jackson.JacksonAutoConfiguration$JacksonObjectMapperBuilderConfiguration' via constructor to bean named 'org.springframework.web.context.support.GenericWebApplicationContext@360e2db'
[DEBUG] Eagerly caching bean 'org.springframework.boot.autoconfigure.jackson.JacksonAutoConfiguration$JacksonObjectMapperBuilderConfiguration' to allow for resolving potential circular references
[DEBUG] Returning cached instance of singleton bean 'org.springframework.transaction.config.internalTransactionAdvisor'
[DEBUG] Returning cached instance of singleton bean 'org.springframework.transaction.config.internalTransactionAdvisor'
[DEBUG] Finished creating instance of bean 'org.springframework.boot.autoconfigure.jackson.JacksonAutoConfiguration$JacksonObjectMapperBuilderConfiguration'
[DEBUG] Creating shared instance of singleton bean 'standardJacksonObjectMapperBuilderCustomizer'
[DEBUG] Creating instance of bean 'standardJacksonObjectMapperBuilderCustomizer'
[DEBUG] Returning cached instance of singleton bean 'org.springframework.transaction.config.internalTransactionAdvisor'
[DEBUG] Creating shared instance of singleton bean 'org.springframework.boot.autoconfigure.jackson.JacksonAutoConfiguration$Jackson2ObjectMapperBuilderCustomizerConfiguration'
[DEBUG] Creating instance of bean 'org.springframework.boot.autoconfigure.jackson.JacksonAutoConfiguration$Jackson2ObjectMapperBuilderCustomizerConfiguration'
[DEBUG] Returning cached instance of singleton bean 'org.springframework.transaction.config.internalTransactionAdvisor'
[DEBUG] Eagerly caching bean 'org.springframework.boot.autoconfigure.jackson.JacksonAutoConfiguration$Jackson2ObjectMapperBuilderCustomizerConfiguration' to allow for resolving potential circular references
[DEBUG] Returning cached instance of singleton bean 'org.springframework.transaction.config.internalTransactionAdvisor'
[DEBUG] Returning cached instance of singleton bean 'org.springframework.transaction.config.internalTransactionAdvisor'
[DEBUG] Finished creating instance of bean 'org.springframework.boot.autoconfigure.jackson.JacksonAutoConfiguration$Jackson2ObjectMapperBuilderCustomizerConfiguration'
[DEBUG] Creating shared instance of singleton bean 'spring.jackson-org.springframework.boot.autoconfigure.jackson.JacksonProperties'
[DEBUG] Creating instance of bean 'spring.jackson-org.springframework.boot.autoconfigure.jackson.JacksonProperties'
[DEBUG] Returning cached instance of singleton bean 'org.springframework.transaction.config.internalTransactionAdvisor'
[DEBUG] Eagerly caching bean 'spring.jackson-org.springframework.boot.autoconfigure.jackson.JacksonProperties' to allow for resolving potential circular references
[DEBUG] Returning cached instance of singleton bean 'org.springframework.transaction.config.internalTransactionAdvisor'
[DEBUG] Returning cached instance of singleton bean 'org.springframework.transaction.config.internalTransactionAdvisor'
[DEBUG] Finished creating instance of bean 'spring.jackson-org.springframework.boot.autoconfigure.jackson.JacksonProperties'
[DEBUG] Autowiring by type from bean name 'standardJacksonObjectMapperBuilderCustomizer' via factory method to bean named 'org.springframework.web.context.support.GenericWebApplicationContext@360e2db'
[DEBUG] Autowiring by type from bean name 'standardJacksonObjectMapperBuilderCustomizer' via factory method to bean named 'spring.jackson-org.springframework.boot.autoconfigure.jackson.JacksonProperties'
[DEBUG] Eagerly caching bean 'standardJacksonObjectMapperBuilderCustomizer' to allow for resolving potential circular references
[DEBUG] Returning cached instance of singleton bean 'org.springframework.transaction.config.internalTransactionAdvisor'
[DEBUG] Returning cached instance of singleton bean 'org.springframework.transaction.config.internalTransactionAdvisor'
[DEBUG] Finished creating instance of bean 'standardJacksonObjectMapperBuilderCustomizer'
[DEBUG] Autowiring by type from bean name 'jacksonObjectMapperBuilder' via factory method to bean named 'standardJacksonObjectMapperBuilderCustomizer'
[DEBUG] Creating shared instance of singleton bean 'parameterNamesModule'
[DEBUG] Creating instance of bean 'parameterNamesModule'
[DEBUG] Returning cached instance of singleton bean 'org.springframework.transaction.config.internalTransactionAdvisor'
[DEBUG] Creating shared instance of singleton bean 'org.springframework.boot.autoconfigure.jackson.JacksonAutoConfiguration$ParameterNamesModuleConfiguration'
[DEBUG] Creating instance of bean 'org.springframework.boot.autoconfigure.jackson.JacksonAutoConfiguration$ParameterNamesModuleConfiguration'
[DEBUG] Returning cached instance of singleton bean 'org.springframework.transaction.config.internalTransactionAdvisor'
[DEBUG] Eagerly caching bean 'org.springframework.boot.autoconfigure.jackson.JacksonAutoConfiguration$ParameterNamesModuleConfiguration' to allow for resolving potential circular references
[DEBUG] Returning cached instance of singleton bean 'org.springframework.transaction.config.internalTransactionAdvisor'
[DEBUG] Returning cached instance of singleton bean 'org.springframework.transaction.config.internalTransactionAdvisor'
[DEBUG] Finished creating instance of bean 'org.springframework.boot.autoconfigure.jackson.JacksonAutoConfiguration$ParameterNamesModuleConfiguration'
[DEBUG] Eagerly caching bean 'parameterNamesModule' to allow for resolving potential circular references
[DEBUG] Returning cached instance of singleton bean 'org.springframework.transaction.config.internalTransactionAdvisor'
[DEBUG] Returning cached instance of singleton bean 'org.springframework.transaction.config.internalTransactionAdvisor'
[DEBUG] Finished creating instance of bean 'parameterNamesModule'
[DEBUG] Creating shared instance of singleton bean 'jsonComponentModule'
[DEBUG] Creating instance of bean 'jsonComponentModule'
[DEBUG] Returning cached instance of singleton bean 'org.springframework.transaction.config.internalTransactionAdvisor'
[DEBUG] Creating shared instance of singleton bean 'org.springframework.boot.autoconfigure.jackson.JacksonAutoConfiguration'
[DEBUG] Creating instance of bean 'org.springframework.boot.autoconfigure.jackson.JacksonAutoConfiguration'
[DEBUG] Returning cached instance of singleton bean 'org.springframework.transaction.config.internalTransactionAdvisor'
[DEBUG] Eagerly caching bean 'org.springframework.boot.autoconfigure.jackson.JacksonAutoConfiguration' to allow for resolving potential circular references
[DEBUG] Returning cached instance of singleton bean 'org.springframework.transaction.config.internalTransactionAdvisor'
[DEBUG] Returning cached instance of singleton bean 'org.springframework.transaction.config.internalTransactionAdvisor'
[DEBUG] Finished creating instance of bean 'org.springframework.boot.autoconfigure.jackson.JacksonAutoConfiguration'
[DEBUG] Found init method on class [org.springframework.boot.jackson.JsonComponentModule]: public void org.springframework.boot.jackson.JsonComponentModule.registerJsonComponents()
[DEBUG] Registered init method on class [org.springframework.boot.jackson.JsonComponentModule]: org.springframework.beans.factory.annotation.InitDestroyAnnotationBeanPostProcessor$LifecycleElement@65126ba1
[DEBUG] Eagerly caching bean 'jsonComponentModule' to allow for resolving potential circular references
[DEBUG] Invoking init method on bean 'jsonComponentModule': public void org.springframework.boot.jackson.JsonComponentModule.registerJsonComponents()
[DEBUG] Returning cached instance of singleton bean 'org.springframework.transaction.config.internalTransactionAdvisor'
[DEBUG] Returning cached instance of singleton bean 'org.springframework.transaction.config.internalTransactionAdvisor'
[DEBUG] Finished creating instance of bean 'jsonComponentModule'
[DEBUG] Creating shared instance of singleton bean 'jacksonGeoModule'
[DEBUG] Creating instance of bean 'jacksonGeoModule'
[DEBUG] Returning cached instance of singleton bean 'org.springframework.transaction.config.internalTransactionAdvisor'
[DEBUG] Creating shared instance of singleton bean 'org.springframework.data.web.config.SpringDataJacksonConfiguration'
[DEBUG] Creating instance of bean 'org.springframework.data.web.config.SpringDataJacksonConfiguration'
[DEBUG] Returning cached instance of singleton bean 'org.springframework.transaction.config.internalTransactionAdvisor'
[DEBUG] Eagerly caching bean 'org.springframework.data.web.config.SpringDataJacksonConfiguration' to allow for resolving potential circular references
[DEBUG] Returning cached instance of singleton bean 'org.springframework.transaction.config.internalTransactionAdvisor'
[DEBUG] Returning cached instance of singleton bean 'org.springframework.transaction.config.internalTransactionAdvisor'
[DEBUG] Finished creating instance of bean 'org.springframework.data.web.config.SpringDataJacksonConfiguration'
[DEBUG] Eagerly caching bean 'jacksonGeoModule' to allow for resolving potential circular references
[DEBUG] Returning cached instance of singleton bean 'org.springframework.transaction.config.internalTransactionAdvisor'
[DEBUG] Returning cached instance of singleton bean 'org.springframework.transaction.config.internalTransactionAdvisor'
[DEBUG] Finished creating instance of bean 'jacksonGeoModule'
[DEBUG] Eagerly caching bean 'jacksonObjectMapperBuilder' to allow for resolving potential circular references
[DEBUG] Returning cached instance of singleton bean 'org.springframework.transaction.config.internalTransactionAdvisor'
[DEBUG] Returning cached instance of singleton bean 'org.springframework.transaction.config.internalTransactionAdvisor'
[DEBUG] Finished creating instance of bean 'jacksonObjectMapperBuilder'
[DEBUG] Autowiring by type from bean name 'springBootRepositoryRestConfigurer' to bean named 'jacksonObjectMapperBuilder'
[DEBUG] Processing injected element of bean 'springBootRepositoryRestConfigurer': AutowiredFieldElement for private org.springframework.boot.autoconfigure.data.rest.RepositoryRestProperties org.springframework.boot.autoconfigure.data.rest.SpringBootRepositoryRestConfigurer.properties
[DEBUG] Creating shared instance of singleton bean 'spring.data.rest-org.springframework.boot.autoconfigure.data.rest.RepositoryRestProperties'
[DEBUG] Creating instance of bean 'spring.data.rest-org.springframework.boot.autoconfigure.data.rest.RepositoryRestProperties'
[DEBUG] Returning cached instance of singleton bean 'org.springframework.transaction.config.internalTransactionAdvisor'
[DEBUG] Eagerly caching bean 'spring.data.rest-org.springframework.boot.autoconfigure.data.rest.RepositoryRestProperties' to allow for resolving potential circular references
[DEBUG] Returning cached instance of singleton bean 'org.springframework.transaction.config.internalTransactionAdvisor'
[DEBUG] Returning cached instance of singleton bean 'org.springframework.transaction.config.internalTransactionAdvisor'
[DEBUG] Finished creating instance of bean 'spring.data.rest-org.springframework.boot.autoconfigure.data.rest.RepositoryRestProperties'
[DEBUG] Autowiring by type from bean name 'springBootRepositoryRestConfigurer' to bean named 'spring.data.rest-org.springframework.boot.autoconfigure.data.rest.RepositoryRestProperties'
[DEBUG] Returning cached instance of singleton bean 'org.springframework.transaction.config.internalTransactionAdvisor'
[DEBUG] Returning cached instance of singleton bean 'org.springframework.transaction.config.internalTransactionAdvisor'
[DEBUG] Finished creating instance of bean 'springBootRepositoryRestConfigurer'
[DEBUG] Autowiring by type from bean name 'org.springframework.data.rest.webmvc.config.RepositoryRestMvcConfiguration' to bean named 'springBootRepositoryRestConfigurer'
[DEBUG] Processing injected element of bean 'org.springframework.data.rest.webmvc.config.RepositoryRestMvcConfiguration': AutowiredFieldElement for java.util.List org.springframework.data.rest.webmvc.config.RepositoryRestMvcConfiguration.lookups
[DEBUG] Processing injected element of bean 'org.springframework.data.rest.webmvc.config.RepositoryRestMvcConfiguration': AutowiredFieldElement for org.springframework.hateoas.RelProvider org.springframework.data.rest.webmvc.config.RepositoryRestMvcConfiguration.relProvider
[DEBUG] Creating shared instance of singleton bean '_relProvider'
[DEBUG] Creating instance of bean '_relProvider'
[DEBUG] Returning cached instance of singleton bean 'org.springframework.transaction.config.internalTransactionAdvisor'
[DEBUG] Creating instance of bean '(inner bean)#20a41cd2'
[DEBUG] Returning cached instance of singleton bean 'org.springframework.transaction.config.internalTransactionAdvisor'
[DEBUG] Invoking afterPropertiesSet() on bean with name '(inner bean)#20a41cd2'
[DEBUG] Returning cached instance of singleton bean 'org.springframework.transaction.config.internalTransactionAdvisor'
[DEBUG] Returning cached instance of singleton bean 'org.springframework.transaction.config.internalTransactionAdvisor'
[DEBUG] Finished creating instance of bean '(inner bean)#20a41cd2'
[DEBUG] Creating JDK dynamic proxy: target source is org.springframework.plugin.core.support.AbstractTypeAwareSupport$BeansOfTypeTargetSource@2b69b66c
[DEBUG] Returning cached instance of singleton bean 'org.springframework.transaction.config.internalTransactionAdvisor'
[DEBUG] Returning cached instance of singleton bean 'org.springframework.transaction.config.internalTransactionAdvisor'
[DEBUG] Eagerly caching bean '_relProvider' to allow for resolving potential circular references
[DEBUG] Returning cached instance of singleton bean 'org.springframework.transaction.config.internalTransactionAdvisor'
[DEBUG] Returning cached instance of singleton bean 'org.springframework.transaction.config.internalTransactionAdvisor'
[DEBUG] Finished creating instance of bean '_relProvider'
[DEBUG] Autowiring by type from bean name 'org.springframework.data.rest.webmvc.config.RepositoryRestMvcConfiguration' to bean named '_relProvider'
[DEBUG] Processing injected element of bean 'org.springframework.data.rest.webmvc.config.RepositoryRestMvcConfiguration': AutowiredFieldElement for org.springframework.hateoas.hal.CurieProvider org.springframework.data.rest.webmvc.config.RepositoryRestMvcConfiguration.curieProvider
[DEBUG] Processing injected element of bean 'org.springframework.data.rest.webmvc.config.RepositoryRestMvcConfiguration': AutowiredFieldElement for org.springframework.data.geo.GeoModule org.springframework.data.rest.webmvc.config.RepositoryRestMvcConfiguration.geoModule
[DEBUG] Returning cached instance of singleton bean 'jacksonGeoModule'
[DEBUG] Autowiring by type from bean name 'org.springframework.data.rest.webmvc.config.RepositoryRestMvcConfiguration' to bean named 'jacksonGeoModule'
[DEBUG] Invoking afterPropertiesSet() on bean with name 'org.springframework.data.rest.webmvc.config.RepositoryRestMvcConfiguration'
[DEBUG] Returning cached instance of singleton bean 'org.springframework.transaction.config.internalTransactionAdvisor'
[DEBUG] Returning cached instance of singleton bean 'org.springframework.transaction.config.internalTransactionAdvisor'
[DEBUG] Finished creating instance of bean 'org.springframework.data.rest.webmvc.config.RepositoryRestMvcConfiguration'
[DEBUG] Creating shared instance of singleton bean 'repositories'
[DEBUG] Creating instance of bean 'repositories'
[DEBUG] Returning cached instance of singleton bean 'org.springframework.transaction.config.internalTransactionAdvisor'
[DEBUG] Returning cached instance of singleton bean 'org.springframework.data.rest.webmvc.config.RepositoryRestMvcConfiguration'
[DEBUG] Returning cached instance of singleton bean 'IParqueaderoRepository'
[DEBUG] Returning cached instance of singleton bean 'IFacturaRepository'
[DEBUG] Returning cached instance of singleton bean 'IIngresoRepository'
[DEBUG] Eagerly caching bean 'repositories' to allow for resolving potential circular references
[DEBUG] Returning cached instance of singleton bean 'org.springframework.transaction.config.internalTransactionAdvisor'
[DEBUG] Returning cached instance of singleton bean 'org.springframework.transaction.config.internalTransactionAdvisor'
[DEBUG] Finished creating instance of bean 'repositories'
[DEBUG] Adding PropertySource 'systemProperties' with lowest search precedence
[DEBUG] Adding PropertySource 'systemEnvironment' with lowest search precedence
[DEBUG] Initialized StandardEnvironment with PropertySources [MapPropertySource@1709747465 {name='systemProperties', properties={java.runtime.name=Java(TM) SE Runtime Environment, sun.boot.library.path=C:\Program Files\Java\jdk1.8.0_172\jre\bin, java.vm.version=25.172-b11, java.vm.vendor=Oracle Corporation, java.vendor.url=http://java.oracle.com/, path.separator=;, java.vm.name=Java HotSpot(TM) 64-Bit Server VM, file.encoding.pkg=sun.io, user.script=, sun.java.launcher=SUN_STANDARD, user.country=US, sun.os.patch.level=, PID=7896, java.vm.specification.name=Java Virtual Machine Specification, user.dir=C:\Users\alexander.angulo\Music\version2\parqueadero, java.runtime.version=1.8.0_172-b11, java.awt.graphicsenv=sun.awt.Win32GraphicsEnvironment, java.endorsed.dirs=C:\Program Files\Java\jdk1.8.0_172\jre\lib\endorsed, os.arch=amd64, java.io.tmpdir=C:\Users\ALEXAN~1.ANG\AppData\Local\Temp\, line.separator=
, java.vm.specification.vendor=Oracle Corporation, user.variant=, os.name=Windows 10, net.sourceforge.cobertura.datafile=C:\Users\alexander.angulo\Music\version2\parqueadero\build\cobertura\cobertura.ser, sun.jnu.encoding=Cp1252, spring.beaninfo.ignore=true, java.library.path=C:\Program Files\Java\jdk1.8.0_172\bin;C:\Windows\Sun\Java\bin;C:\Windows\system32;C:\Windows;C:/Program Files/Java/jre1.8.0_172/bin/server;C:/Program Files/Java/jre1.8.0_172/bin;C:/Program Files/Java/jre1.8.0_172/lib/amd64;C:\Program Files (x86)\Common Files\Oracle\Java\javapath;C:\Oracle\product\11.1.0\client_1\bin;C:\Program Files\CollabNet\Subversion Client;C:\Windows\system32;C:\Windows;C:\Windows\System32\Wbem;C:\Windows\System32\WindowsPowerShell\v1.0\;C:\Windows\System32\OpenSSH\;C:\Program Files\TortoiseSVN\bin;C:\Program Files\Git\cmd;C:\Program Files\PuTTY\;C:\xampp\mysql\bin;C:\Program Files\nodejs\;C:\Users\alexander.angulo\AppData\Local\Microsoft\WindowsApps;;C:\Program Files\Microsoft VS Code\bin;C:\Users\alexander.angulo\AppData\Roaming\npm;D:\spring-tool-suite\sts-bundle\sts-3.9.4.RELEASE;;., java.specification.name=Java Platform API Specification, java.class.version=52.0, org.gradle.native=false, sun.management.compiler=HotSpot 64-Bit Tiered Compilers, os.version=10.0, user.home=C:\Users\alexander.angulo, user.timezone=America/Bogota, java.awt.printerjob=sun.awt.windows.WPrinterJob, file.encoding=windows-1252, java.specification.version=1.8, java.class.path=C:\Users\alexander.angulo\Music\version2\parqueadero\build\instrumented_classes;C:\Users\alexander.angulo\Music\version2\parqueadero\build\classes\java\test;C:\Users\alexander.angulo\Music\version2\parqueadero\build\resources\test;C:\Users\alexander.angulo\Music\version2\parqueadero\build\classes\java\main;C:\Users\alexander.angulo\Music\version2\parqueadero\build\resources\main;C:\Users\alexander.angulo\.gradle\caches\modules-2\files-2.1\org.springframework.boot\spring-boot-starter-data-jpa\2.0.2.RELEASE\a277d15c247684aaef38852a2e71b8b1ef7357e6\spring-boot-starter-data-jpa-2.0.2.RELEASE.jar;C:\Users\alexander.angulo\.gradle\caches\modules-2\files-2.1\org.springframework.boot\spring-boot-starter-data-rest\2.0.2.RELEASE\1617ded563edcb560034293532d74a6c61132eea\spring-boot-starter-data-rest-2.0.2.RELEASE.jar;C:\Users\alexander.angulo\.gradle\caches\modules-2\files-2.1\org.springframework.boot\spring-boot-starter-web\2.0.2.RELEASE\b6ef0cf4d0a7c6c7e93ff524b84cd1d8f87f67d9\spring-boot-starter-web-2.0.2.RELEASE.jar;C:\Users\alexander.angulo\.gradle\caches\modules-2\files-2.1\mysql\mysql-connector-java\5.1.46\9a3e63b387e376364211e96827bc27db8d7a92e9\mysql-connector-java-5.1.46.jar;C:\Users\alexander.angulo\.gradle\caches\modules-2\files-2.1\org.json\json\20090211\c183aa3a2a6250293808bba12262c8920ce5a51c\json-20090211.jar;C:\Users\alexander.angulo\.gradle\caches\modules-2\files-2.1\org.springframework.boot\spring-boot-starter-test\2.0.2.RELEASE\d9e090412f318586e0f277e24740b79b58ef190b\spring-boot-starter-test-2.0.2.RELEASE.jar;C:\Users\alexander.angulo\.gradle\caches\modules-2\files-2.1\org.springframework.boot\spring-boot-starter-aop\2.0.2.RELEASE\b0b0c7dcfdffaef1b04886c0279772905bc7e9d2\spring-boot-starter-aop-2.0.2.RELEASE.jar;C:\Users\alexander.angulo\.gradle\caches\modules-2\files-2.1\org.springframework.boot\spring-boot-starter-jdbc\2.0.2.RELEASE\f93c2459a06061f889b837d1c2503055df024778\spring-boot-starter-jdbc-2.0.2.RELEASE.jar;C:\Users\alexander.angulo\.gradle\caches\modules-2\files-2.1\org.springframework.boot\spring-boot-starter-json\2.0.2.RELEASE\5edda979838ced5314b8f58a958fe9d6b4b3badd\spring-boot-starter-json-2.0.2.RELEASE.jar;C:\Users\alexander.angulo\.gradle\caches\modules-2\files-2.1\org.springframework.boot\spring-boot-starter\2.0.2.RELEASE\1cda94f0dfcf2b065191782a54b84d2abf96391\spring-boot-starter-2.0.2.RELEASE.jar;C:\Users\alexander.angulo\.gradle\caches\modules-2\files-2.1\org.hibernate\hibernate-core\5.2.17.Final\f2dc36470e7a2ffcf6106bb1625ecf5b54bb5f65\hibernate-core-5.2.17.Final.jar;C:\Users\alexander.angulo\.gradle\caches\modules-2\files-2.1\javax.transaction\javax.transaction-api\1.2\d81aff979d603edd90dcd8db2abc1f4ce6479e3e\javax.transaction-api-1.2.jar;C:\Users\alexander.angulo\.gradle\caches\modules-2\files-2.1\org.springframework.data\spring-data-jpa\2.0.7.RELEASE\9f201f3d3435a9e5422e0edcff3475c46215ffb\spring-data-jpa-2.0.7.RELEASE.jar;C:\Users\alexander.angulo\.gradle\caches\modules-2\files-2.1\org.springframework\spring-aspects\5.0.6.RELEASE\45a7631a64eb82625067587b9796d4418d9e0568\spring-aspects-5.0.6.RELEASE.jar;C:\Users\alexander.angulo\.gradle\caches\modules-2\files-2.1\org.springframework.data\spring-data-rest-webmvc\3.0.7.RELEASE\684949215006f844591c6a8632356f483752fca0\spring-data-rest-webmvc-3.0.7.RELEASE.jar;C:\Users\alexander.angulo\.gradle\caches\modules-2\files-2.1\org.springframework.boot\spring-boot-starter-tomcat\2.0.2.RELEASE\cedbfb18762e1c220007c768bfc5b773f5b30f8a\spring-boot-starter-tomcat-2.0.2.RELEASE.jar;C:\Users\alexander.angulo\.gradle\caches\modules-2\files-2.1\org.hibernate.validator\hibernate-validator\6.0.9.Final\b149e4cce82379f11f6129eb3187ca8ae5404005\hibernate-validator-6.0.9.Final.jar;C:\Users\alexander.angulo\.gradle\caches\modules-2\files-2.1\org.springframework.data\spring-data-rest-core\3.0.7.RELEASE\dd56b4f427987e1d5ab320eee6c3401e32557bb2\spring-data-rest-core-3.0.7.RELEASE.jar;C:\Users\alexander.angulo\.gradle\caches\modules-2\files-2.1\org.springframework.hateoas\spring-hateoas\0.24.0.RELEASE\b6401a781a58e0b2ab95242a553683e04300fe69\spring-hateoas-0.24.0.RELEASE.jar;C:\Users\alexander.angulo\.gradle\caches\modules-2\files-2.1\org.springframework\spring-webmvc\5.0.6.RELEASE\1361c5d1cf46665ee01de5dc1ca447c3be174c19\spring-webmvc-5.0.6.RELEASE.jar;C:\Users\alexander.angulo\.gradle\caches\modules-2\files-2.1\org.springframework\spring-web\5.0.6.RELEASE\89e89de3025165998118590613aedc6df8d64af6\spring-web-5.0.6.RELEASE.jar;C:\Users\alexander.angulo\.gradle\caches\modules-2\files-2.1\org.springframework.boot\spring-boot-test-autoconfigure\2.0.2.RELEASE\4993bdd96a4c02bc5b5703862d99ef4c563f25d0\spring-boot-test-autoconfigure-2.0.2.RELEASE.jar;C:\Users\alexander.angulo\.gradle\caches\modules-2\files-2.1\org.springframework.boot\spring-boot-test\2.0.2.RELEASE\fc85812e6543312a3b0ea9fbbdfd4a51183380a3\spring-boot-test-2.0.2.RELEASE.jar;C:\Users\alexander.angulo\.gradle\caches\modules-2\files-2.1\com.jayway.jsonpath\json-path\2.4.0\765a4401ceb2dc8d40553c2075eb80a8fa35c2ae\json-path-2.4.0.jar;C:\Users\alexander.angulo\.gradle\caches\modules-2\files-2.1\junit\junit\4.12\2973d150c0dc1fefe998f834810d68f278ea58ec\junit-4.12.jar;C:\Users\alexander.angulo\.gradle\caches\modules-2\files-2.1\org.assertj\assertj-core\3.9.1\c5ce126b15f28d56cd8f960c1a6a058b9c9aea87\assertj-core-3.9.1.jar;C:\Users\alexander.angulo\.gradle\caches\modules-2\files-2.1\org.mockito\mockito-core\2.15.0\b84bfbbc29cd22c9529409627af6ea2897f4fa85\mockito-core-2.15.0.jar;C:\Users\alexander.angulo\.gradle\caches\modules-2\files-2.1\org.hamcrest\hamcrest-library\1.3\4785a3c21320980282f9f33d0d1264a69040538f\hamcrest-library-1.3.jar;C:\Users\alexander.angulo\.gradle\caches\modules-2\files-2.1\org.hamcrest\hamcrest-core\1.3\42a25dc3219429f0e5d060061f71acb49bf010a0\hamcrest-core-1.3.jar;C:\Users\alexander.angulo\.gradle\caches\modules-2\files-2.1\org.skyscreamer\jsonassert\1.5.0\6c9d5fe2f59da598d9aefc1cfc6528ff3cf32df3\jsonassert-1.5.0.jar;C:\Users\alexander.angulo\.gradle\caches\modules-2\files-2.1\org.springframework\spring-test\5.0.6.RELEASE\dbc99b288774b2e07d94bc14fe38d556bc3ed34a\spring-test-5.0.6.RELEASE.jar;C:\Users\alexander.angulo\.gradle\caches\modules-2\files-2.1\org.springframework.boot\spring-boot-autoconfigure\2.0.2.RELEASE\f4b25e753e4955337a138d8b1550236b5efe5b3b\spring-boot-autoconfigure-2.0.2.RELEASE.jar;C:\Users\alexander.angulo\.gradle\caches\modules-2\files-2.1\org.springframework.boot\spring-boot\2.0.2.RELEASE\15012cf02e9f77938244e554f0598535fdd1cb38\spring-boot-2.0.2.RELEASE.jar;C:\Users\alexander.angulo\.gradle\caches\modules-2\files-2.1\org.springframework\spring-orm\5.0.6.RELEASE\7a08073597b79dfcd4db1cffa924f2b991a14a20\spring-orm-5.0.6.RELEASE.jar;C:\Users\alexander.angulo\.gradle\caches\modules-2\files-2.1\org.springframework\spring-jdbc\5.0.6.RELEASE\7d4de1ee9b042774e09ceb88393e5a564e342729\spring-jdbc-5.0.6.RELEASE.jar;C:\Users\alexander.angulo\.gradle\caches\modules-2\files-2.1\org.springframework.plugin\spring-plugin-core\1.2.0.RELEASE\f380e7760032e7d929184f8ad8a33716b75c0657\spring-plugin-core-1.2.0.RELEASE.jar;C:\Users\alexander.angulo\.gradle\caches\modules-2\files-2.1\org.springframework\spring-context\5.0.6.RELEASE\8b73b742ef0ddce04f0f1068f305de240b00ce0d\spring-context-5.0.6.RELEASE.jar;C:\Users\alexander.angulo\.gradle\caches\modules-2\files-2.1\org.springframework\spring-tx\5.0.6.RELEASE\1b6ffc44f2d59507a0fce1084fcc21788b13904\spring-tx-5.0.6.RELEASE.jar;C:\Users\alexander.angulo\.gradle\caches\modules-2\files-2.1\org.springframework\spring-aop\5.0.6.RELEASE\74078df698992054c1c1a8f705763a6c7b4b914c\spring-aop-5.0.6.RELEASE.jar;C:\Users\alexander.angulo\.gradle\caches\modules-2\files-2.1\org.springframework.data\spring-data-commons\2.0.7.RELEASE\7faa0fb2ffa50a5c50ad9f10118095ae24d5c6e1\spring-data-commons-2.0.7.RELEASE.jar;C:\Users\alexander.angulo\.gradle\caches\modules-2\files-2.1\org.springframework\spring-beans\5.0.6.RELEASE\d609b83cd8a71650a70778cf8d02c9a05b9161fe\spring-beans-5.0.6.RELEASE.jar;C:\Users\alexander.angulo\.gradle\caches\modules-2\files-2.1\org.springframework\spring-expression\5.0.6.RELEASE\dec57ae5e6f0dfd4c6cfc199aa13ed268c3e1a65\spring-expression-5.0.6.RELEASE.jar;C:\Users\alexander.angulo\.gradle\caches\modules-2\files-2.1\org.springframework\spring-core\5.0.6.RELEASE\984a52455b1be596b7f1a29f62d21d2f483eb764\spring-core-5.0.6.RELEASE.jar;C:\Users\alexander.angulo\.gradle\caches\modules-2\files-2.1\org.xmlunit\xmlunit-core\2.5.1\4ffdb346572a7356f7521cd3119ce5287d2e339d\xmlunit-core-2.5.1.jar;C:\Users\alexander.angulo\.gradle\caches\modules-2\files-2.1\org.springframework.boot\spring-boot-starter-logging\2.0.2.RELEASE\b56d7d1931792d6e58dbd41f956912359ba85238\spring-boot-starter-logging-2.0.2.RELEASE.jar;C:\Users\alexander.angulo\.gradle\caches\modules-2\files-2.1\javax.annotation\javax.annotation-api\1.3.2\934c04d3cfef185a8008e7bf34331b79730a9d43\javax.annotation-api-1.3.2.jar;C:\Users\alexander.angulo\.gradle\caches\modules-2\files-2.1\org.yaml\snakeyaml\1.19\2d998d3d674b172a588e54ab619854d073f555b5\snakeyaml-1.19.jar;C:\Users\alexander.angulo\.gradle\caches\modules-2\files-2.1\org.aspectj\aspectjweaver\1.8.13\ad94df2a28d658a40dc27bbaff6a1ce5fbf04e9b\aspectjweaver-1.8.13.jar;C:\Users\alexander.angulo\.gradle\caches\modules-2\files-2.1\com.zaxxer\HikariCP\2.7.9\a83113d2c091d0d0f853dad3217bd7df3beb6ae3\HikariCP-2.7.9.jar;C:\Users\alexander.angulo\.gradle\caches\modules-2\files-2.1\org.hibernate.common\hibernate-commons-annotations\5.0.1.Final\71e1cff3fcb20d3b3af4f3363c3ddb24d33c6879\hibernate-commons-annotations-5.0.1.Final.jar;C:\Users\alexander.angulo\.gradle\caches\modules-2\files-2.1\org.jboss.logging\jboss-logging\3.3.2.Final\3789d00e859632e6c6206adc0c71625559e6e3b0\jboss-logging-3.3.2.Final.jar;C:\Users\alexander.angulo\.gradle\caches\modules-2\files-2.1\org.hibernate.javax.persistence\hibernate-jpa-2.1-api\1.0.0.Final\5e731d961297e5a07290bfaf3db1fbc8bbbf405a\hibernate-jpa-2.1-api-1.0.0.Final.jar;C:\Users\alexander.angulo\.gradle\caches\modules-2\files-2.1\org.javassist\javassist\3.22.0-GA\3e83394258ae2089be7219b971ec21a8288528ad\javassist-3.22.0-GA.jar;C:\Users\alexander.angulo\.gradle\caches\modules-2\files-2.1\antlr\antlr\2.7.7\83cd2cd674a217ade95a4bb83a8a14f351f48bd0\antlr-2.7.7.jar;C:\Users\alexander.angulo\.gradle\caches\modules-2\files-2.1\org.jboss\jandex\2.0.3.Final\bfc4d6257dbff7a33a357f0de116be6ff951d849\jandex-2.0.3.Final.jar;C:\Users\alexander.angulo\.gradle\caches\modules-2\files-2.1\com.fasterxml\classmate\1.3.4\3d5f48f10bbe4eb7bd862f10c0583be2e0053c6\classmate-1.3.4.jar;C:\Users\alexander.angulo\.gradle\caches\modules-2\files-2.1\dom4j\dom4j\1.6.1\5d3ccc056b6f056dbf0dddfdf43894b9065a8f94\dom4j-1.6.1.jar;C:\Users\alexander.angulo\.gradle\caches\modules-2\files-2.1\ch.qos.logback\logback-classic\1.2.3\7c4f3c474fb2c041d8028740440937705ebb473a\logback-classic-1.2.3.jar;C:\Users\alexander.angulo\.gradle\caches\modules-2\files-2.1\org.apache.logging.log4j\log4j-to-slf4j\2.10.0\f7e631ccf49cfc0aefa4a2a728da7d374c05bd3c\log4j-to-slf4j-2.10.0.jar;C:\Users\alexander.angulo\.gradle\caches\modules-2\files-2.1\org.slf4j\jul-to-slf4j\1.7.25\af5364cd6679bfffb114f0dec8a157aaa283b76\jul-to-slf4j-1.7.25.jar;C:\Users\alexander.angulo\.gradle\caches\modules-2\files-2.1\org.slf4j\slf4j-api\1.7.25\da76ca59f6a57ee3102f8f9bd9cee742973efa8a\slf4j-api-1.7.25.jar;C:\Users\alexander.angulo\.gradle\caches\modules-2\files-2.1\com.fasterxml.jackson.datatype\jackson-datatype-jdk8\2.9.5\23e37f085279ba316c0df923513b81609e1d1f6\jackson-datatype-jdk8-2.9.5.jar;C:\Users\alexander.angulo\.gradle\caches\modules-2\files-2.1\com.fasterxml.jackson.datatype\jackson-datatype-jsr310\2.9.5\d1f0d11e816bc04e222a261106ca138801841c2d\jackson-datatype-jsr310-2.9.5.jar;C:\Users\alexander.angulo\.gradle\caches\modules-2\files-2.1\com.fasterxml.jackson.module\jackson-module-parameter-names\2.9.5\f824c60751ffb7bfc3a0d30dfe0e42317d8e67f5\jackson-module-parameter-names-2.9.5.jar;C:\Users\alexander.angulo\.gradle\caches\modules-2\files-2.1\com.fasterxml.jackson.core\jackson-databind\2.9.5\3490508379d065fe3fcb80042b62f630f7588606\jackson-databind-2.9.5.jar;C:\Users\alexander.angulo\.gradle\caches\modules-2\files-2.1\com.fasterxml.jackson.core\jackson-annotations\2.9.0\7c10d545325e3a6e72e06381afe469fd40eb701\jackson-annotations-2.9.0.jar;C:\Users\alexander.angulo\.gradle\caches\modules-2\files-2.1\org.apache.tomcat.embed\tomcat-embed-websocket\8.5.31\6564e716b89de5eaa0dd234ae7989576503ddf3\tomcat-embed-websocket-8.5.31.jar;C:\Users\alexander.angulo\.gradle\caches\modules-2\files-2.1\org.apache.tomcat.embed\tomcat-embed-core\8.5.31\f5adf7ed8c34aa005b22b6a2dc7b6796e10e9c79\tomcat-embed-core-8.5.31.jar;C:\Users\alexander.angulo\.gradle\caches\modules-2\files-2.1\org.apache.tomcat.embed\tomcat-embed-el\8.5.31\3a536e1ac71b82627c3a7408eb38fa0704cb9034\tomcat-embed-el-8.5.31.jar;C:\Users\alexander.angulo\.gradle\caches\modules-2\files-2.1\javax.validation\validation-api\2.0.1.Final\cb855558e6271b1b32e716d24cb85c7f583ce09e\validation-api-2.0.1.Final.jar;C:\Users\alexander.angulo\.gradle\caches\modules-2\files-2.1\net.minidev\json-smart\2.3\7396407491352ce4fa30de92efb158adb76b5b\json-smart-2.3.jar;C:\Users\alexander.angulo\.gradle\caches\modules-2\files-2.1\net.bytebuddy\byte-buddy\1.7.11\f02857a4e2c66ccbe7aaad6100a0a6c461bce9b3\byte-buddy-1.7.11.jar;C:\Users\alexander.angulo\.gradle\caches\modules-2\files-2.1\net.bytebuddy\byte-buddy-agent\1.7.11\b425a8933ca07edd03c6dbc8bc3b595fba9780de\byte-buddy-agent-1.7.11.jar;C:\Users\alexander.angulo\.gradle\caches\modules-2\files-2.1\org.objenesis\objenesis\2.6\639033469776fd37c08358c6b92a4761feb2af4b\objenesis-2.6.jar;C:\Users\alexander.angulo\.gradle\caches\modules-2\files-2.1\com.vaadin.external.google\android-json\0.0.20131108.vaadin1\fa26d351fe62a6a17f5cda1287c1c6110dec413f\android-json-0.0.20131108.vaadin1.jar;C:\Users\alexander.angulo\.gradle\caches\modules-2\files-2.1\org.springframework\spring-jcl\5.0.6.RELEASE\295ee4e8657e9c1fd327735c01d5fbce339cc44d\spring-jcl-5.0.6.RELEASE.jar;C:\Users\alexander.angulo\.gradle\caches\modules-2\files-2.1\com.fasterxml.jackson.core\jackson-core\2.9.5\a22ac51016944b06fd9ffbc9541c6e7ce5eea117\jackson-core-2.9.5.jar;C:\Users\alexander.angulo\.gradle\caches\modules-2\files-2.1\org.atteo\evo-inflector\1.2.2\2551aad98d65ac5464d81fe05f0e1516cfe471c9\evo-inflector-1.2.2.jar;C:\Users\alexander.angulo\.gradle\caches\modules-2\files-2.1\net.minidev\accessors-smart\1.2\c592b500269bfde36096641b01238a8350f8aa31\accessors-smart-1.2.jar;C:\Users\alexander.angulo\.gradle\caches\modules-2\files-2.1\ch.qos.logback\logback-core\1.2.3\864344400c3d4d92dfeb0a305dc87d953677c03c\logback-core-1.2.3.jar;C:\Users\alexander.angulo\.gradle\caches\modules-2\files-2.1\org.apache.logging.log4j\log4j-api\2.10.0\fec5797a55b786184a537abd39c3fa1449d752d6\log4j-api-2.10.0.jar;C:\Users\alexander.angulo\.gradle\caches\modules-2\files-2.1\org.ow2.asm\asm\5.0.4\da08b8cce7bbf903602a25a3a163ae252435795\asm-5.0.4.jar;C:\Users\alexander.angulo\.gradle\caches\modules-2\files-2.1\net.sourceforge.cobertura\cobertura\2.1.1\eab984794b3f7d0d37736a9e5b7f790128f611b5\cobertura-2.1.1.jar;C:\Users\alexander.angulo\.gradle\caches\modules-2\files-2.1\org.ow2.asm\asm-commons\5.0.1\7b7147a390a93a14d2edfdcf3f7b0e87a0939c3e\asm-commons-5.0.1.jar;C:\Users\alexander.angulo\.gradle\caches\modules-2\files-2.1\org.ow2.asm\asm-util\5.0.1\7c8caddfbd0b2d7b844f8fcc75175b9cb9cf4724\asm-util-5.0.1.jar;C:\Users\alexander.angulo\.gradle\caches\modules-2\files-2.1\org.ow2.asm\asm-analysis\5.0.1\e286fbee48efacb4e7c175f7948d9d8b2ab52352\asm-analysis-5.0.1.jar;C:\Users\alexander.angulo\.gradle\caches\modules-2\files-2.1\org.ow2.asm\asm-tree\5.0.1\1b1e6e9d869acd704056d0a4223071a511c619e6\asm-tree-5.0.1.jar;C:\Users\alexander.angulo\.gradle\caches\modules-2\files-2.1\org.ow2.asm\asm\5.0.1\2fd56467a018aafe6ec6a73ccba520be4a7e1565\asm-5.0.1.jar;C:\Users\alexander.angulo\.gradle\caches\modules-2\files-2.1\oro\oro\2.0.8\5592374f834645c4ae250f4c9fbb314c9369d698\oro-2.0.8.jar;C:\Users\alexander.angulo\.gradle\caches\modules-2\files-2.1\jaxen\jaxen\1.1.6\3f8c36d9a0578e8e98f030c662b69888b1430ac0\jaxen-1.1.6.jar;C:\Users\alexander.angulo\.gradle\caches\modules-2\files-2.1\org.apache.ant\ant-junit\1.8.3\9f77eec4e103241602fb0cdd97b3ec3237e0bd9\ant-junit-1.8.3.jar;C:\Users\alexander.angulo\.gradle\caches\modules-2\files-2.1\org.apache.ant\ant\1.8.3\77c746ecab048b9839c7a8e39e55fe8636c5b11\ant-1.8.3.jar;C:\Users\alexander.angulo\.gradle\caches\modules-2\files-2.1\org.mortbay.jetty\jetty\6.1.14\5ded67b609e59c27e82ff61b510773d28c9bef56\jetty-6.1.14.jar;C:\Users\alexander.angulo\.gradle\caches\modules-2\files-2.1\org.mortbay.jetty\servlet-api-2.5\6.1.14\5f07601ab7d7c85dd9e38a17c0e1b0edfbd4a191\servlet-api-2.5-6.1.14.jar;C:\Users\alexander.angulo\.gradle\caches\modules-2\files-2.1\org.mortbay.jetty\jetty-util\6.1.14\1b707d5884e35c9b97114a24aa9ee94ca531fa21\jetty-util-6.1.14.jar;C:\Users\alexander.angulo\.gradle\caches\modules-2\files-2.1\org.apache.commons\commons-lang3\3.7\557edd918fd41f9260963583ebf5a61a43a6b423\commons-lang3-3.7.jar;C:\Users\alexander.angulo\.gradle\caches\modules-2\files-2.1\org.apache.ant\ant-launcher\1.8.3\a22bcf9438c41828b04c13b052c4886606abac2\ant-launcher-1.8.3.jar, user.name=alexander.angulo, java.vm.specification.version=1.8, sun.java.command=worker.org.gradle.process.internal.worker.GradleWorkerMain 'Gradle Test Executor 3', java.home=C:\Program Files\Java\jdk1.8.0_172\jre, sun.arch.data.model=64, user.language=en, java.specification.vendor=Oracle Corporation, awt.toolkit=sun.awt.windows.WToolkit, java.vm.info=mixed mode, java.version=1.8.0_172, java.ext.dirs=C:\Program Files\Java\jdk1.8.0_172\jre\lib\ext;C:\Windows\Sun\Java\lib\ext, property=value, sun.boot.class.path=C:\Program Files\Java\jdk1.8.0_172\jre\lib\resources.jar;C:\Program Files\Java\jdk1.8.0_172\jre\lib\rt.jar;C:\Program Files\Java\jdk1.8.0_172\jre\lib\sunrsasign.jar;C:\Program Files\Java\jdk1.8.0_172\jre\lib\jsse.jar;C:\Program Files\Java\jdk1.8.0_172\jre\lib\jce.jar;C:\Program Files\Java\jdk1.8.0_172\jre\lib\charsets.jar;C:\Program Files\Java\jdk1.8.0_172\jre\lib\jfr.jar;C:\Program Files\Java\jdk1.8.0_172\jre\classes, java.awt.headless=true, java.vendor=Oracle Corporation, org.gradle.test.worker=3, com.zaxxer.hikari.pool_number=1, file.separator=\, java.vendor.url.bug=http://bugreport.sun.com/bugreport/, sun.io.unicode.encoding=UnicodeLittle, sun.cpu.endian=little, sun.desktop=windows, sun.cpu.isalist=amd64}}, SystemEnvironmentPropertySource@867445571 {name='systemEnvironment', properties={USERDOMAIN_ROAMINGPROFILE=CEIBA, LOCALAPPDATA=C:\Users\alexander.angulo\AppData\Local, PROCESSOR_LEVEL=6, USERDOMAIN=CEIBA, LOGONSERVER=\\CRONOS, SESSIONNAME=Console, ALLUSERSPROFILE=C:\ProgramData, PROCESSOR_ARCHITECTURE=AMD64, PSModulePath=C:\Program Files\WindowsPowerShell\Modules;C:\Windows\system32\WindowsPowerShell\v1.0\Modules, SystemDrive=C:, OneDrive=C:\Users\alexander.angulo\OneDrive, APPDATA=C:\Users\alexander.angulo\AppData\Roaming, USERNAME=alexander.angulo, USERDNSDOMAIN=CEIBA.LOCAL, ProgramFiles(x86)=C:\Program Files (x86), CommonProgramFiles=C:\Program Files\Common Files, Path=C:/Program Files/Java/jre1.8.0_172/bin/server;C:/Program Files/Java/jre1.8.0_172/bin;C:/Program Files/Java/jre1.8.0_172/lib/amd64;C:\Program Files (x86)\Common Files\Oracle\Java\javapath;C:\Oracle\product\11.1.0\client_1\bin;C:\Program Files\CollabNet\Subversion Client;C:\Windows\system32;C:\Windows;C:\Windows\System32\Wbem;C:\Windows\System32\WindowsPowerShell\v1.0\;C:\Windows\System32\OpenSSH\;C:\Program Files\TortoiseSVN\bin;C:\Program Files\Git\cmd;C:\Program Files\PuTTY\;C:\xampp\mysql\bin;C:\Program Files\nodejs\;C:\Users\alexander.angulo\AppData\Local\Microsoft\WindowsApps;;C:\Program Files\Microsoft VS Code\bin;C:\Users\alexander.angulo\AppData\Roaming\npm;D:\spring-tool-suite\sts-bundle\sts-3.9.4.RELEASE;, PATHEXT=.COM;.EXE;.BAT;.CMD;.VBS;.VBE;.JS;.JSE;.WSF;.WSH;.MSC, DriverData=C:\Windows\System32\Drivers\DriverData, OS=Windows_NT, COMPUTERNAME=ALEXANDER-ANGUL, PROCESSOR_REVISION=3a09, CommonProgramW6432=C:\Program Files\Common Files, ComSpec=C:\Windows\system32\cmd.exe, ProgramData=C:\ProgramData, ProgramW6432=C:\Program Files, HOMEPATH=\Users\alexander.angulo, SystemRoot=C:\Windows, TEMP=C:\Users\ALEXAN~1.ANG\AppData\Local\Temp, HOMEDRIVE=C:, PROCESSOR_IDENTIFIER=Intel64 Family 6 Model 58 Stepping 9, GenuineIntel, USERPROFILE=C:\Users\alexander.angulo, TMP=C:\Users\ALEXAN~1.ANG\AppData\Local\Temp, CommonProgramFiles(x86)=C:\Program Files (x86)\Common Files, ProgramFiles=C:\Program Files, PUBLIC=C:\Users\Public, NUMBER_OF_PROCESSORS=8, windir=C:\Windows, =::=::\}}]
[DEBUG] Resolved classpath location [com/co/ceiba/parqueadero/entity/] to resources [URL [file:/C:/Users/alexander.angulo/Music/version2/parqueadero/build/instrumented_classes/com/co/ceiba/parqueadero/entity/], URL [file:/C:/Users/alexander.angulo/Music/version2/parqueadero/build/classes/java/main/com/co/ceiba/parqueadero/entity/]]
[DEBUG] Looking for matching resources in directory tree [C:\Users\alexander.angulo\Music\version2\parqueadero\build\instrumented_classes\com\co\ceiba\parqueadero\entity]
[DEBUG] Searching directory [C:\Users\alexander.angulo\Music\version2\parqueadero\build\instrumented_classes\com\co\ceiba\parqueadero\entity] for files matching pattern [C:/Users/alexander.angulo/Music/version2/parqueadero/build/instrumented_classes/com/co/ceiba/parqueadero/entity/**/*.class]
[DEBUG] Looking for matching resources in directory tree [C:\Users\alexander.angulo\Music\version2\parqueadero\build\classes\java\main\com\co\ceiba\parqueadero\entity]
[DEBUG] Searching directory [C:\Users\alexander.angulo\Music\version2\parqueadero\build\classes\java\main\com\co\ceiba\parqueadero\entity] for files matching pattern [C:/Users/alexander.angulo/Music/version2/parqueadero/build/classes/java/main/com/co/ceiba/parqueadero/entity/**/*.class]
[DEBUG] Resolved location pattern [classpath*:com/co/ceiba/parqueadero/entity/**/*.class] to resources [file [C:\Users\alexander.angulo\Music\version2\parqueadero\build\instrumented_classes\com\co\ceiba\parqueadero\entity\Factura.class], file [C:\Users\alexander.angulo\Music\version2\parqueadero\build\instrumented_classes\com\co\ceiba\parqueadero\entity\Ingreso.class], file [C:\Users\alexander.angulo\Music\version2\parqueadero\build\instrumented_classes\com\co\ceiba\parqueadero\entity\Parqueadero.class], file [C:\Users\alexander.angulo\Music\version2\parqueadero\build\classes\java\main\com\co\ceiba\parqueadero\entity\Factura.class], file [C:\Users\alexander.angulo\Music\version2\parqueadero\build\classes\java\main\com\co\ceiba\parqueadero\entity\Ingreso.class], file [C:\Users\alexander.angulo\Music\version2\parqueadero\build\classes\java\main\com\co\ceiba\parqueadero\entity\Parqueadero.class]]
[DEBUG] Creating shared instance of singleton bean 'metadataConfiguration'
[DEBUG] Creating instance of bean 'metadataConfiguration'
[DEBUG] Returning cached instance of singleton bean 'org.springframework.transaction.config.internalTransactionAdvisor'
[DEBUG] Returning cached instance of singleton bean 'org.springframework.data.rest.webmvc.config.RepositoryRestMvcConfiguration'
[DEBUG] Eagerly caching bean 'metadataConfiguration' to allow for resolving potential circular references
[DEBUG] Returning cached instance of singleton bean 'org.springframework.transaction.config.internalTransactionAdvisor'
[DEBUG] Returning cached instance of singleton bean 'org.springframework.transaction.config.internalTransactionAdvisor'
[DEBUG] Finished creating instance of bean 'metadataConfiguration'
[DEBUG] Creating shared instance of singleton bean 'enumTranslator'
[DEBUG] Creating instance of bean 'enumTranslator'
[DEBUG] Returning cached instance of singleton bean 'org.springframework.transaction.config.internalTransactionAdvisor'
[DEBUG] Returning cached instance of singleton bean 'org.springframework.data.rest.webmvc.config.RepositoryRestMvcConfiguration'
[DEBUG] Creating shared instance of singleton bean 'resourceDescriptionMessageSourceAccessor'
[DEBUG] Creating instance of bean 'resourceDescriptionMessageSourceAccessor'
[DEBUG] Returning cached instance of singleton bean 'org.springframework.transaction.config.internalTransactionAdvisor'
[DEBUG] Returning cached instance of singleton bean 'org.springframework.data.rest.webmvc.config.RepositoryRestMvcConfiguration'
[DEBUG] Loading properties file from class path resource [rest-default-messages.properties]
[DEBUG] Eagerly caching bean 'resourceDescriptionMessageSourceAccessor' to allow for resolving potential circular references
[DEBUG] Returning cached instance of singleton bean 'org.springframework.transaction.config.internalTransactionAdvisor'
[DEBUG] Returning cached instance of singleton bean 'org.springframework.transaction.config.internalTransactionAdvisor'
[DEBUG] Finished creating instance of bean 'resourceDescriptionMessageSourceAccessor'
[DEBUG] Eagerly caching bean 'enumTranslator' to allow for resolving potential circular references
[DEBUG] Returning cached instance of singleton bean 'org.springframework.transaction.config.internalTransactionAdvisor'
[DEBUG] Returning cached instance of singleton bean 'org.springframework.transaction.config.internalTransactionAdvisor'
[DEBUG] Finished creating instance of bean 'enumTranslator'
[DEBUG] Eagerly caching bean 'repositoryRestConfiguration' to allow for resolving potential circular references
[DEBUG] Returning cached instance of singleton bean 'org.springframework.transaction.config.internalTransactionAdvisor'
[DEBUG] Returning cached instance of singleton bean 'org.springframework.transaction.config.internalTransactionAdvisor'
[DEBUG] Finished creating instance of bean 'repositoryRestConfiguration'
[DEBUG] Creating shared instance of singleton bean 'resourceMappings'
[DEBUG] Creating instance of bean 'resourceMappings'
[DEBUG] Returning cached instance of singleton bean 'org.springframework.transaction.config.internalTransactionAdvisor'
[DEBUG] Returning cached instance of singleton bean 'org.springframework.data.rest.webmvc.config.RepositoryRestMvcConfiguration'
[DEBUG] Returning cached instance of singleton bean 'repositories'
[DEBUG] Creating shared instance of singleton bean 'persistentEntities'
[DEBUG] Creating instance of bean 'persistentEntities'
[DEBUG] Returning cached instance of singleton bean 'org.springframework.transaction.config.internalTransactionAdvisor'
[DEBUG] Returning cached instance of singleton bean 'org.springframework.data.rest.webmvc.config.RepositoryRestMvcConfiguration'
[DEBUG] Returning cached instance of singleton bean 'jpaMappingContext'
[DEBUG] Eagerly caching bean 'persistentEntities' to allow for resolving potential circular references
[DEBUG] Returning cached instance of singleton bean 'org.springframework.transaction.config.internalTransactionAdvisor'
[DEBUG] Returning cached instance of singleton bean 'org.springframework.transaction.config.internalTransactionAdvisor'
[DEBUG] Finished creating instance of bean 'persistentEntities'
[DEBUG] Returning cached instance of singleton bean 'repositoryRestConfiguration'
[DEBUG] Eagerly caching bean 'resourceMappings' to allow for resolving potential circular references
[DEBUG] Returning cached instance of singleton bean 'org.springframework.transaction.config.internalTransactionAdvisor'
[DEBUG] Returning cached instance of singleton bean 'org.springframework.transaction.config.internalTransactionAdvisor'
[DEBUG] Finished creating instance of bean 'resourceMappings'
[DEBUG] Returning cached instance of singleton bean 'repositories'
[DEBUG] Autowiring by type from bean name 'profileController' via constructor to bean named 'repositoryRestConfiguration'
[DEBUG] Autowiring by type from bean name 'profileController' via constructor to bean named 'resourceMappings'
[DEBUG] Autowiring by type from bean name 'profileController' via constructor to bean named 'repositories'
[DEBUG] Eagerly caching bean 'profileController' to allow for resolving potential circular references
[DEBUG] Returning cached instance of singleton bean 'org.springframework.transaction.config.internalTransactionAdvisor'
[DEBUG] Returning cached instance of singleton bean 'org.springframework.transaction.config.internalTransactionAdvisor'
[DEBUG] Finished creating instance of bean 'profileController'
[DEBUG] Creating shared instance of singleton bean 'alpsController'
[DEBUG] Creating instance of bean 'alpsController'
[DEBUG] Returning cached instance of singleton bean 'org.springframework.transaction.config.internalTransactionAdvisor'
[DEBUG] Returning cached instance of singleton bean 'repositoryRestConfiguration'
[DEBUG] Autowiring by type from bean name 'alpsController' via constructor to bean named 'repositoryRestConfiguration'
[DEBUG] Eagerly caching bean 'alpsController' to allow for resolving potential circular references
[DEBUG] Returning cached instance of singleton bean 'org.springframework.transaction.config.internalTransactionAdvisor'
[DEBUG] Returning cached instance of singleton bean 'org.springframework.transaction.config.internalTransactionAdvisor'
[DEBUG] Finished creating instance of bean 'alpsController'
[DEBUG] Creating shared instance of singleton bean 'repositoryEntityController'
[DEBUG] Creating instance of bean 'repositoryEntityController'
[DEBUG] Returning cached instance of singleton bean 'org.springframework.transaction.config.internalTransactionAdvisor'
[DEBUG] Returning cached instance of singleton bean 'repositories'
[DEBUG] Returning cached instance of singleton bean 'repositoryRestConfiguration'
[DEBUG] Creating shared instance of singleton bean 'entityLinks'
[DEBUG] Creating instance of bean 'entityLinks'
[DEBUG] Returning cached instance of singleton bean 'org.springframework.transaction.config.internalTransactionAdvisor'
[DEBUG] Returning cached instance of singleton bean 'org.springframework.data.rest.webmvc.config.RepositoryRestMvcConfiguration'
[DEBUG] Creating shared instance of singleton bean 'pageableResolver'
[DEBUG] Creating instance of bean 'pageableResolver'
[DEBUG] Returning cached instance of singleton bean 'org.springframework.transaction.config.internalTransactionAdvisor'
[DEBUG] Returning cached instance of singleton bean 'org.springframework.data.rest.webmvc.config.RepositoryRestMvcConfiguration'
[DEBUG] Creating shared instance of singleton bean 'sortResolver'
[DEBUG] Creating instance of bean 'sortResolver'
[DEBUG] Returning cached instance of singleton bean 'org.springframework.transaction.config.internalTransactionAdvisor'
[DEBUG] Returning cached instance of singleton bean 'org.springframework.data.rest.webmvc.config.RepositoryRestMvcConfiguration'
[DEBUG] Returning cached instance of singleton bean 'repositoryRestConfiguration'
[DEBUG] Eagerly caching bean 'sortResolver' to allow for resolving potential circular references
[DEBUG] Returning cached instance of singleton bean 'org.springframework.transaction.config.internalTransactionAdvisor'
[DEBUG] Returning cached instance of singleton bean 'org.springframework.transaction.config.internalTransactionAdvisor'
[DEBUG] Finished creating instance of bean 'sortResolver'
[DEBUG] Returning cached instance of singleton bean 'repositoryRestConfiguration'
[DEBUG] Returning cached instance of singleton bean 'repositoryRestConfiguration'
[DEBUG] Returning cached instance of singleton bean 'repositoryRestConfiguration'
[DEBUG] Returning cached instance of singleton bean 'repositoryRestConfiguration'
[DEBUG] Eagerly caching bean 'pageableResolver' to allow for resolving potential circular references
[DEBUG] Returning cached instance of singleton bean 'org.springframework.transaction.config.internalTransactionAdvisor'
[DEBUG] Returning cached instance of singleton bean 'org.springframework.transaction.config.internalTransactionAdvisor'
[DEBUG] Finished creating instance of bean 'pageableResolver'
[DEBUG] Returning cached instance of singleton bean 'sortResolver'
[DEBUG] Returning cached instance of singleton bean 'repositories'
[DEBUG] Returning cached instance of singleton bean 'resourceMappings'
[DEBUG] Returning cached instance of singleton bean 'repositoryRestConfiguration'
[DEBUG] Creating shared instance of singleton bean 'backendIdConverterRegistry'
[DEBUG] Creating instance of bean 'backendIdConverterRegistry'
[DEBUG] Returning cached instance of singleton bean 'org.springframework.transaction.config.internalTransactionAdvisor'
[DEBUG] Returning cached instance of singleton bean 'org.springframework.data.rest.webmvc.config.RepositoryRestMvcConfiguration'
[DEBUG] Eagerly caching bean 'backendIdConverterRegistry' to allow for resolving potential circular references
[DEBUG] Returning cached instance of singleton bean 'org.springframework.transaction.config.internalTransactionAdvisor'
[DEBUG] Returning cached instance of singleton bean 'org.springframework.transaction.config.internalTransactionAdvisor'
[DEBUG] Finished creating instance of bean 'backendIdConverterRegistry'
[DEBUG] Eagerly caching bean 'entityLinks' to allow for resolving potential circular references
[DEBUG] Returning cached instance of singleton bean 'org.springframework.transaction.config.internalTransactionAdvisor'
[DEBUG] Returning cached instance of singleton bean 'org.springframework.transaction.config.internalTransactionAdvisor'
[DEBUG] Finished creating instance of bean 'entityLinks'
[DEBUG] Creating shared instance of singleton bean 'pagedResourcesAssembler'
[DEBUG] Creating instance of bean 'pagedResourcesAssembler'
[DEBUG] Returning cached instance of singleton bean 'org.springframework.transaction.config.internalTransactionAdvisor'
[DEBUG] Returning cached instance of singleton bean 'org.springframework.data.rest.webmvc.config.RepositoryRestMvcConfiguration'
[DEBUG] Returning cached instance of singleton bean 'pageableResolver'
[DEBUG] Eagerly caching bean 'pagedResourcesAssembler' to allow for resolving potential circular references
[DEBUG] Returning cached instance of singleton bean 'org.springframework.transaction.config.internalTransactionAdvisor'
[DEBUG] Returning cached instance of singleton bean 'org.springframework.transaction.config.internalTransactionAdvisor'
[DEBUG] Finished creating instance of bean 'pagedResourcesAssembler'
[DEBUG] Creating shared instance of singleton bean 'httpHeadersPreparer'
[DEBUG] Creating instance of bean 'httpHeadersPreparer'
[DEBUG] Returning cached instance of singleton bean 'org.springframework.transaction.config.internalTransactionAdvisor'
[DEBUG] Returning cached instance of singleton bean 'org.springframework.data.rest.webmvc.config.RepositoryRestMvcConfiguration'
[DEBUG] Creating shared instance of singleton bean 'auditableBeanWrapperFactory'
[DEBUG] Creating instance of bean 'auditableBeanWrapperFactory'
[DEBUG] Returning cached instance of singleton bean 'org.springframework.transaction.config.internalTransactionAdvisor'
[DEBUG] Returning cached instance of singleton bean 'org.springframework.data.rest.webmvc.config.RepositoryRestMvcConfiguration'
[DEBUG] Returning cached instance of singleton bean 'persistentEntities'
[DEBUG] Eagerly caching bean 'auditableBeanWrapperFactory' to allow for resolving potential circular references
[DEBUG] Returning cached instance of singleton bean 'org.springframework.transaction.config.internalTransactionAdvisor'
[DEBUG] Returning cached instance of singleton bean 'org.springframework.transaction.config.internalTransactionAdvisor'
[DEBUG] Finished creating instance of bean 'auditableBeanWrapperFactory'
[DEBUG] Eagerly caching bean 'httpHeadersPreparer' to allow for resolving potential circular references
[DEBUG] Returning cached instance of singleton bean 'org.springframework.transaction.config.internalTransactionAdvisor'
[DEBUG] Returning cached instance of singleton bean 'org.springframework.transaction.config.internalTransactionAdvisor'
[DEBUG] Finished creating instance of bean 'httpHeadersPreparer'
[DEBUG] Autowiring by type from bean name 'repositoryEntityController' via constructor to bean named 'repositories'
[DEBUG] Autowiring by type from bean name 'repositoryEntityController' via constructor to bean named 'repositoryRestConfiguration'
[DEBUG] Autowiring by type from bean name 'repositoryEntityController' via constructor to bean named 'entityLinks'
[DEBUG] Autowiring by type from bean name 'repositoryEntityController' via constructor to bean named 'pagedResourcesAssembler'
[DEBUG] Autowiring by type from bean name 'repositoryEntityController' via constructor to bean named 'httpHeadersPreparer'
[DEBUG] Eagerly caching bean 'repositoryEntityController' to allow for resolving potential circular references
[DEBUG] Returning cached instance of singleton bean 'org.springframework.transaction.config.internalTransactionAdvisor'
[DEBUG] Returning cached instance of singleton bean 'org.springframework.transaction.config.internalTransactionAdvisor'
[DEBUG] Finished creating instance of bean 'repositoryEntityController'
[DEBUG] Creating shared instance of singleton bean 'repositorySearchController'
[DEBUG] Creating instance of bean 'repositorySearchController'
[DEBUG] Returning cached instance of singleton bean 'org.springframework.transaction.config.internalTransactionAdvisor'
[DEBUG] Returning cached instance of singleton bean 'pagedResourcesAssembler'
[DEBUG] Returning cached instance of singleton bean 'entityLinks'
[DEBUG] Returning cached instance of singleton bean 'resourceMappings'
[DEBUG] Returning cached instance of singleton bean 'httpHeadersPreparer'
[DEBUG] Autowiring by type from bean name 'repositorySearchController' via constructor to bean named 'pagedResourcesAssembler'
[DEBUG] Autowiring by type from bean name 'repositorySearchController' via constructor to bean named 'entityLinks'
[DEBUG] Autowiring by type from bean name 'repositorySearchController' via constructor to bean named 'resourceMappings'
[DEBUG] Autowiring by type from bean name 'repositorySearchController' via constructor to bean named 'httpHeadersPreparer'
[DEBUG] Eagerly caching bean 'repositorySearchController' to allow for resolving potential circular references
[DEBUG] Returning cached instance of singleton bean 'org.springframework.transaction.config.internalTransactionAdvisor'
[DEBUG] Returning cached instance of singleton bean 'org.springframework.transaction.config.internalTransactionAdvisor'
[DEBUG] Finished creating instance of bean 'repositorySearchController'
[DEBUG] Creating shared instance of singleton bean 'repositorySchemaController'
[DEBUG] Creating instance of bean 'repositorySchemaController'
[DEBUG] Returning cached instance of singleton bean 'org.springframework.transaction.config.internalTransactionAdvisor'
[DEBUG] Creating shared instance of singleton bean 'jsonSchemaConverter'
[DEBUG] Creating instance of bean 'jsonSchemaConverter'
[DEBUG] Returning cached instance of singleton bean 'org.springframework.transaction.config.internalTransactionAdvisor'
[DEBUG] Returning cached instance of singleton bean 'org.springframework.data.rest.webmvc.config.RepositoryRestMvcConfiguration'
[DEBUG] Returning cached instance of singleton bean 'persistentEntities'
[DEBUG] Creating shared instance of singleton bean 'associationLinks'
[DEBUG] Creating instance of bean 'associationLinks'
[DEBUG] Returning cached instance of singleton bean 'org.springframework.transaction.config.internalTransactionAdvisor'
[DEBUG] Returning cached instance of singleton bean 'org.springframework.data.rest.webmvc.config.RepositoryRestMvcConfiguration'
[DEBUG] Returning cached instance of singleton bean 'resourceMappings'
[DEBUG] Returning cached instance of singleton bean 'repositoryRestConfiguration'
[DEBUG] Eagerly caching bean 'associationLinks' to allow for resolving potential circular references
[DEBUG] Returning cached instance of singleton bean 'org.springframework.transaction.config.internalTransactionAdvisor'
[DEBUG] Returning cached instance of singleton bean 'org.springframework.transaction.config.internalTransactionAdvisor'
[DEBUG] Finished creating instance of bean 'associationLinks'
[DEBUG] Returning cached instance of singleton bean 'resourceDescriptionMessageSourceAccessor'
[DEBUG] Creating shared instance of singleton bean 'objectMapper'
[DEBUG] Creating instance of bean 'objectMapper'
[DEBUG] Returning cached instance of singleton bean 'org.springframework.transaction.config.internalTransactionAdvisor'
[DEBUG] Returning cached instance of singleton bean 'org.springframework.data.rest.webmvc.config.RepositoryRestMvcConfiguration'
[DEBUG] Returning cached instance of singleton bean 'repositoryRestConfiguration'
[DEBUG] Returning cached instance of singleton bean 'persistentEntities'
[DEBUG] Creating shared instance of singleton bean 'defaultConversionService'
[DEBUG] Creating instance of bean 'defaultConversionService'
[DEBUG] Returning cached instance of singleton bean 'org.springframework.transaction.config.internalTransactionAdvisor'
[DEBUG] Returning cached instance of singleton bean 'org.springframework.data.rest.webmvc.config.RepositoryRestMvcConfiguration'
[DEBUG] Returning cached instance of singleton bean 'persistentEntities'
[DEBUG] Creating shared instance of singleton bean 'repositoryInvokerFactory'
[DEBUG] Creating instance of bean 'repositoryInvokerFactory'
[DEBUG] Returning cached instance of singleton bean 'org.springframework.transaction.config.internalTransactionAdvisor'
[DEBUG] Returning cached instance of singleton bean 'org.springframework.data.rest.webmvc.config.RepositoryRestMvcConfiguration'
[DEBUG] Returning cached instance of singleton bean 'repositories'
[DEBUG] Returning cached instance of singleton bean 'repositoryRestConfiguration'
[DEBUG] Returning cached instance of singleton bean 'repositories'
[DEBUG] Eagerly caching bean 'repositoryInvokerFactory' to allow for resolving potential circular references
[DEBUG] Returning cached instance of singleton bean 'org.springframework.transaction.config.internalTransactionAdvisor'
[DEBUG] Returning cached instance of singleton bean 'org.springframework.transaction.config.internalTransactionAdvisor'
[DEBUG] Finished creating instance of bean 'repositoryInvokerFactory'
[DEBUG] Returning cached instance of singleton bean 'repositories'
[DEBUG] Returning cached instance of singleton bean 'IParqueaderoRepository'
[DEBUG] Returning cached instance of singleton bean 'IFacturaRepository'
[DEBUG] Returning cached instance of singleton bean 'IIngresoRepository'
[DEBUG] Eagerly caching bean 'defaultConversionService' to allow for resolving potential circular references
[DEBUG] Returning cached instance of singleton bean 'org.springframework.transaction.config.internalTransactionAdvisor'
[DEBUG] Returning cached instance of singleton bean 'org.springframework.transaction.config.internalTransactionAdvisor'
[DEBUG] Finished creating instance of bean 'defaultConversionService'
[DEBUG] Returning cached instance of singleton bean 'persistentEntities'
[DEBUG] Returning cached instance of singleton bean 'repositories'
[DEBUG] Returning cached instance of singleton bean 'associationLinks'
[DEBUG] Creating shared instance of singleton bean 'excerptProjector'
[DEBUG] Creating instance of bean 'excerptProjector'
[DEBUG] Returning cached instance of singleton bean 'org.springframework.transaction.config.internalTransactionAdvisor'
[DEBUG] Returning cached instance of singleton bean 'org.springframework.data.rest.webmvc.config.RepositoryRestMvcConfiguration'
[DEBUG] Returning cached instance of singleton bean 'resourceMappings'
[DEBUG] Eagerly caching bean 'excerptProjector' to allow for resolving potential circular references
[DEBUG] Returning cached instance of singleton bean 'org.springframework.transaction.config.internalTransactionAdvisor'
[DEBUG] Returning cached instance of singleton bean 'org.springframework.transaction.config.internalTransactionAdvisor'
[DEBUG] Finished creating instance of bean 'excerptProjector'
[DEBUG] Returning cached instance of singleton bean 'repositoryRestConfiguration'
[DEBUG] Returning cached instance of singleton bean 'repositories'
[DEBUG] Returning cached instance of singleton bean 'associationLinks'
[DEBUG] Creating shared instance of singleton bean 'linkCollector'
[DEBUG] Creating instance of bean 'linkCollector'
[DEBUG] Returning cached instance of singleton bean 'org.springframework.transaction.config.internalTransactionAdvisor'
[DEBUG] Returning cached instance of singleton bean 'org.springframework.data.rest.webmvc.config.RepositoryRestMvcConfiguration'
[DEBUG] Returning cached instance of singleton bean 'persistentEntities'
[DEBUG] Creating shared instance of singleton bean 'selfLinkProvider'
[DEBUG] Creating instance of bean 'selfLinkProvider'
[DEBUG] Returning cached instance of singleton bean 'org.springframework.transaction.config.internalTransactionAdvisor'
[DEBUG] Returning cached instance of singleton bean 'org.springframework.data.rest.webmvc.config.RepositoryRestMvcConfiguration'
[DEBUG] Returning cached instance of singleton bean 'persistentEntities'
[DEBUG] Returning cached instance of singleton bean 'entityLinks'
[DEBUG] Returning cached instance of singleton bean 'repositoryRestConfiguration'
[DEBUG] Returning cached instance of singleton bean 'repositories'
[DEBUG] Eagerly caching bean 'selfLinkProvider' to allow for resolving potential circular references
[DEBUG] Returning cached instance of singleton bean 'org.springframework.transaction.config.internalTransactionAdvisor'
[DEBUG] Returning cached instance of singleton bean 'org.springframework.transaction.config.internalTransactionAdvisor'
[DEBUG] Finished creating instance of bean 'selfLinkProvider'
[DEBUG] Returning cached instance of singleton bean 'associationLinks'
[DEBUG] Eagerly caching bean 'linkCollector' to allow for resolving potential circular references
[DEBUG] Returning cached instance of singleton bean 'org.springframework.transaction.config.internalTransactionAdvisor'
[DEBUG] Returning cached instance of singleton bean 'org.springframework.transaction.config.internalTransactionAdvisor'
[DEBUG] Finished creating instance of bean 'linkCollector'
[DEBUG] Creating shared instance of singleton bean 'resourceProcessorInvoker'
[DEBUG] Creating instance of bean 'resourceProcessorInvoker'
[DEBUG] Returning cached instance of singleton bean 'org.springframework.transaction.config.internalTransactionAdvisor'
[DEBUG] Returning cached instance of singleton bean 'org.springframework.data.rest.webmvc.config.RepositoryRestMvcConfiguration'
[DEBUG] Creating shared instance of singleton bean 'profileResourceProcessor'
[DEBUG] Creating instance of bean 'profileResourceProcessor'
[DEBUG] Returning cached instance of singleton bean 'org.springframework.transaction.config.internalTransactionAdvisor'
[DEBUG] Returning cached instance of singleton bean 'org.springframework.data.rest.webmvc.config.RepositoryRestMvcConfiguration'
[DEBUG] Returning cached instance of singleton bean 'repositoryRestConfiguration'
[DEBUG] Autowiring by type from bean name 'profileResourceProcessor' via factory method to bean named 'repositoryRestConfiguration'
[DEBUG] Eagerly caching bean 'profileResourceProcessor' to allow for resolving potential circular references
[DEBUG] Returning cached instance of singleton bean 'org.springframework.transaction.config.internalTransactionAdvisor'
[DEBUG] Returning cached instance of singleton bean 'org.springframework.transaction.config.internalTransactionAdvisor'
[DEBUG] Finished creating instance of bean 'profileResourceProcessor'
[DEBUG] Eagerly caching bean 'resourceProcessorInvoker' to allow for resolving potential circular references
[DEBUG] Returning cached instance of singleton bean 'org.springframework.transaction.config.internalTransactionAdvisor'
[DEBUG] Returning cached instance of singleton bean 'org.springframework.transaction.config.internalTransactionAdvisor'
[DEBUG] Finished creating instance of bean 'resourceProcessorInvoker'
[DEBUG] Eagerly caching bean 'objectMapper' to allow for resolving potential circular references
[DEBUG] Returning cached instance of singleton bean 'org.springframework.transaction.config.internalTransactionAdvisor'
[DEBUG] Returning cached instance of singleton bean 'org.springframework.transaction.config.internalTransactionAdvisor'
[DEBUG] Finished creating instance of bean 'objectMapper'
[DEBUG] Returning cached instance of singleton bean 'repositoryRestConfiguration'
[DEBUG] Returning cached instance of singleton bean 'defaultConversionService'
[DEBUG] Eagerly caching bean 'jsonSchemaConverter' to allow for resolving potential circular references
[DEBUG] Returning cached instance of singleton bean 'org.springframework.transaction.config.internalTransactionAdvisor'
[DEBUG] Returning cached instance of singleton bean 'org.springframework.transaction.config.internalTransactionAdvisor'
[DEBUG] Finished creating instance of bean 'jsonSchemaConverter'
[DEBUG] Autowiring by type from bean name 'repositorySchemaController' via constructor to bean named 'jsonSchemaConverter'
[DEBUG] Eagerly caching bean 'repositorySchemaController' to allow for resolving potential circular references
[DEBUG] Returning cached instance of singleton bean 'org.springframework.transaction.config.internalTransactionAdvisor'
[DEBUG] Returning cached instance of singleton bean 'org.springframework.transaction.config.internalTransactionAdvisor'
[DEBUG] Finished creating instance of bean 'repositorySchemaController'
[DEBUG] Creating shared instance of singleton bean 'repositoryController'
[DEBUG] Creating instance of bean 'repositoryController'
[DEBUG] Returning cached instance of singleton bean 'org.springframework.transaction.config.internalTransactionAdvisor'
[DEBUG] Returning cached instance of singleton bean 'pagedResourcesAssembler'
[DEBUG] Returning cached instance of singleton bean 'repositories'
[DEBUG] Returning cached instance of singleton bean 'entityLinks'
[DEBUG] Creating shared instance of singleton bean 'controllerEntityLinks'
[DEBUG] Creating instance of bean 'controllerEntityLinks'
[DEBUG] Returning cached instance of singleton bean 'org.springframework.transaction.config.internalTransactionAdvisor'
[DEBUG] Eagerly caching bean 'controllerEntityLinks' to allow for resolving potential circular references
[DEBUG] Creating instance of bean '(inner bean)#6de92b5d'
[DEBUG] Returning cached instance of singleton bean 'org.springframework.transaction.config.internalTransactionAdvisor'
[DEBUG] Returning cached instance of singleton bean 'pageableResolver'
[DEBUG] Returning cached instance of singleton bean 'sortResolver'
[DEBUG] Autowiring by type from bean name '(inner bean)#6de92b5d' via property 'uriComponentsContributors' to bean named 'pageableResolver'
[DEBUG] Autowiring by type from bean name '(inner bean)#6de92b5d' via property 'uriComponentsContributors' to bean named 'sortResolver'
[DEBUG] Returning cached instance of singleton bean 'org.springframework.transaction.config.internalTransactionAdvisor'
[DEBUG] Returning cached instance of singleton bean 'org.springframework.transaction.config.internalTransactionAdvisor'
[DEBUG] Finished creating instance of bean '(inner bean)#6de92b5d'
[DEBUG] Invoking afterPropertiesSet() on bean with name 'controllerEntityLinks'
[DEBUG] Returning cached instance of singleton bean 'org.springframework.transaction.config.internalTransactionAdvisor'
[DEBUG] Returning cached instance of singleton bean 'org.springframework.transaction.config.internalTransactionAdvisor'
[DEBUG] Finished creating instance of bean 'controllerEntityLinks'
[DEBUG] Returning cached instance of singleton bean 'org.springframework.transaction.config.internalTransactionAdvisor'
[DEBUG] Returning cached instance of singleton bean 'org.springframework.transaction.config.internalTransactionAdvisor'
[DEBUG] Creating shared instance of singleton bean 'delegatingEntityLinks'
[DEBUG] Creating instance of bean 'delegatingEntityLinks'
[DEBUG] Returning cached instance of singleton bean 'org.springframework.transaction.config.internalTransactionAdvisor'
[DEBUG] Creating instance of bean '(inner bean)#77d8ad2e'
[DEBUG] Returning cached instance of singleton bean 'org.springframework.transaction.config.internalTransactionAdvisor'
[DEBUG] Invoking afterPropertiesSet() on bean with name '(inner bean)#77d8ad2e'
[DEBUG] Returning cached instance of singleton bean 'org.springframework.transaction.config.internalTransactionAdvisor'
[DEBUG] Returning cached instance of singleton bean 'org.springframework.transaction.config.internalTransactionAdvisor'
[DEBUG] Finished creating instance of bean '(inner bean)#77d8ad2e'
[DEBUG] Creating JDK dynamic proxy: target source is org.springframework.plugin.core.support.AbstractTypeAwareSupport$BeansOfTypeTargetSource@520d3131
[DEBUG] Returning cached instance of singleton bean 'org.springframework.transaction.config.internalTransactionAdvisor'
[DEBUG] Returning cached instance of singleton bean 'org.springframework.transaction.config.internalTransactionAdvisor'
[DEBUG] Eagerly caching bean 'delegatingEntityLinks' to allow for resolving potential circular references
[DEBUG] Returning cached instance of singleton bean 'org.springframework.transaction.config.internalTransactionAdvisor'
[DEBUG] Returning cached instance of singleton bean 'org.springframework.transaction.config.internalTransactionAdvisor'
[DEBUG] Finished creating instance of bean 'delegatingEntityLinks'
[DEBUG] Returning cached instance of singleton bean 'resourceMappings'
[DEBUG] Autowiring by type from bean name 'repositoryController' via constructor to bean named 'pagedResourcesAssembler'
[DEBUG] Autowiring by type from bean name 'repositoryController' via constructor to bean named 'repositories'
[DEBUG] Autowiring by type from bean name 'repositoryController' via constructor to bean named 'delegatingEntityLinks'
[DEBUG] Autowiring by type from bean name 'repositoryController' via constructor to bean named 'resourceMappings'
[DEBUG] Eagerly caching bean 'repositoryController' to allow for resolving potential circular references
[DEBUG] Returning cached instance of singleton bean 'org.springframework.transaction.config.internalTransactionAdvisor'
[DEBUG] Returning cached instance of singleton bean 'org.springframework.transaction.config.internalTransactionAdvisor'
[DEBUG] Finished creating instance of bean 'repositoryController'
[DEBUG] Creating shared instance of singleton bean 'repositoryPropertyReferenceController'
[DEBUG] Creating instance of bean 'repositoryPropertyReferenceController'
[DEBUG] Returning cached instance of singleton bean 'org.springframework.transaction.config.internalTransactionAdvisor'
[DEBUG] Returning cached instance of singleton bean 'repositories'
[DEBUG] Returning cached instance of singleton bean 'repositoryInvokerFactory'
[DEBUG] Returning cached instance of singleton bean 'pagedResourcesAssembler'
[DEBUG] Autowiring by type from bean name 'repositoryPropertyReferenceController' via constructor to bean named 'repositories'
[DEBUG] Autowiring by type from bean name 'repositoryPropertyReferenceController' via constructor to bean named 'repositoryInvokerFactory'
[DEBUG] Autowiring by type from bean name 'repositoryPropertyReferenceController' via constructor to bean named 'pagedResourcesAssembler'
[DEBUG] Eagerly caching bean 'repositoryPropertyReferenceController' to allow for resolving potential circular references
[DEBUG] Returning cached instance of singleton bean 'org.springframework.transaction.config.internalTransactionAdvisor'
[DEBUG] Returning cached instance of singleton bean 'org.springframework.transaction.config.internalTransactionAdvisor'
[DEBUG] Finished creating instance of bean 'repositoryPropertyReferenceController'
[DEBUG] Returning cached instance of singleton bean 'org.springframework.boot.autoconfigure.AutoConfigurationPackages'
[DEBUG] Creating shared instance of singleton bean 'org.springframework.boot.autoconfigure.context.PropertyPlaceholderAutoConfiguration'
[DEBUG] Creating instance of bean 'org.springframework.boot.autoconfigure.context.PropertyPlaceholderAutoConfiguration'
[DEBUG] Returning cached instance of singleton bean 'org.springframework.transaction.config.internalTransactionAdvisor'
[DEBUG] Eagerly caching bean 'org.springframework.boot.autoconfigure.context.PropertyPlaceholderAutoConfiguration' to allow for resolving potential circular references
[DEBUG] Returning cached instance of singleton bean 'org.springframework.transaction.config.internalTransactionAdvisor'
[DEBUG] Returning cached instance of singleton bean 'org.springframework.transaction.config.internalTransactionAdvisor'
[DEBUG] Finished creating instance of bean 'org.springframework.boot.autoconfigure.context.PropertyPlaceholderAutoConfiguration'
[DEBUG] Returning cached instance of singleton bean 'org.springframework.boot.autoconfigure.condition.BeanTypeRegistry'
[DEBUG] Returning cached instance of singleton bean 'propertySourcesPlaceholderConfigurer'
[DEBUG] Creating shared instance of singleton bean 'org.springframework.boot.autoconfigure.websocket.servlet.WebSocketServletAutoConfiguration$TomcatWebSocketConfiguration'
[DEBUG] Creating instance of bean 'org.springframework.boot.autoconfigure.websocket.servlet.WebSocketServletAutoConfiguration$TomcatWebSocketConfiguration'
[DEBUG] Returning cached instance of singleton bean 'org.springframework.transaction.config.internalTransactionAdvisor'
[DEBUG] Eagerly caching bean 'org.springframework.boot.autoconfigure.websocket.servlet.WebSocketServletAutoConfiguration$TomcatWebSocketConfiguration' to allow for resolving potential circular references
[DEBUG] Returning cached instance of singleton bean 'org.springframework.transaction.config.internalTransactionAdvisor'
[DEBUG] Returning cached instance of singleton bean 'org.springframework.transaction.config.internalTransactionAdvisor'
[DEBUG] Finished creating instance of bean 'org.springframework.boot.autoconfigure.websocket.servlet.WebSocketServletAutoConfiguration$TomcatWebSocketConfiguration'
[DEBUG] Creating shared instance of singleton bean 'websocketContainerCustomizer'
[DEBUG] Creating instance of bean 'websocketContainerCustomizer'
[DEBUG] Returning cached instance of singleton bean 'org.springframework.transaction.config.internalTransactionAdvisor'
[DEBUG] Returning cached instance of singleton bean 'org.springframework.boot.autoconfigure.websocket.servlet.WebSocketServletAutoConfiguration$TomcatWebSocketConfiguration'
[DEBUG] Eagerly caching bean 'websocketContainerCustomizer' to allow for resolving potential circular references
[DEBUG] Returning cached instance of singleton bean 'org.springframework.transaction.config.internalTransactionAdvisor'
[DEBUG] Returning cached instance of singleton bean 'org.springframework.transaction.config.internalTransactionAdvisor'
[DEBUG] Finished creating instance of bean 'websocketContainerCustomizer'
[DEBUG] Creating shared instance of singleton bean 'org.springframework.boot.autoconfigure.websocket.servlet.WebSocketServletAutoConfiguration'
[DEBUG] Creating instance of bean 'org.springframework.boot.autoconfigure.websocket.servlet.WebSocketServletAutoConfiguration'
[DEBUG] Returning cached instance of singleton bean 'org.springframework.transaction.config.internalTransactionAdvisor'
[DEBUG] Eagerly caching bean 'org.springframework.boot.autoconfigure.websocket.servlet.WebSocketServletAutoConfiguration' to allow for resolving potential circular references
[DEBUG] Returning cached instance of singleton bean 'org.springframework.transaction.config.internalTransactionAdvisor'
[DEBUG] Returning cached instance of singleton bean 'org.springframework.transaction.config.internalTransactionAdvisor'
[DEBUG] Finished creating instance of bean 'org.springframework.boot.autoconfigure.websocket.servlet.WebSocketServletAutoConfiguration'
[DEBUG] Creating shared instance of singleton bean 'org.springframework.boot.autoconfigure.web.servlet.ServletWebServerFactoryConfiguration$EmbeddedTomcat'
[DEBUG] Creating instance of bean 'org.springframework.boot.autoconfigure.web.servlet.ServletWebServerFactoryConfiguration$EmbeddedTomcat'
[DEBUG] Returning cached instance of singleton bean 'org.springframework.transaction.config.internalTransactionAdvisor'
[DEBUG] Eagerly caching bean 'org.springframework.boot.autoconfigure.web.servlet.ServletWebServerFactoryConfiguration$EmbeddedTomcat' to allow for resolving potential circular references
[DEBUG] Returning cached instance of singleton bean 'org.springframework.transaction.config.internalTransactionAdvisor'
[DEBUG] Returning cached instance of singleton bean 'org.springframework.transaction.config.internalTransactionAdvisor'
[DEBUG] Finished creating instance of bean 'org.springframework.boot.autoconfigure.web.servlet.ServletWebServerFactoryConfiguration$EmbeddedTomcat'
[DEBUG] Creating shared instance of singleton bean 'tomcatServletWebServerFactory'
[DEBUG] Creating instance of bean 'tomcatServletWebServerFactory'
[DEBUG] Returning cached instance of singleton bean 'org.springframework.transaction.config.internalTransactionAdvisor'
[DEBUG] Returning cached instance of singleton bean 'org.springframework.boot.autoconfigure.web.servlet.ServletWebServerFactoryConfiguration$EmbeddedTomcat'
[DEBUG] Eagerly caching bean 'tomcatServletWebServerFactory' to allow for resolving potential circular references
[DEBUG] Returning cached instance of singleton bean 'websocketContainerCustomizer'
[DEBUG] Creating shared instance of singleton bean 'servletWebServerFactoryCustomizer'
[DEBUG] Creating instance of bean 'servletWebServerFactoryCustomizer'
[DEBUG] Returning cached instance of singleton bean 'org.springframework.transaction.config.internalTransactionAdvisor'
[DEBUG] Creating shared instance of singleton bean 'org.springframework.boot.autoconfigure.web.servlet.ServletWebServerFactoryAutoConfiguration'
[DEBUG] Creating instance of bean 'org.springframework.boot.autoconfigure.web.servlet.ServletWebServerFactoryAutoConfiguration'
[DEBUG] Returning cached instance of singleton bean 'org.springframework.transaction.config.internalTransactionAdvisor'
[DEBUG] Eagerly caching bean 'org.springframework.boot.autoconfigure.web.servlet.ServletWebServerFactoryAutoConfiguration' to allow for resolving potential circular references
[DEBUG] Returning cached instance of singleton bean 'org.springframework.transaction.config.internalTransactionAdvisor'
[DEBUG] Returning cached instance of singleton bean 'org.springframework.transaction.config.internalTransactionAdvisor'
[DEBUG] Finished creating instance of bean 'org.springframework.boot.autoconfigure.web.servlet.ServletWebServerFactoryAutoConfiguration'
[DEBUG] Creating shared instance of singleton bean 'server-org.springframework.boot.autoconfigure.web.ServerProperties'
[DEBUG] Creating instance of bean 'server-org.springframework.boot.autoconfigure.web.ServerProperties'
[DEBUG] Returning cached instance of singleton bean 'org.springframework.transaction.config.internalTransactionAdvisor'
[DEBUG] Eagerly caching bean 'server-org.springframework.boot.autoconfigure.web.ServerProperties' to allow for resolving potential circular references
[DEBUG] Returning cached instance of singleton bean 'org.springframework.transaction.config.internalTransactionAdvisor'
[DEBUG] Returning cached instance of singleton bean 'org.springframework.transaction.config.internalTransactionAdvisor'
[DEBUG] Finished creating instance of bean 'server-org.springframework.boot.autoconfigure.web.ServerProperties'
[DEBUG] Autowiring by type from bean name 'servletWebServerFactoryCustomizer' via factory method to bean named 'server-org.springframework.boot.autoconfigure.web.ServerProperties'
[DEBUG] Eagerly caching bean 'servletWebServerFactoryCustomizer' to allow for resolving potential circular references
[DEBUG] Returning cached instance of singleton bean 'org.springframework.transaction.config.internalTransactionAdvisor'
[DEBUG] Returning cached instance of singleton bean 'org.springframework.transaction.config.internalTransactionAdvisor'
[DEBUG] Finished creating instance of bean 'servletWebServerFactoryCustomizer'
[DEBUG] Creating shared instance of singleton bean 'tomcatServletWebServerFactoryCustomizer'
[DEBUG] Creating instance of bean 'tomcatServletWebServerFactoryCustomizer'
[DEBUG] Returning cached instance of singleton bean 'org.springframework.transaction.config.internalTransactionAdvisor'
[DEBUG] Returning cached instance of singleton bean 'org.springframework.boot.autoconfigure.web.servlet.ServletWebServerFactoryAutoConfiguration'
[DEBUG] Returning cached instance of singleton bean 'server-org.springframework.boot.autoconfigure.web.ServerProperties'
[DEBUG] Autowiring by type from bean name 'tomcatServletWebServerFactoryCustomizer' via factory method to bean named 'server-org.springframework.boot.autoconfigure.web.ServerProperties'
[DEBUG] Eagerly caching bean 'tomcatServletWebServerFactoryCustomizer' to allow for resolving potential circular references
[DEBUG] Returning cached instance of singleton bean 'org.springframework.transaction.config.internalTransactionAdvisor'
[DEBUG] Returning cached instance of singleton bean 'org.springframework.transaction.config.internalTransactionAdvisor'
[DEBUG] Finished creating instance of bean 'tomcatServletWebServerFactoryCustomizer'
[DEBUG] Creating shared instance of singleton bean 'tomcatWebServerFactoryCustomizer'
[DEBUG] Creating instance of bean 'tomcatWebServerFactoryCustomizer'
[DEBUG] Returning cached instance of singleton bean 'org.springframework.transaction.config.internalTransactionAdvisor'
[DEBUG] Creating shared instance of singleton bean 'org.springframework.boot.autoconfigure.web.embedded.EmbeddedWebServerFactoryCustomizerAutoConfiguration$TomcatWebServerFactoryCustomizerConfiguration'
[DEBUG] Creating instance of bean 'org.springframework.boot.autoconfigure.web.embedded.EmbeddedWebServerFactoryCustomizerAutoConfiguration$TomcatWebServerFactoryCustomizerConfiguration'
[DEBUG] Returning cached instance of singleton bean 'org.springframework.transaction.config.internalTransactionAdvisor'
[DEBUG] Eagerly caching bean 'org.springframework.boot.autoconfigure.web.embedded.EmbeddedWebServerFactoryCustomizerAutoConfiguration$TomcatWebServerFactoryCustomizerConfiguration' to allow for resolving potential circular references
[DEBUG] Returning cached instance of singleton bean 'org.springframework.transaction.config.internalTransactionAdvisor'
[DEBUG] Returning cached instance of singleton bean 'org.springframework.transaction.config.internalTransactionAdvisor'
[DEBUG] Finished creating instance of bean 'org.springframework.boot.autoconfigure.web.embedded.EmbeddedWebServerFactoryCustomizerAutoConfiguration$TomcatWebServerFactoryCustomizerConfiguration'
[DEBUG] Returning cached instance of singleton bean 'environment'
[DEBUG] Returning cached instance of singleton bean 'server-org.springframework.boot.autoconfigure.web.ServerProperties'
[DEBUG] Autowiring by type from bean name 'tomcatWebServerFactoryCustomizer' via factory method to bean named 'environment'
[DEBUG] Autowiring by type from bean name 'tomcatWebServerFactoryCustomizer' via factory method to bean named 'server-org.springframework.boot.autoconfigure.web.ServerProperties'
[DEBUG] Eagerly caching bean 'tomcatWebServerFactoryCustomizer' to allow for resolving potential circular references
[DEBUG] Returning cached instance of singleton bean 'org.springframework.transaction.config.internalTransactionAdvisor'
[DEBUG] Returning cached instance of singleton bean 'org.springframework.transaction.config.internalTransactionAdvisor'
[DEBUG] Finished creating instance of bean 'tomcatWebServerFactoryCustomizer'
[DEBUG] Creating shared instance of singleton bean 'localeCharsetMappingsCustomizer'
[DEBUG] Creating instance of bean 'localeCharsetMappingsCustomizer'
[DEBUG] Returning cached instance of singleton bean 'org.springframework.transaction.config.internalTransactionAdvisor'
[DEBUG] Creating shared instance of singleton bean 'org.springframework.boot.autoconfigure.web.servlet.HttpEncodingAutoConfiguration'
[DEBUG] Creating instance of bean 'org.springframework.boot.autoconfigure.web.servlet.HttpEncodingAutoConfiguration'
[DEBUG] Returning cached instance of singleton bean 'org.springframework.transaction.config.internalTransactionAdvisor'
[DEBUG] Cannot find '.class' file for class [class org.springframework.boot.autoconfigure.web.servlet.HttpEncodingAutoConfiguration$$EnhancerBySpringCGLIB$$b265007c] - unable to determine constructor/method parameter names
[DEBUG] Creating shared instance of singleton bean 'spring.http.encoding-org.springframework.boot.autoconfigure.http.HttpEncodingProperties'
[DEBUG] Creating instance of bean 'spring.http.encoding-org.springframework.boot.autoconfigure.http.HttpEncodingProperties'
[DEBUG] Returning cached instance of singleton bean 'org.springframework.transaction.config.internalTransactionAdvisor'
[DEBUG] Eagerly caching bean 'spring.http.encoding-org.springframework.boot.autoconfigure.http.HttpEncodingProperties' to allow for resolving potential circular references
[DEBUG] Returning cached instance of singleton bean 'org.springframework.transaction.config.internalTransactionAdvisor'
[DEBUG] Returning cached instance of singleton bean 'org.springframework.transaction.config.internalTransactionAdvisor'
[DEBUG] Finished creating instance of bean 'spring.http.encoding-org.springframework.boot.autoconfigure.http.HttpEncodingProperties'
[DEBUG] Autowiring by type from bean name 'org.springframework.boot.autoconfigure.web.servlet.HttpEncodingAutoConfiguration' via constructor to bean named 'spring.http.encoding-org.springframework.boot.autoconfigure.http.HttpEncodingProperties'
[DEBUG] Eagerly caching bean 'org.springframework.boot.autoconfigure.web.servlet.HttpEncodingAutoConfiguration' to allow for resolving potential circular references
[DEBUG] Returning cached instance of singleton bean 'org.springframework.transaction.config.internalTransactionAdvisor'
[DEBUG] Returning cached instance of singleton bean 'org.springframework.transaction.config.internalTransactionAdvisor'
[DEBUG] Finished creating instance of bean 'org.springframework.boot.autoconfigure.web.servlet.HttpEncodingAutoConfiguration'
[DEBUG] Eagerly caching bean 'localeCharsetMappingsCustomizer' to allow for resolving potential circular references
[DEBUG] Returning cached instance of singleton bean 'org.springframework.transaction.config.internalTransactionAdvisor'
[DEBUG] Returning cached instance of singleton bean 'org.springframework.transaction.config.internalTransactionAdvisor'
[DEBUG] Finished creating instance of bean 'localeCharsetMappingsCustomizer'
[DEBUG] Creating shared instance of singleton bean 'errorPageCustomizer'
[DEBUG] Creating instance of bean 'errorPageCustomizer'
[DEBUG] Returning cached instance of singleton bean 'org.springframework.transaction.config.internalTransactionAdvisor'
[DEBUG] Creating shared instance of singleton bean 'org.springframework.boot.autoconfigure.web.servlet.error.ErrorMvcAutoConfiguration'
[DEBUG] Creating instance of bean 'org.springframework.boot.autoconfigure.web.servlet.error.ErrorMvcAutoConfiguration'
[DEBUG] Returning cached instance of singleton bean 'org.springframework.transaction.config.internalTransactionAdvisor'
[DEBUG] Cannot find '.class' file for class [class org.springframework.boot.autoconfigure.web.servlet.error.ErrorMvcAutoConfiguration$$EnhancerBySpringCGLIB$$abc4f5f] - unable to determine constructor/method parameter names
[DEBUG] Returning cached instance of singleton bean 'server-org.springframework.boot.autoconfigure.web.ServerProperties'
[DEBUG] Autowiring by type from bean name 'org.springframework.boot.autoconfigure.web.servlet.error.ErrorMvcAutoConfiguration' via constructor to bean named 'server-org.springframework.boot.autoconfigure.web.ServerProperties'
[DEBUG] Creating shared instance of singleton bean 'conventionErrorViewResolver'
[DEBUG] Creating instance of bean 'conventionErrorViewResolver'
[DEBUG] Returning cached instance of singleton bean 'org.springframework.transaction.config.internalTransactionAdvisor'
[DEBUG] Creating shared instance of singleton bean 'org.springframework.boot.autoconfigure.web.servlet.error.ErrorMvcAutoConfiguration$DefaultErrorViewResolverConfiguration'
[DEBUG] Creating instance of bean 'org.springframework.boot.autoconfigure.web.servlet.error.ErrorMvcAutoConfiguration$DefaultErrorViewResolverConfiguration'
[DEBUG] Returning cached instance of singleton bean 'org.springframework.transaction.config.internalTransactionAdvisor'
[DEBUG] Cannot find '.class' file for class [class org.springframework.boot.autoconfigure.web.servlet.error.ErrorMvcAutoConfiguration$DefaultErrorViewResolverConfiguration$$EnhancerBySpringCGLIB$$1f5123ff] - unable to determine constructor/method parameter names
[DEBUG] Creating shared instance of singleton bean 'spring.resources-org.springframework.boot.autoconfigure.web.ResourceProperties'
[DEBUG] Creating instance of bean 'spring.resources-org.springframework.boot.autoconfigure.web.ResourceProperties'
[DEBUG] Returning cached instance of singleton bean 'org.springframework.transaction.config.internalTransactionAdvisor'
[DEBUG] Eagerly caching bean 'spring.resources-org.springframework.boot.autoconfigure.web.ResourceProperties' to allow for resolving potential circular references
[DEBUG] Returning cached instance of singleton bean 'org.springframework.transaction.config.internalTransactionAdvisor'
[DEBUG] Returning cached instance of singleton bean 'org.springframework.transaction.config.internalTransactionAdvisor'
[DEBUG] Finished creating instance of bean 'spring.resources-org.springframework.boot.autoconfigure.web.ResourceProperties'
[DEBUG] Autowiring by type from bean name 'org.springframework.boot.autoconfigure.web.servlet.error.ErrorMvcAutoConfiguration$DefaultErrorViewResolverConfiguration' via constructor to bean named 'org.springframework.web.context.support.GenericWebApplicationContext@360e2db'
[DEBUG] Autowiring by type from bean name 'org.springframework.boot.autoconfigure.web.servlet.error.ErrorMvcAutoConfiguration$DefaultErrorViewResolverConfiguration' via constructor to bean named 'spring.resources-org.springframework.boot.autoconfigure.web.ResourceProperties'
[DEBUG] Eagerly caching bean 'org.springframework.boot.autoconfigure.web.servlet.error.ErrorMvcAutoConfiguration$DefaultErrorViewResolverConfiguration' to allow for resolving potential circular references
[DEBUG] Returning cached instance of singleton bean 'org.springframework.transaction.config.internalTransactionAdvisor'
[DEBUG] Returning cached instance of singleton bean 'org.springframework.transaction.config.internalTransactionAdvisor'
[DEBUG] Finished creating instance of bean 'org.springframework.boot.autoconfigure.web.servlet.error.ErrorMvcAutoConfiguration$DefaultErrorViewResolverConfiguration'
[DEBUG] Eagerly caching bean 'conventionErrorViewResolver' to allow for resolving potential circular references
[DEBUG] Returning cached instance of singleton bean 'org.springframework.transaction.config.internalTransactionAdvisor'
[DEBUG] Returning cached instance of singleton bean 'org.springframework.transaction.config.internalTransactionAdvisor'
[DEBUG] Finished creating instance of bean 'conventionErrorViewResolver'
[DEBUG] Eagerly caching bean 'org.springframework.boot.autoconfigure.web.servlet.error.ErrorMvcAutoConfiguration' to allow for resolving potential circular references
[DEBUG] Returning cached instance of singleton bean 'org.springframework.transaction.config.internalTransactionAdvisor'
[DEBUG] Returning cached instance of singleton bean 'org.springframework.transaction.config.internalTransactionAdvisor'
[DEBUG] Finished creating instance of bean 'org.springframework.boot.autoconfigure.web.servlet.error.ErrorMvcAutoConfiguration'
[DEBUG] Eagerly caching bean 'errorPageCustomizer' to allow for resolving potential circular references
[DEBUG] Returning cached instance of singleton bean 'org.springframework.transaction.config.internalTransactionAdvisor'
[DEBUG] Returning cached instance of singleton bean 'org.springframework.transaction.config.internalTransactionAdvisor'
[DEBUG] Finished creating instance of bean 'errorPageCustomizer'
[DEBUG] Returning cached instance of singleton bean 'org.springframework.transaction.config.internalTransactionAdvisor'
[DEBUG] Returning cached instance of singleton bean 'org.springframework.transaction.config.internalTransactionAdvisor'
[DEBUG] Finished creating instance of bean 'tomcatServletWebServerFactory'
[DEBUG] Returning cached instance of singleton bean 'org.springframework.boot.autoconfigure.web.servlet.ServletWebServerFactoryAutoConfiguration'
[DEBUG] Returning cached instance of singleton bean 'servletWebServerFactoryCustomizer'
[DEBUG] Returning cached instance of singleton bean 'tomcatServletWebServerFactoryCustomizer'
[DEBUG] Returning cached instance of singleton bean 'server-org.springframework.boot.autoconfigure.web.ServerProperties'
[DEBUG] Returning cached instance of singleton bean 'org.springframework.boot.context.properties.ConfigurationPropertiesBindingPostProcessor'
[DEBUG] Returning cached instance of singleton bean 'org.springframework.boot.context.properties.ConfigurationBeanFactoryMetadata'
[DEBUG] Returning cached instance of singleton bean 'webServerFactoryCustomizerBeanPostProcessor'
[DEBUG] Returning cached instance of singleton bean 'errorPageRegistrarBeanPostProcessor'
[DEBUG] Creating shared instance of singleton bean 'org.springframework.boot.autoconfigure.web.servlet.DispatcherServletAutoConfiguration$DispatcherServletConfiguration'
[DEBUG] Creating instance of bean 'org.springframework.boot.autoconfigure.web.servlet.DispatcherServletAutoConfiguration$DispatcherServletConfiguration'
[DEBUG] Returning cached instance of singleton bean 'org.springframework.transaction.config.internalTransactionAdvisor'
[DEBUG] Cannot find '.class' file for class [class org.springframework.boot.autoconfigure.web.servlet.DispatcherServletAutoConfiguration$DispatcherServletConfiguration$$EnhancerBySpringCGLIB$$2f0fd9a3] - unable to determine constructor/method parameter names
[DEBUG] Creating shared instance of singleton bean 'spring.mvc-org.springframework.boot.autoconfigure.web.servlet.WebMvcProperties'
[DEBUG] Creating instance of bean 'spring.mvc-org.springframework.boot.autoconfigure.web.servlet.WebMvcProperties'
[DEBUG] Returning cached instance of singleton bean 'org.springframework.transaction.config.internalTransactionAdvisor'
[DEBUG] Eagerly caching bean 'spring.mvc-org.springframework.boot.autoconfigure.web.servlet.WebMvcProperties' to allow for resolving potential circular references
[DEBUG] Returning cached instance of singleton bean 'org.springframework.transaction.config.internalTransactionAdvisor'
[DEBUG] Returning cached instance of singleton bean 'org.springframework.transaction.config.internalTransactionAdvisor'
[DEBUG] Finished creating instance of bean 'spring.mvc-org.springframework.boot.autoconfigure.web.servlet.WebMvcProperties'
[DEBUG] Returning cached instance of singleton bean 'server-org.springframework.boot.autoconfigure.web.ServerProperties'
[DEBUG] Autowiring by type from bean name 'org.springframework.boot.autoconfigure.web.servlet.DispatcherServletAutoConfiguration$DispatcherServletConfiguration' via constructor to bean named 'spring.mvc-org.springframework.boot.autoconfigure.web.servlet.WebMvcProperties'
[DEBUG] Autowiring by type from bean name 'org.springframework.boot.autoconfigure.web.servlet.DispatcherServletAutoConfiguration$DispatcherServletConfiguration' via constructor to bean named 'server-org.springframework.boot.autoconfigure.web.ServerProperties'
[DEBUG] Eagerly caching bean 'org.springframework.boot.autoconfigure.web.servlet.DispatcherServletAutoConfiguration$DispatcherServletConfiguration' to allow for resolving potential circular references
[DEBUG] Returning cached instance of singleton bean 'org.springframework.transaction.config.internalTransactionAdvisor'
[DEBUG] Returning cached instance of singleton bean 'org.springframework.transaction.config.internalTransactionAdvisor'
[DEBUG] Finished creating instance of bean 'org.springframework.boot.autoconfigure.web.servlet.DispatcherServletAutoConfiguration$DispatcherServletConfiguration'
[DEBUG] Creating shared instance of singleton bean 'dispatcherServlet'
[DEBUG] Creating instance of bean 'dispatcherServlet'
[DEBUG] Returning cached instance of singleton bean 'org.springframework.transaction.config.internalTransactionAdvisor'
[DEBUG] Returning cached instance of singleton bean 'org.springframework.boot.autoconfigure.web.servlet.DispatcherServletAutoConfiguration$DispatcherServletConfiguration'
[DEBUG] Eagerly caching bean 'dispatcherServlet' to allow for resolving potential circular references
[DEBUG] Returning cached instance of singleton bean 'org.springframework.transaction.config.internalTransactionAdvisor'
[DEBUG] Returning cached instance of singleton bean 'org.springframework.transaction.config.internalTransactionAdvisor'
[DEBUG] Finished creating instance of bean 'dispatcherServlet'
[DEBUG] Creating shared instance of singleton bean 'mainDispatcherServletPathProvider'
[DEBUG] Creating instance of bean 'mainDispatcherServletPathProvider'
[DEBUG] Returning cached instance of singleton bean 'org.springframework.transaction.config.internalTransactionAdvisor'
[DEBUG] Returning cached instance of singleton bean 'org.springframework.boot.autoconfigure.web.servlet.DispatcherServletAutoConfiguration$DispatcherServletConfiguration'
[DEBUG] Eagerly caching bean 'mainDispatcherServletPathProvider' to allow for resolving potential circular references
[DEBUG] Returning cached instance of singleton bean 'org.springframework.transaction.config.internalTransactionAdvisor'
[DEBUG] Returning cached instance of singleton bean 'org.springframework.transaction.config.internalTransactionAdvisor'
[DEBUG] Finished creating instance of bean 'mainDispatcherServletPathProvider'
[DEBUG] Returning cached instance of singleton bean 'spring.mvc-org.springframework.boot.autoconfigure.web.servlet.WebMvcProperties'
[DEBUG] Creating shared instance of singleton bean 'org.springframework.boot.autoconfigure.web.servlet.DispatcherServletAutoConfiguration$DispatcherServletRegistrationConfiguration'
[DEBUG] Creating instance of bean 'org.springframework.boot.autoconfigure.web.servlet.DispatcherServletAutoConfiguration$DispatcherServletRegistrationConfiguration'
[DEBUG] Returning cached instance of singleton bean 'org.springframework.transaction.config.internalTransactionAdvisor'
[DEBUG] Cannot find '.class' file for class [class org.springframework.boot.autoconfigure.web.servlet.DispatcherServletAutoConfiguration$DispatcherServletRegistrationConfiguration$$EnhancerBySpringCGLIB$$91176e4a] - unable to determine constructor/method parameter names
[DEBUG] Returning cached instance of singleton bean 'server-org.springframework.boot.autoconfigure.web.ServerProperties'
[DEBUG] Returning cached instance of singleton bean 'spring.mvc-org.springframework.boot.autoconfigure.web.servlet.WebMvcProperties'
[DEBUG] Autowiring by type from bean name 'org.springframework.boot.autoconfigure.web.servlet.DispatcherServletAutoConfiguration$DispatcherServletRegistrationConfiguration' via constructor to bean named 'server-org.springframework.boot.autoconfigure.web.ServerProperties'
[DEBUG] Autowiring by type from bean name 'org.springframework.boot.autoconfigure.web.servlet.DispatcherServletAutoConfiguration$DispatcherServletRegistrationConfiguration' via constructor to bean named 'spring.mvc-org.springframework.boot.autoconfigure.web.servlet.WebMvcProperties'
[DEBUG] Creating shared instance of singleton bean 'multipartConfigElement'
[DEBUG] Creating instance of bean 'multipartConfigElement'
[DEBUG] Returning cached instance of singleton bean 'org.springframework.transaction.config.internalTransactionAdvisor'
[DEBUG] Creating shared instance of singleton bean 'org.springframework.boot.autoconfigure.web.servlet.MultipartAutoConfiguration'
[DEBUG] Creating instance of bean 'org.springframework.boot.autoconfigure.web.servlet.MultipartAutoConfiguration'
[DEBUG] Returning cached instance of singleton bean 'org.springframework.transaction.config.internalTransactionAdvisor'
[DEBUG] Cannot find '.class' file for class [class org.springframework.boot.autoconfigure.web.servlet.MultipartAutoConfiguration$$EnhancerBySpringCGLIB$$21558889] - unable to determine constructor/method parameter names
[DEBUG] Creating shared instance of singleton bean 'spring.servlet.multipart-org.springframework.boot.autoconfigure.web.servlet.MultipartProperties'
[DEBUG] Creating instance of bean 'spring.servlet.multipart-org.springframework.boot.autoconfigure.web.servlet.MultipartProperties'
[DEBUG] Returning cached instance of singleton bean 'org.springframework.transaction.config.internalTransactionAdvisor'
[DEBUG] Eagerly caching bean 'spring.servlet.multipart-org.springframework.boot.autoconfigure.web.servlet.MultipartProperties' to allow for resolving potential circular references
[DEBUG] Returning cached instance of singleton bean 'org.springframework.transaction.config.internalTransactionAdvisor'
[DEBUG] Returning cached instance of singleton bean 'org.springframework.transaction.config.internalTransactionAdvisor'
[DEBUG] Finished creating instance of bean 'spring.servlet.multipart-org.springframework.boot.autoconfigure.web.servlet.MultipartProperties'
[DEBUG] Autowiring by type from bean name 'org.springframework.boot.autoconfigure.web.servlet.MultipartAutoConfiguration' via constructor to bean named 'spring.servlet.multipart-org.springframework.boot.autoconfigure.web.servlet.MultipartProperties'
[DEBUG] Eagerly caching bean 'org.springframework.boot.autoconfigure.web.servlet.MultipartAutoConfiguration' to allow for resolving potential circular references
[DEBUG] Returning cached instance of singleton bean 'org.springframework.transaction.config.internalTransactionAdvisor'
[DEBUG] Returning cached instance of singleton bean 'org.springframework.transaction.config.internalTransactionAdvisor'
[DEBUG] Finished creating instance of bean 'org.springframework.boot.autoconfigure.web.servlet.MultipartAutoConfiguration'
[DEBUG] Eagerly caching bean 'multipartConfigElement' to allow for resolving potential circular references
[DEBUG] Returning cached instance of singleton bean 'org.springframework.transaction.config.internalTransactionAdvisor'
[DEBUG] Returning cached instance of singleton bean 'org.springframework.transaction.config.internalTransactionAdvisor'
[DEBUG] Finished creating instance of bean 'multipartConfigElement'
[DEBUG] Eagerly caching bean 'org.springframework.boot.autoconfigure.web.servlet.DispatcherServletAutoConfiguration$DispatcherServletRegistrationConfiguration' to allow for resolving potential circular references
[DEBUG] Returning cached instance of singleton bean 'org.springframework.transaction.config.internalTransactionAdvisor'
[DEBUG] Returning cached instance of singleton bean 'org.springframework.transaction.config.internalTransactionAdvisor'
[DEBUG] Finished creating instance of bean 'org.springframework.boot.autoconfigure.web.servlet.DispatcherServletAutoConfiguration$DispatcherServletRegistrationConfiguration'
[DEBUG] Creating shared instance of singleton bean 'dispatcherServletRegistration'
[DEBUG] Creating instance of bean 'dispatcherServletRegistration'
[DEBUG] Returning cached instance of singleton bean 'org.springframework.transaction.config.internalTransactionAdvisor'
[DEBUG] Returning cached instance of singleton bean 'org.springframework.boot.autoconfigure.web.servlet.DispatcherServletAutoConfiguration$DispatcherServletRegistrationConfiguration'
[DEBUG] Returning cached instance of singleton bean 'dispatcherServlet'
[DEBUG] Autowiring by type from bean name 'dispatcherServletRegistration' via factory method to bean named 'dispatcherServlet'
[DEBUG] Eagerly caching bean 'dispatcherServletRegistration' to allow for resolving potential circular references
[DEBUG] Returning cached instance of singleton bean 'org.springframework.transaction.config.internalTransactionAdvisor'
[DEBUG] Returning cached instance of singleton bean 'org.springframework.transaction.config.internalTransactionAdvisor'
[DEBUG] Finished creating instance of bean 'dispatcherServletRegistration'
[DEBUG] Creating shared instance of singleton bean 'org.springframework.boot.autoconfigure.web.servlet.DispatcherServletAutoConfiguration'
[DEBUG] Creating instance of bean 'org.springframework.boot.autoconfigure.web.servlet.DispatcherServletAutoConfiguration'
[DEBUG] Returning cached instance of singleton bean 'org.springframework.transaction.config.internalTransactionAdvisor'
[DEBUG] Eagerly caching bean 'org.springframework.boot.autoconfigure.web.servlet.DispatcherServletAutoConfiguration' to allow for resolving potential circular references
[DEBUG] Returning cached instance of singleton bean 'org.springframework.transaction.config.internalTransactionAdvisor'
[DEBUG] Returning cached instance of singleton bean 'org.springframework.transaction.config.internalTransactionAdvisor'
[DEBUG] Finished creating instance of bean 'org.springframework.boot.autoconfigure.web.servlet.DispatcherServletAutoConfiguration'
[DEBUG] Creating shared instance of singleton bean 'org.springframework.boot.autoconfigure.validation.ValidationAutoConfiguration'
[DEBUG] Creating instance of bean 'org.springframework.boot.autoconfigure.validation.ValidationAutoConfiguration'
[DEBUG] Returning cached instance of singleton bean 'org.springframework.transaction.config.internalTransactionAdvisor'
[DEBUG] Eagerly caching bean 'org.springframework.boot.autoconfigure.validation.ValidationAutoConfiguration' to allow for resolving potential circular references
[DEBUG] Returning cached instance of singleton bean 'org.springframework.transaction.config.internalTransactionAdvisor'
[DEBUG] Returning cached instance of singleton bean 'org.springframework.transaction.config.internalTransactionAdvisor'
[DEBUG] Finished creating instance of bean 'org.springframework.boot.autoconfigure.validation.ValidationAutoConfiguration'
[DEBUG] Creating shared instance of singleton bean 'defaultValidator'
[DEBUG] Creating instance of bean 'defaultValidator'
[DEBUG] Returning cached instance of singleton bean 'org.springframework.transaction.config.internalTransactionAdvisor'
[DEBUG] Found javax.persistence.Persistence on classpath containing 'getPersistenceUtil'. Assuming JPA 2 environment. Trying to instantiate JPA aware TraversableResolver
[DEBUG] Instantiated JPA aware TraversableResolver of type org.hibernate.validator.internal.engine.resolver.JPATraversableResolver.
[DEBUG] Unable to load or instantiate JPA aware resolver org.hibernate.validator.internal.engine.resolver.JPATraversableResolver. All properties will per default be traversable.
[DEBUG] Loaded expression factory via original TCCL
[DEBUG] Eagerly caching bean 'defaultValidator' to allow for resolving potential circular references
[DEBUG] Invoking afterPropertiesSet() on bean with name 'defaultValidator'
[DEBUG] Found javax.persistence.Persistence on classpath containing 'getPersistenceUtil'. Assuming JPA 2 environment. Trying to instantiate JPA aware TraversableResolver
[DEBUG] Instantiated JPA aware TraversableResolver of type org.hibernate.validator.internal.engine.resolver.JPATraversableResolver.
[DEBUG] Unable to load or instantiate JPA aware resolver org.hibernate.validator.internal.engine.resolver.JPATraversableResolver. All properties will per default be traversable.
[DEBUG] Setting custom MessageInterpolator of type org.springframework.validation.beanvalidation.LocaleContextMessageInterpolator
[DEBUG] Setting custom ConstraintValidatorFactory of type org.springframework.validation.beanvalidation.SpringConstraintValidatorFactory
[DEBUG] Setting custom ParameterNameProvider of type org.springframework.validation.beanvalidation.LocalValidatorFactoryBean$1
[DEBUG] Trying to load META-INF/validation.xml for XML based Validator configuration.
[DEBUG] Trying to load META-INF/validation.xml via user class loader
[DEBUG] Trying to load META-INF/validation.xml via TCCL
[DEBUG] Trying to load META-INF/validation.xml via Hibernate Validator's class loader
[DEBUG] No META-INF/validation.xml found. Using annotation based configuration only.
[DEBUG] HV000234: Using org.springframework.validation.beanvalidation.LocaleContextMessageInterpolator as ValidatorFactory-scoped message interpolator.
[DEBUG] HV000234: Using org.hibernate.validator.internal.engine.resolver.TraverseAllTraversableResolver as ValidatorFactory-scoped traversable resolver.
[DEBUG] HV000234: Using org.hibernate.validator.internal.util.ExecutableParameterNameProvider as ValidatorFactory-scoped parameter name provider.
[DEBUG] HV000234: Using org.hibernate.validator.internal.engine.DefaultClockProvider as ValidatorFactory-scoped clock provider.
[DEBUG] HV000234: Using org.hibernate.validator.internal.engine.scripting.DefaultScriptEvaluatorFactory as ValidatorFactory-scoped script evaluator factory.
[DEBUG] Returning cached instance of singleton bean 'org.springframework.transaction.config.internalTransactionAdvisor'
[DEBUG] Returning cached instance of singleton bean 'org.springframework.transaction.config.internalTransactionAdvisor'
[DEBUG] Finished creating instance of bean 'defaultValidator'
[DEBUG] Returning cached instance of singleton bean 'methodValidationPostProcessor'
[DEBUG] Creating shared instance of singleton bean 'org.springframework.boot.autoconfigure.web.servlet.error.ErrorMvcAutoConfiguration$WhitelabelErrorViewConfiguration'
[DEBUG] Creating instance of bean 'org.springframework.boot.autoconfigure.web.servlet.error.ErrorMvcAutoConfiguration$WhitelabelErrorViewConfiguration'
[DEBUG] Returning cached instance of singleton bean 'org.springframework.transaction.config.internalTransactionAdvisor'
[DEBUG] Eagerly caching bean 'org.springframework.boot.autoconfigure.web.servlet.error.ErrorMvcAutoConfiguration$WhitelabelErrorViewConfiguration' to allow for resolving potential circular references
[DEBUG] Returning cached instance of singleton bean 'org.springframework.transaction.config.internalTransactionAdvisor'
[DEBUG] Returning cached instance of singleton bean 'org.springframework.transaction.config.internalTransactionAdvisor'
[DEBUG] Finished creating instance of bean 'org.springframework.boot.autoconfigure.web.servlet.error.ErrorMvcAutoConfiguration$WhitelabelErrorViewConfiguration'
[DEBUG] Creating shared instance of singleton bean 'error'
[DEBUG] Creating instance of bean 'error'
[DEBUG] Returning cached instance of singleton bean 'org.springframework.transaction.config.internalTransactionAdvisor'
[DEBUG] Returning cached instance of singleton bean 'org.springframework.boot.autoconfigure.web.servlet.error.ErrorMvcAutoConfiguration$WhitelabelErrorViewConfiguration'
[DEBUG] Eagerly caching bean 'error' to allow for resolving potential circular references
[DEBUG] Returning cached instance of singleton bean 'org.springframework.transaction.config.internalTransactionAdvisor'
[DEBUG] Returning cached instance of singleton bean 'org.springframework.transaction.config.internalTransactionAdvisor'
[DEBUG] Finished creating instance of bean 'error'
[DEBUG] Creating shared instance of singleton bean 'beanNameViewResolver'
[DEBUG] Creating instance of bean 'beanNameViewResolver'
[DEBUG] Returning cached instance of singleton bean 'org.springframework.transaction.config.internalTransactionAdvisor'
[DEBUG] Returning cached instance of singleton bean 'org.springframework.boot.autoconfigure.web.servlet.error.ErrorMvcAutoConfiguration$WhitelabelErrorViewConfiguration'
[DEBUG] Eagerly caching bean 'beanNameViewResolver' to allow for resolving potential circular references
[DEBUG] Returning cached instance of singleton bean 'org.springframework.transaction.config.internalTransactionAdvisor'
[DEBUG] Returning cached instance of singleton bean 'org.springframework.transaction.config.internalTransactionAdvisor'
[DEBUG] Finished creating instance of bean 'beanNameViewResolver'
[DEBUG] Returning cached instance of singleton bean 'org.springframework.boot.autoconfigure.web.servlet.error.ErrorMvcAutoConfiguration$DefaultErrorViewResolverConfiguration'
[DEBUG] Returning cached instance of singleton bean 'conventionErrorViewResolver'
[DEBUG] Returning cached instance of singleton bean 'org.springframework.boot.autoconfigure.web.servlet.error.ErrorMvcAutoConfiguration'
[DEBUG] Creating shared instance of singleton bean 'errorAttributes'
[DEBUG] Creating instance of bean 'errorAttributes'
[DEBUG] Returning cached instance of singleton bean 'org.springframework.transaction.config.internalTransactionAdvisor'
[DEBUG] Returning cached instance of singleton bean 'org.springframework.boot.autoconfigure.web.servlet.error.ErrorMvcAutoConfiguration'
[DEBUG] Eagerly caching bean 'errorAttributes' to allow for resolving potential circular references
[DEBUG] Returning cached instance of singleton bean 'org.springframework.transaction.config.internalTransactionAdvisor'
[DEBUG] Returning cached instance of singleton bean 'org.springframework.transaction.config.internalTransactionAdvisor'
[DEBUG] Finished creating instance of bean 'errorAttributes'
[DEBUG] Creating shared instance of singleton bean 'basicErrorController'
[DEBUG] Creating instance of bean 'basicErrorController'
[DEBUG] Returning cached instance of singleton bean 'org.springframework.transaction.config.internalTransactionAdvisor'
[DEBUG] Returning cached instance of singleton bean 'org.springframework.boot.autoconfigure.web.servlet.error.ErrorMvcAutoConfiguration'
[DEBUG] Returning cached instance of singleton bean 'errorAttributes'
[DEBUG] Autowiring by type from bean name 'basicErrorController' via factory method to bean named 'errorAttributes'
[DEBUG] Eagerly caching bean 'basicErrorController' to allow for resolving potential circular references
[DEBUG] Returning cached instance of singleton bean 'org.springframework.transaction.config.internalTransactionAdvisor'
[DEBUG] Returning cached instance of singleton bean 'org.springframework.transaction.config.internalTransactionAdvisor'
[DEBUG] Finished creating instance of bean 'basicErrorController'
[DEBUG] Returning cached instance of singleton bean 'errorPageCustomizer'
[DEBUG] Returning cached instance of singleton bean 'preserveErrorControllerTargetClassPostProcessor'
[DEBUG] Returning cached instance of singleton bean 'spring.resources-org.springframework.boot.autoconfigure.web.ResourceProperties'
[DEBUG] Creating shared instance of singleton bean 'org.springframework.boot.autoconfigure.web.servlet.WebMvcAutoConfiguration$WebMvcAutoConfigurationAdapter$FaviconConfiguration'
[DEBUG] Creating instance of bean 'org.springframework.boot.autoconfigure.web.servlet.WebMvcAutoConfiguration$WebMvcAutoConfigurationAdapter$FaviconConfiguration'
[DEBUG] Returning cached instance of singleton bean 'org.springframework.transaction.config.internalTransactionAdvisor'
[DEBUG] Cannot find '.class' file for class [class org.springframework.boot.autoconfigure.web.servlet.WebMvcAutoConfiguration$WebMvcAutoConfigurationAdapter$FaviconConfiguration$$EnhancerBySpringCGLIB$$a83e6d85] - unable to determine constructor/method parameter names
[DEBUG] Returning cached instance of singleton bean 'spring.resources-org.springframework.boot.autoconfigure.web.ResourceProperties'
[DEBUG] Autowiring by type from bean name 'org.springframework.boot.autoconfigure.web.servlet.WebMvcAutoConfiguration$WebMvcAutoConfigurationAdapter$FaviconConfiguration' via constructor to bean named 'spring.resources-org.springframework.boot.autoconfigure.web.ResourceProperties'
[DEBUG] Eagerly caching bean 'org.springframework.boot.autoconfigure.web.servlet.WebMvcAutoConfiguration$WebMvcAutoConfigurationAdapter$FaviconConfiguration' to allow for resolving potential circular references
[DEBUG] Returning cached instance of singleton bean 'org.springframework.transaction.config.internalTransactionAdvisor'
[DEBUG] Returning cached instance of singleton bean 'org.springframework.transaction.config.internalTransactionAdvisor'
[DEBUG] Finished creating instance of bean 'org.springframework.boot.autoconfigure.web.servlet.WebMvcAutoConfiguration$WebMvcAutoConfigurationAdapter$FaviconConfiguration'
[DEBUG] Creating shared instance of singleton bean 'faviconHandlerMapping'
[DEBUG] Creating instance of bean 'faviconHandlerMapping'
[DEBUG] Returning cached instance of singleton bean 'org.springframework.transaction.config.internalTransactionAdvisor'
[DEBUG] Returning cached instance of singleton bean 'org.springframework.boot.autoconfigure.web.servlet.WebMvcAutoConfiguration$WebMvcAutoConfigurationAdapter$FaviconConfiguration'
[DEBUG] Creating shared instance of singleton bean 'faviconRequestHandler'
[DEBUG] Creating instance of bean 'faviconRequestHandler'
[DEBUG] Returning cached instance of singleton bean 'org.springframework.transaction.config.internalTransactionAdvisor'
[DEBUG] Returning cached instance of singleton bean 'org.springframework.boot.autoconfigure.web.servlet.WebMvcAutoConfiguration$WebMvcAutoConfigurationAdapter$FaviconConfiguration'
[DEBUG] Eagerly caching bean 'faviconRequestHandler' to allow for resolving potential circular references
[DEBUG] Invoking afterPropertiesSet() on bean with name 'faviconRequestHandler'
[DEBUG] Returning cached instance of singleton bean 'org.springframework.transaction.config.internalTransactionAdvisor'
[DEBUG] Returning cached instance of singleton bean 'org.springframework.transaction.config.internalTransactionAdvisor'
[DEBUG] Finished creating instance of bean 'faviconRequestHandler'
[DEBUG] Eagerly caching bean 'faviconHandlerMapping' to allow for resolving potential circular references
[INFO] Mapped URL path [/**/favicon.ico] onto handler of type [class org.springframework.web.servlet.resource.ResourceHttpRequestHandler]
[DEBUG] Returning cached instance of singleton bean 'org.springframework.transaction.config.internalTransactionAdvisor'
[DEBUG] Returning cached instance of singleton bean 'org.springframework.transaction.config.internalTransactionAdvisor'
[DEBUG] Finished creating instance of bean 'faviconHandlerMapping'
[DEBUG] Returning cached instance of singleton bean 'faviconRequestHandler'
[DEBUG] Creating shared instance of singleton bean 'org.springframework.boot.autoconfigure.web.servlet.WebMvcAutoConfiguration$EnableWebMvcConfiguration'
[DEBUG] Creating instance of bean 'org.springframework.boot.autoconfigure.web.servlet.WebMvcAutoConfiguration$EnableWebMvcConfiguration'
[DEBUG] Returning cached instance of singleton bean 'org.springframework.transaction.config.internalTransactionAdvisor'
[DEBUG] Cannot find '.class' file for class [class org.springframework.boot.autoconfigure.web.servlet.WebMvcAutoConfiguration$EnableWebMvcConfiguration$$EnhancerBySpringCGLIB$$49fd9a5a] - unable to determine constructor/method parameter names
[DEBUG] Autowiring by type from bean name 'org.springframework.boot.autoconfigure.web.servlet.WebMvcAutoConfiguration$EnableWebMvcConfiguration' via constructor to bean named 'org.springframework.beans.factory.support.DefaultListableBeanFactory@5d462f1b'
[DEBUG] Returning cached instance of singleton bean 'spring.mvc-org.springframework.boot.autoconfigure.web.servlet.WebMvcProperties'
[DEBUG] Registered injected element on class [org.springframework.boot.autoconfigure.web.servlet.WebMvcAutoConfiguration$EnableWebMvcConfiguration$$EnhancerBySpringCGLIB$$49fd9a5a]: AutowiredMethodElement for public void org.springframework.web.servlet.config.annotation.DelegatingWebMvcConfiguration.setConfigurers(java.util.List)
[DEBUG] Eagerly caching bean 'org.springframework.boot.autoconfigure.web.servlet.WebMvcAutoConfiguration$EnableWebMvcConfiguration' to allow for resolving potential circular references
[DEBUG] Processing injected element of bean 'org.springframework.boot.autoconfigure.web.servlet.WebMvcAutoConfiguration$EnableWebMvcConfiguration': AutowiredMethodElement for public void org.springframework.web.servlet.config.annotation.DelegatingWebMvcConfiguration.setConfigurers(java.util.List)
[DEBUG] Creating shared instance of singleton bean 'org.springframework.boot.autoconfigure.web.servlet.WebMvcAutoConfiguration$WebMvcAutoConfigurationAdapter'
[DEBUG] Creating instance of bean 'org.springframework.boot.autoconfigure.web.servlet.WebMvcAutoConfiguration$WebMvcAutoConfigurationAdapter'
[DEBUG] Returning cached instance of singleton bean 'org.springframework.transaction.config.internalTransactionAdvisor'
[DEBUG] Cannot find '.class' file for class [class org.springframework.boot.autoconfigure.web.servlet.WebMvcAutoConfiguration$WebMvcAutoConfigurationAdapter$$EnhancerBySpringCGLIB$$ec01653f] - unable to determine constructor/method parameter names
[DEBUG] Returning cached instance of singleton bean 'spring.resources-org.springframework.boot.autoconfigure.web.ResourceProperties'
[DEBUG] Returning cached instance of singleton bean 'spring.mvc-org.springframework.boot.autoconfigure.web.servlet.WebMvcProperties'
[DEBUG] Creating CGLIB proxy: target source is org.springframework.context.annotation.ContextAnnotationAutowireCandidateResolver$1@1ef91661
[DEBUG] Unable to apply any optimizations to advised method: public java.util.Iterator org.springframework.boot.autoconfigure.http.HttpMessageConverters.iterator()
[DEBUG] Unable to apply any optimizations to advised method: public java.util.List org.springframework.boot.autoconfigure.http.HttpMessageConverters.getConverters()
[DEBUG] Unable to apply any optimizations to advised method: protected java.util.List org.springframework.boot.autoconfigure.http.HttpMessageConverters.postProcessPartConverters(java.util.List)
[DEBUG] Unable to apply any optimizations to advised method: protected java.util.List org.springframework.boot.autoconfigure.http.HttpMessageConverters.postProcessConverters(java.util.List)
[DEBUG] Found 'equals' method: public boolean java.lang.Object.equals(java.lang.Object)
[DEBUG] Unable to apply any optimizations to advised method: public java.lang.String java.lang.Object.toString()
[DEBUG] Found 'hashCode' method: public native int java.lang.Object.hashCode()
[DEBUG] Unable to apply any optimizations to advised method: protected native java.lang.Object java.lang.Object.clone() throws java.lang.CloneNotSupportedException
[DEBUG] Unable to apply any optimizations to advised method: public default java.util.Spliterator java.lang.Iterable.spliterator()
[DEBUG] Unable to apply any optimizations to advised method: public default void java.lang.Iterable.forEach(java.util.function.Consumer)
[DEBUG] Method is declared on Advised interface: public abstract int org.springframework.aop.framework.Advised.indexOf(org.aopalliance.aop.Advice)
[DEBUG] Method is declared on Advised interface: public abstract int org.springframework.aop.framework.Advised.indexOf(org.springframework.aop.Advisor)
[DEBUG] Method is declared on Advised interface: public abstract boolean org.springframework.aop.framework.Advised.isFrozen()
[DEBUG] Method is declared on Advised interface: public abstract org.springframework.aop.TargetSource org.springframework.aop.framework.Advised.getTargetSource()
[DEBUG] Method is declared on Advised interface: public abstract boolean org.springframework.aop.framework.Advised.removeAdvice(org.aopalliance.aop.Advice)
[DEBUG] Method is declared on Advised interface: public abstract boolean org.springframework.aop.framework.Advised.isPreFiltered()
[DEBUG] Method is declared on Advised interface: public abstract boolean org.springframework.aop.framework.Advised.isExposeProxy()
[DEBUG] Method is declared on Advised interface: public abstract void org.springframework.aop.framework.Advised.addAdvice(int,org.aopalliance.aop.Advice) throws org.springframework.aop.framework.AopConfigException
[DEBUG] Method is declared on Advised interface: public abstract void org.springframework.aop.framework.Advised.addAdvice(org.aopalliance.aop.Advice) throws org.springframework.aop.framework.AopConfigException
[DEBUG] Method is declared on Advised interface: public abstract boolean org.springframework.aop.framework.Advised.replaceAdvisor(org.springframework.aop.Advisor,org.springframework.aop.Advisor) throws org.springframework.aop.framework.AopConfigException
[DEBUG] Method is declared on Advised interface: public abstract void org.springframework.aop.framework.Advised.setPreFiltered(boolean)
[DEBUG] Method is declared on Advised interface: public abstract org.springframework.aop.Advisor[] org.springframework.aop.framework.Advised.getAdvisors()
[DEBUG] Method is declared on Advised interface: public abstract void org.springframework.aop.framework.Advised.addAdvisor(int,org.springframework.aop.Advisor) throws org.springframework.aop.framework.AopConfigException
[DEBUG] Method is declared on Advised interface: public abstract void org.springframework.aop.framework.Advised.addAdvisor(org.springframework.aop.Advisor) throws org.springframework.aop.framework.AopConfigException
[DEBUG] Method is declared on Advised interface: public abstract void org.springframework.aop.framework.Advised.setExposeProxy(boolean)
[DEBUG] Method is declared on Advised interface: public abstract boolean org.springframework.aop.framework.Advised.removeAdvisor(org.springframework.aop.Advisor)
[DEBUG] Method is declared on Advised interface: public abstract void org.springframework.aop.framework.Advised.removeAdvisor(int) throws org.springframework.aop.framework.AopConfigException
[DEBUG] Method is declared on Advised interface: public abstract void org.springframework.aop.framework.Advised.setTargetSource(org.springframework.aop.TargetSource)
[DEBUG] Method is declared on Advised interface: public abstract boolean org.springframework.aop.framework.Advised.isProxyTargetClass()
[DEBUG] Method is declared on Advised interface: public abstract boolean org.springframework.aop.framework.Advised.isInterfaceProxied(java.lang.Class)
[DEBUG] Method is declared on Advised interface: public abstract java.lang.Class[] org.springframework.aop.framework.Advised.getProxiedInterfaces()
[DEBUG] Method is declared on Advised interface: public abstract java.lang.String org.springframework.aop.framework.Advised.toProxyConfigString()
[DEBUG] Method is declared on Advised interface: public abstract java.lang.Class org.springframework.aop.TargetClassAware.getTargetClass()
[DEBUG] Autowiring by type from bean name 'org.springframework.boot.autoconfigure.web.servlet.WebMvcAutoConfiguration$WebMvcAutoConfigurationAdapter' via constructor to bean named 'spring.resources-org.springframework.boot.autoconfigure.web.ResourceProperties'
[DEBUG] Autowiring by type from bean name 'org.springframework.boot.autoconfigure.web.servlet.WebMvcAutoConfiguration$WebMvcAutoConfigurationAdapter' via constructor to bean named 'spring.mvc-org.springframework.boot.autoconfigure.web.servlet.WebMvcProperties'
[DEBUG] Autowiring by type from bean name 'org.springframework.boot.autoconfigure.web.servlet.WebMvcAutoConfiguration$WebMvcAutoConfigurationAdapter' via constructor to bean named 'org.springframework.beans.factory.support.DefaultListableBeanFactory@5d462f1b'
[DEBUG] Eagerly caching bean 'org.springframework.boot.autoconfigure.web.servlet.WebMvcAutoConfiguration$WebMvcAutoConfigurationAdapter' to allow for resolving potential circular references
[DEBUG] Returning cached instance of singleton bean 'org.springframework.transaction.config.internalTransactionAdvisor'
[DEBUG] Returning cached instance of singleton bean 'org.springframework.transaction.config.internalTransactionAdvisor'
[DEBUG] Finished creating instance of bean 'org.springframework.boot.autoconfigure.web.servlet.WebMvcAutoConfiguration$WebMvcAutoConfigurationAdapter'
[DEBUG] Creating shared instance of singleton bean 'org.springframework.boot.autoconfigure.orm.jpa.JpaBaseConfiguration$JpaWebConfiguration$JpaWebMvcConfiguration'
[DEBUG] Creating instance of bean 'org.springframework.boot.autoconfigure.orm.jpa.JpaBaseConfiguration$JpaWebConfiguration$JpaWebMvcConfiguration'
[DEBUG] Returning cached instance of singleton bean 'org.springframework.transaction.config.internalTransactionAdvisor'
[DEBUG] Cannot find '.class' file for class [class org.springframework.boot.autoconfigure.orm.jpa.JpaBaseConfiguration$JpaWebConfiguration$JpaWebMvcConfiguration$$EnhancerBySpringCGLIB$$284b56d2] - unable to determine constructor/method parameter names
[DEBUG] Returning cached instance of singleton bean 'spring.jpa-org.springframework.boot.autoconfigure.orm.jpa.JpaProperties'
[DEBUG] Autowiring by type from bean name 'org.springframework.boot.autoconfigure.orm.jpa.JpaBaseConfiguration$JpaWebConfiguration$JpaWebMvcConfiguration' via constructor to bean named 'spring.jpa-org.springframework.boot.autoconfigure.orm.jpa.JpaProperties'
[DEBUG] Eagerly caching bean 'org.springframework.boot.autoconfigure.orm.jpa.JpaBaseConfiguration$JpaWebConfiguration$JpaWebMvcConfiguration' to allow for resolving potential circular references
[DEBUG] Returning cached instance of singleton bean 'org.springframework.transaction.config.internalTransactionAdvisor'
[DEBUG] Returning cached instance of singleton bean 'org.springframework.transaction.config.internalTransactionAdvisor'
[DEBUG] Finished creating instance of bean 'org.springframework.boot.autoconfigure.orm.jpa.JpaBaseConfiguration$JpaWebConfiguration$JpaWebMvcConfiguration'
[DEBUG] Returning cached instance of singleton bean 'org.springframework.data.rest.webmvc.config.RepositoryRestMvcConfiguration'
[DEBUG] Autowiring by type from bean name 'org.springframework.boot.autoconfigure.web.servlet.WebMvcAutoConfiguration$EnableWebMvcConfiguration' to bean named 'org.springframework.boot.autoconfigure.web.servlet.WebMvcAutoConfiguration$WebMvcAutoConfigurationAdapter'
[DEBUG] Autowiring by type from bean name 'org.springframework.boot.autoconfigure.web.servlet.WebMvcAutoConfiguration$EnableWebMvcConfiguration' to bean named 'org.springframework.boot.autoconfigure.orm.jpa.JpaBaseConfiguration$JpaWebConfiguration$JpaWebMvcConfiguration'
[DEBUG] Autowiring by type from bean name 'org.springframework.boot.autoconfigure.web.servlet.WebMvcAutoConfiguration$EnableWebMvcConfiguration' to bean named 'org.springframework.data.rest.webmvc.config.RepositoryRestMvcConfiguration'
[DEBUG] Returning cached instance of singleton bean 'org.springframework.transaction.config.internalTransactionAdvisor'
[DEBUG] Returning cached instance of singleton bean 'org.springframework.transaction.config.internalTransactionAdvisor'
[DEBUG] Finished creating instance of bean 'org.springframework.boot.autoconfigure.web.servlet.WebMvcAutoConfiguration$EnableWebMvcConfiguration'
[DEBUG] Creating shared instance of singleton bean 'requestMappingHandlerAdapter'
[DEBUG] Creating instance of bean 'requestMappingHandlerAdapter'
[DEBUG] Returning cached instance of singleton bean 'org.springframework.transaction.config.internalTransactionAdvisor'
[DEBUG] Returning cached instance of singleton bean 'org.springframework.boot.autoconfigure.web.servlet.WebMvcAutoConfiguration$EnableWebMvcConfiguration'
[DEBUG] Creating shared instance of singleton bean 'mvcContentNegotiationManager'
[DEBUG] Creating instance of bean 'mvcContentNegotiationManager'
[DEBUG] Returning cached instance of singleton bean 'org.springframework.transaction.config.internalTransactionAdvisor'
[DEBUG] Returning cached instance of singleton bean 'org.springframework.boot.autoconfigure.web.servlet.WebMvcAutoConfiguration$EnableWebMvcConfiguration'
[DEBUG] Eagerly caching bean 'mvcContentNegotiationManager' to allow for resolving potential circular references
[DEBUG] Returning cached instance of singleton bean 'org.springframework.transaction.config.internalTransactionAdvisor'
[DEBUG] Returning cached instance of singleton bean 'org.springframework.transaction.config.internalTransactionAdvisor'
[DEBUG] Finished creating instance of bean 'mvcContentNegotiationManager'
[DEBUG] Creating shared instance of singleton bean 'messageConverters'
[DEBUG] Creating instance of bean 'messageConverters'
[DEBUG] Returning cached instance of singleton bean 'org.springframework.transaction.config.internalTransactionAdvisor'
[DEBUG] Creating shared instance of singleton bean 'org.springframework.boot.autoconfigure.http.HttpMessageConvertersAutoConfiguration'
[DEBUG] Creating instance of bean 'org.springframework.boot.autoconfigure.http.HttpMessageConvertersAutoConfiguration'
[DEBUG] Returning cached instance of singleton bean 'org.springframework.transaction.config.internalTransactionAdvisor'
[DEBUG] Cannot find '.class' file for class [class org.springframework.boot.autoconfigure.http.HttpMessageConvertersAutoConfiguration$$EnhancerBySpringCGLIB$$f944156e] - unable to determine constructor/method parameter names
[DEBUG] Creating shared instance of singleton bean 'stringHttpMessageConverter'
[DEBUG] Creating instance of bean 'stringHttpMessageConverter'
[DEBUG] Returning cached instance of singleton bean 'org.springframework.transaction.config.internalTransactionAdvisor'
[DEBUG] Creating shared instance of singleton bean 'org.springframework.boot.autoconfigure.http.HttpMessageConvertersAutoConfiguration$StringHttpMessageConverterConfiguration'
[DEBUG] Creating instance of bean 'org.springframework.boot.autoconfigure.http.HttpMessageConvertersAutoConfiguration$StringHttpMessageConverterConfiguration'
[DEBUG] Returning cached instance of singleton bean 'org.springframework.transaction.config.internalTransactionAdvisor'
[DEBUG] Cannot find '.class' file for class [class org.springframework.boot.autoconfigure.http.HttpMessageConvertersAutoConfiguration$StringHttpMessageConverterConfiguration$$EnhancerBySpringCGLIB$$2c51dc0e] - unable to determine constructor/method parameter names
[DEBUG] Returning cached instance of singleton bean 'spring.http.encoding-org.springframework.boot.autoconfigure.http.HttpEncodingProperties'
[DEBUG] Autowiring by type from bean name 'org.springframework.boot.autoconfigure.http.HttpMessageConvertersAutoConfiguration$StringHttpMessageConverterConfiguration' via constructor to bean named 'spring.http.encoding-org.springframework.boot.autoconfigure.http.HttpEncodingProperties'
[DEBUG] Eagerly caching bean 'org.springframework.boot.autoconfigure.http.HttpMessageConvertersAutoConfiguration$StringHttpMessageConverterConfiguration' to allow for resolving potential circular references
[DEBUG] Returning cached instance of singleton bean 'org.springframework.transaction.config.internalTransactionAdvisor'
[DEBUG] Returning cached instance of singleton bean 'org.springframework.transaction.config.internalTransactionAdvisor'
[DEBUG] Finished creating instance of bean 'org.springframework.boot.autoconfigure.http.HttpMessageConvertersAutoConfiguration$StringHttpMessageConverterConfiguration'
[DEBUG] Eagerly caching bean 'stringHttpMessageConverter' to allow for resolving potential circular references
[DEBUG] Returning cached instance of singleton bean 'org.springframework.transaction.config.internalTransactionAdvisor'
[DEBUG] Returning cached instance of singleton bean 'org.springframework.transaction.config.internalTransactionAdvisor'
[DEBUG] Finished creating instance of bean 'stringHttpMessageConverter'
[DEBUG] Creating shared instance of singleton bean 'mappingJackson2HttpMessageConverter'
[DEBUG] Creating instance of bean 'mappingJackson2HttpMessageConverter'
[DEBUG] Returning cached instance of singleton bean 'org.springframework.transaction.config.internalTransactionAdvisor'
[DEBUG] Creating shared instance of singleton bean 'org.springframework.boot.autoconfigure.http.JacksonHttpMessageConvertersConfiguration$MappingJackson2HttpMessageConverterConfiguration'
[DEBUG] Creating instance of bean 'org.springframework.boot.autoconfigure.http.JacksonHttpMessageConvertersConfiguration$MappingJackson2HttpMessageConverterConfiguration'
[DEBUG] Returning cached instance of singleton bean 'org.springframework.transaction.config.internalTransactionAdvisor'
[DEBUG] Eagerly caching bean 'org.springframework.boot.autoconfigure.http.JacksonHttpMessageConvertersConfiguration$MappingJackson2HttpMessageConverterConfiguration' to allow for resolving potential circular references
[DEBUG] Returning cached instance of singleton bean 'org.springframework.transaction.config.internalTransactionAdvisor'
[DEBUG] Returning cached instance of singleton bean 'org.springframework.transaction.config.internalTransactionAdvisor'
[DEBUG] Finished creating instance of bean 'org.springframework.boot.autoconfigure.http.JacksonHttpMessageConvertersConfiguration$MappingJackson2HttpMessageConverterConfiguration'
[DEBUG] Returning cached instance of singleton bean 'objectMapper'
[DEBUG] Creating shared instance of singleton bean 'jacksonObjectMapper'
[DEBUG] Creating instance of bean 'jacksonObjectMapper'
[DEBUG] Returning cached instance of singleton bean 'org.springframework.transaction.config.internalTransactionAdvisor'
[DEBUG] Creating shared instance of singleton bean 'org.springframework.boot.autoconfigure.jackson.JacksonAutoConfiguration$JacksonObjectMapperConfiguration'
[DEBUG] Creating instance of bean 'org.springframework.boot.autoconfigure.jackson.JacksonAutoConfiguration$JacksonObjectMapperConfiguration'
[DEBUG] Returning cached instance of singleton bean 'org.springframework.transaction.config.internalTransactionAdvisor'
[DEBUG] Eagerly caching bean 'org.springframework.boot.autoconfigure.jackson.JacksonAutoConfiguration$JacksonObjectMapperConfiguration' to allow for resolving potential circular references
[DEBUG] Returning cached instance of singleton bean 'org.springframework.transaction.config.internalTransactionAdvisor'
[DEBUG] Returning cached instance of singleton bean 'org.springframework.transaction.config.internalTransactionAdvisor'
[DEBUG] Finished creating instance of bean 'org.springframework.boot.autoconfigure.jackson.JacksonAutoConfiguration$JacksonObjectMapperConfiguration'
[DEBUG] Returning cached instance of singleton bean 'jacksonObjectMapperBuilder'
[DEBUG] Autowiring by type from bean name 'jacksonObjectMapper' via factory method to bean named 'jacksonObjectMapperBuilder'
[DEBUG] Eagerly caching bean 'jacksonObjectMapper' to allow for resolving potential circular references
[DEBUG] Returning cached instance of singleton bean 'org.springframework.transaction.config.internalTransactionAdvisor'
[DEBUG] Returning cached instance of singleton bean 'org.springframework.transaction.config.internalTransactionAdvisor'
[DEBUG] Finished creating instance of bean 'jacksonObjectMapper'
[DEBUG] Autowiring by type from bean name 'mappingJackson2HttpMessageConverter' via factory method to bean named 'jacksonObjectMapper'
[DEBUG] Eagerly caching bean 'mappingJackson2HttpMessageConverter' to allow for resolving potential circular references
[DEBUG] Returning cached instance of singleton bean 'org.springframework.transaction.config.internalTransactionAdvisor'
[DEBUG] Returning cached instance of singleton bean 'org.springframework.transaction.config.internalTransactionAdvisor'
[DEBUG] Finished creating instance of bean 'mappingJackson2HttpMessageConverter'
[DEBUG] Creating shared instance of singleton bean 'jacksonHttpMessageConverter'
[DEBUG] Creating instance of bean 'jacksonHttpMessageConverter'
[DEBUG] Returning cached instance of singleton bean 'org.springframework.transaction.config.internalTransactionAdvisor'
[DEBUG] Returning cached instance of singleton bean 'org.springframework.data.rest.webmvc.config.RepositoryRestMvcConfiguration'
[DEBUG] Returning cached instance of singleton bean 'repositoryRestConfiguration'
[DEBUG] Returning cached instance of singleton bean 'repositoryRestConfiguration'
[DEBUG] Returning cached instance of singleton bean 'objectMapper'
[DEBUG] Eagerly caching bean 'jacksonHttpMessageConverter' to allow for resolving potential circular references
[DEBUG] Returning cached instance of singleton bean 'org.springframework.transaction.config.internalTransactionAdvisor'
[DEBUG] Returning cached instance of singleton bean 'org.springframework.transaction.config.internalTransactionAdvisor'
[DEBUG] Finished creating instance of bean 'jacksonHttpMessageConverter'
[DEBUG] Creating shared instance of singleton bean 'halJacksonHttpMessageConverter'
[DEBUG] Creating instance of bean 'halJacksonHttpMessageConverter'
[DEBUG] Returning cached instance of singleton bean 'org.springframework.transaction.config.internalTransactionAdvisor'
[DEBUG] Returning cached instance of singleton bean 'org.springframework.data.rest.webmvc.config.RepositoryRestMvcConfiguration'
[DEBUG] Returning cached instance of singleton bean 'repositoryRestConfiguration'
[DEBUG] Returning cached instance of singleton bean 'repositoryRestConfiguration'
[DEBUG] Creating shared instance of singleton bean 'halObjectMapper'
[DEBUG] Creating instance of bean 'halObjectMapper'
[DEBUG] Returning cached instance of singleton bean 'org.springframework.transaction.config.internalTransactionAdvisor'
[DEBUG] Returning cached instance of singleton bean 'org.springframework.data.rest.webmvc.config.RepositoryRestMvcConfiguration'
[DEBUG] Returning cached instance of singleton bean 'resourceDescriptionMessageSourceAccessor'
[DEBUG] Creating shared instance of singleton bean 'org.springframework.hateoas.hal.HalConfiguration#0'
[DEBUG] Creating instance of bean 'org.springframework.hateoas.hal.HalConfiguration#0'
[DEBUG] Returning cached instance of singleton bean 'org.springframework.transaction.config.internalTransactionAdvisor'
[DEBUG] Eagerly caching bean 'org.springframework.hateoas.hal.HalConfiguration#0' to allow for resolving potential circular references
[DEBUG] Returning cached instance of singleton bean 'org.springframework.transaction.config.internalTransactionAdvisor'
[DEBUG] Returning cached instance of singleton bean 'org.springframework.transaction.config.internalTransactionAdvisor'
[DEBUG] Finished creating instance of bean 'org.springframework.hateoas.hal.HalConfiguration#0'
[DEBUG] Returning cached instance of singleton bean 'repositoryRestConfiguration'
[DEBUG] Returning cached instance of singleton bean 'persistentEntities'
[DEBUG] Returning cached instance of singleton bean 'defaultConversionService'
[DEBUG] Returning cached instance of singleton bean 'persistentEntities'
[DEBUG] Returning cached instance of singleton bean 'repositories'
[DEBUG] Returning cached instance of singleton bean 'associationLinks'
[DEBUG] Returning cached instance of singleton bean 'excerptProjector'
[DEBUG] Returning cached instance of singleton bean 'repositoryRestConfiguration'
[DEBUG] Returning cached instance of singleton bean 'repositories'
[DEBUG] Returning cached instance of singleton bean 'associationLinks'
[DEBUG] Returning cached instance of singleton bean 'linkCollector'
[DEBUG] Returning cached instance of singleton bean 'resourceProcessorInvoker'
[DEBUG] Eagerly caching bean 'halObjectMapper' to allow for resolving potential circular references
[DEBUG] Returning cached instance of singleton bean 'org.springframework.transaction.config.internalTransactionAdvisor'
[DEBUG] Returning cached instance of singleton bean 'org.springframework.transaction.config.internalTransactionAdvisor'
[DEBUG] Finished creating instance of bean 'halObjectMapper'
[DEBUG] Eagerly caching bean 'halJacksonHttpMessageConverter' to allow for resolving potential circular references
[DEBUG] Returning cached instance of singleton bean 'org.springframework.transaction.config.internalTransactionAdvisor'
[DEBUG] Returning cached instance of singleton bean 'org.springframework.transaction.config.internalTransactionAdvisor'
[DEBUG] Finished creating instance of bean 'halJacksonHttpMessageConverter'
[DEBUG] Creating shared instance of singleton bean 'uriListHttpMessageConverter'
[DEBUG] Creating instance of bean 'uriListHttpMessageConverter'
[DEBUG] Returning cached instance of singleton bean 'org.springframework.transaction.config.internalTransactionAdvisor'
[DEBUG] Returning cached instance of singleton bean 'org.springframework.data.rest.webmvc.config.RepositoryRestMvcConfiguration'
[DEBUG] Eagerly caching bean 'uriListHttpMessageConverter' to allow for resolving potential circular references
[DEBUG] Returning cached instance of singleton bean 'org.springframework.transaction.config.internalTransactionAdvisor'
[DEBUG] Returning cached instance of singleton bean 'org.springframework.transaction.config.internalTransactionAdvisor'
[DEBUG] Finished creating instance of bean 'uriListHttpMessageConverter'
[DEBUG] Creating shared instance of singleton bean 'alpsJsonHttpMessageConverter'
[DEBUG] Creating instance of bean 'alpsJsonHttpMessageConverter'
[DEBUG] Returning cached instance of singleton bean 'org.springframework.transaction.config.internalTransactionAdvisor'
[DEBUG] Returning cached instance of singleton bean 'org.springframework.data.rest.webmvc.config.RepositoryRestMvcConfiguration'
[DEBUG] Creating shared instance of singleton bean 'alpsConverter'
[DEBUG] Creating instance of bean 'alpsConverter'
[DEBUG] Returning cached instance of singleton bean 'org.springframework.transaction.config.internalTransactionAdvisor'
[DEBUG] Returning cached instance of singleton bean 'org.springframework.data.rest.webmvc.config.RepositoryRestMvcConfiguration'
[DEBUG] Returning cached instance of singleton bean 'repositories'
[DEBUG] Returning cached instance of singleton bean 'persistentEntities'
[DEBUG] Returning cached instance of singleton bean 'entityLinks'
[DEBUG] Returning cached instance of singleton bean 'resourceDescriptionMessageSourceAccessor'
[DEBUG] Returning cached instance of singleton bean 'repositoryRestConfiguration'
[DEBUG] Returning cached instance of singleton bean 'associationLinks'
[DEBUG] Returning cached instance of singleton bean 'objectMapper'
[DEBUG] Returning cached instance of singleton bean 'enumTranslator'
[DEBUG] Eagerly caching bean 'alpsConverter' to allow for resolving potential circular references
[DEBUG] Returning cached instance of singleton bean 'org.springframework.transaction.config.internalTransactionAdvisor'
[DEBUG] Returning cached instance of singleton bean 'org.springframework.transaction.config.internalTransactionAdvisor'
[DEBUG] Finished creating instance of bean 'alpsConverter'
[DEBUG] Eagerly caching bean 'alpsJsonHttpMessageConverter' to allow for resolving potential circular references
[DEBUG] Returning cached instance of singleton bean 'org.springframework.transaction.config.internalTransactionAdvisor'
[DEBUG] Returning cached instance of singleton bean 'org.springframework.transaction.config.internalTransactionAdvisor'
[DEBUG] Finished creating instance of bean 'alpsJsonHttpMessageConverter'
[DEBUG] Eagerly caching bean 'org.springframework.boot.autoconfigure.http.HttpMessageConvertersAutoConfiguration' to allow for resolving potential circular references
[DEBUG] Returning cached instance of singleton bean 'org.springframework.transaction.config.internalTransactionAdvisor'
[DEBUG] Returning cached instance of singleton bean 'org.springframework.transaction.config.internalTransactionAdvisor'
[DEBUG] Finished creating instance of bean 'org.springframework.boot.autoconfigure.http.HttpMessageConvertersAutoConfiguration'
[DEBUG] Eagerly caching bean 'messageConverters' to allow for resolving potential circular references
[DEBUG] Returning cached instance of singleton bean 'org.springframework.transaction.config.internalTransactionAdvisor'
[DEBUG] Returning cached instance of singleton bean 'org.springframework.transaction.config.internalTransactionAdvisor'
[DEBUG] Finished creating instance of bean 'messageConverters'
[DEBUG] Returning cached instance of singleton bean 'jacksonObjectMapper'
[DEBUG] Returning cached instance of singleton bean 'objectMapper'
[DEBUG] Returning cached instance of singleton bean 'halObjectMapper'
[DEBUG] Creating shared instance of singleton bean 'mvcConversionService'
[DEBUG] Creating instance of bean 'mvcConversionService'
[DEBUG] Returning cached instance of singleton bean 'org.springframework.transaction.config.internalTransactionAdvisor'
[DEBUG] Returning cached instance of singleton bean 'org.springframework.boot.autoconfigure.web.servlet.WebMvcAutoConfiguration$EnableWebMvcConfiguration'
[DEBUG] Returning cached instance of singleton bean 'jsonSchemaConverter'
[DEBUG] Returning cached instance of singleton bean 'IParqueaderoRepository'
[DEBUG] Returning cached instance of singleton bean 'IFacturaRepository'
[DEBUG] Returning cached instance of singleton bean 'IIngresoRepository'
[DEBUG] Eagerly caching bean 'mvcConversionService' to allow for resolving potential circular references
[DEBUG] Returning cached instance of singleton bean 'org.springframework.transaction.config.internalTransactionAdvisor'
[DEBUG] Returning cached instance of singleton bean 'org.springframework.transaction.config.internalTransactionAdvisor'
[DEBUG] Finished creating instance of bean 'mvcConversionService'
[DEBUG] Creating shared instance of singleton bean 'mvcValidator'
[DEBUG] Creating instance of bean 'mvcValidator'
[DEBUG] Returning cached instance of singleton bean 'org.springframework.transaction.config.internalTransactionAdvisor'
[DEBUG] Returning cached instance of singleton bean 'org.springframework.boot.autoconfigure.web.servlet.WebMvcAutoConfiguration$EnableWebMvcConfiguration'
[DEBUG] Returning cached instance of singleton bean 'defaultValidator'
[DEBUG] Eagerly caching bean 'mvcValidator' to allow for resolving potential circular references
[DEBUG] Invoking afterPropertiesSet() on bean with name 'mvcValidator'
[DEBUG] Returning cached instance of singleton bean 'org.springframework.transaction.config.internalTransactionAdvisor'
[DEBUG] Returning cached instance of singleton bean 'org.springframework.transaction.config.internalTransactionAdvisor'
[DEBUG] Finished creating instance of bean 'mvcValidator'
[DEBUG] Returning cached instance of singleton bean 'sortResolver'
[DEBUG] Returning cached instance of singleton bean 'pageableResolver'
[DEBUG] Creating shared instance of singleton bean 'pagedResourcesAssemblerArgumentResolver'
[DEBUG] Creating instance of bean 'pagedResourcesAssemblerArgumentResolver'
[DEBUG] Returning cached instance of singleton bean 'org.springframework.transaction.config.internalTransactionAdvisor'
[DEBUG] Returning cached instance of singleton bean 'org.springframework.data.rest.webmvc.config.RepositoryRestMvcConfiguration'
[DEBUG] Returning cached instance of singleton bean 'pageableResolver'
[DEBUG] Eagerly caching bean 'pagedResourcesAssemblerArgumentResolver' to allow for resolving potential circular references
[DEBUG] Returning cached instance of singleton bean 'org.springframework.transaction.config.internalTransactionAdvisor'
[DEBUG] Returning cached instance of singleton bean 'org.springframework.transaction.config.internalTransactionAdvisor'
[DEBUG] Finished creating instance of bean 'pagedResourcesAssemblerArgumentResolver'
[DEBUG] Eagerly caching bean 'requestMappingHandlerAdapter' to allow for resolving potential circular references
[DEBUG] Invoking afterPropertiesSet() on bean with name 'requestMappingHandlerAdapter'
[INFO] Looking for @ControllerAdvice: org.springframework.web.context.support.GenericWebApplicationContext@360e2db: startup date [Fri Jun 08 11:50:45 COT 2018]; root of context hierarchy
[DEBUG] Returning cached instance of singleton bean 'org.springframework.transaction.config.internalTransactionAdvisor'
[DEBUG] Returning cached instance of singleton bean 'org.springframework.transaction.config.internalTransactionAdvisor'
[DEBUG] Finished creating instance of bean 'requestMappingHandlerAdapter'
[DEBUG] Creating shared instance of singleton bean 'requestMappingHandlerMapping'
[DEBUG] Creating instance of bean 'requestMappingHandlerMapping'
[DEBUG] Returning cached instance of singleton bean 'org.springframework.transaction.config.internalTransactionAdvisor'
[DEBUG] Returning cached instance of singleton bean 'org.springframework.boot.autoconfigure.web.servlet.WebMvcAutoConfiguration$EnableWebMvcConfiguration'
[DEBUG] Creating shared instance of singleton bean 'openEntityManagerInViewInterceptor'
[DEBUG] Creating instance of bean 'openEntityManagerInViewInterceptor'
[DEBUG] Returning cached instance of singleton bean 'org.springframework.transaction.config.internalTransactionAdvisor'
[DEBUG] Returning cached instance of singleton bean 'org.springframework.boot.autoconfigure.orm.jpa.JpaBaseConfiguration$JpaWebConfiguration$JpaWebMvcConfiguration'
[WARN] spring.jpa.open-in-view is enabled by default. Therefore, database queries may be performed during view rendering. Explicitly configure spring.jpa.open-in-view to disable this warning
[DEBUG] Eagerly caching bean 'openEntityManagerInViewInterceptor' to allow for resolving potential circular references
[DEBUG] Returning cached instance of singleton bean 'entityManagerFactory'
[DEBUG] Returning cached instance of singleton bean 'org.springframework.transaction.config.internalTransactionAdvisor'
[DEBUG] Returning cached instance of singleton bean 'org.springframework.transaction.config.internalTransactionAdvisor'
[DEBUG] Finished creating instance of bean 'openEntityManagerInViewInterceptor'
[DEBUG] Returning cached instance of singleton bean 'mvcConversionService'
[DEBUG] Creating shared instance of singleton bean 'mvcResourceUrlProvider'
[DEBUG] Creating instance of bean 'mvcResourceUrlProvider'
[DEBUG] Returning cached instance of singleton bean 'org.springframework.transaction.config.internalTransactionAdvisor'
[DEBUG] Returning cached instance of singleton bean 'org.springframework.boot.autoconfigure.web.servlet.WebMvcAutoConfiguration$EnableWebMvcConfiguration'
[DEBUG] Eagerly caching bean 'mvcResourceUrlProvider' to allow for resolving potential circular references
[DEBUG] Returning cached instance of singleton bean 'org.springframework.transaction.config.internalTransactionAdvisor'
[DEBUG] Returning cached instance of singleton bean 'org.springframework.transaction.config.internalTransactionAdvisor'
[DEBUG] Finished creating instance of bean 'mvcResourceUrlProvider'
[DEBUG] Returning cached instance of singleton bean 'mvcContentNegotiationManager'
[DEBUG] Eagerly caching bean 'requestMappingHandlerMapping' to allow for resolving potential circular references
[DEBUG] Invoking afterPropertiesSet() on bean with name 'requestMappingHandlerMapping'
[DEBUG] Looking for request mappings in application context: org.springframework.web.context.support.GenericWebApplicationContext@360e2db: startup date [Fri Jun 08 11:50:45 COT 2018]; root of context hierarchy
[DEBUG] 1 request handler methods found on class com.co.ceiba.parqueadero.services.FacturaCrud: {public com.co.ceiba.parqueadero.entity.Factura com.co.ceiba.parqueadero.services.FacturaCrud.salidaregistro(java.lang.String) throws java.lang.Exception={[/factura/salida],methods=[POST]}}
[INFO] Mapped "{[/factura/salida],methods=[POST]}" onto public com.co.ceiba.parqueadero.entity.Factura com.co.ceiba.parqueadero.services.FacturaCrud.salidaregistro(java.lang.String) throws java.lang.Exception
[DEBUG] 1 request handler methods found on class com.co.ceiba.parqueadero.services.IngresoCrud: {public java.lang.String com.co.ceiba.parqueadero.services.IngresoCrud.guardar(com.co.ceiba.parqueadero.entity.Ingreso)={[/registro/addIngreso],methods=[POST]}}
[INFO] Mapped "{[/registro/addIngreso],methods=[POST]}" onto public java.lang.String com.co.ceiba.parqueadero.services.IngresoCrud.guardar(com.co.ceiba.parqueadero.entity.Ingreso)
[DEBUG] 1 request handler methods found on class com.co.ceiba.parqueadero.services.ListadoVehiculos: {public java.util.List com.co.ceiba.parqueadero.services.ListadoVehiculos.listarIngresoVehiculos()={[/listado/ingresosvehiculos],methods=[GET]}}
[INFO] Mapped "{[/listado/ingresosvehiculos],methods=[GET]}" onto public java.util.List<com.co.ceiba.parqueadero.entity.Ingreso> com.co.ceiba.parqueadero.services.ListadoVehiculos.listarIngresoVehiculos()
[DEBUG] Could not find key 'error.path:/error' in any property source
[DEBUG] Could not find key 'error.path:/error' in any property source
[DEBUG] Could not find key 'error.path' in any property source
[DEBUG] Could not find key 'error.path' in any property source
[DEBUG] Could not find key 'server.error.path:/error' in any property source
[DEBUG] Could not find key 'server.error.path:/error' in any property source
[DEBUG] Could not find key 'server.error.path' in any property source
[DEBUG] Could not find key 'server.error.path' in any property source
[DEBUG] Could not find key 'error.path:/error' in any property source
[DEBUG] Could not find key 'error.path:/error' in any property source
[DEBUG] Could not find key 'error.path' in any property source
[DEBUG] Could not find key 'error.path' in any property source
[DEBUG] Could not find key 'server.error.path:/error' in any property source
[DEBUG] Could not find key 'server.error.path:/error' in any property source
[DEBUG] Could not find key 'server.error.path' in any property source
[DEBUG] Could not find key 'server.error.path' in any property source
[DEBUG] 2 request handler methods found on class org.springframework.boot.autoconfigure.web.servlet.error.BasicErrorController: {public org.springframework.http.ResponseEntity org.springframework.boot.autoconfigure.web.servlet.error.BasicErrorController.error(javax.servlet.http.HttpServletRequest)={[/error]}, public org.springframework.web.servlet.ModelAndView org.springframework.boot.autoconfigure.web.servlet.error.BasicErrorController.errorHtml(javax.servlet.http.HttpServletRequest,javax.servlet.http.HttpServletResponse)={[/error],produces=[text/html]}}
[INFO] Mapped "{[/error]}" onto public org.springframework.http.ResponseEntity<java.util.Map<java.lang.String, java.lang.Object>> org.springframework.boot.autoconfigure.web.servlet.error.BasicErrorController.error(javax.servlet.http.HttpServletRequest)
[INFO] Mapped "{[/error],produces=[text/html]}" onto public org.springframework.web.servlet.ModelAndView org.springframework.boot.autoconfigure.web.servlet.error.BasicErrorController.errorHtml(javax.servlet.http.HttpServletRequest,javax.servlet.http.HttpServletResponse)
[DEBUG] Returning cached instance of singleton bean 'org.springframework.transaction.config.internalTransactionAdvisor'
[DEBUG] Returning cached instance of singleton bean 'org.springframework.transaction.config.internalTransactionAdvisor'
[DEBUG] Finished creating instance of bean 'requestMappingHandlerMapping'
[DEBUG] Returning cached instance of singleton bean 'mvcConversionService'
[DEBUG] Returning cached instance of singleton bean 'mvcValidator'
[DEBUG] Returning cached instance of singleton bean 'mvcContentNegotiationManager'
[DEBUG] Creating shared instance of singleton bean 'mvcPathMatcher'
[DEBUG] Creating instance of bean 'mvcPathMatcher'
[DEBUG] Returning cached instance of singleton bean 'org.springframework.transaction.config.internalTransactionAdvisor'
[DEBUG] Returning cached instance of singleton bean 'org.springframework.boot.autoconfigure.web.servlet.WebMvcAutoConfiguration$EnableWebMvcConfiguration'
[DEBUG] Eagerly caching bean 'mvcPathMatcher' to allow for resolving potential circular references
[DEBUG] Returning cached instance of singleton bean 'org.springframework.transaction.config.internalTransactionAdvisor'
[DEBUG] Returning cached instance of singleton bean 'org.springframework.transaction.config.internalTransactionAdvisor'
[DEBUG] Finished creating instance of bean 'mvcPathMatcher'
[DEBUG] Creating shared instance of singleton bean 'mvcUrlPathHelper'
[DEBUG] Creating instance of bean 'mvcUrlPathHelper'
[DEBUG] Returning cached instance of singleton bean 'org.springframework.transaction.config.internalTransactionAdvisor'
[DEBUG] Returning cached instance of singleton bean 'org.springframework.boot.autoconfigure.web.servlet.WebMvcAutoConfiguration$EnableWebMvcConfiguration'
[DEBUG] Eagerly caching bean 'mvcUrlPathHelper' to allow for resolving potential circular references
[DEBUG] Returning cached instance of singleton bean 'org.springframework.transaction.config.internalTransactionAdvisor'
[DEBUG] Returning cached instance of singleton bean 'org.springframework.transaction.config.internalTransactionAdvisor'
[DEBUG] Finished creating instance of bean 'mvcUrlPathHelper'
[DEBUG] Creating shared instance of singleton bean 'viewControllerHandlerMapping'
[DEBUG] Creating instance of bean 'viewControllerHandlerMapping'
[DEBUG] Returning cached instance of singleton bean 'org.springframework.transaction.config.internalTransactionAdvisor'
[DEBUG] Returning cached instance of singleton bean 'org.springframework.boot.autoconfigure.web.servlet.WebMvcAutoConfiguration$EnableWebMvcConfiguration'
[DEBUG] Returning cached instance of singleton bean 'mvcPathMatcher'
[DEBUG] Returning cached instance of singleton bean 'mvcUrlPathHelper'
[DEBUG] Eagerly caching bean 'viewControllerHandlerMapping' to allow for resolving potential circular references
[DEBUG] Returning cached instance of singleton bean 'org.springframework.transaction.config.internalTransactionAdvisor'
[DEBUG] Returning cached instance of singleton bean 'org.springframework.transaction.config.internalTransactionAdvisor'
[DEBUG] Finished creating instance of bean 'viewControllerHandlerMapping'
[DEBUG] Creating shared instance of singleton bean 'beanNameHandlerMapping'
[DEBUG] Creating instance of bean 'beanNameHandlerMapping'
[DEBUG] Returning cached instance of singleton bean 'org.springframework.transaction.config.internalTransactionAdvisor'
[DEBUG] Returning cached instance of singleton bean 'org.springframework.boot.autoconfigure.web.servlet.WebMvcAutoConfiguration$EnableWebMvcConfiguration'
[DEBUG] Eagerly caching bean 'beanNameHandlerMapping' to allow for resolving potential circular references
[DEBUG] Looking for URL mappings in application context: org.springframework.web.context.support.GenericWebApplicationContext@360e2db: startup date [Fri Jun 08 11:50:45 COT 2018]; root of context hierarchy
[DEBUG] Rejected bean name 'org.springframework.boot.test.mock.mockito.MockitoPostProcessor$SpyPostProcessor': no URL paths identified
[DEBUG] Rejected bean name 'org.springframework.boot.test.mock.mockito.MockitoPostProcessor': no URL paths identified
[DEBUG] Rejected bean name 'org.springframework.context.annotation.internalConfigurationAnnotationProcessor': no URL paths identified
[DEBUG] Rejected bean name 'org.springframework.context.annotation.internalAutowiredAnnotationProcessor': no URL paths identified
[DEBUG] Rejected bean name 'org.springframework.context.annotation.internalRequiredAnnotationProcessor': no URL paths identified
[DEBUG] Rejected bean name 'org.springframework.context.annotation.internalCommonAnnotationProcessor': no URL paths identified
[DEBUG] Rejected bean name 'org.springframework.context.annotation.internalPersistenceAnnotationProcessor': no URL paths identified
[DEBUG] Rejected bean name 'org.springframework.context.event.internalEventListenerProcessor': no URL paths identified
[DEBUG] Rejected bean name 'org.springframework.context.event.internalEventListenerFactory': no URL paths identified
[DEBUG] Rejected bean name 'parqueaderoApplication': no URL paths identified
[DEBUG] Rejected bean name 'org.springframework.boot.autoconfigure.internalCachingMetadataReaderFactory': no URL paths identified
[DEBUG] Rejected bean name 'facturaBusiness': no URL paths identified
[DEBUG] Rejected bean name 'ingresoBusiness': no URL paths identified
[DEBUG] Rejected bean name 'facturaCrud': no URL paths identified
[DEBUG] Rejected bean name 'ingresoCrud': no URL paths identified
[DEBUG] Rejected bean name 'listadoVehiculos': no URL paths identified
[DEBUG] Rejected bean name 'profileController': no URL paths identified
[DEBUG] Rejected bean name 'alpsController': no URL paths identified
[DEBUG] Rejected bean name 'repositoryEntityController': no URL paths identified
[DEBUG] Rejected bean name 'repositorySearchController': no URL paths identified
[DEBUG] Rejected bean name 'repositorySchemaController': no URL paths identified
[DEBUG] Rejected bean name 'repositoryController': no URL paths identified
[DEBUG] Rejected bean name 'repositoryPropertyReferenceController': no URL paths identified
[DEBUG] Rejected bean name 'org.springframework.boot.autoconfigure.AutoConfigurationPackages': no URL paths identified
[DEBUG] Rejected bean name 'org.springframework.boot.autoconfigure.context.PropertyPlaceholderAutoConfiguration': no URL paths identified
[DEBUG] Rejected bean name 'org.springframework.boot.autoconfigure.condition.BeanTypeRegistry': no URL paths identified
[DEBUG] Rejected bean name 'propertySourcesPlaceholderConfigurer': no URL paths identified
[DEBUG] Rejected bean name 'org.springframework.boot.autoconfigure.websocket.servlet.WebSocketServletAutoConfiguration$TomcatWebSocketConfiguration': no URL paths identified
[DEBUG] Rejected bean name 'websocketContainerCustomizer': no URL paths identified
[DEBUG] Rejected bean name 'org.springframework.boot.autoconfigure.websocket.servlet.WebSocketServletAutoConfiguration': no URL paths identified
[DEBUG] Rejected bean name 'org.springframework.boot.autoconfigure.web.servlet.ServletWebServerFactoryConfiguration$EmbeddedTomcat': no URL paths identified
[DEBUG] Rejected bean name 'tomcatServletWebServerFactory': no URL paths identified
[DEBUG] Rejected bean name 'org.springframework.boot.autoconfigure.web.servlet.ServletWebServerFactoryAutoConfiguration': no URL paths identified
[DEBUG] Rejected bean name 'servletWebServerFactoryCustomizer': no URL paths identified
[DEBUG] Rejected bean name 'tomcatServletWebServerFactoryCustomizer': no URL paths identified
[DEBUG] Rejected bean name 'server-org.springframework.boot.autoconfigure.web.ServerProperties': no URL paths identified
[DEBUG] Rejected bean name 'org.springframework.boot.context.properties.ConfigurationPropertiesBindingPostProcessor': no URL paths identified
[DEBUG] Rejected bean name 'org.springframework.boot.context.properties.ConfigurationBeanFactoryMetadata': no URL paths identified
[DEBUG] Rejected bean name 'webServerFactoryCustomizerBeanPostProcessor': no URL paths identified
[DEBUG] Rejected bean name 'errorPageRegistrarBeanPostProcessor': no URL paths identified
[DEBUG] Rejected bean name 'org.springframework.boot.autoconfigure.web.servlet.DispatcherServletAutoConfiguration$DispatcherServletConfiguration': no URL paths identified
[DEBUG] Rejected bean name 'dispatcherServlet': no URL paths identified
[DEBUG] Rejected bean name 'mainDispatcherServletPathProvider': no URL paths identified
[DEBUG] Rejected bean name 'spring.mvc-org.springframework.boot.autoconfigure.web.servlet.WebMvcProperties': no URL paths identified
[DEBUG] Rejected bean name 'org.springframework.boot.autoconfigure.web.servlet.DispatcherServletAutoConfiguration$DispatcherServletRegistrationConfiguration': no URL paths identified
[DEBUG] Rejected bean name 'dispatcherServletRegistration': no URL paths identified
[DEBUG] Rejected bean name 'org.springframework.boot.autoconfigure.web.servlet.DispatcherServletAutoConfiguration': no URL paths identified
[DEBUG] Rejected bean name 'org.springframework.boot.autoconfigure.validation.ValidationAutoConfiguration': no URL paths identified
[DEBUG] Rejected bean name 'defaultValidator': no URL paths identified
[DEBUG] Rejected bean name 'methodValidationPostProcessor': no URL paths identified
[DEBUG] Rejected bean name 'org.springframework.boot.autoconfigure.web.servlet.error.ErrorMvcAutoConfiguration$WhitelabelErrorViewConfiguration': no URL paths identified
[DEBUG] Rejected bean name 'error': no URL paths identified
[DEBUG] Rejected bean name 'beanNameViewResolver': no URL paths identified
[DEBUG] Rejected bean name 'org.springframework.boot.autoconfigure.web.servlet.error.ErrorMvcAutoConfiguration$DefaultErrorViewResolverConfiguration': no URL paths identified
[DEBUG] Rejected bean name 'conventionErrorViewResolver': no URL paths identified
[DEBUG] Rejected bean name 'org.springframework.boot.autoconfigure.web.servlet.error.ErrorMvcAutoConfiguration': no URL paths identified
[DEBUG] Rejected bean name 'errorAttributes': no URL paths identified
[DEBUG] Rejected bean name 'basicErrorController': no URL paths identified
[DEBUG] Rejected bean name 'errorPageCustomizer': no URL paths identified
[DEBUG] Rejected bean name 'preserveErrorControllerTargetClassPostProcessor': no URL paths identified
[DEBUG] Rejected bean name 'spring.resources-org.springframework.boot.autoconfigure.web.ResourceProperties': no URL paths identified
[DEBUG] Rejected bean name 'org.springframework.boot.autoconfigure.web.servlet.WebMvcAutoConfiguration$WebMvcAutoConfigurationAdapter$FaviconConfiguration': no URL paths identified
[DEBUG] Rejected bean name 'faviconHandlerMapping': no URL paths identified
[DEBUG] Rejected bean name 'faviconRequestHandler': no URL paths identified
[DEBUG] Rejected bean name 'org.springframework.boot.autoconfigure.web.servlet.WebMvcAutoConfiguration$EnableWebMvcConfiguration': no URL paths identified
[DEBUG] Rejected bean name 'requestMappingHandlerAdapter': no URL paths identified
[DEBUG] Rejected bean name 'requestMappingHandlerMapping': no URL paths identified
[DEBUG] Rejected bean name 'mvcConversionService': no URL paths identified
[DEBUG] Rejected bean name 'mvcValidator': no URL paths identified
[DEBUG] Rejected bean name 'mvcContentNegotiationManager': no URL paths identified
[DEBUG] Rejected bean name 'mvcPathMatcher': no URL paths identified
[DEBUG] Rejected bean name 'mvcUrlPathHelper': no URL paths identified
[DEBUG] Rejected bean name 'viewControllerHandlerMapping': no URL paths identified
[DEBUG] Rejected bean name 'beanNameHandlerMapping': no URL paths identified
[DEBUG] Rejected bean name 'resourceHandlerMapping': no URL paths identified
[DEBUG] Rejected bean name 'mvcResourceUrlProvider': no URL paths identified
[DEBUG] Rejected bean name 'defaultServletHandlerMapping': no URL paths identified
[DEBUG] Rejected bean name 'mvcUriComponentsContributor': no URL paths identified
[DEBUG] Rejected bean name 'httpRequestHandlerAdapter': no URL paths identified
[DEBUG] Rejected bean name 'simpleControllerHandlerAdapter': no URL paths identified
[DEBUG] Rejected bean name 'handlerExceptionResolver': no URL paths identified
[DEBUG] Rejected bean name 'mvcViewResolver': no URL paths identified
[DEBUG] Rejected bean name 'mvcHandlerMappingIntrospector': no URL paths identified
[DEBUG] Rejected bean name 'org.springframework.boot.autoconfigure.web.servlet.WebMvcAutoConfiguration$WebMvcAutoConfigurationAdapter': no URL paths identified
[DEBUG] Rejected bean name 'defaultViewResolver': no URL paths identified
[DEBUG] Rejected bean name 'viewResolver': no URL paths identified
[DEBUG] Rejected bean name 'welcomePageHandlerMapping': no URL paths identified
[DEBUG] Rejected bean name 'requestContextFilter': no URL paths identified
[DEBUG] Rejected bean name 'org.springframework.boot.autoconfigure.web.servlet.WebMvcAutoConfiguration': no URL paths identified
[DEBUG] Rejected bean name 'hiddenHttpMethodFilter': no URL paths identified
[DEBUG] Rejected bean name 'httpPutFormContentFilter': no URL paths identified
[DEBUG] Rejected bean name 'org.springframework.boot.autoconfigure.aop.AopAutoConfiguration$CglibAutoProxyConfiguration': no URL paths identified
[DEBUG] Rejected bean name 'org.springframework.aop.config.internalAutoProxyCreator': no URL paths identified
[DEBUG] Rejected bean name 'org.springframework.boot.autoconfigure.aop.AopAutoConfiguration': no URL paths identified
[DEBUG] Rejected bean name 'org.springframework.boot.autoconfigure.context.ConfigurationPropertiesAutoConfiguration': no URL paths identified
[DEBUG] Rejected bean name 'org.springframework.boot.autoconfigure.dao.PersistenceExceptionTranslationAutoConfiguration': no URL paths identified
[DEBUG] Rejected bean name 'persistenceExceptionTranslationPostProcessor': no URL paths identified
[DEBUG] Rejected bean name 'org.springframework.boot.autoconfigure.transaction.jta.JtaAutoConfiguration': no URL paths identified
[DEBUG] Rejected bean name 'spring.jta-org.springframework.boot.autoconfigure.transaction.jta.JtaProperties': no URL paths identified
[DEBUG] Rejected bean name 'org.springframework.boot.autoconfigure.jdbc.DataSourceConfiguration$Hikari': no URL paths identified
[DEBUG] Rejected bean name 'dataSource': no URL paths identified
[DEBUG] Rejected bean name 'org.springframework.boot.autoconfigure.jdbc.DataSourceAutoConfiguration$PooledDataSourceConfiguration': no URL paths identified
[DEBUG] Rejected bean name 'org.springframework.boot.autoconfigure.jdbc.metadata.DataSourcePoolMetadataProvidersConfiguration$HikariPoolDataSourceMetadataProviderConfiguration': no URL paths identified
[DEBUG] Rejected bean name 'hikariPoolDataSourceMetadataProvider': no URL paths identified
[DEBUG] Rejected bean name 'org.springframework.boot.autoconfigure.jdbc.metadata.DataSourcePoolMetadataProvidersConfiguration': no URL paths identified
[DEBUG] Rejected bean name 'org.springframework.boot.autoconfigure.jdbc.DataSourceInitializerInvoker': no URL paths identified
[DEBUG] Rejected bean name 'org.springframework.boot.autoconfigure.jdbc.DataSourceInitializationConfiguration': no URL paths identified
[DEBUG] Rejected bean name 'dataSourceInitializerPostProcessor': no URL paths identified
[DEBUG] Rejected bean name 'org.springframework.boot.autoconfigure.jdbc.DataSourceAutoConfiguration': no URL paths identified
[DEBUG] Rejected bean name 'spring.datasource-org.springframework.boot.autoconfigure.jdbc.DataSourceProperties': no URL paths identified
[DEBUG] Rejected bean name 'org.springframework.boot.autoconfigure.orm.jpa.JpaBaseConfiguration$JpaWebConfiguration$JpaWebMvcConfiguration': no URL paths identified
[DEBUG] Rejected bean name 'openEntityManagerInViewInterceptor': no URL paths identified
[DEBUG] Rejected bean name 'org.springframework.boot.autoconfigure.orm.jpa.JpaBaseConfiguration$JpaWebConfiguration': no URL paths identified
[DEBUG] Rejected bean name 'org.springframework.boot.autoconfigure.orm.jpa.HibernateJpaConfiguration': no URL paths identified
[DEBUG] Rejected bean name 'transactionManager': no URL paths identified
[DEBUG] Rejected bean name 'jpaVendorAdapter': no URL paths identified
[DEBUG] Rejected bean name 'entityManagerFactoryBuilder': no URL paths identified
[DEBUG] Rejected bean name 'entityManagerFactory': no URL paths identified
[DEBUG] Rejected bean name 'spring.jpa-org.springframework.boot.autoconfigure.orm.jpa.JpaProperties': no URL paths identified
[DEBUG] Rejected bean name 'dataSourceInitializedPublisher': no URL paths identified
[DEBUG] Rejected bean name 'org.springframework.boot.autoconfigure.orm.jpa.HibernateJpaAutoConfiguration': no URL paths identified
[DEBUG] Rejected bean name 'org.springframework.boot.autoconfigure.data.jpa.JpaRepositoriesAutoConfiguration': no URL paths identified
[DEBUG] Rejected bean name 'emBeanDefinitionRegistrarPostProcessor': no URL paths identified
[DEBUG] Rejected bean name 'jpaMappingContext': no URL paths identified
[DEBUG] Rejected bean name 'jpaContext': no URL paths identified
[DEBUG] Rejected bean name 'IParqueaderoRepository': no URL paths identified
[DEBUG] Rejected bean name 'IFacturaRepository': no URL paths identified
[DEBUG] Rejected bean name 'IIngresoRepository': no URL paths identified
[DEBUG] Rejected bean name 'org.springframework.boot.autoconfigure.jackson.JacksonAutoConfiguration$Jackson2ObjectMapperBuilderCustomizerConfiguration': no URL paths identified
[DEBUG] Rejected bean name 'standardJacksonObjectMapperBuilderCustomizer': no URL paths identified
[DEBUG] Rejected bean name 'spring.jackson-org.springframework.boot.autoconfigure.jackson.JacksonProperties': no URL paths identified
[DEBUG] Rejected bean name 'org.springframework.boot.autoconfigure.jackson.JacksonAutoConfiguration$JacksonObjectMapperBuilderConfiguration': no URL paths identified
[DEBUG] Rejected bean name 'jacksonObjectMapperBuilder': no URL paths identified
[DEBUG] Rejected bean name 'org.springframework.boot.autoconfigure.jackson.JacksonAutoConfiguration$ParameterNamesModuleConfiguration': no URL paths identified
[DEBUG] Rejected bean name 'parameterNamesModule': no URL paths identified
[DEBUG] Rejected bean name 'org.springframework.boot.autoconfigure.jackson.JacksonAutoConfiguration$JacksonObjectMapperConfiguration': no URL paths identified
[DEBUG] Rejected bean name 'jacksonObjectMapper': no URL paths identified
[DEBUG] Rejected bean name 'org.springframework.boot.autoconfigure.jackson.JacksonAutoConfiguration': no URL paths identified
[DEBUG] Rejected bean name 'jsonComponentModule': no URL paths identified
[DEBUG] Rejected bean name 'org.springframework.boot.autoconfigure.http.HttpMessageConvertersAutoConfiguration$StringHttpMessageConverterConfiguration': no URL paths identified
[DEBUG] Rejected bean name 'stringHttpMessageConverter': no URL paths identified
[DEBUG] Rejected bean name 'spring.http.encoding-org.springframework.boot.autoconfigure.http.HttpEncodingProperties': no URL paths identified
[DEBUG] Rejected bean name 'org.springframework.boot.autoconfigure.http.JacksonHttpMessageConvertersConfiguration$MappingJackson2HttpMessageConverterConfiguration': no URL paths identified
[DEBUG] Rejected bean name 'mappingJackson2HttpMessageConverter': no URL paths identified
[DEBUG] Rejected bean name 'org.springframework.boot.autoconfigure.http.JacksonHttpMessageConvertersConfiguration': no URL paths identified
[DEBUG] Rejected bean name 'org.springframework.boot.autoconfigure.http.HttpMessageConvertersAutoConfiguration': no URL paths identified
[DEBUG] Rejected bean name 'messageConverters': no URL paths identified
[DEBUG] Rejected bean name 'org.springframework.hateoas.config.HateoasConfiguration': no URL paths identified
[DEBUG] Rejected bean name 'linkRelationMessageSource': no URL paths identified
[DEBUG] Rejected bean name 'org.springframework.data.web.config.SpringDataJacksonConfiguration': no URL paths identified
[DEBUG] Rejected bean name 'jacksonGeoModule': no URL paths identified
[DEBUG] Rejected bean name 'org.springframework.data.rest.webmvc.config.RepositoryRestMvcConfiguration': no URL paths identified
[DEBUG] Rejected bean name 'repositories': no URL paths identified
[DEBUG] Rejected bean name 'repositoryRelProvider': no URL paths identified
[DEBUG] Rejected bean name 'persistentEntities': no URL paths identified
[DEBUG] Rejected bean name 'defaultConversionService': no URL paths identified
[DEBUG] Rejected bean name 'validatingRepositoryEventListener': no URL paths identified
[DEBUG] Rejected bean name 'jpaHelper': no URL paths identified
[DEBUG] Rejected bean name 'repositoryRestConfiguration': no URL paths identified
[DEBUG] Rejected bean name 'projectionDefinitionRegistrar': no URL paths identified
[DEBUG] Rejected bean name 'metadataConfiguration': no URL paths identified
[DEBUG] Rejected bean name 'baseUri': no URL paths identified
[DEBUG] Rejected bean name 'annotatedEventHandlerInvoker': no URL paths identified
[DEBUG] Rejected bean name 'domainObjectMerger': no URL paths identified
[DEBUG] Rejected bean name 'serverHttpRequestMethodArgumentResolver': no URL paths identified
[DEBUG] Rejected bean name 'repoRequestArgumentResolver': no URL paths identified
[DEBUG] Rejected bean name 'resourceMetadataHandlerMethodArgumentResolver': no URL paths identified
[DEBUG] Rejected bean name 'backendIdHandlerMethodArgumentResolver': no URL paths identified
[DEBUG] Rejected bean name 'eTagArgumentResolver': no URL paths identified
[DEBUG] Rejected bean name 'entityLinks': no URL paths identified
[DEBUG] Rejected bean name 'persistentEntityArgumentResolver': no URL paths identified
[DEBUG] Rejected bean name 'jsonSchemaConverter': no URL paths identified
[DEBUG] Rejected bean name 'resourceDescriptionMessageSourceAccessor': no URL paths identified
[DEBUG] Rejected bean name 'objectMapper': no URL paths identified
[DEBUG] Rejected bean name 'jacksonHttpMessageConverter': no URL paths identified
[DEBUG] Rejected bean name 'halJacksonHttpMessageConverter': no URL paths identified
[DEBUG] Rejected bean name 'halObjectMapper': no URL paths identified
[DEBUG] Rejected bean name 'uriListHttpMessageConverter': no URL paths identified
[DEBUG] Rejected bean name 'resourceProcessorInvoker': no URL paths identified
[DEBUG] Rejected bean name 'repositoryExporterHandlerAdapter': no URL paths identified
[DEBUG] Rejected bean name 'restHandlerMapping': no URL paths identified
[DEBUG] Rejected bean name 'resourceMappings': no URL paths identified
[DEBUG] Rejected bean name 'linkCollector': no URL paths identified
[DEBUG] Rejected bean name 'excerptProjector': no URL paths identified
[DEBUG] Rejected bean name 'repositoryRestExceptionHandler': no URL paths identified
[DEBUG] Rejected bean name 'repositoryInvokerFactory': no URL paths identified
[DEBUG] Rejected bean name 'defaultMessageConverters': no URL paths identified
[DEBUG] Rejected bean name 'alpsJsonHttpMessageConverter': no URL paths identified
[DEBUG] Rejected bean name 'pageableResolver': no URL paths identified
[DEBUG] Rejected bean name 'sortResolver': no URL paths identified
[DEBUG] Rejected bean name 'backendIdConverterRegistry': no URL paths identified
[DEBUG] Rejected bean name 'auditableBeanWrapperFactory': no URL paths identified
[DEBUG] Rejected bean name 'httpHeadersPreparer': no URL paths identified
[DEBUG] Rejected bean name 'selfLinkProvider': no URL paths identified
[DEBUG] Rejected bean name 'associationLinks': no URL paths identified
[DEBUG] Rejected bean name 'enumTranslator': no URL paths identified
[DEBUG] Rejected bean name 'alpsConverter': no URL paths identified
[DEBUG] Rejected bean name 'profileResourceProcessor': no URL paths identified
[DEBUG] Rejected bean name 'pagedResourcesAssembler': no URL paths identified
[DEBUG] Rejected bean name 'pagedResourcesAssemblerArgumentResolver': no URL paths identified
[DEBUG] Rejected bean name 'entityLinksPluginRegistry': no URL paths identified
[DEBUG] Rejected bean name 'controllerEntityLinks': no URL paths identified
[DEBUG] Rejected bean name 'delegatingEntityLinks': no URL paths identified
[DEBUG] Rejected bean name 'org.springframework.hateoas.hal.HalLinkDiscoverer#0': no URL paths identified
[DEBUG] Rejected bean name '_halObjectMapper': no URL paths identified
[DEBUG] Rejected bean name 'org.springframework.hateoas.config.HypermediaSupportBeanDefinitionRegistrar$DefaultObjectMapperCustomizer#0': no URL paths identified
[DEBUG] Rejected bean name 'org.springframework.hateoas.config.HypermediaSupportBeanDefinitionRegistrar$Jackson2ModuleRegisteringBeanPostProcessor#0': no URL paths identified
[DEBUG] Rejected bean name 'org.springframework.hateoas.hal.HalConfiguration#0': no URL paths identified
[DEBUG] Rejected bean name '_linkDiscovererRegistry': no URL paths identified
[DEBUG] Rejected bean name 'org.springframework.hateoas.LinkDiscoverers#0': no URL paths identified
[DEBUG] Rejected bean name 'defaultRelProvider': no URL paths identified
[DEBUG] Rejected bean name 'annotationRelProvider': no URL paths identified
[DEBUG] Rejected bean name 'relProviderPluginRegistry': no URL paths identified
[DEBUG] Rejected bean name '_relProvider': no URL paths identified
[DEBUG] Rejected bean name 'org.springframework.boot.autoconfigure.data.rest.RepositoryRestMvcAutoConfiguration': no URL paths identified
[DEBUG] Rejected bean name 'springBootRepositoryRestConfigurer': no URL paths identified
[DEBUG] Rejected bean name 'spring.data.rest-org.springframework.boot.autoconfigure.data.rest.RepositoryRestProperties': no URL paths identified
[DEBUG] Rejected bean name 'org.springframework.boot.autoconfigure.hateoas.HypermediaHttpMessageConverterConfiguration': no URL paths identified
[DEBUG] Rejected bean name 'halMessageConverterSupportedMediaTypeCustomizer': no URL paths identified
[DEBUG] Rejected bean name 'org.springframework.boot.autoconfigure.hateoas.HypermediaAutoConfiguration': no URL paths identified
[DEBUG] Rejected bean name 'spring.hateoas-org.springframework.boot.autoconfigure.hateoas.HateoasProperties': no URL paths identified
[DEBUG] Rejected bean name 'org.springframework.boot.autoconfigure.http.codec.CodecsAutoConfiguration$JacksonCodecConfiguration': no URL paths identified
[DEBUG] Rejected bean name 'jacksonCodecCustomizer': no URL paths identified
[DEBUG] Rejected bean name 'org.springframework.boot.autoconfigure.http.codec.CodecsAutoConfiguration': no URL paths identified
[DEBUG] Rejected bean name 'org.springframework.boot.autoconfigure.info.ProjectInfoAutoConfiguration': no URL paths identified
[DEBUG] Rejected bean name 'spring.info-org.springframework.boot.autoconfigure.info.ProjectInfoProperties': no URL paths identified
[DEBUG] Rejected bean name 'org.springframework.boot.autoconfigure.jdbc.JdbcTemplateAutoConfiguration$JdbcTemplateConfiguration': no URL paths identified
[DEBUG] Rejected bean name 'jdbcTemplate': no URL paths identified
[DEBUG] Rejected bean name 'org.springframework.boot.autoconfigure.jdbc.JdbcTemplateAutoConfiguration$NamedParameterJdbcTemplateConfiguration': no URL paths identified
[DEBUG] Rejected bean name 'namedParameterJdbcTemplate': no URL paths identified
[DEBUG] Rejected bean name 'org.springframework.boot.autoconfigure.jdbc.JdbcTemplateAutoConfiguration': no URL paths identified
[DEBUG] Rejected bean name 'spring.jdbc-org.springframework.boot.autoconfigure.jdbc.JdbcProperties': no URL paths identified
[DEBUG] Rejected bean name 'org.springframework.boot.autoconfigure.security.reactive.ReactiveSecurityAutoConfiguration': no URL paths identified
[DEBUG] Rejected bean name 'spring.security-org.springframework.boot.autoconfigure.security.SecurityProperties': no URL paths identified
[DEBUG] Rejected bean name 'org.springframework.boot.autoconfigure.jdbc.DataSourceTransactionManagerAutoConfiguration$DataSourceTransactionManagerConfiguration': no URL paths identified
[DEBUG] Rejected bean name 'org.springframework.boot.autoconfigure.jdbc.DataSourceTransactionManagerAutoConfiguration': no URL paths identified
[DEBUG] Rejected bean name 'org.springframework.transaction.annotation.ProxyTransactionManagementConfiguration': no URL paths identified
[DEBUG] Rejected bean name 'org.springframework.transaction.config.internalTransactionAdvisor': no URL paths identified
[DEBUG] Rejected bean name 'transactionAttributeSource': no URL paths identified
[DEBUG] Rejected bean name 'transactionInterceptor': no URL paths identified
[DEBUG] Rejected bean name 'org.springframework.transaction.config.internalTransactionalEventListenerFactory': no URL paths identified
[DEBUG] Rejected bean name 'org.springframework.boot.autoconfigure.transaction.TransactionAutoConfiguration$EnableTransactionManagementConfiguration$CglibAutoProxyConfiguration': no URL paths identified
[DEBUG] Rejected bean name 'org.springframework.boot.autoconfigure.transaction.TransactionAutoConfiguration$EnableTransactionManagementConfiguration': no URL paths identified
[DEBUG] Rejected bean name 'org.springframework.boot.autoconfigure.transaction.TransactionAutoConfiguration$TransactionTemplateConfiguration': no URL paths identified
[DEBUG] Rejected bean name 'transactionTemplate': no URL paths identified
[DEBUG] Rejected bean name 'org.springframework.boot.autoconfigure.transaction.TransactionAutoConfiguration': no URL paths identified
[DEBUG] Rejected bean name 'platformTransactionManagerCustomizers': no URL paths identified
[DEBUG] Rejected bean name 'spring.transaction-org.springframework.boot.autoconfigure.transaction.TransactionProperties': no URL paths identified
[DEBUG] Rejected bean name 'org.springframework.boot.autoconfigure.web.client.RestTemplateAutoConfiguration': no URL paths identified
[DEBUG] Rejected bean name 'restTemplateBuilder': no URL paths identified
[DEBUG] Rejected bean name 'org.springframework.boot.autoconfigure.web.embedded.EmbeddedWebServerFactoryCustomizerAutoConfiguration$TomcatWebServerFactoryCustomizerConfiguration': no URL paths identified
[DEBUG] Rejected bean name 'tomcatWebServerFactoryCustomizer': no URL paths identified
[DEBUG] Rejected bean name 'org.springframework.boot.autoconfigure.web.embedded.EmbeddedWebServerFactoryCustomizerAutoConfiguration': no URL paths identified
[DEBUG] Rejected bean name 'org.springframework.boot.autoconfigure.web.servlet.HttpEncodingAutoConfiguration': no URL paths identified
[DEBUG] Rejected bean name 'characterEncodingFilter': no URL paths identified
[DEBUG] Rejected bean name 'localeCharsetMappingsCustomizer': no URL paths identified
[DEBUG] Rejected bean name 'org.springframework.boot.autoconfigure.web.servlet.MultipartAutoConfiguration': no URL paths identified
[DEBUG] Rejected bean name 'multipartConfigElement': no URL paths identified
[DEBUG] Rejected bean name 'multipartResolver': no URL paths identified
[DEBUG] Rejected bean name 'spring.servlet.multipart-org.springframework.boot.autoconfigure.web.servlet.MultipartProperties': no URL paths identified
[DEBUG] Rejected bean name 'org.springframework.orm.jpa.SharedEntityManagerCreator#0': no URL paths identified
[DEBUG] Rejected bean name 'autoConfigurationReport': no URL paths identified
[DEBUG] Rejected bean name 'org.springframework.boot.context.ContextIdApplicationContextInitializer$ContextId': no URL paths identified
[DEBUG] Rejected bean name 'org.springframework.boot.test.autoconfigure.properties.PropertyMappingContextCustomizer$PropertyMappingCheckBeanPostProcessor': no URL paths identified
[DEBUG] Rejected bean name 'org.springframework.boot.test.context.filter.TestTypeExcludeFilter': no URL paths identified
[DEBUG] Rejected bean name 'springApplicationArguments': no URL paths identified
[DEBUG] Rejected bean name 'springBootBanner': no URL paths identified
[DEBUG] Rejected bean name 'springBootLoggingSystem': no URL paths identified
[DEBUG] Rejected bean name 'environment': no URL paths identified
[DEBUG] Rejected bean name 'systemProperties': no URL paths identified
[DEBUG] Rejected bean name 'systemEnvironment': no URL paths identified
[DEBUG] Rejected bean name 'servletContext': no URL paths identified
[DEBUG] Rejected bean name 'contextParameters': no URL paths identified
[DEBUG] Rejected bean name 'contextAttributes': no URL paths identified
[DEBUG] Rejected bean name 'org.springframework.context.annotation.ConfigurationClassPostProcessor.importRegistry': no URL paths identified
[DEBUG] Rejected bean name 'org.springframework.boot.test.mock.mockito.MockitoBeans': no URL paths identified
[DEBUG] Rejected bean name 'messageSource': no URL paths identified
[DEBUG] Rejected bean name 'applicationEventMulticaster': no URL paths identified
[DEBUG] Returning cached instance of singleton bean 'org.springframework.transaction.config.internalTransactionAdvisor'
[DEBUG] Returning cached instance of singleton bean 'org.springframework.transaction.config.internalTransactionAdvisor'
[DEBUG] Finished creating instance of bean 'beanNameHandlerMapping'
[DEBUG] Creating shared instance of singleton bean 'resourceHandlerMapping'
[DEBUG] Creating instance of bean 'resourceHandlerMapping'
[DEBUG] Returning cached instance of singleton bean 'org.springframework.transaction.config.internalTransactionAdvisor'
[DEBUG] Returning cached instance of singleton bean 'org.springframework.boot.autoconfigure.web.servlet.WebMvcAutoConfiguration$EnableWebMvcConfiguration'
[DEBUG] Returning cached instance of singleton bean 'mvcContentNegotiationManager'
[DEBUG] Returning cached instance of singleton bean 'mvcUrlPathHelper'
[DEBUG] Returning cached instance of singleton bean 'mvcPathMatcher'
[DEBUG] Returning cached instance of singleton bean 'mvcUrlPathHelper'
[DEBUG] Eagerly caching bean 'resourceHandlerMapping' to allow for resolving potential circular references
[INFO] Mapped URL path [/webjars/**] onto handler of type [class org.springframework.web.servlet.resource.ResourceHttpRequestHandler]
[INFO] Mapped URL path [/**] onto handler of type [class org.springframework.web.servlet.resource.ResourceHttpRequestHandler]
[DEBUG] Returning cached instance of singleton bean 'org.springframework.transaction.config.internalTransactionAdvisor'
[DEBUG] Returning cached instance of singleton bean 'org.springframework.transaction.config.internalTransactionAdvisor'
[DEBUG] Finished creating instance of bean 'resourceHandlerMapping'
[DEBUG] Returning cached instance of singleton bean 'mvcResourceUrlProvider'
[DEBUG] Creating shared instance of singleton bean 'defaultServletHandlerMapping'
[DEBUG] Creating instance of bean 'defaultServletHandlerMapping'
[DEBUG] Returning cached instance of singleton bean 'org.springframework.transaction.config.internalTransactionAdvisor'
[DEBUG] Returning cached instance of singleton bean 'org.springframework.boot.autoconfigure.web.servlet.WebMvcAutoConfiguration$EnableWebMvcConfiguration'
[DEBUG] Eagerly caching bean 'defaultServletHandlerMapping' to allow for resolving potential circular references
[DEBUG] Returning cached instance of singleton bean 'org.springframework.transaction.config.internalTransactionAdvisor'
[DEBUG] Returning cached instance of singleton bean 'org.springframework.transaction.config.internalTransactionAdvisor'
[DEBUG] Finished creating instance of bean 'defaultServletHandlerMapping'
[DEBUG] Creating shared instance of singleton bean 'mvcUriComponentsContributor'
[DEBUG] Creating instance of bean 'mvcUriComponentsContributor'
[DEBUG] Returning cached instance of singleton bean 'org.springframework.transaction.config.internalTransactionAdvisor'
[DEBUG] Returning cached instance of singleton bean 'org.springframework.boot.autoconfigure.web.servlet.WebMvcAutoConfiguration$EnableWebMvcConfiguration'
[DEBUG] Returning cached instance of singleton bean 'requestMappingHandlerAdapter'
[DEBUG] Returning cached instance of singleton bean 'mvcConversionService'
[DEBUG] Eagerly caching bean 'mvcUriComponentsContributor' to allow for resolving potential circular references
[DEBUG] Returning cached instance of singleton bean 'org.springframework.transaction.config.internalTransactionAdvisor'
[DEBUG] Returning cached instance of singleton bean 'org.springframework.transaction.config.internalTransactionAdvisor'
[DEBUG] Finished creating instance of bean 'mvcUriComponentsContributor'
[DEBUG] Creating shared instance of singleton bean 'httpRequestHandlerAdapter'
[DEBUG] Creating instance of bean 'httpRequestHandlerAdapter'
[DEBUG] Returning cached instance of singleton bean 'org.springframework.transaction.config.internalTransactionAdvisor'
[DEBUG] Returning cached instance of singleton bean 'org.springframework.data.rest.webmvc.config.RepositoryRestMvcConfiguration'
[DEBUG] Eagerly caching bean 'httpRequestHandlerAdapter' to allow for resolving potential circular references
[DEBUG] Returning cached instance of singleton bean 'org.springframework.transaction.config.internalTransactionAdvisor'
[DEBUG] Returning cached instance of singleton bean 'org.springframework.transaction.config.internalTransactionAdvisor'
[DEBUG] Finished creating instance of bean 'httpRequestHandlerAdapter'
[DEBUG] Creating shared instance of singleton bean 'simpleControllerHandlerAdapter'
[DEBUG] Creating instance of bean 'simpleControllerHandlerAdapter'
[DEBUG] Returning cached instance of singleton bean 'org.springframework.transaction.config.internalTransactionAdvisor'
[DEBUG] Returning cached instance of singleton bean 'org.springframework.boot.autoconfigure.web.servlet.WebMvcAutoConfiguration$EnableWebMvcConfiguration'
[DEBUG] Eagerly caching bean 'simpleControllerHandlerAdapter' to allow for resolving potential circular references
[DEBUG] Returning cached instance of singleton bean 'org.springframework.transaction.config.internalTransactionAdvisor'
[DEBUG] Returning cached instance of singleton bean 'org.springframework.transaction.config.internalTransactionAdvisor'
[DEBUG] Finished creating instance of bean 'simpleControllerHandlerAdapter'
[DEBUG] Creating shared instance of singleton bean 'handlerExceptionResolver'
[DEBUG] Creating instance of bean 'handlerExceptionResolver'
[DEBUG] Returning cached instance of singleton bean 'org.springframework.transaction.config.internalTransactionAdvisor'
[DEBUG] Returning cached instance of singleton bean 'org.springframework.boot.autoconfigure.web.servlet.WebMvcAutoConfiguration$EnableWebMvcConfiguration'
[DEBUG] Returning cached instance of singleton bean 'mvcContentNegotiationManager'
[DEBUG] Looking for exception mappings: org.springframework.web.context.support.GenericWebApplicationContext@360e2db: startup date [Fri Jun 08 11:50:45 COT 2018]; root of context hierarchy
[INFO] Detected @ExceptionHandler methods in repositoryRestExceptionHandler
[DEBUG] Returning cached instance of singleton bean 'persistentEntities'
[DEBUG] Returning cached instance of singleton bean 'selfLinkProvider'
[DEBUG] Returning cached instance of singleton bean 'repositoryRestConfiguration'
[DEBUG] Returning cached instance of singleton bean 'associationLinks'
[DEBUG] Returning cached instance of singleton bean 'pageableResolver'
[DEBUG] Returning cached instance of singleton bean 'objectMapper'
[DEBUG] Returning cached instance of singleton bean 'repositories'
[DEBUG] Returning cached instance of singleton bean 'repositories'
[DEBUG] Returning cached instance of singleton bean 'resourceMappings'
[DEBUG] Creating shared instance of singleton bean 'baseUri'
[DEBUG] Creating instance of bean 'baseUri'
[DEBUG] Returning cached instance of singleton bean 'org.springframework.transaction.config.internalTransactionAdvisor'
[DEBUG] Returning cached instance of singleton bean 'org.springframework.data.rest.webmvc.config.RepositoryRestMvcConfiguration'
[DEBUG] Returning cached instance of singleton bean 'repositoryRestConfiguration'
[DEBUG] Eagerly caching bean 'baseUri' to allow for resolving potential circular references
[DEBUG] Returning cached instance of singleton bean 'org.springframework.transaction.config.internalTransactionAdvisor'
[DEBUG] Returning cached instance of singleton bean 'org.springframework.transaction.config.internalTransactionAdvisor'
[DEBUG] Finished creating instance of bean 'baseUri'
[DEBUG] Returning cached instance of singleton bean 'persistentEntities'
[DEBUG] Returning cached instance of singleton bean 'associationLinks'
[DEBUG] Returning cached instance of singleton bean 'sortResolver'
[DEBUG] Creating shared instance of singleton bean 'serverHttpRequestMethodArgumentResolver'
[DEBUG] Creating instance of bean 'serverHttpRequestMethodArgumentResolver'
[DEBUG] Returning cached instance of singleton bean 'org.springframework.transaction.config.internalTransactionAdvisor'
[DEBUG] Returning cached instance of singleton bean 'org.springframework.data.rest.webmvc.config.RepositoryRestMvcConfiguration'
[DEBUG] Eagerly caching bean 'serverHttpRequestMethodArgumentResolver' to allow for resolving potential circular references
[DEBUG] Returning cached instance of singleton bean 'org.springframework.transaction.config.internalTransactionAdvisor'
[DEBUG] Returning cached instance of singleton bean 'org.springframework.transaction.config.internalTransactionAdvisor'
[DEBUG] Finished creating instance of bean 'serverHttpRequestMethodArgumentResolver'
[DEBUG] Creating shared instance of singleton bean 'repoRequestArgumentResolver'
[DEBUG] Creating instance of bean 'repoRequestArgumentResolver'
[DEBUG] Returning cached instance of singleton bean 'org.springframework.transaction.config.internalTransactionAdvisor'
[DEBUG] Returning cached instance of singleton bean 'org.springframework.data.rest.webmvc.config.RepositoryRestMvcConfiguration'
[DEBUG] Returning cached instance of singleton bean 'repositories'
[DEBUG] Returning cached instance of singleton bean 'defaultConversionService'
[DEBUG] Creating shared instance of singleton bean 'resourceMetadataHandlerMethodArgumentResolver'
[DEBUG] Creating instance of bean 'resourceMetadataHandlerMethodArgumentResolver'
[DEBUG] Returning cached instance of singleton bean 'org.springframework.transaction.config.internalTransactionAdvisor'
[DEBUG] Returning cached instance of singleton bean 'org.springframework.data.rest.webmvc.config.RepositoryRestMvcConfiguration'
[DEBUG] Returning cached instance of singleton bean 'repositories'
[DEBUG] Returning cached instance of singleton bean 'resourceMappings'
[DEBUG] Returning cached instance of singleton bean 'baseUri'
[DEBUG] Eagerly caching bean 'resourceMetadataHandlerMethodArgumentResolver' to allow for resolving potential circular references
[DEBUG] Returning cached instance of singleton bean 'org.springframework.transaction.config.internalTransactionAdvisor'
[DEBUG] Returning cached instance of singleton bean 'org.springframework.transaction.config.internalTransactionAdvisor'
[DEBUG] Finished creating instance of bean 'resourceMetadataHandlerMethodArgumentResolver'
[DEBUG] Eagerly caching bean 'repoRequestArgumentResolver' to allow for resolving potential circular references
[DEBUG] Returning cached instance of singleton bean 'org.springframework.transaction.config.internalTransactionAdvisor'
[DEBUG] Returning cached instance of singleton bean 'org.springframework.transaction.config.internalTransactionAdvisor'
[DEBUG] Finished creating instance of bean 'repoRequestArgumentResolver'
[DEBUG] Creating shared instance of singleton bean 'persistentEntityArgumentResolver'
[DEBUG] Creating instance of bean 'persistentEntityArgumentResolver'
[DEBUG] Returning cached instance of singleton bean 'org.springframework.transaction.config.internalTransactionAdvisor'
[DEBUG] Returning cached instance of singleton bean 'org.springframework.data.rest.webmvc.config.RepositoryRestMvcConfiguration'
[DEBUG] Creating shared instance of singleton bean 'defaultMessageConverters'
[DEBUG] Creating instance of bean 'defaultMessageConverters'
[DEBUG] Returning cached instance of singleton bean 'org.springframework.transaction.config.internalTransactionAdvisor'
[DEBUG] Returning cached instance of singleton bean 'org.springframework.data.rest.webmvc.config.RepositoryRestMvcConfiguration'
[DEBUG] Returning cached instance of singleton bean 'repositoryRestConfiguration'
[DEBUG] Returning cached instance of singleton bean 'alpsJsonHttpMessageConverter'
[DEBUG] Returning cached instance of singleton bean 'repositoryRestConfiguration'
[DEBUG] Returning cached instance of singleton bean 'halJacksonHttpMessageConverter'
[DEBUG] Returning cached instance of singleton bean 'jacksonHttpMessageConverter'
[DEBUG] Returning cached instance of singleton bean 'repositoryRestConfiguration'
[DEBUG] Returning cached instance of singleton bean 'uriListHttpMessageConverter'
[DEBUG] Eagerly caching bean 'defaultMessageConverters' to allow for resolving potential circular references
[DEBUG] Returning cached instance of singleton bean 'org.springframework.transaction.config.internalTransactionAdvisor'
[DEBUG] Returning cached instance of singleton bean 'org.springframework.transaction.config.internalTransactionAdvisor'
[DEBUG] Finished creating instance of bean 'defaultMessageConverters'
[DEBUG] Returning cached instance of singleton bean 'repoRequestArgumentResolver'
[DEBUG] Creating shared instance of singleton bean 'backendIdHandlerMethodArgumentResolver'
[DEBUG] Creating instance of bean 'backendIdHandlerMethodArgumentResolver'
[DEBUG] Returning cached instance of singleton bean 'org.springframework.transaction.config.internalTransactionAdvisor'
[DEBUG] Returning cached instance of singleton bean 'org.springframework.data.rest.webmvc.config.RepositoryRestMvcConfiguration'
[DEBUG] Returning cached instance of singleton bean 'backendIdConverterRegistry'
[DEBUG] Returning cached instance of singleton bean 'resourceMetadataHandlerMethodArgumentResolver'
[DEBUG] Returning cached instance of singleton bean 'baseUri'
[DEBUG] Eagerly caching bean 'backendIdHandlerMethodArgumentResolver' to allow for resolving potential circular references
[DEBUG] Returning cached instance of singleton bean 'org.springframework.transaction.config.internalTransactionAdvisor'
[DEBUG] Returning cached instance of singleton bean 'org.springframework.transaction.config.internalTransactionAdvisor'
[DEBUG] Finished creating instance of bean 'backendIdHandlerMethodArgumentResolver'
[DEBUG] Returning cached instance of singleton bean 'persistentEntities'
[DEBUG] Returning cached instance of singleton bean 'associationLinks'
[DEBUG] Eagerly caching bean 'persistentEntityArgumentResolver' to allow for resolving potential circular references
[DEBUG] Returning cached instance of singleton bean 'org.springframework.transaction.config.internalTransactionAdvisor'
[DEBUG] Returning cached instance of singleton bean 'org.springframework.transaction.config.internalTransactionAdvisor'
[DEBUG] Finished creating instance of bean 'persistentEntityArgumentResolver'
[DEBUG] Returning cached instance of singleton bean 'resourceMetadataHandlerMethodArgumentResolver'
[DEBUG] Returning cached instance of singleton bean 'backendIdHandlerMethodArgumentResolver'
[DEBUG] Creating shared instance of singleton bean 'eTagArgumentResolver'
[DEBUG] Creating instance of bean 'eTagArgumentResolver'
[DEBUG] Returning cached instance of singleton bean 'org.springframework.transaction.config.internalTransactionAdvisor'
[DEBUG] Returning cached instance of singleton bean 'org.springframework.data.rest.webmvc.config.RepositoryRestMvcConfiguration'
[DEBUG] Eagerly caching bean 'eTagArgumentResolver' to allow for resolving potential circular references
[DEBUG] Returning cached instance of singleton bean 'org.springframework.transaction.config.internalTransactionAdvisor'
[DEBUG] Returning cached instance of singleton bean 'org.springframework.transaction.config.internalTransactionAdvisor'
[DEBUG] Finished creating instance of bean 'eTagArgumentResolver'
[DEBUG] Returning cached instance of singleton bean 'defaultMessageConverters'
[DEBUG] Eagerly caching bean 'handlerExceptionResolver' to allow for resolving potential circular references
[DEBUG] Returning cached instance of singleton bean 'org.springframework.transaction.config.internalTransactionAdvisor'
[DEBUG] Returning cached instance of singleton bean 'org.springframework.transaction.config.internalTransactionAdvisor'
[DEBUG] Finished creating instance of bean 'handlerExceptionResolver'
[DEBUG] Creating shared instance of singleton bean 'mvcViewResolver'
[DEBUG] Creating instance of bean 'mvcViewResolver'
[DEBUG] Returning cached instance of singleton bean 'org.springframework.transaction.config.internalTransactionAdvisor'
[DEBUG] Returning cached instance of singleton bean 'org.springframework.boot.autoconfigure.web.servlet.WebMvcAutoConfiguration$EnableWebMvcConfiguration'
[DEBUG] Returning cached instance of singleton bean 'mvcContentNegotiationManager'
[DEBUG] Eagerly caching bean 'mvcViewResolver' to allow for resolving potential circular references
[DEBUG] Invoking afterPropertiesSet() on bean with name 'mvcViewResolver'
[DEBUG] Returning cached instance of singleton bean 'org.springframework.transaction.config.internalTransactionAdvisor'
[DEBUG] Returning cached instance of singleton bean 'org.springframework.transaction.config.internalTransactionAdvisor'
[DEBUG] Finished creating instance of bean 'mvcViewResolver'
[DEBUG] Returning cached instance of singleton bean 'org.springframework.boot.autoconfigure.web.servlet.WebMvcAutoConfiguration$WebMvcAutoConfigurationAdapter'
[DEBUG] Creating shared instance of singleton bean 'defaultViewResolver'
[DEBUG] Creating instance of bean 'defaultViewResolver'
[DEBUG] Returning cached instance of singleton bean 'org.springframework.transaction.config.internalTransactionAdvisor'
[DEBUG] Returning cached instance of singleton bean 'org.springframework.boot.autoconfigure.web.servlet.WebMvcAutoConfiguration$WebMvcAutoConfigurationAdapter'
[DEBUG] Eagerly caching bean 'defaultViewResolver' to allow for resolving potential circular references
[DEBUG] Returning cached instance of singleton bean 'org.springframework.transaction.config.internalTransactionAdvisor'
[DEBUG] Returning cached instance of singleton bean 'org.springframework.transaction.config.internalTransactionAdvisor'
[DEBUG] Finished creating instance of bean 'defaultViewResolver'
[DEBUG] Creating shared instance of singleton bean 'viewResolver'
[DEBUG] Creating instance of bean 'viewResolver'
[DEBUG] Returning cached instance of singleton bean 'org.springframework.transaction.config.internalTransactionAdvisor'
[DEBUG] Returning cached instance of singleton bean 'org.springframework.boot.autoconfigure.web.servlet.WebMvcAutoConfiguration$WebMvcAutoConfigurationAdapter'
[DEBUG] Autowiring by type from bean name 'viewResolver' via factory method to bean named 'org.springframework.beans.factory.support.DefaultListableBeanFactory@5d462f1b'
[DEBUG] Returning cached instance of singleton bean 'mvcContentNegotiationManager'
[DEBUG] Eagerly caching bean 'viewResolver' to allow for resolving potential circular references
[DEBUG] Returning cached instance of singleton bean 'beanNameViewResolver'
[DEBUG] Returning cached instance of singleton bean 'mvcViewResolver'
[DEBUG] Returning cached instance of singleton bean 'defaultViewResolver'
[DEBUG] Returning cached instance of singleton bean 'org.springframework.transaction.config.internalTransactionAdvisor'
[DEBUG] Returning cached instance of singleton bean 'org.springframework.transaction.config.internalTransactionAdvisor'
[DEBUG] Returning eagerly cached instance of singleton bean 'viewResolver' that is not fully initialized yet - a consequence of a circular reference
[DEBUG] Invoking afterPropertiesSet() on bean with name 'viewResolver'
[DEBUG] Finished creating instance of bean 'viewResolver'
[DEBUG] Creating shared instance of singleton bean 'welcomePageHandlerMapping'
[DEBUG] Creating instance of bean 'welcomePageHandlerMapping'
[DEBUG] Returning cached instance of singleton bean 'org.springframework.transaction.config.internalTransactionAdvisor'
[DEBUG] Returning cached instance of singleton bean 'org.springframework.boot.autoconfigure.web.servlet.WebMvcAutoConfiguration$WebMvcAutoConfigurationAdapter'
[DEBUG] Autowiring by type from bean name 'welcomePageHandlerMapping' via factory method to bean named 'org.springframework.web.context.support.GenericWebApplicationContext@360e2db'
[DEBUG] Could not find key 'spring.template.provider.cache' in any property source
[DEBUG] Eagerly caching bean 'welcomePageHandlerMapping' to allow for resolving potential circular references
[DEBUG] Returning cached instance of singleton bean 'org.springframework.transaction.config.internalTransactionAdvisor'
[DEBUG] Returning cached instance of singleton bean 'org.springframework.transaction.config.internalTransactionAdvisor'
[DEBUG] Finished creating instance of bean 'welcomePageHandlerMapping'
[DEBUG] Creating shared instance of singleton bean 'requestContextFilter'
[DEBUG] Creating instance of bean 'requestContextFilter'
[DEBUG] Returning cached instance of singleton bean 'org.springframework.transaction.config.internalTransactionAdvisor'
[DEBUG] Eagerly caching bean 'requestContextFilter' to allow for resolving potential circular references
[DEBUG] Invoking afterPropertiesSet() on bean with name 'requestContextFilter'
[DEBUG] Returning cached instance of singleton bean 'org.springframework.transaction.config.internalTransactionAdvisor'
[DEBUG] Returning cached instance of singleton bean 'org.springframework.transaction.config.internalTransactionAdvisor'
[DEBUG] Finished creating instance of bean 'requestContextFilter'
[DEBUG] Creating shared instance of singleton bean 'org.springframework.boot.autoconfigure.web.servlet.WebMvcAutoConfiguration'
[DEBUG] Creating instance of bean 'org.springframework.boot.autoconfigure.web.servlet.WebMvcAutoConfiguration'
[DEBUG] Returning cached instance of singleton bean 'org.springframework.transaction.config.internalTransactionAdvisor'
[DEBUG] Eagerly caching bean 'org.springframework.boot.autoconfigure.web.servlet.WebMvcAutoConfiguration' to allow for resolving potential circular references
[DEBUG] Returning cached instance of singleton bean 'org.springframework.transaction.config.internalTransactionAdvisor'
[DEBUG] Returning cached instance of singleton bean 'org.springframework.transaction.config.internalTransactionAdvisor'
[DEBUG] Finished creating instance of bean 'org.springframework.boot.autoconfigure.web.servlet.WebMvcAutoConfiguration'
[DEBUG] Creating shared instance of singleton bean 'hiddenHttpMethodFilter'
[DEBUG] Creating instance of bean 'hiddenHttpMethodFilter'
[DEBUG] Returning cached instance of singleton bean 'org.springframework.transaction.config.internalTransactionAdvisor'
[DEBUG] Returning cached instance of singleton bean 'org.springframework.boot.autoconfigure.web.servlet.WebMvcAutoConfiguration'
[DEBUG] Eagerly caching bean 'hiddenHttpMethodFilter' to allow for resolving potential circular references
[DEBUG] Invoking afterPropertiesSet() on bean with name 'hiddenHttpMethodFilter'
[DEBUG] Returning cached instance of singleton bean 'org.springframework.transaction.config.internalTransactionAdvisor'
[DEBUG] Returning cached instance of singleton bean 'org.springframework.transaction.config.internalTransactionAdvisor'
[DEBUG] Finished creating instance of bean 'hiddenHttpMethodFilter'
[DEBUG] Creating shared instance of singleton bean 'httpPutFormContentFilter'
[DEBUG] Creating instance of bean 'httpPutFormContentFilter'
[DEBUG] Returning cached instance of singleton bean 'org.springframework.transaction.config.internalTransactionAdvisor'
[DEBUG] Returning cached instance of singleton bean 'org.springframework.boot.autoconfigure.web.servlet.WebMvcAutoConfiguration'
[DEBUG] Eagerly caching bean 'httpPutFormContentFilter' to allow for resolving potential circular references
[DEBUG] Invoking afterPropertiesSet() on bean with name 'httpPutFormContentFilter'
[DEBUG] Returning cached instance of singleton bean 'org.springframework.transaction.config.internalTransactionAdvisor'
[DEBUG] Returning cached instance of singleton bean 'org.springframework.transaction.config.internalTransactionAdvisor'
[DEBUG] Finished creating instance of bean 'httpPutFormContentFilter'
[DEBUG] Creating shared instance of singleton bean 'org.springframework.boot.autoconfigure.aop.AopAutoConfiguration$CglibAutoProxyConfiguration'
[DEBUG] Creating instance of bean 'org.springframework.boot.autoconfigure.aop.AopAutoConfiguration$CglibAutoProxyConfiguration'
[DEBUG] Returning cached instance of singleton bean 'org.springframework.transaction.config.internalTransactionAdvisor'
[DEBUG] Eagerly caching bean 'org.springframework.boot.autoconfigure.aop.AopAutoConfiguration$CglibAutoProxyConfiguration' to allow for resolving potential circular references
[DEBUG] Returning cached instance of singleton bean 'org.springframework.transaction.config.internalTransactionAdvisor'
[DEBUG] Returning cached instance of singleton bean 'org.springframework.transaction.config.internalTransactionAdvisor'
[DEBUG] Finished creating instance of bean 'org.springframework.boot.autoconfigure.aop.AopAutoConfiguration$CglibAutoProxyConfiguration'
[DEBUG] Returning cached instance of singleton bean 'org.springframework.aop.config.internalAutoProxyCreator'
[DEBUG] Creating shared instance of singleton bean 'org.springframework.boot.autoconfigure.aop.AopAutoConfiguration'
[DEBUG] Creating instance of bean 'org.springframework.boot.autoconfigure.aop.AopAutoConfiguration'
[DEBUG] Returning cached instance of singleton bean 'org.springframework.transaction.config.internalTransactionAdvisor'
[DEBUG] Eagerly caching bean 'org.springframework.boot.autoconfigure.aop.AopAutoConfiguration' to allow for resolving potential circular references
[DEBUG] Returning cached instance of singleton bean 'org.springframework.transaction.config.internalTransactionAdvisor'
[DEBUG] Returning cached instance of singleton bean 'org.springframework.transaction.config.internalTransactionAdvisor'
[DEBUG] Finished creating instance of bean 'org.springframework.boot.autoconfigure.aop.AopAutoConfiguration'
[DEBUG] Creating shared instance of singleton bean 'org.springframework.boot.autoconfigure.context.ConfigurationPropertiesAutoConfiguration'
[DEBUG] Creating instance of bean 'org.springframework.boot.autoconfigure.context.ConfigurationPropertiesAutoConfiguration'
[DEBUG] Returning cached instance of singleton bean 'org.springframework.transaction.config.internalTransactionAdvisor'
[DEBUG] Eagerly caching bean 'org.springframework.boot.autoconfigure.context.ConfigurationPropertiesAutoConfiguration' to allow for resolving potential circular references
[DEBUG] Returning cached instance of singleton bean 'org.springframework.transaction.config.internalTransactionAdvisor'
[DEBUG] Returning cached instance of singleton bean 'org.springframework.transaction.config.internalTransactionAdvisor'
[DEBUG] Finished creating instance of bean 'org.springframework.boot.autoconfigure.context.ConfigurationPropertiesAutoConfiguration'
[DEBUG] Creating shared instance of singleton bean 'org.springframework.boot.autoconfigure.dao.PersistenceExceptionTranslationAutoConfiguration'
[DEBUG] Creating instance of bean 'org.springframework.boot.autoconfigure.dao.PersistenceExceptionTranslationAutoConfiguration'
[DEBUG] Returning cached instance of singleton bean 'org.springframework.transaction.config.internalTransactionAdvisor'
[DEBUG] Eagerly caching bean 'org.springframework.boot.autoconfigure.dao.PersistenceExceptionTranslationAutoConfiguration' to allow for resolving potential circular references
[DEBUG] Returning cached instance of singleton bean 'org.springframework.transaction.config.internalTransactionAdvisor'
[DEBUG] Returning cached instance of singleton bean 'org.springframework.transaction.config.internalTransactionAdvisor'
[DEBUG] Finished creating instance of bean 'org.springframework.boot.autoconfigure.dao.PersistenceExceptionTranslationAutoConfiguration'
[DEBUG] Returning cached instance of singleton bean 'persistenceExceptionTranslationPostProcessor'
[DEBUG] Creating shared instance of singleton bean 'org.springframework.boot.autoconfigure.transaction.jta.JtaAutoConfiguration'
[DEBUG] Creating instance of bean 'org.springframework.boot.autoconfigure.transaction.jta.JtaAutoConfiguration'
[DEBUG] Returning cached instance of singleton bean 'org.springframework.transaction.config.internalTransactionAdvisor'
[DEBUG] Eagerly caching bean 'org.springframework.boot.autoconfigure.transaction.jta.JtaAutoConfiguration' to allow for resolving potential circular references
[DEBUG] Returning cached instance of singleton bean 'org.springframework.transaction.config.internalTransactionAdvisor'
[DEBUG] Returning cached instance of singleton bean 'org.springframework.transaction.config.internalTransactionAdvisor'
[DEBUG] Finished creating instance of bean 'org.springframework.boot.autoconfigure.transaction.jta.JtaAutoConfiguration'
[DEBUG] Creating shared instance of singleton bean 'spring.jta-org.springframework.boot.autoconfigure.transaction.jta.JtaProperties'
[DEBUG] Creating instance of bean 'spring.jta-org.springframework.boot.autoconfigure.transaction.jta.JtaProperties'
[DEBUG] Returning cached instance of singleton bean 'org.springframework.transaction.config.internalTransactionAdvisor'
[DEBUG] Eagerly caching bean 'spring.jta-org.springframework.boot.autoconfigure.transaction.jta.JtaProperties' to allow for resolving potential circular references
[DEBUG] Returning cached instance of singleton bean 'org.springframework.transaction.config.internalTransactionAdvisor'
[DEBUG] Returning cached instance of singleton bean 'org.springframework.transaction.config.internalTransactionAdvisor'
[DEBUG] Finished creating instance of bean 'spring.jta-org.springframework.boot.autoconfigure.transaction.jta.JtaProperties'
[DEBUG] Returning cached instance of singleton bean 'org.springframework.boot.autoconfigure.jdbc.DataSourceConfiguration$Hikari'
[DEBUG] Returning cached instance of singleton bean 'dataSource'
[DEBUG] Creating shared instance of singleton bean 'org.springframework.boot.autoconfigure.jdbc.DataSourceAutoConfiguration$PooledDataSourceConfiguration'
[DEBUG] Creating instance of bean 'org.springframework.boot.autoconfigure.jdbc.DataSourceAutoConfiguration$PooledDataSourceConfiguration'
[DEBUG] Returning cached instance of singleton bean 'org.springframework.transaction.config.internalTransactionAdvisor'
[DEBUG] Eagerly caching bean 'org.springframework.boot.autoconfigure.jdbc.DataSourceAutoConfiguration$PooledDataSourceConfiguration' to allow for resolving potential circular references
[DEBUG] Returning cached instance of singleton bean 'org.springframework.transaction.config.internalTransactionAdvisor'
[DEBUG] Returning cached instance of singleton bean 'org.springframework.transaction.config.internalTransactionAdvisor'
[DEBUG] Finished creating instance of bean 'org.springframework.boot.autoconfigure.jdbc.DataSourceAutoConfiguration$PooledDataSourceConfiguration'
[DEBUG] Returning cached instance of singleton bean 'org.springframework.boot.autoconfigure.jdbc.metadata.DataSourcePoolMetadataProvidersConfiguration$HikariPoolDataSourceMetadataProviderConfiguration'
[DEBUG] Returning cached instance of singleton bean 'hikariPoolDataSourceMetadataProvider'
[DEBUG] Creating shared instance of singleton bean 'org.springframework.boot.autoconfigure.jdbc.metadata.DataSourcePoolMetadataProvidersConfiguration'
[DEBUG] Creating instance of bean 'org.springframework.boot.autoconfigure.jdbc.metadata.DataSourcePoolMetadataProvidersConfiguration'
[DEBUG] Returning cached instance of singleton bean 'org.springframework.transaction.config.internalTransactionAdvisor'
[DEBUG] Eagerly caching bean 'org.springframework.boot.autoconfigure.jdbc.metadata.DataSourcePoolMetadataProvidersConfiguration' to allow for resolving potential circular references
[DEBUG] Returning cached instance of singleton bean 'org.springframework.transaction.config.internalTransactionAdvisor'
[DEBUG] Returning cached instance of singleton bean 'org.springframework.transaction.config.internalTransactionAdvisor'
[DEBUG] Finished creating instance of bean 'org.springframework.boot.autoconfigure.jdbc.metadata.DataSourcePoolMetadataProvidersConfiguration'
[DEBUG] Returning cached instance of singleton bean 'org.springframework.boot.autoconfigure.jdbc.DataSourceInitializerInvoker'
[DEBUG] Creating shared instance of singleton bean 'org.springframework.boot.autoconfigure.jdbc.DataSourceInitializationConfiguration'
[DEBUG] Creating instance of bean 'org.springframework.boot.autoconfigure.jdbc.DataSourceInitializationConfiguration'
[DEBUG] Returning cached instance of singleton bean 'org.springframework.transaction.config.internalTransactionAdvisor'
[DEBUG] Eagerly caching bean 'org.springframework.boot.autoconfigure.jdbc.DataSourceInitializationConfiguration' to allow for resolving potential circular references
[DEBUG] Returning cached instance of singleton bean 'org.springframework.transaction.config.internalTransactionAdvisor'
[DEBUG] Returning cached instance of singleton bean 'org.springframework.transaction.config.internalTransactionAdvisor'
[DEBUG] Finished creating instance of bean 'org.springframework.boot.autoconfigure.jdbc.DataSourceInitializationConfiguration'
[DEBUG] Returning cached instance of singleton bean 'dataSourceInitializerPostProcessor'
[DEBUG] Creating shared instance of singleton bean 'org.springframework.boot.autoconfigure.jdbc.DataSourceAutoConfiguration'
[DEBUG] Creating instance of bean 'org.springframework.boot.autoconfigure.jdbc.DataSourceAutoConfiguration'
[DEBUG] Returning cached instance of singleton bean 'org.springframework.transaction.config.internalTransactionAdvisor'
[DEBUG] Eagerly caching bean 'org.springframework.boot.autoconfigure.jdbc.DataSourceAutoConfiguration' to allow for resolving potential circular references
[DEBUG] Returning cached instance of singleton bean 'org.springframework.transaction.config.internalTransactionAdvisor'
[DEBUG] Returning cached instance of singleton bean 'org.springframework.transaction.config.internalTransactionAdvisor'
[DEBUG] Finished creating instance of bean 'org.springframework.boot.autoconfigure.jdbc.DataSourceAutoConfiguration'
[DEBUG] Returning cached instance of singleton bean 'spring.datasource-org.springframework.boot.autoconfigure.jdbc.DataSourceProperties'
[DEBUG] Returning cached instance of singleton bean 'org.springframework.boot.autoconfigure.orm.jpa.JpaBaseConfiguration$JpaWebConfiguration$JpaWebMvcConfiguration'
[DEBUG] Returning cached instance of singleton bean 'openEntityManagerInViewInterceptor'
[DEBUG] Creating shared instance of singleton bean 'org.springframework.boot.autoconfigure.orm.jpa.JpaBaseConfiguration$JpaWebConfiguration'
[DEBUG] Creating instance of bean 'org.springframework.boot.autoconfigure.orm.jpa.JpaBaseConfiguration$JpaWebConfiguration'
[DEBUG] Returning cached instance of singleton bean 'org.springframework.transaction.config.internalTransactionAdvisor'
[DEBUG] Eagerly caching bean 'org.springframework.boot.autoconfigure.orm.jpa.JpaBaseConfiguration$JpaWebConfiguration' to allow for resolving potential circular references
[DEBUG] Returning cached instance of singleton bean 'org.springframework.transaction.config.internalTransactionAdvisor'
[DEBUG] Returning cached instance of singleton bean 'org.springframework.transaction.config.internalTransactionAdvisor'
[DEBUG] Finished creating instance of bean 'org.springframework.boot.autoconfigure.orm.jpa.JpaBaseConfiguration$JpaWebConfiguration'
[DEBUG] Returning cached instance of singleton bean 'org.springframework.boot.autoconfigure.orm.jpa.HibernateJpaConfiguration'
[DEBUG] Creating shared instance of singleton bean 'transactionManager'
[DEBUG] Creating instance of bean 'transactionManager'
[DEBUG] Returning cached instance of singleton bean 'org.springframework.transaction.config.internalTransactionAdvisor'
[DEBUG] Returning cached instance of singleton bean 'org.springframework.boot.autoconfigure.orm.jpa.HibernateJpaConfiguration'
[DEBUG] Eagerly caching bean 'transactionManager' to allow for resolving potential circular references
[DEBUG] Returning cached instance of singleton bean 'entityManagerFactory'
[DEBUG] Invoking afterPropertiesSet() on bean with name 'transactionManager'
[DEBUG] Returning cached instance of singleton bean 'org.springframework.transaction.config.internalTransactionAdvisor'
[DEBUG] Returning cached instance of singleton bean 'org.springframework.transaction.config.internalTransactionAdvisor'
[DEBUG] Finished creating instance of bean 'transactionManager'
[DEBUG] Returning cached instance of singleton bean 'jpaVendorAdapter'
[DEBUG] Returning cached instance of singleton bean 'entityManagerFactoryBuilder'
[DEBUG] Returning cached instance of singleton bean 'entityManagerFactory'
[DEBUG] Returning cached instance of singleton bean 'spring.jpa-org.springframework.boot.autoconfigure.orm.jpa.JpaProperties'
[DEBUG] Returning cached instance of singleton bean 'dataSourceInitializedPublisher'
[DEBUG] Creating shared instance of singleton bean 'org.springframework.boot.autoconfigure.orm.jpa.HibernateJpaAutoConfiguration'
[DEBUG] Creating instance of bean 'org.springframework.boot.autoconfigure.orm.jpa.HibernateJpaAutoConfiguration'
[DEBUG] Returning cached instance of singleton bean 'org.springframework.transaction.config.internalTransactionAdvisor'
[DEBUG] Eagerly caching bean 'org.springframework.boot.autoconfigure.orm.jpa.HibernateJpaAutoConfiguration' to allow for resolving potential circular references
[DEBUG] Returning cached instance of singleton bean 'org.springframework.transaction.config.internalTransactionAdvisor'
[DEBUG] Returning cached instance of singleton bean 'org.springframework.transaction.config.internalTransactionAdvisor'
[DEBUG] Finished creating instance of bean 'org.springframework.boot.autoconfigure.orm.jpa.HibernateJpaAutoConfiguration'
[DEBUG] Creating shared instance of singleton bean 'org.springframework.boot.autoconfigure.data.jpa.JpaRepositoriesAutoConfiguration'
[DEBUG] Creating instance of bean 'org.springframework.boot.autoconfigure.data.jpa.JpaRepositoriesAutoConfiguration'
[DEBUG] Returning cached instance of singleton bean 'org.springframework.transaction.config.internalTransactionAdvisor'
[DEBUG] Eagerly caching bean 'org.springframework.boot.autoconfigure.data.jpa.JpaRepositoriesAutoConfiguration' to allow for resolving potential circular references
[DEBUG] Returning cached instance of singleton bean 'org.springframework.transaction.config.internalTransactionAdvisor'
[DEBUG] Returning cached instance of singleton bean 'org.springframework.transaction.config.internalTransactionAdvisor'
[DEBUG] Finished creating instance of bean 'org.springframework.boot.autoconfigure.data.jpa.JpaRepositoriesAutoConfiguration'
[DEBUG] Returning cached instance of singleton bean 'emBeanDefinitionRegistrarPostProcessor'
[DEBUG] Returning cached instance of singleton bean 'jpaMappingContext'
[DEBUG] Creating shared instance of singleton bean 'jpaContext'
[DEBUG] Creating instance of bean 'jpaContext'
[DEBUG] Returning cached instance of singleton bean 'org.springframework.transaction.config.internalTransactionAdvisor'
[DEBUG] Creating shared instance of singleton bean 'org.springframework.orm.jpa.SharedEntityManagerCreator#0'
[DEBUG] Creating instance of bean 'org.springframework.orm.jpa.SharedEntityManagerCreator#0'
[DEBUG] Returning cached instance of singleton bean 'org.springframework.transaction.config.internalTransactionAdvisor'
[DEBUG] Returning cached instance of singleton bean 'entityManagerFactory'
[DEBUG] Eagerly caching bean 'org.springframework.orm.jpa.SharedEntityManagerCreator#0' to allow for resolving potential circular references
[DEBUG] Returning cached instance of singleton bean 'org.springframework.transaction.config.internalTransactionAdvisor'
[DEBUG] Returning cached instance of singleton bean 'org.springframework.transaction.config.internalTransactionAdvisor'
[DEBUG] Finished creating instance of bean 'org.springframework.orm.jpa.SharedEntityManagerCreator#0'
[DEBUG] Autowiring by type from bean name 'jpaContext' via constructor to bean named 'org.springframework.orm.jpa.SharedEntityManagerCreator#0'
[DEBUG] Eagerly caching bean 'jpaContext' to allow for resolving potential circular references
[DEBUG] Returning cached instance of singleton bean 'org.springframework.transaction.config.internalTransactionAdvisor'
[DEBUG] Returning cached instance of singleton bean 'org.springframework.transaction.config.internalTransactionAdvisor'
[DEBUG] Finished creating instance of bean 'jpaContext'
[DEBUG] Returning cached instance of singleton bean 'IParqueaderoRepository'
[DEBUG] Returning cached instance of singleton bean 'IFacturaRepository'
[DEBUG] Returning cached instance of singleton bean 'IIngresoRepository'
[DEBUG] Returning cached instance of singleton bean 'org.springframework.boot.autoconfigure.jackson.JacksonAutoConfiguration$Jackson2ObjectMapperBuilderCustomizerConfiguration'
[DEBUG] Returning cached instance of singleton bean 'standardJacksonObjectMapperBuilderCustomizer'
[DEBUG] Returning cached instance of singleton bean 'spring.jackson-org.springframework.boot.autoconfigure.jackson.JacksonProperties'
[DEBUG] Returning cached instance of singleton bean 'org.springframework.boot.autoconfigure.jackson.JacksonAutoConfiguration$JacksonObjectMapperBuilderConfiguration'
[DEBUG] Returning cached instance of singleton bean 'jacksonObjectMapperBuilder'
[DEBUG] Returning cached instance of singleton bean 'org.springframework.boot.autoconfigure.jackson.JacksonAutoConfiguration$ParameterNamesModuleConfiguration'
[DEBUG] Returning cached instance of singleton bean 'parameterNamesModule'
[DEBUG] Returning cached instance of singleton bean 'org.springframework.boot.autoconfigure.jackson.JacksonAutoConfiguration$JacksonObjectMapperConfiguration'
[DEBUG] Returning cached instance of singleton bean 'jacksonObjectMapper'
[DEBUG] Returning cached instance of singleton bean 'org.springframework.boot.autoconfigure.jackson.JacksonAutoConfiguration'
[DEBUG] Returning cached instance of singleton bean 'jsonComponentModule'
[DEBUG] Returning cached instance of singleton bean 'org.springframework.boot.autoconfigure.http.HttpMessageConvertersAutoConfiguration$StringHttpMessageConverterConfiguration'
[DEBUG] Returning cached instance of singleton bean 'stringHttpMessageConverter'
[DEBUG] Returning cached instance of singleton bean 'spring.http.encoding-org.springframework.boot.autoconfigure.http.HttpEncodingProperties'
[DEBUG] Returning cached instance of singleton bean 'org.springframework.boot.autoconfigure.http.JacksonHttpMessageConvertersConfiguration$MappingJackson2HttpMessageConverterConfiguration'
[DEBUG] Returning cached instance of singleton bean 'mappingJackson2HttpMessageConverter'
[DEBUG] Creating shared instance of singleton bean 'org.springframework.boot.autoconfigure.http.JacksonHttpMessageConvertersConfiguration'
[DEBUG] Creating instance of bean 'org.springframework.boot.autoconfigure.http.JacksonHttpMessageConvertersConfiguration'
[DEBUG] Returning cached instance of singleton bean 'org.springframework.transaction.config.internalTransactionAdvisor'
[DEBUG] Eagerly caching bean 'org.springframework.boot.autoconfigure.http.JacksonHttpMessageConvertersConfiguration' to allow for resolving potential circular references
[DEBUG] Returning cached instance of singleton bean 'org.springframework.transaction.config.internalTransactionAdvisor'
[DEBUG] Returning cached instance of singleton bean 'org.springframework.transaction.config.internalTransactionAdvisor'
[DEBUG] Finished creating instance of bean 'org.springframework.boot.autoconfigure.http.JacksonHttpMessageConvertersConfiguration'
[DEBUG] Returning cached instance of singleton bean 'org.springframework.boot.autoconfigure.http.HttpMessageConvertersAutoConfiguration'
[DEBUG] Returning cached instance of singleton bean 'messageConverters'
[DEBUG] Creating shared instance of singleton bean 'org.springframework.hateoas.config.HateoasConfiguration'
[DEBUG] Creating instance of bean 'org.springframework.hateoas.config.HateoasConfiguration'
[DEBUG] Returning cached instance of singleton bean 'org.springframework.transaction.config.internalTransactionAdvisor'
[DEBUG] Eagerly caching bean 'org.springframework.hateoas.config.HateoasConfiguration' to allow for resolving potential circular references
[DEBUG] Returning cached instance of singleton bean 'org.springframework.transaction.config.internalTransactionAdvisor'
[DEBUG] Returning cached instance of singleton bean 'org.springframework.transaction.config.internalTransactionAdvisor'
[DEBUG] Finished creating instance of bean 'org.springframework.hateoas.config.HateoasConfiguration'
[DEBUG] Creating shared instance of singleton bean 'linkRelationMessageSource'
[DEBUG] Creating instance of bean 'linkRelationMessageSource'
[DEBUG] Returning cached instance of singleton bean 'org.springframework.transaction.config.internalTransactionAdvisor'
[DEBUG] Returning cached instance of singleton bean 'org.springframework.hateoas.config.HateoasConfiguration'
[DEBUG] Eagerly caching bean 'linkRelationMessageSource' to allow for resolving potential circular references
[DEBUG] Returning cached instance of singleton bean 'org.springframework.transaction.config.internalTransactionAdvisor'
[DEBUG] Returning cached instance of singleton bean 'org.springframework.transaction.config.internalTransactionAdvisor'
[DEBUG] Finished creating instance of bean 'linkRelationMessageSource'
[DEBUG] Returning cached instance of singleton bean 'org.springframework.data.web.config.SpringDataJacksonConfiguration'
[DEBUG] Returning cached instance of singleton bean 'jacksonGeoModule'
[DEBUG] Returning cached instance of singleton bean 'org.springframework.data.rest.webmvc.config.RepositoryRestMvcConfiguration'
[DEBUG] Returning cached instance of singleton bean 'repositories'
[DEBUG] Creating shared instance of singleton bean 'repositoryRelProvider'
[DEBUG] Creating instance of bean 'repositoryRelProvider'
[DEBUG] Returning cached instance of singleton bean 'org.springframework.transaction.config.internalTransactionAdvisor'
[DEBUG] Returning cached instance of singleton bean 'org.springframework.data.rest.webmvc.config.RepositoryRestMvcConfiguration'
[DEBUG] Eagerly caching bean 'repositoryRelProvider' to allow for resolving potential circular references
[DEBUG] Returning cached instance of singleton bean 'org.springframework.transaction.config.internalTransactionAdvisor'
[DEBUG] Returning cached instance of singleton bean 'org.springframework.transaction.config.internalTransactionAdvisor'
[DEBUG] Finished creating instance of bean 'repositoryRelProvider'
[DEBUG] Returning cached instance of singleton bean 'persistentEntities'
[DEBUG] Returning cached instance of singleton bean 'defaultConversionService'
[DEBUG] Creating shared instance of singleton bean 'validatingRepositoryEventListener'
[DEBUG] Creating instance of bean 'validatingRepositoryEventListener'
[DEBUG] Returning cached instance of singleton bean 'org.springframework.transaction.config.internalTransactionAdvisor'
[DEBUG] Returning cached instance of singleton bean 'org.springframework.data.rest.webmvc.config.RepositoryRestMvcConfiguration'
[DEBUG] Eagerly caching bean 'validatingRepositoryEventListener' to allow for resolving potential circular references
[DEBUG] Returning cached instance of singleton bean 'org.springframework.transaction.config.internalTransactionAdvisor'
[DEBUG] Returning cached instance of singleton bean 'org.springframework.transaction.config.internalTransactionAdvisor'
[DEBUG] Finished creating instance of bean 'validatingRepositoryEventListener'
[DEBUG] Creating shared instance of singleton bean 'jpaHelper'
[DEBUG] Creating instance of bean 'jpaHelper'
[DEBUG] Returning cached instance of singleton bean 'org.springframework.transaction.config.internalTransactionAdvisor'
[DEBUG] Returning cached instance of singleton bean 'org.springframework.data.rest.webmvc.config.RepositoryRestMvcConfiguration'
[DEBUG] Eagerly caching bean 'jpaHelper' to allow for resolving potential circular references
[DEBUG] Returning cached instance of singleton bean 'entityManagerFactory'
[DEBUG] Returning cached instance of singleton bean 'org.springframework.transaction.config.internalTransactionAdvisor'
[DEBUG] Returning cached instance of singleton bean 'org.springframework.transaction.config.internalTransactionAdvisor'
[DEBUG] Finished creating instance of bean 'jpaHelper'
[DEBUG] Returning cached instance of singleton bean 'repositoryRestConfiguration'
[DEBUG] Returning cached instance of singleton bean 'projectionDefinitionRegistrar'
[DEBUG] Returning cached instance of singleton bean 'metadataConfiguration'
[DEBUG] Returning cached instance of singleton bean 'baseUri'
[DEBUG] Returning cached instance of singleton bean 'annotatedEventHandlerInvoker'
[DEBUG] Creating shared instance of singleton bean 'domainObjectMerger'
[DEBUG] Creating instance of bean 'domainObjectMerger'
[DEBUG] Returning cached instance of singleton bean 'org.springframework.transaction.config.internalTransactionAdvisor'
[DEBUG] Returning cached instance of singleton bean 'org.springframework.data.rest.webmvc.config.RepositoryRestMvcConfiguration'
[DEBUG] Returning cached instance of singleton bean 'repositories'
[DEBUG] Returning cached instance of singleton bean 'defaultConversionService'
[DEBUG] Eagerly caching bean 'domainObjectMerger' to allow for resolving potential circular references
[DEBUG] Returning cached instance of singleton bean 'org.springframework.transaction.config.internalTransactionAdvisor'
[DEBUG] Returning cached instance of singleton bean 'org.springframework.transaction.config.internalTransactionAdvisor'
[DEBUG] Finished creating instance of bean 'domainObjectMerger'
[DEBUG] Returning cached instance of singleton bean 'serverHttpRequestMethodArgumentResolver'
[DEBUG] Returning cached instance of singleton bean 'repoRequestArgumentResolver'
[DEBUG] Returning cached instance of singleton bean 'resourceMetadataHandlerMethodArgumentResolver'
[DEBUG] Returning cached instance of singleton bean 'backendIdHandlerMethodArgumentResolver'
[DEBUG] Returning cached instance of singleton bean 'eTagArgumentResolver'
[DEBUG] Returning cached instance of singleton bean 'entityLinks'
[DEBUG] Returning cached instance of singleton bean 'persistentEntityArgumentResolver'
[DEBUG] Returning cached instance of singleton bean 'jsonSchemaConverter'
[DEBUG] Returning cached instance of singleton bean 'resourceDescriptionMessageSourceAccessor'
[DEBUG] Returning cached instance of singleton bean 'objectMapper'
[DEBUG] Returning cached instance of singleton bean 'jacksonHttpMessageConverter'
[DEBUG] Returning cached instance of singleton bean 'halJacksonHttpMessageConverter'
[DEBUG] Returning cached instance of singleton bean 'halObjectMapper'
[DEBUG] Returning cached instance of singleton bean 'uriListHttpMessageConverter'
[DEBUG] Returning cached instance of singleton bean 'resourceProcessorInvoker'
[DEBUG] Creating shared instance of singleton bean 'repositoryExporterHandlerAdapter'
[DEBUG] Creating instance of bean 'repositoryExporterHandlerAdapter'
[DEBUG] Returning cached instance of singleton bean 'org.springframework.transaction.config.internalTransactionAdvisor'
[DEBUG] Returning cached instance of singleton bean 'org.springframework.data.rest.webmvc.config.RepositoryRestMvcConfiguration'
[DEBUG] Returning cached instance of singleton bean 'defaultConversionService'
[DEBUG] Returning cached instance of singleton bean 'persistentEntities'
[DEBUG] Returning cached instance of singleton bean 'selfLinkProvider'
[DEBUG] Returning cached instance of singleton bean 'repositoryRestConfiguration'
[DEBUG] Returning cached instance of singleton bean 'associationLinks'
[DEBUG] Returning cached instance of singleton bean 'pageableResolver'
[DEBUG] Returning cached instance of singleton bean 'objectMapper'
[DEBUG] Returning cached instance of singleton bean 'repositories'
[DEBUG] Returning cached instance of singleton bean 'repositories'
[DEBUG] Returning cached instance of singleton bean 'resourceMappings'
[DEBUG] Returning cached instance of singleton bean 'baseUri'
[DEBUG] Returning cached instance of singleton bean 'persistentEntities'
[DEBUG] Returning cached instance of singleton bean 'associationLinks'
[DEBUG] Returning cached instance of singleton bean 'sortResolver'
[DEBUG] Returning cached instance of singleton bean 'serverHttpRequestMethodArgumentResolver'
[DEBUG] Returning cached instance of singleton bean 'repoRequestArgumentResolver'
[DEBUG] Returning cached instance of singleton bean 'persistentEntityArgumentResolver'
[DEBUG] Returning cached instance of singleton bean 'resourceMetadataHandlerMethodArgumentResolver'
[DEBUG] Returning cached instance of singleton bean 'backendIdHandlerMethodArgumentResolver'
[DEBUG] Returning cached instance of singleton bean 'eTagArgumentResolver'
[DEBUG] Returning cached instance of singleton bean 'resourceProcessorInvoker'
[DEBUG] Returning cached instance of singleton bean 'defaultMessageConverters'
[DEBUG] Returning cached instance of singleton bean 'repositoryRestConfiguration'
[DEBUG] Returning cached instance of singleton bean 'alpsJsonHttpMessageConverter'
[DEBUG] Eagerly caching bean 'repositoryExporterHandlerAdapter' to allow for resolving potential circular references
[DEBUG] Invoking afterPropertiesSet() on bean with name 'repositoryExporterHandlerAdapter'
[INFO] Looking for @ControllerAdvice: org.springframework.web.context.support.GenericWebApplicationContext@360e2db: startup date [Fri Jun 08 11:50:45 COT 2018]; root of context hierarchy
[DEBUG] Returning cached instance of singleton bean 'org.springframework.transaction.config.internalTransactionAdvisor'
[DEBUG] Returning cached instance of singleton bean 'org.springframework.transaction.config.internalTransactionAdvisor'
[DEBUG] Finished creating instance of bean 'repositoryExporterHandlerAdapter'
[DEBUG] Creating shared instance of singleton bean 'restHandlerMapping'
[DEBUG] Creating instance of bean 'restHandlerMapping'
[DEBUG] Returning cached instance of singleton bean 'org.springframework.transaction.config.internalTransactionAdvisor'
[DEBUG] Returning cached instance of singleton bean 'org.springframework.data.rest.webmvc.config.RepositoryRestMvcConfiguration'
[DEBUG] Returning cached instance of singleton bean 'repositoryRestConfiguration'
[DEBUG] Returning cached instance of singleton bean 'resourceMappings'
[DEBUG] Returning cached instance of singleton bean 'repositoryRestConfiguration'
[DEBUG] Returning cached instance of singleton bean 'repositories'
[DEBUG] Returning cached instance of singleton bean 'jpaHelper'
[DEBUG] Looking for request mappings in application context: org.springframework.web.context.support.GenericWebApplicationContext@360e2db: startup date [Fri Jun 08 11:50:45 COT 2018]; root of context hierarchy
[DEBUG] 11 request handler methods found on class org.springframework.data.rest.webmvc.RepositoryEntityController: {public org.springframework.http.ResponseEntity org.springframework.data.rest.webmvc.RepositoryEntityController.optionsForCollectionResource(org.springframework.data.rest.webmvc.RootResourceInformation)={[/{repository}],methods=[OPTIONS],produces=[application/hal+json || application/json]}, public org.springframework.http.ResponseEntity org.springframework.data.rest.webmvc.RepositoryEntityController.headCollectionResource(org.springframework.data.rest.webmvc.RootResourceInformation,org.springframework.data.rest.webmvc.support.DefaultedPageable) throws org.springframework.web.HttpRequestMethodNotSupportedException={[/{repository}],methods=[HEAD],produces=[application/hal+json || application/json]}, public org.springframework.hateoas.Resources org.springframework.data.rest.webmvc.RepositoryEntityController.getCollectionResource(org.springframework.data.rest.webmvc.RootResourceInformation,org.springframework.data.rest.webmvc.support.DefaultedPageable,org.springframework.data.domain.Sort,org.springframework.data.rest.webmvc.PersistentEntityResourceAssembler) throws org.springframework.data.rest.webmvc.ResourceNotFoundException,org.springframework.web.HttpRequestMethodNotSupportedException={[/{repository}],methods=[GET],produces=[application/hal+json || application/json]}, public org.springframework.hateoas.Resources org.springframework.data.rest.webmvc.RepositoryEntityController.getCollectionResourceCompact(org.springframework.data.rest.webmvc.RootResourceInformation,org.springframework.data.rest.webmvc.support.DefaultedPageable,org.springframework.data.domain.Sort,org.springframework.data.rest.webmvc.PersistentEntityResourceAssembler) throws org.springframework.data.rest.webmvc.ResourceNotFoundException,org.springframework.web.HttpRequestMethodNotSupportedException={[/{repository}],methods=[GET],produces=[application/x-spring-data-compact+json || text/uri-list]}, public org.springframework.http.ResponseEntity org.springframework.data.rest.webmvc.RepositoryEntityController.postCollectionResource(org.springframework.data.rest.webmvc.RootResourceInformation,org.springframework.data.rest.webmvc.PersistentEntityResource,org.springframework.data.rest.webmvc.PersistentEntityResourceAssembler,java.lang.String) throws org.springframework.web.HttpRequestMethodNotSupportedException={[/{repository}],methods=[POST],produces=[application/hal+json || application/json]}, public org.springframework.http.ResponseEntity org.springframework.data.rest.webmvc.RepositoryEntityController.headForItemResource(org.springframework.data.rest.webmvc.RootResourceInformation,java.io.Serializable,org.springframework.data.rest.webmvc.PersistentEntityResourceAssembler) throws org.springframework.web.HttpRequestMethodNotSupportedException={[/{repository}/{id}],methods=[HEAD],produces=[application/hal+json || application/json]}, public org.springframework.http.ResponseEntity org.springframework.data.rest.webmvc.RepositoryEntityController.optionsForItemResource(org.springframework.data.rest.webmvc.RootResourceInformation)={[/{repository}/{id}],methods=[OPTIONS],produces=[application/hal+json || application/json]}, public org.springframework.http.ResponseEntity org.springframework.data.rest.webmvc.RepositoryEntityController.patchItemResource(org.springframework.data.rest.webmvc.RootResourceInformation,org.springframework.data.rest.webmvc.PersistentEntityResource,java.io.Serializable,org.springframework.data.rest.webmvc.PersistentEntityResourceAssembler,org.springframework.data.rest.webmvc.support.ETag,java.lang.String) throws org.springframework.web.HttpRequestMethodNotSupportedException,org.springframework.data.rest.webmvc.ResourceNotFoundException={[/{repository}/{id}],methods=[PATCH],produces=[application/hal+json || application/json]}, public org.springframework.http.ResponseEntity org.springframework.data.rest.webmvc.RepositoryEntityController.deleteItemResource(org.springframework.data.rest.webmvc.RootResourceInformation,java.io.Serializable,org.springframework.data.rest.webmvc.support.ETag) throws org.springframework.data.rest.webmvc.ResourceNotFoundException,org.springframework.web.HttpRequestMethodNotSupportedException={[/{repository}/{id}],methods=[DELETE],produces=[application/hal+json || application/json]}, public org.springframework.http.ResponseEntity org.springframework.data.rest.webmvc.RepositoryEntityController.putItemResource(org.springframework.data.rest.webmvc.RootResourceInformation,org.springframework.data.rest.webmvc.PersistentEntityResource,java.io.Serializable,org.springframework.data.rest.webmvc.PersistentEntityResourceAssembler,org.springframework.data.rest.webmvc.support.ETag,java.lang.String) throws org.springframework.web.HttpRequestMethodNotSupportedException={[/{repository}/{id}],methods=[PUT],produces=[application/hal+json || application/json]}, public org.springframework.http.ResponseEntity org.springframework.data.rest.webmvc.RepositoryEntityController.getItemResource(org.springframework.data.rest.webmvc.RootResourceInformation,java.io.Serializable,org.springframework.data.rest.webmvc.PersistentEntityResourceAssembler,org.springframework.http.HttpHeaders) throws org.springframework.web.HttpRequestMethodNotSupportedException={[/{repository}/{id}],methods=[GET],produces=[application/hal+json || application/json]}}
[INFO] Mapped "{[/{repository}],methods=[OPTIONS],produces=[application/hal+json || application/json]}" onto public org.springframework.http.ResponseEntity<?> org.springframework.data.rest.webmvc.RepositoryEntityController.optionsForCollectionResource(org.springframework.data.rest.webmvc.RootResourceInformation)
[INFO] Mapped "{[/{repository}],methods=[HEAD],produces=[application/hal+json || application/json]}" onto public org.springframework.http.ResponseEntity<?> org.springframework.data.rest.webmvc.RepositoryEntityController.headCollectionResource(org.springframework.data.rest.webmvc.RootResourceInformation,org.springframework.data.rest.webmvc.support.DefaultedPageable) throws org.springframework.web.HttpRequestMethodNotSupportedException
[INFO] Mapped "{[/{repository}],methods=[GET],produces=[application/hal+json || application/json]}" onto public org.springframework.hateoas.Resources<?> org.springframework.data.rest.webmvc.RepositoryEntityController.getCollectionResource(org.springframework.data.rest.webmvc.RootResourceInformation,org.springframework.data.rest.webmvc.support.DefaultedPageable,org.springframework.data.domain.Sort,org.springframework.data.rest.webmvc.PersistentEntityResourceAssembler) throws org.springframework.data.rest.webmvc.ResourceNotFoundException,org.springframework.web.HttpRequestMethodNotSupportedException
[INFO] Mapped "{[/{repository}],methods=[GET],produces=[application/x-spring-data-compact+json || text/uri-list]}" onto public org.springframework.hateoas.Resources<?> org.springframework.data.rest.webmvc.RepositoryEntityController.getCollectionResourceCompact(org.springframework.data.rest.webmvc.RootResourceInformation,org.springframework.data.rest.webmvc.support.DefaultedPageable,org.springframework.data.domain.Sort,org.springframework.data.rest.webmvc.PersistentEntityResourceAssembler) throws org.springframework.data.rest.webmvc.ResourceNotFoundException,org.springframework.web.HttpRequestMethodNotSupportedException
[INFO] Mapped "{[/{repository}],methods=[POST],produces=[application/hal+json || application/json]}" onto public org.springframework.http.ResponseEntity<org.springframework.hateoas.ResourceSupport> org.springframework.data.rest.webmvc.RepositoryEntityController.postCollectionResource(org.springframework.data.rest.webmvc.RootResourceInformation,org.springframework.data.rest.webmvc.PersistentEntityResource,org.springframework.data.rest.webmvc.PersistentEntityResourceAssembler,java.lang.String) throws org.springframework.web.HttpRequestMethodNotSupportedException
[INFO] Mapped "{[/{repository}/{id}],methods=[HEAD],produces=[application/hal+json || application/json]}" onto public org.springframework.http.ResponseEntity<?> org.springframework.data.rest.webmvc.RepositoryEntityController.headForItemResource(org.springframework.data.rest.webmvc.RootResourceInformation,java.io.Serializable,org.springframework.data.rest.webmvc.PersistentEntityResourceAssembler) throws org.springframework.web.HttpRequestMethodNotSupportedException
[INFO] Mapped "{[/{repository}/{id}],methods=[OPTIONS],produces=[application/hal+json || application/json]}" onto public org.springframework.http.ResponseEntity<?> org.springframework.data.rest.webmvc.RepositoryEntityController.optionsForItemResource(org.springframework.data.rest.webmvc.RootResourceInformation)
[INFO] Mapped "{[/{repository}/{id}],methods=[PATCH],produces=[application/hal+json || application/json]}" onto public org.springframework.http.ResponseEntity<org.springframework.hateoas.ResourceSupport> org.springframework.data.rest.webmvc.RepositoryEntityController.patchItemResource(org.springframework.data.rest.webmvc.RootResourceInformation,org.springframework.data.rest.webmvc.PersistentEntityResource,java.io.Serializable,org.springframework.data.rest.webmvc.PersistentEntityResourceAssembler,org.springframework.data.rest.webmvc.support.ETag,java.lang.String) throws org.springframework.web.HttpRequestMethodNotSupportedException,org.springframework.data.rest.webmvc.ResourceNotFoundException
[INFO] Mapped "{[/{repository}/{id}],methods=[DELETE],produces=[application/hal+json || application/json]}" onto public org.springframework.http.ResponseEntity<?> org.springframework.data.rest.webmvc.RepositoryEntityController.deleteItemResource(org.springframework.data.rest.webmvc.RootResourceInformation,java.io.Serializable,org.springframework.data.rest.webmvc.support.ETag) throws org.springframework.data.rest.webmvc.ResourceNotFoundException,org.springframework.web.HttpRequestMethodNotSupportedException
[INFO] Mapped "{[/{repository}/{id}],methods=[PUT],produces=[application/hal+json || application/json]}" onto public org.springframework.http.ResponseEntity<? extends org.springframework.hateoas.ResourceSupport> org.springframework.data.rest.webmvc.RepositoryEntityController.putItemResource(org.springframework.data.rest.webmvc.RootResourceInformation,org.springframework.data.rest.webmvc.PersistentEntityResource,java.io.Serializable,org.springframework.data.rest.webmvc.PersistentEntityResourceAssembler,org.springframework.data.rest.webmvc.support.ETag,java.lang.String) throws org.springframework.web.HttpRequestMethodNotSupportedException
[INFO] Mapped "{[/{repository}/{id}],methods=[GET],produces=[application/hal+json || application/json]}" onto public org.springframework.http.ResponseEntity<org.springframework.hateoas.Resource<?>> org.springframework.data.rest.webmvc.RepositoryEntityController.getItemResource(org.springframework.data.rest.webmvc.RootResourceInformation,java.io.Serializable,org.springframework.data.rest.webmvc.PersistentEntityResourceAssembler,org.springframework.http.HttpHeaders) throws org.springframework.web.HttpRequestMethodNotSupportedException
[DEBUG] 7 request handler methods found on class org.springframework.data.rest.webmvc.RepositorySearchController: {public org.springframework.http.ResponseEntity org.springframework.data.rest.webmvc.RepositorySearchController.optionsForSearch(org.springframework.data.rest.webmvc.RootResourceInformation,java.lang.String)={[/{repository}/search/{search}],methods=[OPTIONS],produces=[application/hal+json || application/json]}, public org.springframework.data.rest.webmvc.RepositorySearchesResource org.springframework.data.rest.webmvc.RepositorySearchController.listSearches(org.springframework.data.rest.webmvc.RootResourceInformation)={[/{repository}/search],methods=[GET],produces=[application/hal+json || application/json]}, public org.springframework.http.ResponseEntity org.springframework.data.rest.webmvc.RepositorySearchController.executeSearch(org.springframework.data.rest.webmvc.RootResourceInformation,org.springframework.util.MultiValueMap,java.lang.String,org.springframework.data.rest.webmvc.support.DefaultedPageable,org.springframework.data.domain.Sort,org.springframework.data.rest.webmvc.PersistentEntityResourceAssembler,org.springframework.http.HttpHeaders)={[/{repository}/search/{search}],methods=[GET],produces=[application/hal+json || application/json]}, public org.springframework.http.ResponseEntity org.springframework.data.rest.webmvc.RepositorySearchController.headForSearch(org.springframework.data.rest.webmvc.RootResourceInformation,java.lang.String)={[/{repository}/search/{search}],methods=[HEAD],produces=[application/hal+json || application/json]}, public org.springframework.http.HttpEntity org.springframework.data.rest.webmvc.RepositorySearchController.headForSearches(org.springframework.data.rest.webmvc.RootResourceInformation)={[/{repository}/search],methods=[HEAD],produces=[application/hal+json || application/json]}, public org.springframework.http.HttpEntity org.springframework.data.rest.webmvc.RepositorySearchController.optionsForSearches(org.springframework.data.rest.webmvc.RootResourceInformation)={[/{repository}/search],methods=[OPTIONS],produces=[application/hal+json || application/json]}, public org.springframework.hateoas.ResourceSupport org.springframework.data.rest.webmvc.RepositorySearchController.executeSearchCompact(org.springframework.data.rest.webmvc.RootResourceInformation,org.springframework.http.HttpHeaders,org.springframework.util.MultiValueMap,java.lang.String,java.lang.String,org.springframework.data.rest.webmvc.support.DefaultedPageable,org.springframework.data.domain.Sort,org.springframework.data.rest.webmvc.PersistentEntityResourceAssembler)={[/{repository}/search/{search}],methods=[GET],produces=[application/x-spring-data-compact+json]}}
[INFO] Mapped "{[/{repository}/search/{search}],methods=[OPTIONS],produces=[application/hal+json || application/json]}" onto public org.springframework.http.ResponseEntity<java.lang.Object> org.springframework.data.rest.webmvc.RepositorySearchController.optionsForSearch(org.springframework.data.rest.webmvc.RootResourceInformation,java.lang.String)
[INFO] Mapped "{[/{repository}/search],methods=[GET],produces=[application/hal+json || application/json]}" onto public org.springframework.data.rest.webmvc.RepositorySearchesResource org.springframework.data.rest.webmvc.RepositorySearchController.listSearches(org.springframework.data.rest.webmvc.RootResourceInformation)
[INFO] Mapped "{[/{repository}/search/{search}],methods=[GET],produces=[application/hal+json || application/json]}" onto public org.springframework.http.ResponseEntity<?> org.springframework.data.rest.webmvc.RepositorySearchController.executeSearch(org.springframework.data.rest.webmvc.RootResourceInformation,org.springframework.util.MultiValueMap<java.lang.String, java.lang.Object>,java.lang.String,org.springframework.data.rest.webmvc.support.DefaultedPageable,org.springframework.data.domain.Sort,org.springframework.data.rest.webmvc.PersistentEntityResourceAssembler,org.springframework.http.HttpHeaders)
[INFO] Mapped "{[/{repository}/search/{search}],methods=[HEAD],produces=[application/hal+json || application/json]}" onto public org.springframework.http.ResponseEntity<java.lang.Object> org.springframework.data.rest.webmvc.RepositorySearchController.headForSearch(org.springframework.data.rest.webmvc.RootResourceInformation,java.lang.String)
[INFO] Mapped "{[/{repository}/search],methods=[HEAD],produces=[application/hal+json || application/json]}" onto public org.springframework.http.HttpEntity<?> org.springframework.data.rest.webmvc.RepositorySearchController.headForSearches(org.springframework.data.rest.webmvc.RootResourceInformation)
[INFO] Mapped "{[/{repository}/search],methods=[OPTIONS],produces=[application/hal+json || application/json]}" onto public org.springframework.http.HttpEntity<?> org.springframework.data.rest.webmvc.RepositorySearchController.optionsForSearches(org.springframework.data.rest.webmvc.RootResourceInformation)
[INFO] Mapped "{[/{repository}/search/{search}],methods=[GET],produces=[application/x-spring-data-compact+json]}" onto public org.springframework.hateoas.ResourceSupport org.springframework.data.rest.webmvc.RepositorySearchController.executeSearchCompact(org.springframework.data.rest.webmvc.RootResourceInformation,org.springframework.http.HttpHeaders,org.springframework.util.MultiValueMap<java.lang.String, java.lang.Object>,java.lang.String,java.lang.String,org.springframework.data.rest.webmvc.support.DefaultedPageable,org.springframework.data.domain.Sort,org.springframework.data.rest.webmvc.PersistentEntityResourceAssembler)
[DEBUG] 3 request handler methods found on class org.springframework.data.rest.webmvc.RepositoryController: {public org.springframework.http.HttpEntity org.springframework.data.rest.webmvc.RepositoryController.listRepositories()={[/ || ],methods=[GET],produces=[application/hal+json || application/json]}, public org.springframework.http.HttpEntity org.springframework.data.rest.webmvc.RepositoryController.optionsForRepositories()={[/ || ],methods=[OPTIONS],produces=[application/hal+json || application/json]}, public org.springframework.http.ResponseEntity org.springframework.data.rest.webmvc.RepositoryController.headForRepositories()={[/ || ],methods=[HEAD],produces=[application/hal+json || application/json]}}
[INFO] Mapped "{[/ || ],methods=[GET],produces=[application/hal+json || application/json]}" onto public org.springframework.http.HttpEntity<org.springframework.data.rest.webmvc.RepositoryLinksResource> org.springframework.data.rest.webmvc.RepositoryController.listRepositories()
[INFO] Mapped "{[/ || ],methods=[OPTIONS],produces=[application/hal+json || application/json]}" onto public org.springframework.http.HttpEntity<?> org.springframework.data.rest.webmvc.RepositoryController.optionsForRepositories()
[INFO] Mapped "{[/ || ],methods=[HEAD],produces=[application/hal+json || application/json]}" onto public org.springframework.http.ResponseEntity<?> org.springframework.data.rest.webmvc.RepositoryController.headForRepositories()
[DEBUG] 6 request handler methods found on class org.springframework.data.rest.webmvc.RepositoryPropertyReferenceController: {public org.springframework.http.ResponseEntity org.springframework.data.rest.webmvc.RepositoryPropertyReferenceController.followPropertyReference(org.springframework.data.rest.webmvc.RootResourceInformation,java.io.Serializable,java.lang.String,org.springframework.data.rest.webmvc.PersistentEntityResourceAssembler) throws java.lang.Exception={[/{repository}/{id}/{property}],methods=[GET],produces=[application/hal+json || application/json]}, public org.springframework.http.ResponseEntity org.springframework.data.rest.webmvc.RepositoryPropertyReferenceController.followPropertyReference(org.springframework.data.rest.webmvc.RootResourceInformation,java.io.Serializable,java.lang.String,java.lang.String,org.springframework.data.rest.webmvc.PersistentEntityResourceAssembler) throws java.lang.Exception={[/{repository}/{id}/{property}/{propertyId}],methods=[GET],produces=[application/hal+json || application/json]}, public org.springframework.http.ResponseEntity org.springframework.data.rest.webmvc.RepositoryPropertyReferenceController.followPropertyReferenceCompact(org.springframework.data.rest.webmvc.RootResourceInformation,java.io.Serializable,java.lang.String,org.springframework.data.rest.webmvc.PersistentEntityResourceAssembler) throws java.lang.Exception={[/{repository}/{id}/{property}],methods=[GET],produces=[application/x-spring-data-compact+json || text/uri-list]}, public org.springframework.http.ResponseEntity org.springframework.data.rest.webmvc.RepositoryPropertyReferenceController.createPropertyReference(org.springframework.data.rest.webmvc.RootResourceInformation,org.springframework.http.HttpMethod,org.springframework.hateoas.Resources,java.io.Serializable,java.lang.String) throws java.lang.Exception={[/{repository}/{id}/{property}],methods=[PATCH || PUT || POST],consumes=[application/json || application/x-spring-data-compact+json || text/uri-list],produces=[application/hal+json || application/json]}, public org.springframework.http.ResponseEntity org.springframework.data.rest.webmvc.RepositoryPropertyReferenceController.deletePropertyReferenceId(org.springframework.data.rest.webmvc.RootResourceInformation,java.io.Serializable,java.lang.String,java.lang.String) throws java.lang.Exception={[/{repository}/{id}/{property}/{propertyId}],methods=[DELETE],produces=[application/hal+json || application/json]}, public org.springframework.http.ResponseEntity org.springframework.data.rest.webmvc.RepositoryPropertyReferenceController.deletePropertyReference(org.springframework.data.rest.webmvc.RootResourceInformation,java.io.Serializable,java.lang.String) throws java.lang.Exception={[/{repository}/{id}/{property}],methods=[DELETE],produces=[application/hal+json || application/json]}}
[INFO] Mapped "{[/{repository}/{id}/{property}],methods=[GET],produces=[application/hal+json || application/json]}" onto public org.springframework.http.ResponseEntity<org.springframework.hateoas.ResourceSupport> org.springframework.data.rest.webmvc.RepositoryPropertyReferenceController.followPropertyReference(org.springframework.data.rest.webmvc.RootResourceInformation,java.io.Serializable,java.lang.String,org.springframework.data.rest.webmvc.PersistentEntityResourceAssembler) throws java.lang.Exception
[INFO] Mapped "{[/{repository}/{id}/{property}/{propertyId}],methods=[GET],produces=[application/hal+json || application/json]}" onto public org.springframework.http.ResponseEntity<org.springframework.hateoas.ResourceSupport> org.springframework.data.rest.webmvc.RepositoryPropertyReferenceController.followPropertyReference(org.springframework.data.rest.webmvc.RootResourceInformation,java.io.Serializable,java.lang.String,java.lang.String,org.springframework.data.rest.webmvc.PersistentEntityResourceAssembler) throws java.lang.Exception
[INFO] Mapped "{[/{repository}/{id}/{property}],methods=[GET],produces=[application/x-spring-data-compact+json || text/uri-list]}" onto public org.springframework.http.ResponseEntity<org.springframework.hateoas.ResourceSupport> org.springframework.data.rest.webmvc.RepositoryPropertyReferenceController.followPropertyReferenceCompact(org.springframework.data.rest.webmvc.RootResourceInformation,java.io.Serializable,java.lang.String,org.springframework.data.rest.webmvc.PersistentEntityResourceAssembler) throws java.lang.Exception
[INFO] Mapped "{[/{repository}/{id}/{property}],methods=[PATCH || PUT || POST],consumes=[application/json || application/x-spring-data-compact+json || text/uri-list],produces=[application/hal+json || application/json]}" onto public org.springframework.http.ResponseEntity<? extends org.springframework.hateoas.ResourceSupport> org.springframework.data.rest.webmvc.RepositoryPropertyReferenceController.createPropertyReference(org.springframework.data.rest.webmvc.RootResourceInformation,org.springframework.http.HttpMethod,org.springframework.hateoas.Resources<java.lang.Object>,java.io.Serializable,java.lang.String) throws java.lang.Exception
[INFO] Mapped "{[/{repository}/{id}/{property}/{propertyId}],methods=[DELETE],produces=[application/hal+json || application/json]}" onto public org.springframework.http.ResponseEntity<org.springframework.hateoas.ResourceSupport> org.springframework.data.rest.webmvc.RepositoryPropertyReferenceController.deletePropertyReferenceId(org.springframework.data.rest.webmvc.RootResourceInformation,java.io.Serializable,java.lang.String,java.lang.String) throws java.lang.Exception
[INFO] Mapped "{[/{repository}/{id}/{property}],methods=[DELETE],produces=[application/hal+json || application/json]}" onto public org.springframework.http.ResponseEntity<? extends org.springframework.hateoas.ResourceSupport> org.springframework.data.rest.webmvc.RepositoryPropertyReferenceController.deletePropertyReference(org.springframework.data.rest.webmvc.RootResourceInformation,java.io.Serializable,java.lang.String) throws java.lang.Exception
[DEBUG] Returning cached instance of singleton bean 'repositoryRestConfiguration'
[DEBUG] Looking for request mappings in application context: org.springframework.web.context.support.GenericWebApplicationContext@360e2db: startup date [Fri Jun 08 11:50:45 COT 2018]; root of context hierarchy
[DEBUG] 2 request handler methods found on class org.springframework.data.rest.webmvc.ProfileController: {org.springframework.http.HttpEntity org.springframework.data.rest.webmvc.ProfileController.listAllFormsOfMetadata()={[/profile],methods=[GET]}, public org.springframework.http.HttpEntity org.springframework.data.rest.webmvc.ProfileController.profileOptions()={[/profile],methods=[OPTIONS]}}
[INFO] Mapped "{[/profile],methods=[GET]}" onto org.springframework.http.HttpEntity<org.springframework.hateoas.ResourceSupport> org.springframework.data.rest.webmvc.ProfileController.listAllFormsOfMetadata()
[INFO] Mapped "{[/profile],methods=[OPTIONS]}" onto public org.springframework.http.HttpEntity<?> org.springframework.data.rest.webmvc.ProfileController.profileOptions()
[DEBUG] 2 request handler methods found on class org.springframework.data.rest.webmvc.alps.AlpsController: {org.springframework.http.HttpEntity org.springframework.data.rest.webmvc.alps.AlpsController.descriptor(org.springframework.data.rest.webmvc.RootResourceInformation)={[/profile/{repository}],methods=[GET],produces=[application/alps+json || */*]}, org.springframework.http.HttpEntity org.springframework.data.rest.webmvc.alps.AlpsController.alpsOptions()={[/profile/{repository}],methods=[OPTIONS],produces=[application/alps+json]}}
[INFO] Mapped "{[/profile/{repository}],methods=[GET],produces=[application/alps+json || */*]}" onto org.springframework.http.HttpEntity<org.springframework.data.rest.webmvc.RootResourceInformation> org.springframework.data.rest.webmvc.alps.AlpsController.descriptor(org.springframework.data.rest.webmvc.RootResourceInformation)
[INFO] Mapped "{[/profile/{repository}],methods=[OPTIONS],produces=[application/alps+json]}" onto org.springframework.http.HttpEntity<?> org.springframework.data.rest.webmvc.alps.AlpsController.alpsOptions()
[DEBUG] 1 request handler methods found on class org.springframework.data.rest.webmvc.RepositorySchemaController: {public org.springframework.http.HttpEntity org.springframework.data.rest.webmvc.RepositorySchemaController.schema(org.springframework.data.rest.webmvc.RootResourceInformation)={[/profile/{repository}],methods=[GET],produces=[application/schema+json]}}
[INFO] Mapped "{[/profile/{repository}],methods=[GET],produces=[application/schema+json]}" onto public org.springframework.http.HttpEntity<org.springframework.data.rest.webmvc.json.JsonSchema> org.springframework.data.rest.webmvc.RepositorySchemaController.schema(org.springframework.data.rest.webmvc.RootResourceInformation)
[DEBUG] Eagerly caching bean 'restHandlerMapping' to allow for resolving potential circular references
[DEBUG] Returning cached instance of singleton bean 'org.springframework.transaction.config.internalTransactionAdvisor'
[DEBUG] Returning cached instance of singleton bean 'org.springframework.transaction.config.internalTransactionAdvisor'
[DEBUG] Finished creating instance of bean 'restHandlerMapping'
[DEBUG] Returning cached instance of singleton bean 'resourceMappings'
[DEBUG] Returning cached instance of singleton bean 'linkCollector'
[DEBUG] Returning cached instance of singleton bean 'excerptProjector'
[DEBUG] Creating shared instance of singleton bean 'repositoryRestExceptionHandler'
[DEBUG] Creating instance of bean 'repositoryRestExceptionHandler'
[DEBUG] Returning cached instance of singleton bean 'org.springframework.transaction.config.internalTransactionAdvisor'
[DEBUG] Returning cached instance of singleton bean 'org.springframework.data.rest.webmvc.config.RepositoryRestMvcConfiguration'
[DEBUG] Eagerly caching bean 'repositoryRestExceptionHandler' to allow for resolving potential circular references
[DEBUG] Returning cached instance of singleton bean 'org.springframework.transaction.config.internalTransactionAdvisor'
[DEBUG] Returning cached instance of singleton bean 'org.springframework.transaction.config.internalTransactionAdvisor'
[DEBUG] Finished creating instance of bean 'repositoryRestExceptionHandler'
[DEBUG] Returning cached instance of singleton bean 'repositoryInvokerFactory'
[DEBUG] Returning cached instance of singleton bean 'defaultMessageConverters'
[DEBUG] Returning cached instance of singleton bean 'alpsJsonHttpMessageConverter'
[DEBUG] Returning cached instance of singleton bean 'pageableResolver'
[DEBUG] Returning cached instance of singleton bean 'sortResolver'
[DEBUG] Returning cached instance of singleton bean 'backendIdConverterRegistry'
[DEBUG] Returning cached instance of singleton bean 'auditableBeanWrapperFactory'
[DEBUG] Returning cached instance of singleton bean 'httpHeadersPreparer'
[DEBUG] Returning cached instance of singleton bean 'selfLinkProvider'
[DEBUG] Returning cached instance of singleton bean 'associationLinks'
[DEBUG] Returning cached instance of singleton bean 'enumTranslator'
[DEBUG] Returning cached instance of singleton bean 'alpsConverter'
[DEBUG] Returning cached instance of singleton bean 'profileResourceProcessor'
[DEBUG] Returning cached instance of singleton bean 'pagedResourcesAssembler'
[DEBUG] Returning cached instance of singleton bean 'pagedResourcesAssemblerArgumentResolver'
[DEBUG] Creating shared instance of singleton bean 'entityLinksPluginRegistry'
[DEBUG] Creating instance of bean 'entityLinksPluginRegistry'
[DEBUG] Returning cached instance of singleton bean 'org.springframework.transaction.config.internalTransactionAdvisor'
[DEBUG] Eagerly caching bean 'entityLinksPluginRegistry' to allow for resolving potential circular references
[DEBUG] Invoking afterPropertiesSet() on bean with name 'entityLinksPluginRegistry'
[DEBUG] Returning cached instance of singleton bean 'org.springframework.transaction.config.internalTransactionAdvisor'
[DEBUG] Returning cached instance of singleton bean 'org.springframework.transaction.config.internalTransactionAdvisor'
[DEBUG] Finished creating instance of bean 'entityLinksPluginRegistry'
[DEBUG] Returning cached instance of singleton bean 'controllerEntityLinks'
[DEBUG] Returning cached instance of singleton bean 'delegatingEntityLinks'
[DEBUG] Creating shared instance of singleton bean 'org.springframework.hateoas.hal.HalLinkDiscoverer#0'
[DEBUG] Creating instance of bean 'org.springframework.hateoas.hal.HalLinkDiscoverer#0'
[DEBUG] Returning cached instance of singleton bean 'org.springframework.transaction.config.internalTransactionAdvisor'
[DEBUG] Eagerly caching bean 'org.springframework.hateoas.hal.HalLinkDiscoverer#0' to allow for resolving potential circular references
[DEBUG] Returning cached instance of singleton bean 'org.springframework.transaction.config.internalTransactionAdvisor'
[DEBUG] Returning cached instance of singleton bean 'org.springframework.transaction.config.internalTransactionAdvisor'
[DEBUG] Finished creating instance of bean 'org.springframework.hateoas.hal.HalLinkDiscoverer#0'
[DEBUG] Creating shared instance of singleton bean '_halObjectMapper'
[DEBUG] Creating instance of bean '_halObjectMapper'
[DEBUG] Returning cached instance of singleton bean 'org.springframework.transaction.config.internalTransactionAdvisor'
[DEBUG] Eagerly caching bean '_halObjectMapper' to allow for resolving potential circular references
[DEBUG] Returning cached instance of singleton bean 'org.springframework.transaction.config.internalTransactionAdvisor'
[DEBUG] Returning cached instance of singleton bean 'org.springframework.transaction.config.internalTransactionAdvisor'
[DEBUG] Finished creating instance of bean '_halObjectMapper'
[DEBUG] Returning cached instance of singleton bean 'org.springframework.hateoas.config.HypermediaSupportBeanDefinitionRegistrar$DefaultObjectMapperCustomizer#0'
[DEBUG] Returning cached instance of singleton bean 'org.springframework.hateoas.config.HypermediaSupportBeanDefinitionRegistrar$Jackson2ModuleRegisteringBeanPostProcessor#0'
[DEBUG] Returning cached instance of singleton bean 'org.springframework.hateoas.hal.HalConfiguration#0'
[DEBUG] Creating shared instance of singleton bean '_linkDiscovererRegistry'
[DEBUG] Creating instance of bean '_linkDiscovererRegistry'
[DEBUG] Returning cached instance of singleton bean 'org.springframework.transaction.config.internalTransactionAdvisor'
[DEBUG] Eagerly caching bean '_linkDiscovererRegistry' to allow for resolving potential circular references
[DEBUG] Invoking afterPropertiesSet() on bean with name '_linkDiscovererRegistry'
[DEBUG] Returning cached instance of singleton bean 'org.springframework.transaction.config.internalTransactionAdvisor'
[DEBUG] Returning cached instance of singleton bean 'org.springframework.transaction.config.internalTransactionAdvisor'
[DEBUG] Finished creating instance of bean '_linkDiscovererRegistry'
[DEBUG] Creating shared instance of singleton bean 'org.springframework.hateoas.LinkDiscoverers#0'
[DEBUG] Creating instance of bean 'org.springframework.hateoas.LinkDiscoverers#0'
[DEBUG] Returning cached instance of singleton bean 'org.springframework.transaction.config.internalTransactionAdvisor'
[DEBUG] Returning cached instance of singleton bean '_linkDiscovererRegistry'
[DEBUG] Creating JDK dynamic proxy: target source is org.springframework.plugin.core.support.AbstractTypeAwareSupport$BeansOfTypeTargetSource@68f74203
[DEBUG] Returning cached instance of singleton bean 'org.springframework.transaction.config.internalTransactionAdvisor'
[DEBUG] Returning cached instance of singleton bean 'org.springframework.transaction.config.internalTransactionAdvisor'
[DEBUG] Eagerly caching bean 'org.springframework.hateoas.LinkDiscoverers#0' to allow for resolving potential circular references
[DEBUG] Returning cached instance of singleton bean 'org.springframework.transaction.config.internalTransactionAdvisor'
[DEBUG] Returning cached instance of singleton bean 'org.springframework.transaction.config.internalTransactionAdvisor'
[DEBUG] Finished creating instance of bean 'org.springframework.hateoas.LinkDiscoverers#0'
[DEBUG] Creating shared instance of singleton bean 'defaultRelProvider'
[DEBUG] Creating instance of bean 'defaultRelProvider'
[DEBUG] Returning cached instance of singleton bean 'org.springframework.transaction.config.internalTransactionAdvisor'
[DEBUG] Eagerly caching bean 'defaultRelProvider' to allow for resolving potential circular references
[DEBUG] Returning cached instance of singleton bean 'org.springframework.transaction.config.internalTransactionAdvisor'
[DEBUG] Returning cached instance of singleton bean 'org.springframework.transaction.config.internalTransactionAdvisor'
[DEBUG] Finished creating instance of bean 'defaultRelProvider'
[DEBUG] Creating shared instance of singleton bean 'annotationRelProvider'
[DEBUG] Creating instance of bean 'annotationRelProvider'
[DEBUG] Returning cached instance of singleton bean 'org.springframework.transaction.config.internalTransactionAdvisor'
[DEBUG] Eagerly caching bean 'annotationRelProvider' to allow for resolving potential circular references
[DEBUG] Returning cached instance of singleton bean 'org.springframework.transaction.config.internalTransactionAdvisor'
[DEBUG] Returning cached instance of singleton bean 'org.springframework.transaction.config.internalTransactionAdvisor'
[DEBUG] Finished creating instance of bean 'annotationRelProvider'
[DEBUG] Creating shared instance of singleton bean 'relProviderPluginRegistry'
[DEBUG] Creating instance of bean 'relProviderPluginRegistry'
[DEBUG] Returning cached instance of singleton bean 'org.springframework.transaction.config.internalTransactionAdvisor'
[DEBUG] Eagerly caching bean 'relProviderPluginRegistry' to allow for resolving potential circular references
[DEBUG] Invoking afterPropertiesSet() on bean with name 'relProviderPluginRegistry'
[DEBUG] Returning cached instance of singleton bean 'org.springframework.transaction.config.internalTransactionAdvisor'
[DEBUG] Returning cached instance of singleton bean 'org.springframework.transaction.config.internalTransactionAdvisor'
[DEBUG] Finished creating instance of bean 'relProviderPluginRegistry'
[DEBUG] Returning cached instance of singleton bean '_relProvider'
[DEBUG] Returning cached instance of singleton bean 'org.springframework.boot.autoconfigure.data.rest.RepositoryRestMvcAutoConfiguration'
[DEBUG] Returning cached instance of singleton bean 'springBootRepositoryRestConfigurer'
[DEBUG] Returning cached instance of singleton bean 'spring.data.rest-org.springframework.boot.autoconfigure.data.rest.RepositoryRestProperties'
[DEBUG] Creating shared instance of singleton bean 'org.springframework.boot.autoconfigure.hateoas.HypermediaHttpMessageConverterConfiguration'
[DEBUG] Creating instance of bean 'org.springframework.boot.autoconfigure.hateoas.HypermediaHttpMessageConverterConfiguration'
[DEBUG] Returning cached instance of singleton bean 'org.springframework.transaction.config.internalTransactionAdvisor'
[DEBUG] Eagerly caching bean 'org.springframework.boot.autoconfigure.hateoas.HypermediaHttpMessageConverterConfiguration' to allow for resolving potential circular references
[DEBUG] Returning cached instance of singleton bean 'org.springframework.transaction.config.internalTransactionAdvisor'
[DEBUG] Returning cached instance of singleton bean 'org.springframework.transaction.config.internalTransactionAdvisor'
[DEBUG] Finished creating instance of bean 'org.springframework.boot.autoconfigure.hateoas.HypermediaHttpMessageConverterConfiguration'
[DEBUG] Creating shared instance of singleton bean 'halMessageConverterSupportedMediaTypeCustomizer'
[DEBUG] Creating instance of bean 'halMessageConverterSupportedMediaTypeCustomizer'
[DEBUG] Returning cached instance of singleton bean 'org.springframework.transaction.config.internalTransactionAdvisor'
[DEBUG] Found init method on class [org.springframework.boot.autoconfigure.hateoas.HypermediaHttpMessageConverterConfiguration$HalMessageConverterSupportedMediaTypesCustomizer]: public void org.springframework.boot.autoconfigure.hateoas.HypermediaHttpMessageConverterConfiguration$HalMessageConverterSupportedMediaTypesCustomizer.configureHttpMessageConverters()
[DEBUG] Registered init method on class [org.springframework.boot.autoconfigure.hateoas.HypermediaHttpMessageConverterConfiguration$HalMessageConverterSupportedMediaTypesCustomizer]: org.springframework.beans.factory.annotation.InitDestroyAnnotationBeanPostProcessor$LifecycleElement@a5d69b4c
[DEBUG] Eagerly caching bean 'halMessageConverterSupportedMediaTypeCustomizer' to allow for resolving potential circular references
[DEBUG] Invoking init method on bean 'halMessageConverterSupportedMediaTypeCustomizer': public void org.springframework.boot.autoconfigure.hateoas.HypermediaHttpMessageConverterConfiguration$HalMessageConverterSupportedMediaTypesCustomizer.configureHttpMessageConverters()
[DEBUG] Returning cached instance of singleton bean 'requestMappingHandlerAdapter'
[DEBUG] Returning cached instance of singleton bean 'repositoryExporterHandlerAdapter'
[DEBUG] Returning cached instance of singleton bean 'org.springframework.transaction.config.internalTransactionAdvisor'
[DEBUG] Returning cached instance of singleton bean 'org.springframework.transaction.config.internalTransactionAdvisor'
[DEBUG] Finished creating instance of bean 'halMessageConverterSupportedMediaTypeCustomizer'
[DEBUG] Creating shared instance of singleton bean 'org.springframework.boot.autoconfigure.hateoas.HypermediaAutoConfiguration'
[DEBUG] Creating instance of bean 'org.springframework.boot.autoconfigure.hateoas.HypermediaAutoConfiguration'
[DEBUG] Returning cached instance of singleton bean 'org.springframework.transaction.config.internalTransactionAdvisor'
[DEBUG] Eagerly caching bean 'org.springframework.boot.autoconfigure.hateoas.HypermediaAutoConfiguration' to allow for resolving potential circular references
[DEBUG] Returning cached instance of singleton bean 'org.springframework.transaction.config.internalTransactionAdvisor'
[DEBUG] Returning cached instance of singleton bean 'org.springframework.transaction.config.internalTransactionAdvisor'
[DEBUG] Finished creating instance of bean 'org.springframework.boot.autoconfigure.hateoas.HypermediaAutoConfiguration'
[DEBUG] Creating shared instance of singleton bean 'spring.hateoas-org.springframework.boot.autoconfigure.hateoas.HateoasProperties'
[DEBUG] Creating instance of bean 'spring.hateoas-org.springframework.boot.autoconfigure.hateoas.HateoasProperties'
[DEBUG] Returning cached instance of singleton bean 'org.springframework.transaction.config.internalTransactionAdvisor'
[DEBUG] Eagerly caching bean 'spring.hateoas-org.springframework.boot.autoconfigure.hateoas.HateoasProperties' to allow for resolving potential circular references
[DEBUG] Returning cached instance of singleton bean 'org.springframework.transaction.config.internalTransactionAdvisor'
[DEBUG] Returning cached instance of singleton bean 'org.springframework.transaction.config.internalTransactionAdvisor'
[DEBUG] Finished creating instance of bean 'spring.hateoas-org.springframework.boot.autoconfigure.hateoas.HateoasProperties'
[DEBUG] Creating shared instance of singleton bean 'org.springframework.boot.autoconfigure.http.codec.CodecsAutoConfiguration$JacksonCodecConfiguration'
[DEBUG] Creating instance of bean 'org.springframework.boot.autoconfigure.http.codec.CodecsAutoConfiguration$JacksonCodecConfiguration'
[DEBUG] Returning cached instance of singleton bean 'org.springframework.transaction.config.internalTransactionAdvisor'
[DEBUG] Eagerly caching bean 'org.springframework.boot.autoconfigure.http.codec.CodecsAutoConfiguration$JacksonCodecConfiguration' to allow for resolving potential circular references
[DEBUG] Returning cached instance of singleton bean 'org.springframework.transaction.config.internalTransactionAdvisor'
[DEBUG] Returning cached instance of singleton bean 'org.springframework.transaction.config.internalTransactionAdvisor'
[DEBUG] Finished creating instance of bean 'org.springframework.boot.autoconfigure.http.codec.CodecsAutoConfiguration$JacksonCodecConfiguration'
[DEBUG] Creating shared instance of singleton bean 'jacksonCodecCustomizer'
[DEBUG] Creating instance of bean 'jacksonCodecCustomizer'
[DEBUG] Returning cached instance of singleton bean 'org.springframework.transaction.config.internalTransactionAdvisor'
[DEBUG] Returning cached instance of singleton bean 'org.springframework.boot.autoconfigure.http.codec.CodecsAutoConfiguration$JacksonCodecConfiguration'
[DEBUG] Returning cached instance of singleton bean 'jacksonObjectMapper'
[DEBUG] Returning cached instance of singleton bean 'objectMapper'
[DEBUG] Returning cached instance of singleton bean 'halObjectMapper'
[DEBUG] Returning cached instance of singleton bean '_halObjectMapper'
[DEBUG] Autowiring by type from bean name 'jacksonCodecCustomizer' via factory method to bean named 'jacksonObjectMapper'
[DEBUG] Eagerly caching bean 'jacksonCodecCustomizer' to allow for resolving potential circular references
[DEBUG] Returning cached instance of singleton bean 'org.springframework.transaction.config.internalTransactionAdvisor'
[DEBUG] Returning cached instance of singleton bean 'org.springframework.transaction.config.internalTransactionAdvisor'
[DEBUG] Finished creating instance of bean 'jacksonCodecCustomizer'
[DEBUG] Creating shared instance of singleton bean 'org.springframework.boot.autoconfigure.http.codec.CodecsAutoConfiguration'
[DEBUG] Creating instance of bean 'org.springframework.boot.autoconfigure.http.codec.CodecsAutoConfiguration'
[DEBUG] Returning cached instance of singleton bean 'org.springframework.transaction.config.internalTransactionAdvisor'
[DEBUG] Eagerly caching bean 'org.springframework.boot.autoconfigure.http.codec.CodecsAutoConfiguration' to allow for resolving potential circular references
[DEBUG] Returning cached instance of singleton bean 'org.springframework.transaction.config.internalTransactionAdvisor'
[DEBUG] Returning cached instance of singleton bean 'org.springframework.transaction.config.internalTransactionAdvisor'
[DEBUG] Finished creating instance of bean 'org.springframework.boot.autoconfigure.http.codec.CodecsAutoConfiguration'
[DEBUG] Creating shared instance of singleton bean 'org.springframework.boot.autoconfigure.info.ProjectInfoAutoConfiguration'
[DEBUG] Creating instance of bean 'org.springframework.boot.autoconfigure.info.ProjectInfoAutoConfiguration'
[DEBUG] Returning cached instance of singleton bean 'org.springframework.transaction.config.internalTransactionAdvisor'
[DEBUG] Cannot find '.class' file for class [class org.springframework.boot.autoconfigure.info.ProjectInfoAutoConfiguration$$EnhancerBySpringCGLIB$$1b0a56f3] - unable to determine constructor/method parameter names
[DEBUG] Creating shared instance of singleton bean 'spring.info-org.springframework.boot.autoconfigure.info.ProjectInfoProperties'
[DEBUG] Creating instance of bean 'spring.info-org.springframework.boot.autoconfigure.info.ProjectInfoProperties'
[DEBUG] Returning cached instance of singleton bean 'org.springframework.transaction.config.internalTransactionAdvisor'
[DEBUG] Eagerly caching bean 'spring.info-org.springframework.boot.autoconfigure.info.ProjectInfoProperties' to allow for resolving potential circular references
[DEBUG] Returning cached instance of singleton bean 'org.springframework.transaction.config.internalTransactionAdvisor'
[DEBUG] Returning cached instance of singleton bean 'org.springframework.transaction.config.internalTransactionAdvisor'
[DEBUG] Finished creating instance of bean 'spring.info-org.springframework.boot.autoconfigure.info.ProjectInfoProperties'
[DEBUG] Autowiring by type from bean name 'org.springframework.boot.autoconfigure.info.ProjectInfoAutoConfiguration' via constructor to bean named 'spring.info-org.springframework.boot.autoconfigure.info.ProjectInfoProperties'
[DEBUG] Eagerly caching bean 'org.springframework.boot.autoconfigure.info.ProjectInfoAutoConfiguration' to allow for resolving potential circular references
[DEBUG] Returning cached instance of singleton bean 'org.springframework.transaction.config.internalTransactionAdvisor'
[DEBUG] Returning cached instance of singleton bean 'org.springframework.transaction.config.internalTransactionAdvisor'
[DEBUG] Finished creating instance of bean 'org.springframework.boot.autoconfigure.info.ProjectInfoAutoConfiguration'
[DEBUG] Returning cached instance of singleton bean 'spring.info-org.springframework.boot.autoconfigure.info.ProjectInfoProperties'
[DEBUG] Creating shared instance of singleton bean 'org.springframework.boot.autoconfigure.jdbc.JdbcTemplateAutoConfiguration$JdbcTemplateConfiguration'
[DEBUG] Creating instance of bean 'org.springframework.boot.autoconfigure.jdbc.JdbcTemplateAutoConfiguration$JdbcTemplateConfiguration'
[DEBUG] Returning cached instance of singleton bean 'org.springframework.transaction.config.internalTransactionAdvisor'
[DEBUG] Cannot find '.class' file for class [class org.springframework.boot.autoconfigure.jdbc.JdbcTemplateAutoConfiguration$JdbcTemplateConfiguration$$EnhancerBySpringCGLIB$$f79b7847] - unable to determine constructor/method parameter names
[DEBUG] Returning cached instance of singleton bean 'dataSource'
[DEBUG] Creating shared instance of singleton bean 'spring.jdbc-org.springframework.boot.autoconfigure.jdbc.JdbcProperties'
[DEBUG] Creating instance of bean 'spring.jdbc-org.springframework.boot.autoconfigure.jdbc.JdbcProperties'
[DEBUG] Returning cached instance of singleton bean 'org.springframework.transaction.config.internalTransactionAdvisor'
[DEBUG] Eagerly caching bean 'spring.jdbc-org.springframework.boot.autoconfigure.jdbc.JdbcProperties' to allow for resolving potential circular references
[DEBUG] Returning cached instance of singleton bean 'org.springframework.transaction.config.internalTransactionAdvisor'
[DEBUG] Returning cached instance of singleton bean 'org.springframework.transaction.config.internalTransactionAdvisor'
[DEBUG] Finished creating instance of bean 'spring.jdbc-org.springframework.boot.autoconfigure.jdbc.JdbcProperties'
[DEBUG] Autowiring by type from bean name 'org.springframework.boot.autoconfigure.jdbc.JdbcTemplateAutoConfiguration$JdbcTemplateConfiguration' via constructor to bean named 'dataSource'
[DEBUG] Autowiring by type from bean name 'org.springframework.boot.autoconfigure.jdbc.JdbcTemplateAutoConfiguration$JdbcTemplateConfiguration' via constructor to bean named 'spring.jdbc-org.springframework.boot.autoconfigure.jdbc.JdbcProperties'
[DEBUG] Eagerly caching bean 'org.springframework.boot.autoconfigure.jdbc.JdbcTemplateAutoConfiguration$JdbcTemplateConfiguration' to allow for resolving potential circular references
[DEBUG] Returning cached instance of singleton bean 'org.springframework.transaction.config.internalTransactionAdvisor'
[DEBUG] Returning cached instance of singleton bean 'org.springframework.transaction.config.internalTransactionAdvisor'
[DEBUG] Finished creating instance of bean 'org.springframework.boot.autoconfigure.jdbc.JdbcTemplateAutoConfiguration$JdbcTemplateConfiguration'
[DEBUG] Creating shared instance of singleton bean 'jdbcTemplate'
[DEBUG] Creating instance of bean 'jdbcTemplate'
[DEBUG] Returning cached instance of singleton bean 'org.springframework.transaction.config.internalTransactionAdvisor'
[DEBUG] Returning cached instance of singleton bean 'org.springframework.boot.autoconfigure.jdbc.JdbcTemplateAutoConfiguration$JdbcTemplateConfiguration'
[DEBUG] Eagerly caching bean 'jdbcTemplate' to allow for resolving potential circular references
[DEBUG] Invoking afterPropertiesSet() on bean with name 'jdbcTemplate'
[DEBUG] Returning cached instance of singleton bean 'org.springframework.transaction.config.internalTransactionAdvisor'
[DEBUG] Returning cached instance of singleton bean 'org.springframework.transaction.config.internalTransactionAdvisor'
[DEBUG] Finished creating instance of bean 'jdbcTemplate'
[DEBUG] Creating shared instance of singleton bean 'org.springframework.boot.autoconfigure.jdbc.JdbcTemplateAutoConfiguration$NamedParameterJdbcTemplateConfiguration'
[DEBUG] Creating instance of bean 'org.springframework.boot.autoconfigure.jdbc.JdbcTemplateAutoConfiguration$NamedParameterJdbcTemplateConfiguration'
[DEBUG] Returning cached instance of singleton bean 'org.springframework.transaction.config.internalTransactionAdvisor'
[DEBUG] Eagerly caching bean 'org.springframework.boot.autoconfigure.jdbc.JdbcTemplateAutoConfiguration$NamedParameterJdbcTemplateConfiguration' to allow for resolving potential circular references
[DEBUG] Returning cached instance of singleton bean 'org.springframework.transaction.config.internalTransactionAdvisor'
[DEBUG] Returning cached instance of singleton bean 'org.springframework.transaction.config.internalTransactionAdvisor'
[DEBUG] Finished creating instance of bean 'org.springframework.boot.autoconfigure.jdbc.JdbcTemplateAutoConfiguration$NamedParameterJdbcTemplateConfiguration'
[DEBUG] Creating shared instance of singleton bean 'namedParameterJdbcTemplate'
[DEBUG] Creating instance of bean 'namedParameterJdbcTemplate'
[DEBUG] Returning cached instance of singleton bean 'org.springframework.transaction.config.internalTransactionAdvisor'
[DEBUG] Returning cached instance of singleton bean 'org.springframework.boot.autoconfigure.jdbc.JdbcTemplateAutoConfiguration$NamedParameterJdbcTemplateConfiguration'
[DEBUG] Returning cached instance of singleton bean 'jdbcTemplate'
[DEBUG] Autowiring by type from bean name 'namedParameterJdbcTemplate' via factory method to bean named 'jdbcTemplate'
[DEBUG] Eagerly caching bean 'namedParameterJdbcTemplate' to allow for resolving potential circular references
[DEBUG] Returning cached instance of singleton bean 'org.springframework.transaction.config.internalTransactionAdvisor'
[DEBUG] Returning cached instance of singleton bean 'org.springframework.transaction.config.internalTransactionAdvisor'
[DEBUG] Finished creating instance of bean 'namedParameterJdbcTemplate'
[DEBUG] Creating shared instance of singleton bean 'org.springframework.boot.autoconfigure.jdbc.JdbcTemplateAutoConfiguration'
[DEBUG] Creating instance of bean 'org.springframework.boot.autoconfigure.jdbc.JdbcTemplateAutoConfiguration'
[DEBUG] Returning cached instance of singleton bean 'org.springframework.transaction.config.internalTransactionAdvisor'
[DEBUG] Eagerly caching bean 'org.springframework.boot.autoconfigure.jdbc.JdbcTemplateAutoConfiguration' to allow for resolving potential circular references
[DEBUG] Returning cached instance of singleton bean 'org.springframework.transaction.config.internalTransactionAdvisor'
[DEBUG] Returning cached instance of singleton bean 'org.springframework.transaction.config.internalTransactionAdvisor'
[DEBUG] Finished creating instance of bean 'org.springframework.boot.autoconfigure.jdbc.JdbcTemplateAutoConfiguration'
[DEBUG] Returning cached instance of singleton bean 'spring.jdbc-org.springframework.boot.autoconfigure.jdbc.JdbcProperties'
[DEBUG] Creating shared instance of singleton bean 'org.springframework.boot.autoconfigure.security.reactive.ReactiveSecurityAutoConfiguration'
[DEBUG] Creating instance of bean 'org.springframework.boot.autoconfigure.security.reactive.ReactiveSecurityAutoConfiguration'
[DEBUG] Returning cached instance of singleton bean 'org.springframework.transaction.config.internalTransactionAdvisor'
[DEBUG] Eagerly caching bean 'org.springframework.boot.autoconfigure.security.reactive.ReactiveSecurityAutoConfiguration' to allow for resolving potential circular references
[DEBUG] Returning cached instance of singleton bean 'org.springframework.transaction.config.internalTransactionAdvisor'
[DEBUG] Returning cached instance of singleton bean 'org.springframework.transaction.config.internalTransactionAdvisor'
[DEBUG] Finished creating instance of bean 'org.springframework.boot.autoconfigure.security.reactive.ReactiveSecurityAutoConfiguration'
[DEBUG] Creating shared instance of singleton bean 'spring.security-org.springframework.boot.autoconfigure.security.SecurityProperties'
[DEBUG] Creating instance of bean 'spring.security-org.springframework.boot.autoconfigure.security.SecurityProperties'
[DEBUG] Returning cached instance of singleton bean 'org.springframework.transaction.config.internalTransactionAdvisor'
[DEBUG] Eagerly caching bean 'spring.security-org.springframework.boot.autoconfigure.security.SecurityProperties' to allow for resolving potential circular references
[DEBUG] Returning cached instance of singleton bean 'org.springframework.transaction.config.internalTransactionAdvisor'
[DEBUG] Returning cached instance of singleton bean 'org.springframework.transaction.config.internalTransactionAdvisor'
[DEBUG] Finished creating instance of bean 'spring.security-org.springframework.boot.autoconfigure.security.SecurityProperties'
[DEBUG] Creating shared instance of singleton bean 'org.springframework.boot.autoconfigure.jdbc.DataSourceTransactionManagerAutoConfiguration$DataSourceTransactionManagerConfiguration'
[DEBUG] Creating instance of bean 'org.springframework.boot.autoconfigure.jdbc.DataSourceTransactionManagerAutoConfiguration$DataSourceTransactionManagerConfiguration'
[DEBUG] Returning cached instance of singleton bean 'org.springframework.transaction.config.internalTransactionAdvisor'
[DEBUG] Cannot find '.class' file for class [class org.springframework.boot.autoconfigure.jdbc.DataSourceTransactionManagerAutoConfiguration$DataSourceTransactionManagerConfiguration$$EnhancerBySpringCGLIB$$8c10e249] - unable to determine constructor/method parameter names
[DEBUG] Returning cached instance of singleton bean 'dataSource'
[DEBUG] Autowiring by type from bean name 'org.springframework.boot.autoconfigure.jdbc.DataSourceTransactionManagerAutoConfiguration$DataSourceTransactionManagerConfiguration' via constructor to bean named 'dataSource'
[DEBUG] Returning cached instance of singleton bean 'platformTransactionManagerCustomizers'
[DEBUG] Eagerly caching bean 'org.springframework.boot.autoconfigure.jdbc.DataSourceTransactionManagerAutoConfiguration$DataSourceTransactionManagerConfiguration' to allow for resolving potential circular references
[DEBUG] Returning cached instance of singleton bean 'org.springframework.transaction.config.internalTransactionAdvisor'
[DEBUG] Returning cached instance of singleton bean 'org.springframework.transaction.config.internalTransactionAdvisor'
[DEBUG] Finished creating instance of bean 'org.springframework.boot.autoconfigure.jdbc.DataSourceTransactionManagerAutoConfiguration$DataSourceTransactionManagerConfiguration'
[DEBUG] Creating shared instance of singleton bean 'org.springframework.boot.autoconfigure.jdbc.DataSourceTransactionManagerAutoConfiguration'
[DEBUG] Creating instance of bean 'org.springframework.boot.autoconfigure.jdbc.DataSourceTransactionManagerAutoConfiguration'
[DEBUG] Returning cached instance of singleton bean 'org.springframework.transaction.config.internalTransactionAdvisor'
[DEBUG] Eagerly caching bean 'org.springframework.boot.autoconfigure.jdbc.DataSourceTransactionManagerAutoConfiguration' to allow for resolving potential circular references
[DEBUG] Returning cached instance of singleton bean 'org.springframework.transaction.config.internalTransactionAdvisor'
[DEBUG] Returning cached instance of singleton bean 'org.springframework.transaction.config.internalTransactionAdvisor'
[DEBUG] Finished creating instance of bean 'org.springframework.boot.autoconfigure.jdbc.DataSourceTransactionManagerAutoConfiguration'
[DEBUG] Returning cached instance of singleton bean 'org.springframework.transaction.annotation.ProxyTransactionManagementConfiguration'
[DEBUG] Returning cached instance of singleton bean 'org.springframework.transaction.config.internalTransactionAdvisor'
[DEBUG] Returning cached instance of singleton bean 'transactionAttributeSource'
[DEBUG] Returning cached instance of singleton bean 'transactionInterceptor'
[DEBUG] Creating shared instance of singleton bean 'org.springframework.transaction.config.internalTransactionalEventListenerFactory'
[DEBUG] Creating instance of bean 'org.springframework.transaction.config.internalTransactionalEventListenerFactory'
[DEBUG] Returning cached instance of singleton bean 'org.springframework.transaction.config.internalTransactionAdvisor'
[DEBUG] Returning cached instance of singleton bean 'org.springframework.transaction.annotation.ProxyTransactionManagementConfiguration'
[DEBUG] Eagerly caching bean 'org.springframework.transaction.config.internalTransactionalEventListenerFactory' to allow for resolving potential circular references
[DEBUG] Returning cached instance of singleton bean 'org.springframework.transaction.config.internalTransactionAdvisor'
[DEBUG] Returning cached instance of singleton bean 'org.springframework.transaction.config.internalTransactionAdvisor'
[DEBUG] Finished creating instance of bean 'org.springframework.transaction.config.internalTransactionalEventListenerFactory'
[DEBUG] Creating shared instance of singleton bean 'org.springframework.boot.autoconfigure.transaction.TransactionAutoConfiguration$EnableTransactionManagementConfiguration$CglibAutoProxyConfiguration'
[DEBUG] Creating instance of bean 'org.springframework.boot.autoconfigure.transaction.TransactionAutoConfiguration$EnableTransactionManagementConfiguration$CglibAutoProxyConfiguration'
[DEBUG] Returning cached instance of singleton bean 'org.springframework.transaction.config.internalTransactionAdvisor'
[DEBUG] Eagerly caching bean 'org.springframework.boot.autoconfigure.transaction.TransactionAutoConfiguration$EnableTransactionManagementConfiguration$CglibAutoProxyConfiguration' to allow for resolving potential circular references
[DEBUG] Returning cached instance of singleton bean 'org.springframework.transaction.config.internalTransactionAdvisor'
[DEBUG] Returning cached instance of singleton bean 'org.springframework.transaction.config.internalTransactionAdvisor'
[DEBUG] Finished creating instance of bean 'org.springframework.boot.autoconfigure.transaction.TransactionAutoConfiguration$EnableTransactionManagementConfiguration$CglibAutoProxyConfiguration'
[DEBUG] Creating shared instance of singleton bean 'org.springframework.boot.autoconfigure.transaction.TransactionAutoConfiguration$EnableTransactionManagementConfiguration'
[DEBUG] Creating instance of bean 'org.springframework.boot.autoconfigure.transaction.TransactionAutoConfiguration$EnableTransactionManagementConfiguration'
[DEBUG] Returning cached instance of singleton bean 'org.springframework.transaction.config.internalTransactionAdvisor'
[DEBUG] Eagerly caching bean 'org.springframework.boot.autoconfigure.transaction.TransactionAutoConfiguration$EnableTransactionManagementConfiguration' to allow for resolving potential circular references
[DEBUG] Returning cached instance of singleton bean 'org.springframework.transaction.config.internalTransactionAdvisor'
[DEBUG] Returning cached instance of singleton bean 'org.springframework.transaction.config.internalTransactionAdvisor'
[DEBUG] Finished creating instance of bean 'org.springframework.boot.autoconfigure.transaction.TransactionAutoConfiguration$EnableTransactionManagementConfiguration'
[DEBUG] Creating shared instance of singleton bean 'org.springframework.boot.autoconfigure.transaction.TransactionAutoConfiguration$TransactionTemplateConfiguration'
[DEBUG] Creating instance of bean 'org.springframework.boot.autoconfigure.transaction.TransactionAutoConfiguration$TransactionTemplateConfiguration'
[DEBUG] Returning cached instance of singleton bean 'org.springframework.transaction.config.internalTransactionAdvisor'
[DEBUG] Cannot find '.class' file for class [class org.springframework.boot.autoconfigure.transaction.TransactionAutoConfiguration$TransactionTemplateConfiguration$$EnhancerBySpringCGLIB$$dd9aa71c] - unable to determine constructor/method parameter names
[DEBUG] Returning cached instance of singleton bean 'transactionManager'
[DEBUG] Autowiring by type from bean name 'org.springframework.boot.autoconfigure.transaction.TransactionAutoConfiguration$TransactionTemplateConfiguration' via constructor to bean named 'transactionManager'
[DEBUG] Eagerly caching bean 'org.springframework.boot.autoconfigure.transaction.TransactionAutoConfiguration$TransactionTemplateConfiguration' to allow for resolving potential circular references
[DEBUG] Returning cached instance of singleton bean 'org.springframework.transaction.config.internalTransactionAdvisor'
[DEBUG] Returning cached instance of singleton bean 'org.springframework.transaction.config.internalTransactionAdvisor'
[DEBUG] Finished creating instance of bean 'org.springframework.boot.autoconfigure.transaction.TransactionAutoConfiguration$TransactionTemplateConfiguration'
[DEBUG] Creating shared instance of singleton bean 'transactionTemplate'
[DEBUG] Creating instance of bean 'transactionTemplate'
[DEBUG] Returning cached instance of singleton bean 'org.springframework.transaction.config.internalTransactionAdvisor'
[DEBUG] Returning cached instance of singleton bean 'org.springframework.boot.autoconfigure.transaction.TransactionAutoConfiguration$TransactionTemplateConfiguration'
[DEBUG] Eagerly caching bean 'transactionTemplate' to allow for resolving potential circular references
[DEBUG] Invoking afterPropertiesSet() on bean with name 'transactionTemplate'
[DEBUG] Returning cached instance of singleton bean 'org.springframework.transaction.config.internalTransactionAdvisor'
[DEBUG] Returning cached instance of singleton bean 'org.springframework.transaction.config.internalTransactionAdvisor'
[DEBUG] Finished creating instance of bean 'transactionTemplate'
[DEBUG] Returning cached instance of singleton bean 'org.springframework.boot.autoconfigure.transaction.TransactionAutoConfiguration'
[DEBUG] Returning cached instance of singleton bean 'platformTransactionManagerCustomizers'
[DEBUG] Returning cached instance of singleton bean 'spring.transaction-org.springframework.boot.autoconfigure.transaction.TransactionProperties'
[DEBUG] Creating shared instance of singleton bean 'org.springframework.boot.autoconfigure.web.client.RestTemplateAutoConfiguration'
[DEBUG] Creating instance of bean 'org.springframework.boot.autoconfigure.web.client.RestTemplateAutoConfiguration'
[DEBUG] Returning cached instance of singleton bean 'org.springframework.transaction.config.internalTransactionAdvisor'
[DEBUG] Cannot find '.class' file for class [class org.springframework.boot.autoconfigure.web.client.RestTemplateAutoConfiguration$$EnhancerBySpringCGLIB$$7a26435b] - unable to determine constructor/method parameter names
[DEBUG] Eagerly caching bean 'org.springframework.boot.autoconfigure.web.client.RestTemplateAutoConfiguration' to allow for resolving potential circular references
[DEBUG] Returning cached instance of singleton bean 'org.springframework.transaction.config.internalTransactionAdvisor'
[DEBUG] Returning cached instance of singleton bean 'org.springframework.transaction.config.internalTransactionAdvisor'
[DEBUG] Finished creating instance of bean 'org.springframework.boot.autoconfigure.web.client.RestTemplateAutoConfiguration'
[DEBUG] Creating shared instance of singleton bean 'restTemplateBuilder'
[DEBUG] Creating instance of bean 'restTemplateBuilder'
[DEBUG] Returning cached instance of singleton bean 'org.springframework.transaction.config.internalTransactionAdvisor'
[DEBUG] Returning cached instance of singleton bean 'org.springframework.boot.autoconfigure.web.client.RestTemplateAutoConfiguration'
[DEBUG] Returning cached instance of singleton bean 'messageConverters'
[DEBUG] Eagerly caching bean 'restTemplateBuilder' to allow for resolving potential circular references
[DEBUG] Returning cached instance of singleton bean 'org.springframework.transaction.config.internalTransactionAdvisor'
[DEBUG] Returning cached instance of singleton bean 'org.springframework.transaction.config.internalTransactionAdvisor'
[DEBUG] Finished creating instance of bean 'restTemplateBuilder'
[DEBUG] Returning cached instance of singleton bean 'org.springframework.boot.autoconfigure.web.embedded.EmbeddedWebServerFactoryCustomizerAutoConfiguration$TomcatWebServerFactoryCustomizerConfiguration'
[DEBUG] Returning cached instance of singleton bean 'tomcatWebServerFactoryCustomizer'
[DEBUG] Creating shared instance of singleton bean 'org.springframework.boot.autoconfigure.web.embedded.EmbeddedWebServerFactoryCustomizerAutoConfiguration'
[DEBUG] Creating instance of bean 'org.springframework.boot.autoconfigure.web.embedded.EmbeddedWebServerFactoryCustomizerAutoConfiguration'
[DEBUG] Returning cached instance of singleton bean 'org.springframework.transaction.config.internalTransactionAdvisor'
[DEBUG] Eagerly caching bean 'org.springframework.boot.autoconfigure.web.embedded.EmbeddedWebServerFactoryCustomizerAutoConfiguration' to allow for resolving potential circular references
[DEBUG] Returning cached instance of singleton bean 'org.springframework.transaction.config.internalTransactionAdvisor'
[DEBUG] Returning cached instance of singleton bean 'org.springframework.transaction.config.internalTransactionAdvisor'
[DEBUG] Finished creating instance of bean 'org.springframework.boot.autoconfigure.web.embedded.EmbeddedWebServerFactoryCustomizerAutoConfiguration'
[DEBUG] Returning cached instance of singleton bean 'org.springframework.boot.autoconfigure.web.servlet.HttpEncodingAutoConfiguration'
[DEBUG] Creating shared instance of singleton bean 'characterEncodingFilter'
[DEBUG] Creating instance of bean 'characterEncodingFilter'
[DEBUG] Returning cached instance of singleton bean 'org.springframework.transaction.config.internalTransactionAdvisor'
[DEBUG] Returning cached instance of singleton bean 'org.springframework.boot.autoconfigure.web.servlet.HttpEncodingAutoConfiguration'
[DEBUG] Eagerly caching bean 'characterEncodingFilter' to allow for resolving potential circular references
[DEBUG] Invoking afterPropertiesSet() on bean with name 'characterEncodingFilter'
[DEBUG] Returning cached instance of singleton bean 'org.springframework.transaction.config.internalTransactionAdvisor'
[DEBUG] Returning cached instance of singleton bean 'org.springframework.transaction.config.internalTransactionAdvisor'
[DEBUG] Finished creating instance of bean 'characterEncodingFilter'
[DEBUG] Returning cached instance of singleton bean 'localeCharsetMappingsCustomizer'
[DEBUG] Returning cached instance of singleton bean 'org.springframework.boot.autoconfigure.web.servlet.MultipartAutoConfiguration'
[DEBUG] Returning cached instance of singleton bean 'multipartConfigElement'
[DEBUG] Creating shared instance of singleton bean 'multipartResolver'
[DEBUG] Creating instance of bean 'multipartResolver'
[DEBUG] Returning cached instance of singleton bean 'org.springframework.transaction.config.internalTransactionAdvisor'
[DEBUG] Returning cached instance of singleton bean 'org.springframework.boot.autoconfigure.web.servlet.MultipartAutoConfiguration'
[DEBUG] Eagerly caching bean 'multipartResolver' to allow for resolving potential circular references
[DEBUG] Returning cached instance of singleton bean 'org.springframework.transaction.config.internalTransactionAdvisor'
[DEBUG] Returning cached instance of singleton bean 'org.springframework.transaction.config.internalTransactionAdvisor'
[DEBUG] Finished creating instance of bean 'multipartResolver'
[DEBUG] Returning cached instance of singleton bean 'spring.servlet.multipart-org.springframework.boot.autoconfigure.web.servlet.MultipartProperties'
[DEBUG] Returning cached instance of singleton bean 'org.springframework.orm.jpa.SharedEntityManagerCreator#0'
[DEBUG] Returning cached instance of singleton bean 'org.springframework.context.event.internalEventListenerFactory'
[DEBUG] Returning cached instance of singleton bean 'org.springframework.transaction.config.internalTransactionalEventListenerFactory'
[DEBUG] Unable to locate LifecycleProcessor with name 'lifecycleProcessor': using default [org.springframework.context.support.DefaultLifecycleProcessor@3cf3544]
[DEBUG] Returning cached instance of singleton bean 'lifecycleProcessor'
[DEBUG] Returning cached instance of singleton bean 'org.springframework.boot.autoconfigure.internalCachingMetadataReaderFactory'
[DEBUG] Returning cached instance of singleton bean 'mvcResourceUrlProvider'
[DEBUG] Returning cached instance of singleton bean 'entityLinksPluginRegistry'
[DEBUG] Returning cached instance of singleton bean '_linkDiscovererRegistry'
[DEBUG] Returning cached instance of singleton bean 'relProviderPluginRegistry'
[DEBUG] 


============================
CONDITIONS EVALUATION REPORT
============================


Positive matches:
-----------------

   AopAutoConfiguration matched:
      - @ConditionalOnClass found required classes 'org.springframework.context.annotation.EnableAspectJAutoProxy', 'org.aspectj.lang.annotation.Aspect', 'org.aspectj.lang.reflect.Advice', 'org.aspectj.weaver.AnnotatedElement'; @ConditionalOnMissingClass did not find unwanted class (OnClassCondition)
      - @ConditionalOnProperty (spring.aop.auto=true) matched (OnPropertyCondition)

   AopAutoConfiguration.CglibAutoProxyConfiguration matched:
      - @ConditionalOnProperty (spring.aop.proxy-target-class=true) matched (OnPropertyCondition)

   CodecsAutoConfiguration matched:
      - @ConditionalOnClass found required class 'org.springframework.http.codec.CodecConfigurer'; @ConditionalOnMissingClass did not find unwanted class (OnClassCondition)

   CodecsAutoConfiguration.JacksonCodecConfiguration matched:
      - @ConditionalOnClass found required class 'com.fasterxml.jackson.databind.ObjectMapper'; @ConditionalOnMissingClass did not find unwanted class (OnClassCondition)

   CodecsAutoConfiguration.JacksonCodecConfiguration#jacksonCodecCustomizer matched:
      - @ConditionalOnBean (types: com.fasterxml.jackson.databind.ObjectMapper; SearchStrategy: all) found beans 'halObjectMapper', 'jacksonObjectMapper', 'objectMapper', '_halObjectMapper' (OnBeanCondition)

   DataSourceAutoConfiguration matched:
      - @ConditionalOnClass found required classes 'javax.sql.DataSource', 'org.springframework.jdbc.datasource.embedded.EmbeddedDatabaseType'; @ConditionalOnMissingClass did not find unwanted class (OnClassCondition)

   DataSourceAutoConfiguration.PooledDataSourceConfiguration matched:
      - AnyNestedCondition 1 matched 1 did not; NestedCondition on DataSourceAutoConfiguration.PooledDataSourceCondition.PooledDataSourceAvailable PooledDataSource found supported DataSource; NestedCondition on DataSourceAutoConfiguration.PooledDataSourceCondition.ExplicitType @ConditionalOnProperty (spring.datasource.type) did not find property 'type' (DataSourceAutoConfiguration.PooledDataSourceCondition)
      - @ConditionalOnMissingBean (types: javax.sql.DataSource,javax.sql.XADataSource; SearchStrategy: all) did not find any beans (OnBeanCondition)

   DataSourceConfiguration.Hikari matched:
      - @ConditionalOnClass found required class 'com.zaxxer.hikari.HikariDataSource'; @ConditionalOnMissingClass did not find unwanted class (OnClassCondition)
      - @ConditionalOnProperty (spring.datasource.type=com.zaxxer.hikari.HikariDataSource) matched (OnPropertyCondition)

   DataSourcePoolMetadataProvidersConfiguration.HikariPoolDataSourceMetadataProviderConfiguration matched:
      - @ConditionalOnClass found required class 'com.zaxxer.hikari.HikariDataSource'; @ConditionalOnMissingClass did not find unwanted class (OnClassCondition)

   DataSourceTransactionManagerAutoConfiguration matched:
      - @ConditionalOnClass found required classes 'org.springframework.jdbc.core.JdbcTemplate', 'org.springframework.transaction.PlatformTransactionManager'; @ConditionalOnMissingClass did not find unwanted class (OnClassCondition)

   DataSourceTransactionManagerAutoConfiguration.DataSourceTransactionManagerConfiguration matched:
      - @ConditionalOnSingleCandidate (types: javax.sql.DataSource; SearchStrategy: all) found a primary bean from beans 'dataSource' (OnBeanCondition)

   DispatcherServletAutoConfiguration matched:
      - @ConditionalOnClass found required class 'org.springframework.web.servlet.DispatcherServlet'; @ConditionalOnMissingClass did not find unwanted class (OnClassCondition)
      - found 'session' scope (OnWebApplicationCondition)

   DispatcherServletAutoConfiguration.DispatcherServletConfiguration matched:
      - @ConditionalOnClass found required class 'javax.servlet.ServletRegistration'; @ConditionalOnMissingClass did not find unwanted class (OnClassCondition)
      - Default DispatcherServlet did not find dispatcher servlet beans (DispatcherServletAutoConfiguration.DefaultDispatcherServletCondition)

   DispatcherServletAutoConfiguration.DispatcherServletRegistrationConfiguration matched:
      - @ConditionalOnClass found required class 'javax.servlet.ServletRegistration'; @ConditionalOnMissingClass did not find unwanted class (OnClassCondition)
      - DispatcherServlet Registration did not find servlet registration bean (DispatcherServletAutoConfiguration.DispatcherServletRegistrationCondition)

   DispatcherServletAutoConfiguration.DispatcherServletRegistrationConfiguration#dispatcherServletRegistration matched:
      - @ConditionalOnBean (names: dispatcherServlet; types: org.springframework.web.servlet.DispatcherServlet; SearchStrategy: all) found bean 'dispatcherServlet' (OnBeanCondition)

   EmbeddedWebServerFactoryCustomizerAutoConfiguration.TomcatWebServerFactoryCustomizerConfiguration matched:
      - @ConditionalOnClass found required classes 'org.apache.catalina.startup.Tomcat', 'org.apache.coyote.UpgradeProtocol'; @ConditionalOnMissingClass did not find unwanted class (OnClassCondition)

   ErrorMvcAutoConfiguration matched:
      - @ConditionalOnClass found required classes 'javax.servlet.Servlet', 'org.springframework.web.servlet.DispatcherServlet'; @ConditionalOnMissingClass did not find unwanted class (OnClassCondition)
      - found 'session' scope (OnWebApplicationCondition)

   ErrorMvcAutoConfiguration#basicErrorController matched:
      - @ConditionalOnMissingBean (types: org.springframework.boot.web.servlet.error.ErrorController; SearchStrategy: current) did not find any beans (OnBeanCondition)

   ErrorMvcAutoConfiguration#errorAttributes matched:
      - @ConditionalOnMissingBean (types: org.springframework.boot.web.servlet.error.ErrorAttributes; SearchStrategy: current) did not find any beans (OnBeanCondition)

   ErrorMvcAutoConfiguration.DefaultErrorViewResolverConfiguration#conventionErrorViewResolver matched:
      - @ConditionalOnBean (types: org.springframework.web.servlet.DispatcherServlet; SearchStrategy: all) found bean 'dispatcherServlet'; @ConditionalOnMissingBean (types: org.springframework.boot.autoconfigure.web.servlet.error.DefaultErrorViewResolver; SearchStrategy: all) did not find any beans (OnBeanCondition)

   ErrorMvcAutoConfiguration.WhitelabelErrorViewConfiguration matched:
      - @ConditionalOnProperty (server.error.whitelabel.enabled) matched (OnPropertyCondition)
      - ErrorTemplate Missing did not find error template view (ErrorMvcAutoConfiguration.ErrorTemplateMissingCondition)

   ErrorMvcAutoConfiguration.WhitelabelErrorViewConfiguration#beanNameViewResolver matched:
      - @ConditionalOnMissingBean (types: org.springframework.web.servlet.view.BeanNameViewResolver; SearchStrategy: all) did not find any beans (OnBeanCondition)

   ErrorMvcAutoConfiguration.WhitelabelErrorViewConfiguration#defaultErrorView matched:
      - @ConditionalOnMissingBean (names: error; SearchStrategy: all) did not find any beans (OnBeanCondition)

   GenericCacheConfiguration matched:
      - Cache org.springframework.boot.autoconfigure.cache.GenericCacheConfiguration automatic cache type (CacheCondition)

   HibernateJpaAutoConfiguration matched:
      - @ConditionalOnClass found required classes 'org.springframework.orm.jpa.LocalContainerEntityManagerFactoryBean', 'javax.persistence.EntityManager'; @ConditionalOnMissingClass did not find unwanted class (OnClassCondition)
      - HibernateEntityManager found class 'org.hibernate.ejb.HibernateEntityManager' (HibernateJpaAutoConfiguration.HibernateEntityManagerCondition)

   HibernateJpaConfiguration matched:
      - @ConditionalOnSingleCandidate (types: javax.sql.DataSource; SearchStrategy: all) found a primary bean from beans 'dataSource' (OnBeanCondition)

   HttpEncodingAutoConfiguration matched:
      - @ConditionalOnClass found required class 'org.springframework.web.filter.CharacterEncodingFilter'; @ConditionalOnMissingClass did not find unwanted class (OnClassCondition)
      - found 'session' scope (OnWebApplicationCondition)
      - @ConditionalOnProperty (spring.http.encoding.enabled) matched (OnPropertyCondition)

   HttpEncodingAutoConfiguration#characterEncodingFilter matched:
      - @ConditionalOnMissingBean (types: org.springframework.web.filter.CharacterEncodingFilter; SearchStrategy: all) did not find any beans (OnBeanCondition)

   HttpMessageConvertersAutoConfiguration matched:
      - @ConditionalOnClass found required class 'org.springframework.http.converter.HttpMessageConverter'; @ConditionalOnMissingClass did not find unwanted class (OnClassCondition)

   HttpMessageConvertersAutoConfiguration#messageConverters matched:
      - @ConditionalOnMissingBean (types: org.springframework.boot.autoconfigure.http.HttpMessageConverters; SearchStrategy: all) did not find any beans (OnBeanCondition)

   HttpMessageConvertersAutoConfiguration.StringHttpMessageConverterConfiguration matched:
      - @ConditionalOnClass found required class 'org.springframework.http.converter.StringHttpMessageConverter'; @ConditionalOnMissingClass did not find unwanted class (OnClassCondition)

   HttpMessageConvertersAutoConfiguration.StringHttpMessageConverterConfiguration#stringHttpMessageConverter matched:
      - @ConditionalOnMissingBean (types: org.springframework.http.converter.StringHttpMessageConverter; SearchStrategy: all) did not find any beans (OnBeanCondition)

   HypermediaAutoConfiguration matched:
      - @ConditionalOnClass found required classes 'org.springframework.hateoas.Resource', 'org.springframework.web.bind.annotation.RequestMapping', 'org.springframework.plugin.core.Plugin'; @ConditionalOnMissingClass did not find unwanted class (OnClassCondition)
      - @ConditionalOnWebApplication (required) found 'session' scope (OnWebApplicationCondition)

   HypermediaHttpMessageConverterConfiguration#halMessageConverterSupportedMediaTypeCustomizer matched:
      - @ConditionalOnProperty (spring.hateoas.use-hal-as-default-json-media-type) matched (OnPropertyCondition)

   JacksonAutoConfiguration matched:
      - @ConditionalOnClass found required class 'com.fasterxml.jackson.databind.ObjectMapper'; @ConditionalOnMissingClass did not find unwanted class (OnClassCondition)

   JacksonAutoConfiguration.Jackson2ObjectMapperBuilderCustomizerConfiguration matched:
      - @ConditionalOnClass found required class 'org.springframework.http.converter.json.Jackson2ObjectMapperBuilder'; @ConditionalOnMissingClass did not find unwanted class (OnClassCondition)

   JacksonAutoConfiguration.JacksonObjectMapperBuilderConfiguration matched:
      - @ConditionalOnClass found required class 'org.springframework.http.converter.json.Jackson2ObjectMapperBuilder'; @ConditionalOnMissingClass did not find unwanted class (OnClassCondition)

   JacksonAutoConfiguration.JacksonObjectMapperBuilderConfiguration#jacksonObjectMapperBuilder matched:
      - @ConditionalOnMissingBean (types: org.springframework.http.converter.json.Jackson2ObjectMapperBuilder; SearchStrategy: all) did not find any beans (OnBeanCondition)

   JacksonAutoConfiguration.JacksonObjectMapperConfiguration matched:
      - @ConditionalOnClass found required class 'org.springframework.http.converter.json.Jackson2ObjectMapperBuilder'; @ConditionalOnMissingClass did not find unwanted class (OnClassCondition)

   JacksonAutoConfiguration.JacksonObjectMapperConfiguration#jacksonObjectMapper matched:
      - @ConditionalOnMissingBean (types: com.fasterxml.jackson.databind.ObjectMapper; SearchStrategy: all) did not find any beans (OnBeanCondition)

   JacksonAutoConfiguration.ParameterNamesModuleConfiguration matched:
      - @ConditionalOnClass found required class 'com.fasterxml.jackson.module.paramnames.ParameterNamesModule'; @ConditionalOnMissingClass did not find unwanted class (OnClassCondition)

   JacksonAutoConfiguration.ParameterNamesModuleConfiguration#parameterNamesModule matched:
      - @ConditionalOnMissingBean (types: com.fasterxml.jackson.module.paramnames.ParameterNamesModule; SearchStrategy: all) did not find any beans (OnBeanCondition)

   JacksonHttpMessageConvertersConfiguration.MappingJackson2HttpMessageConverterConfiguration matched:
      - @ConditionalOnClass found required class 'com.fasterxml.jackson.databind.ObjectMapper'; @ConditionalOnMissingClass did not find unwanted class (OnClassCondition)
      - @ConditionalOnProperty (spring.http.converters.preferred-json-mapper=jackson) matched (OnPropertyCondition)
      - @ConditionalOnBean (types: com.fasterxml.jackson.databind.ObjectMapper; SearchStrategy: all) found bean 'jacksonObjectMapper' (OnBeanCondition)

   JacksonHttpMessageConvertersConfiguration.MappingJackson2HttpMessageConverterConfiguration#mappingJackson2HttpMessageConverter matched:
      - @ConditionalOnMissingBean (types: org.springframework.http.converter.json.MappingJackson2HttpMessageConverter; SearchStrategy: all) did not find any beans (OnBeanCondition)

   JdbcTemplateAutoConfiguration matched:
      - @ConditionalOnClass found required classes 'javax.sql.DataSource', 'org.springframework.jdbc.core.JdbcTemplate'; @ConditionalOnMissingClass did not find unwanted class (OnClassCondition)
      - @ConditionalOnSingleCandidate (types: javax.sql.DataSource; SearchStrategy: all) found a primary bean from beans 'dataSource' (OnBeanCondition)

   JdbcTemplateAutoConfiguration.JdbcTemplateConfiguration#jdbcTemplate matched:
      - @ConditionalOnMissingBean (types: org.springframework.jdbc.core.JdbcOperations; SearchStrategy: all) did not find any beans (OnBeanCondition)

   JdbcTemplateAutoConfiguration.NamedParameterJdbcTemplateConfiguration#namedParameterJdbcTemplate matched:
      - @ConditionalOnSingleCandidate (types: org.springframework.jdbc.core.JdbcTemplate; SearchStrategy: all) found a primary bean from beans 'jdbcTemplate'; @ConditionalOnMissingBean (types: org.springframework.jdbc.core.namedparam.NamedParameterJdbcOperations; SearchStrategy: all) did not find any beans (OnBeanCondition)

   JpaBaseConfiguration#entityManagerFactory matched:
      - @ConditionalOnMissingBean (types: org.springframework.orm.jpa.LocalContainerEntityManagerFactoryBean,javax.persistence.EntityManagerFactory; SearchStrategy: all) did not find any beans (OnBeanCondition)

   JpaBaseConfiguration#entityManagerFactoryBuilder matched:
      - @ConditionalOnMissingBean (types: org.springframework.boot.orm.jpa.EntityManagerFactoryBuilder; SearchStrategy: all) did not find any beans (OnBeanCondition)

   JpaBaseConfiguration#jpaVendorAdapter matched:
      - @ConditionalOnMissingBean (types: org.springframework.orm.jpa.JpaVendorAdapter; SearchStrategy: all) did not find any beans (OnBeanCondition)

   JpaBaseConfiguration#transactionManager matched:
      - @ConditionalOnMissingBean (types: org.springframework.transaction.PlatformTransactionManager; SearchStrategy: all) did not find any beans (OnBeanCondition)

   JpaBaseConfiguration.JpaWebConfiguration matched:
      - @ConditionalOnClass found required class 'org.springframework.web.servlet.config.annotation.WebMvcConfigurer'; @ConditionalOnMissingClass did not find unwanted class (OnClassCondition)
      - found 'session' scope (OnWebApplicationCondition)
      - @ConditionalOnProperty (spring.jpa.open-in-view=true) matched (OnPropertyCondition)
      - @ConditionalOnMissingBean (types: org.springframework.orm.jpa.support.OpenEntityManagerInViewInterceptor,org.springframework.orm.jpa.support.OpenEntityManagerInViewFilter; SearchStrategy: all) did not find any beans (OnBeanCondition)

   JpaRepositoriesAutoConfiguration matched:
      - @ConditionalOnClass found required class 'org.springframework.data.jpa.repository.JpaRepository'; @ConditionalOnMissingClass did not find unwanted class (OnClassCondition)
      - @ConditionalOnProperty (spring.data.jpa.repositories.enabled=true) matched (OnPropertyCondition)
      - @ConditionalOnBean (types: javax.sql.DataSource; SearchStrategy: all) found bean 'dataSource'; @ConditionalOnMissingBean (types: org.springframework.data.jpa.repository.support.JpaRepositoryFactoryBean,org.springframework.data.jpa.repository.config.JpaRepositoryConfigExtension; SearchStrategy: all) did not find any beans (OnBeanCondition)

   JtaAutoConfiguration matched:
      - @ConditionalOnClass found required class 'javax.transaction.Transaction'; @ConditionalOnMissingClass did not find unwanted class (OnClassCondition)
      - @ConditionalOnProperty (spring.jta.enabled) matched (OnPropertyCondition)

   MultipartAutoConfiguration matched:
      - @ConditionalOnClass found required classes 'javax.servlet.Servlet', 'org.springframework.web.multipart.support.StandardServletMultipartResolver', 'javax.servlet.MultipartConfigElement'; @ConditionalOnMissingClass did not find unwanted class (OnClassCondition)
      - found 'session' scope (OnWebApplicationCondition)
      - @ConditionalOnProperty (spring.servlet.multipart.enabled) matched (OnPropertyCondition)

   MultipartAutoConfiguration#multipartConfigElement matched:
      - @ConditionalOnMissingBean (types: javax.servlet.MultipartConfigElement; SearchStrategy: all) did not find any beans (OnBeanCondition)

   MultipartAutoConfiguration#multipartResolver matched:
      - @ConditionalOnMissingBean (types: org.springframework.web.multipart.MultipartResolver; SearchStrategy: all) did not find any beans (OnBeanCondition)

   NoOpCacheConfiguration matched:
      - Cache org.springframework.boot.autoconfigure.cache.NoOpCacheConfiguration automatic cache type (CacheCondition)

   PersistenceExceptionTranslationAutoConfiguration matched:
      - @ConditionalOnClass found required class 'org.springframework.dao.annotation.PersistenceExceptionTranslationPostProcessor'; @ConditionalOnMissingClass did not find unwanted class (OnClassCondition)

   PersistenceExceptionTranslationAutoConfiguration#persistenceExceptionTranslationPostProcessor matched:
      - @ConditionalOnProperty (spring.dao.exceptiontranslation.enabled) matched (OnPropertyCondition)
      - @ConditionalOnMissingBean (types: org.springframework.dao.annotation.PersistenceExceptionTranslationPostProcessor; SearchStrategy: all) did not find any beans (OnBeanCondition)

   PropertyPlaceholderAutoConfiguration#propertySourcesPlaceholderConfigurer matched:
      - @ConditionalOnMissingBean (types: org.springframework.context.support.PropertySourcesPlaceholderConfigurer; SearchStrategy: current) did not find any beans (OnBeanCondition)

   RedisCacheConfiguration matched:
      - Cache org.springframework.boot.autoconfigure.cache.RedisCacheConfiguration automatic cache type (CacheCondition)

   RepositoryRestMvcAutoConfiguration matched:
      - @ConditionalOnClass found required class 'org.springframework.data.rest.webmvc.config.RepositoryRestMvcConfiguration'; @ConditionalOnMissingClass did not find unwanted class (OnClassCondition)
      - found 'session' scope (OnWebApplicationCondition)
      - @ConditionalOnMissingBean (types: org.springframework.data.rest.webmvc.config.RepositoryRestMvcConfiguration; SearchStrategy: all) did not find any beans (OnBeanCondition)

   RestTemplateAutoConfiguration matched:
      - @ConditionalOnClass found required class 'org.springframework.web.client.RestTemplate'; @ConditionalOnMissingClass did not find unwanted class (OnClassCondition)

   RestTemplateAutoConfiguration#restTemplateBuilder matched:
      - @ConditionalOnMissingBean (types: org.springframework.boot.web.client.RestTemplateBuilder; SearchStrategy: all) did not find any beans (OnBeanCondition)

   ServletWebServerFactoryAutoConfiguration matched:
      - @ConditionalOnClass found required class 'javax.servlet.ServletRequest'; @ConditionalOnMissingClass did not find unwanted class (OnClassCondition)
      - found 'session' scope (OnWebApplicationCondition)

   ServletWebServerFactoryAutoConfiguration#tomcatServletWebServerFactoryCustomizer matched:
      - @ConditionalOnClass found required class 'org.apache.catalina.startup.Tomcat'; @ConditionalOnMissingClass did not find unwanted class (OnClassCondition)

   ServletWebServerFactoryConfiguration.EmbeddedTomcat matched:
      - @ConditionalOnClass found required classes 'javax.servlet.Servlet', 'org.apache.catalina.startup.Tomcat', 'org.apache.coyote.UpgradeProtocol'; @ConditionalOnMissingClass did not find unwanted class (OnClassCondition)
      - @ConditionalOnMissingBean (types: org.springframework.boot.web.servlet.server.ServletWebServerFactory; SearchStrategy: current) did not find any beans (OnBeanCondition)

   SimpleCacheConfiguration matched:
      - Cache org.springframework.boot.autoconfigure.cache.SimpleCacheConfiguration automatic cache type (CacheCondition)

   TransactionAutoConfiguration matched:
      - @ConditionalOnClass found required class 'org.springframework.transaction.PlatformTransactionManager'; @ConditionalOnMissingClass did not find unwanted class (OnClassCondition)

   TransactionAutoConfiguration#platformTransactionManagerCustomizers matched:
      - @ConditionalOnMissingBean (types: org.springframework.boot.autoconfigure.transaction.TransactionManagerCustomizers; SearchStrategy: all) did not find any beans (OnBeanCondition)

   TransactionAutoConfiguration.EnableTransactionManagementConfiguration matched:
      - @ConditionalOnBean (types: org.springframework.transaction.PlatformTransactionManager; SearchStrategy: all) found bean 'transactionManager'; @ConditionalOnMissingBean (types: org.springframework.transaction.annotation.AbstractTransactionManagementConfiguration; SearchStrategy: all) did not find any beans (OnBeanCondition)

   TransactionAutoConfiguration.EnableTransactionManagementConfiguration.CglibAutoProxyConfiguration matched:
      - @ConditionalOnProperty (spring.aop.proxy-target-class=true) matched (OnPropertyCondition)

   TransactionAutoConfiguration.TransactionTemplateConfiguration matched:
      - @ConditionalOnSingleCandidate (types: org.springframework.transaction.PlatformTransactionManager; SearchStrategy: all) found a primary bean from beans 'transactionManager' (OnBeanCondition)

   TransactionAutoConfiguration.TransactionTemplateConfiguration#transactionTemplate matched:
      - @ConditionalOnMissingBean (types: org.springframework.transaction.support.TransactionTemplate; SearchStrategy: all) did not find any beans (OnBeanCondition)

   ValidationAutoConfiguration matched:
      - @ConditionalOnClass found required class 'javax.validation.executable.ExecutableValidator'; @ConditionalOnMissingClass did not find unwanted class (OnClassCondition)
      - @ConditionalOnResource found location classpath:META-INF/services/javax.validation.spi.ValidationProvider (OnResourceCondition)

   ValidationAutoConfiguration#defaultValidator matched:
      - @ConditionalOnMissingBean (types: javax.validation.Validator; SearchStrategy: all) did not find any beans (OnBeanCondition)

   ValidationAutoConfiguration#methodValidationPostProcessor matched:
      - @ConditionalOnMissingBean (types: org.springframework.validation.beanvalidation.MethodValidationPostProcessor; SearchStrategy: all) did not find any beans (OnBeanCondition)

   WebMvcAutoConfiguration matched:
      - @ConditionalOnClass found required classes 'javax.servlet.Servlet', 'org.springframework.web.servlet.DispatcherServlet', 'org.springframework.web.servlet.config.annotation.WebMvcConfigurer'; @ConditionalOnMissingClass did not find unwanted class (OnClassCondition)
      - found 'session' scope (OnWebApplicationCondition)
      - @ConditionalOnMissingBean (types: org.springframework.web.servlet.config.annotation.WebMvcConfigurationSupport; SearchStrategy: all) did not find any beans (OnBeanCondition)

   WebMvcAutoConfiguration#hiddenHttpMethodFilter matched:
      - @ConditionalOnMissingBean (types: org.springframework.web.filter.HiddenHttpMethodFilter; SearchStrategy: all) did not find any beans (OnBeanCondition)

   WebMvcAutoConfiguration#httpPutFormContentFilter matched:
      - @ConditionalOnProperty (spring.mvc.formcontent.putfilter.enabled) matched (OnPropertyCondition)
      - @ConditionalOnMissingBean (types: org.springframework.web.filter.HttpPutFormContentFilter; SearchStrategy: all) did not find any beans (OnBeanCondition)

   WebMvcAutoConfiguration.WebMvcAutoConfigurationAdapter#defaultViewResolver matched:
      - @ConditionalOnMissingBean (types: org.springframework.web.servlet.view.InternalResourceViewResolver; SearchStrategy: all) did not find any beans (OnBeanCondition)

   WebMvcAutoConfiguration.WebMvcAutoConfigurationAdapter#requestContextFilter matched:
      - @ConditionalOnMissingBean (types: org.springframework.web.context.request.RequestContextListener,org.springframework.web.filter.RequestContextFilter; SearchStrategy: all) did not find any beans (OnBeanCondition)

   WebMvcAutoConfiguration.WebMvcAutoConfigurationAdapter#viewResolver matched:
      - @ConditionalOnBean (types: org.springframework.web.servlet.ViewResolver; SearchStrategy: all) found beans 'defaultViewResolver', 'beanNameViewResolver', 'mvcViewResolver'; @ConditionalOnMissingBean (names: viewResolver; types: org.springframework.web.servlet.view.ContentNegotiatingViewResolver; SearchStrategy: all) did not find any beans (OnBeanCondition)

   WebMvcAutoConfiguration.WebMvcAutoConfigurationAdapter.FaviconConfiguration matched:
      - @ConditionalOnProperty (spring.mvc.favicon.enabled) matched (OnPropertyCondition)

   WebSocketServletAutoConfiguration matched:
      - @ConditionalOnClass found required classes 'javax.servlet.Servlet', 'javax.websocket.server.ServerContainer'; @ConditionalOnMissingClass did not find unwanted class (OnClassCondition)
      - found 'session' scope (OnWebApplicationCondition)

   WebSocketServletAutoConfiguration.TomcatWebSocketConfiguration matched:
      - @ConditionalOnClass found required classes 'org.apache.catalina.startup.Tomcat', 'org.apache.tomcat.websocket.server.WsSci'; @ConditionalOnMissingClass did not find unwanted class (OnClassCondition)

   WebSocketServletAutoConfiguration.TomcatWebSocketConfiguration#websocketContainerCustomizer matched:
      - @ConditionalOnMissingBean (names: websocketServletWebServerCustomizer; SearchStrategy: all) did not find any beans (OnBeanCondition)


Negative matches:
-----------------

   ActiveMQAutoConfiguration:
      Did not match:
         - @ConditionalOnClass did not find required classes 'javax.jms.ConnectionFactory', 'org.apache.activemq.ActiveMQConnectionFactory' (OnClassCondition)

   AopAutoConfiguration.JdkDynamicAutoProxyConfiguration:
      Did not match:
         - @ConditionalOnProperty (spring.aop.proxy-target-class=false) did not find property 'proxy-target-class' (OnPropertyCondition)

   ArtemisAutoConfiguration:
      Did not match:
         - @ConditionalOnClass did not find required classes 'javax.jms.ConnectionFactory', 'org.apache.activemq.artemis.jms.client.ActiveMQConnectionFactory' (OnClassCondition)

   AtomikosJtaConfiguration:
      Did not match:
         - @ConditionalOnClass did not find required class 'com.atomikos.icatch.jta.UserTransactionManager' (OnClassCondition)

   BatchAutoConfiguration:
      Did not match:
         - @ConditionalOnClass did not find required class 'org.springframework.batch.core.launch.JobLauncher' (OnClassCondition)

   BitronixJtaConfiguration:
      Did not match:
         - @ConditionalOnClass did not find required class 'bitronix.tm.jndi.BitronixContext' (OnClassCondition)

   CacheAutoConfiguration:
      Did not match:
         - @ConditionalOnBean (types: org.springframework.cache.interceptor.CacheAspectSupport; SearchStrategy: all) did not find any beans of type org.springframework.cache.interceptor.CacheAspectSupport (OnBeanCondition)
      Matched:
         - @ConditionalOnClass found required class 'org.springframework.cache.CacheManager'; @ConditionalOnMissingClass did not find unwanted class (OnClassCondition)

   CacheAutoConfiguration.CacheManagerJpaDependencyConfiguration:
      Did not match:
         - Ancestor org.springframework.boot.autoconfigure.cache.CacheAutoConfiguration did not match (ConditionEvaluationReport.AncestorsMatchedCondition)
      Matched:
         - @ConditionalOnClass found required class 'org.springframework.orm.jpa.LocalContainerEntityManagerFactoryBean'; @ConditionalOnMissingClass did not find unwanted class (OnClassCondition)

   CaffeineCacheConfiguration:
      Did not match:
         - @ConditionalOnClass did not find required classes 'com.github.benmanes.caffeine.cache.Caffeine', 'org.springframework.cache.caffeine.CaffeineCacheManager' (OnClassCondition)

   CassandraAutoConfiguration:
      Did not match:
         - @ConditionalOnClass did not find required class 'com.datastax.driver.core.Cluster' (OnClassCondition)

   CassandraDataAutoConfiguration:
      Did not match:
         - @ConditionalOnClass did not find required classes 'com.datastax.driver.core.Cluster', 'org.springframework.data.cassandra.core.CassandraAdminOperations' (OnClassCondition)

   CassandraReactiveDataAutoConfiguration:
      Did not match:
         - @ConditionalOnClass did not find required classes 'com.datastax.driver.core.Cluster', 'org.springframework.data.cassandra.core.ReactiveCassandraTemplate', 'reactor.core.publisher.Flux' (OnClassCondition)

   CassandraReactiveRepositoriesAutoConfiguration:
      Did not match:
         - @ConditionalOnClass did not find required classes 'org.springframework.data.cassandra.ReactiveSession', 'org.springframework.data.cassandra.repository.ReactiveCassandraRepository' (OnClassCondition)

   CassandraRepositoriesAutoConfiguration:
      Did not match:
         - @ConditionalOnClass did not find required classes 'com.datastax.driver.core.Session', 'org.springframework.data.cassandra.repository.CassandraRepository' (OnClassCondition)

   CloudAutoConfiguration:
      Did not match:
         - @ConditionalOnClass did not find required class 'org.springframework.cloud.config.java.CloudScanConfiguration' (OnClassCondition)

   CouchbaseAutoConfiguration:
      Did not match:
         - @ConditionalOnClass did not find required classes 'com.couchbase.client.java.CouchbaseBucket', 'com.couchbase.client.java.Cluster' (OnClassCondition)

   CouchbaseCacheConfiguration:
      Did not match:
         - @ConditionalOnClass did not find required classes 'com.couchbase.client.java.Bucket', 'com.couchbase.client.spring.cache.CouchbaseCacheManager' (OnClassCondition)

   CouchbaseDataAutoConfiguration:
      Did not match:
         - @ConditionalOnClass did not find required classes 'com.couchbase.client.java.Bucket', 'org.springframework.data.couchbase.repository.CouchbaseRepository' (OnClassCondition)

   CouchbaseReactiveDataAutoConfiguration:
      Did not match:
         - @ConditionalOnClass did not find required classes 'com.couchbase.client.java.Bucket', 'org.springframework.data.couchbase.repository.ReactiveCouchbaseRepository', 'reactor.core.publisher.Flux' (OnClassCondition)

   CouchbaseReactiveRepositoriesAutoConfiguration:
      Did not match:
         - @ConditionalOnClass did not find required classes 'com.couchbase.client.java.Bucket', 'org.springframework.data.couchbase.repository.ReactiveCouchbaseRepository', 'reactor.core.publisher.Flux' (OnClassCondition)

   CouchbaseRepositoriesAutoConfiguration:
      Did not match:
         - @ConditionalOnClass did not find required classes 'com.couchbase.client.java.Bucket', 'org.springframework.data.couchbase.repository.CouchbaseRepository' (OnClassCondition)

   DataSourceAutoConfiguration.EmbeddedDatabaseConfiguration:
      Did not match:
         - EmbeddedDataSource found supported pooled data source (DataSourceAutoConfiguration.EmbeddedDatabaseCondition)

   DataSourceConfiguration.Dbcp2:
      Did not match:
         - @ConditionalOnClass did not find required class 'org.apache.commons.dbcp2.BasicDataSource' (OnClassCondition)

   DataSourceConfiguration.Generic:
      Did not match:
         - @ConditionalOnProperty (spring.datasource.type) did not find property 'spring.datasource.type' (OnPropertyCondition)

   DataSourceConfiguration.Tomcat:
      Did not match:
         - @ConditionalOnClass did not find required class 'org.apache.tomcat.jdbc.pool.DataSource' (OnClassCondition)

   DataSourceJmxConfiguration:
      Did not match:
         - @ConditionalOnProperty (spring.jmx.enabled=true) found different value in property 'enabled' (OnPropertyCondition)

   DataSourcePoolMetadataProvidersConfiguration.CommonsDbcp2PoolDataSourceMetadataProviderConfiguration:
      Did not match:
         - @ConditionalOnClass did not find required class 'org.apache.commons.dbcp2.BasicDataSource' (OnClassCondition)

   DataSourcePoolMetadataProvidersConfiguration.TomcatDataSourcePoolMetadataProviderConfiguration:
      Did not match:
         - @ConditionalOnClass did not find required class 'org.apache.tomcat.jdbc.pool.DataSource' (OnClassCondition)

   DataSourceTransactionManagerAutoConfiguration.DataSourceTransactionManagerConfiguration#transactionManager:
      Did not match:
         - @ConditionalOnMissingBean (types: org.springframework.transaction.PlatformTransactionManager; SearchStrategy: all) found beans of type 'org.springframework.transaction.PlatformTransactionManager' transactionManager (OnBeanCondition)

   DispatcherServletAutoConfiguration.DispatcherServletConfiguration#multipartResolver:
      Did not match:
         - @ConditionalOnBean (types: org.springframework.web.multipart.MultipartResolver; SearchStrategy: all) did not find any beans of type org.springframework.web.multipart.MultipartResolver (OnBeanCondition)

   EhCacheCacheConfiguration:
      Did not match:
         - @ConditionalOnClass did not find required classes 'net.sf.ehcache.Cache', 'org.springframework.cache.ehcache.EhCacheCacheManager' (OnClassCondition)

   ElasticsearchAutoConfiguration:
      Did not match:
         - @ConditionalOnClass did not find required classes 'org.elasticsearch.client.Client', 'org.springframework.data.elasticsearch.client.TransportClientFactoryBean' (OnClassCondition)

   ElasticsearchDataAutoConfiguration:
      Did not match:
         - @ConditionalOnClass did not find required classes 'org.elasticsearch.client.Client', 'org.springframework.data.elasticsearch.core.ElasticsearchTemplate' (OnClassCondition)

   ElasticsearchRepositoriesAutoConfiguration:
      Did not match:
         - @ConditionalOnClass did not find required classes 'org.elasticsearch.client.Client', 'org.springframework.data.elasticsearch.repository.ElasticsearchRepository' (OnClassCondition)

   EmbeddedLdapAutoConfiguration:
      Did not match:
         - @ConditionalOnClass did not find required class 'com.unboundid.ldap.listener.InMemoryDirectoryServer' (OnClassCondition)

   EmbeddedMongoAutoConfiguration:
      Did not match:
         - @ConditionalOnClass did not find required classes 'com.mongodb.MongoClient', 'de.flapdoodle.embed.mongo.MongodStarter' (OnClassCondition)

   EmbeddedWebServerFactoryCustomizerAutoConfiguration.JettyWebServerFactoryCustomizerConfiguration:
      Did not match:
         - @ConditionalOnClass did not find required classes 'org.eclipse.jetty.server.Server', 'org.eclipse.jetty.util.Loader', 'org.eclipse.jetty.webapp.WebAppContext' (OnClassCondition)

   EmbeddedWebServerFactoryCustomizerAutoConfiguration.UndertowWebServerFactoryCustomizerConfiguration:
      Did not match:
         - @ConditionalOnClass did not find required classes 'io.undertow.Undertow', 'org.xnio.SslClientAuthMode' (OnClassCondition)

   ErrorWebFluxAutoConfiguration:
      Did not match:
         - @ConditionalOnClass did not find required class 'org.springframework.web.reactive.config.WebFluxConfigurer' (OnClassCondition)

   FlywayAutoConfiguration:
      Did not match:
         - @ConditionalOnClass did not find required class 'org.flywaydb.core.Flyway' (OnClassCondition)

   FreeMarkerAutoConfiguration:
      Did not match:
         - @ConditionalOnClass did not find required classes 'freemarker.template.Configuration', 'org.springframework.ui.freemarker.FreeMarkerConfigurationFactory' (OnClassCondition)

   GroovyTemplateAutoConfiguration:
      Did not match:
         - @ConditionalOnClass did not find required class 'groovy.text.markup.MarkupTemplateEngine' (OnClassCondition)

   GsonAutoConfiguration:
      Did not match:
         - @ConditionalOnClass did not find required class 'com.google.gson.Gson' (OnClassCondition)

   GsonHttpMessageConvertersConfiguration:
      Did not match:
         - @ConditionalOnClass did not find required class 'com.google.gson.Gson' (OnClassCondition)

   H2ConsoleAutoConfiguration:
      Did not match:
         - @ConditionalOnClass did not find required class 'org.h2.server.web.WebServlet' (OnClassCondition)

   HazelcastAutoConfiguration:
      Did not match:
         - @ConditionalOnClass did not find required class 'com.hazelcast.core.HazelcastInstance' (OnClassCondition)

   HazelcastCacheConfiguration:
      Did not match:
         - @ConditionalOnClass did not find required classes 'com.hazelcast.core.HazelcastInstance', 'com.hazelcast.spring.cache.HazelcastCacheManager' (OnClassCondition)

   HazelcastJpaDependencyAutoConfiguration:
      Did not match:
         - @ConditionalOnClass did not find required class 'com.hazelcast.core.HazelcastInstance' (OnClassCondition)

   HttpHandlerAutoConfiguration:
      Did not match:
         - @ConditionalOnClass did not find required class 'org.springframework.web.reactive.DispatcherHandler' (OnClassCondition)

   HypermediaAutoConfiguration.EntityLinksConfiguration:
      Did not match:
         - @ConditionalOnMissingBean (types: org.springframework.hateoas.EntityLinks; SearchStrategy: all) found beans of type 'org.springframework.hateoas.EntityLinks' delegatingEntityLinks, entityLinks, controllerEntityLinks (OnBeanCondition)

   HypermediaAutoConfiguration.HypermediaConfiguration:
      Did not match:
         - @ConditionalOnMissingBean (types: org.springframework.hateoas.LinkDiscoverers; SearchStrategy: all) found beans of type 'org.springframework.hateoas.LinkDiscoverers' org.springframework.hateoas.LinkDiscoverers#0 (OnBeanCondition)
      Matched:
         - @ConditionalOnClass found required class 'com.fasterxml.jackson.databind.ObjectMapper'; @ConditionalOnMissingClass did not find unwanted class (OnClassCondition)

   InfinispanCacheConfiguration:
      Did not match:
         - @ConditionalOnClass did not find required class 'org.infinispan.spring.provider.SpringEmbeddedCacheManager' (OnClassCondition)

   InfluxDbAutoConfiguration:
      Did not match:
         - @ConditionalOnClass did not find required class 'org.influxdb.InfluxDB' (OnClassCondition)

   IntegrationAutoConfiguration:
      Did not match:
         - @ConditionalOnClass did not find required class 'org.springframework.integration.config.EnableIntegration' (OnClassCondition)

   JCacheCacheConfiguration:
      Did not match:
         - @ConditionalOnClass did not find required classes 'javax.cache.Caching', 'org.springframework.cache.jcache.JCacheCacheManager' (OnClassCondition)

   JacksonAutoConfiguration.JodaDateTimeJacksonConfiguration:
      Did not match:
         - @ConditionalOnClass did not find required classes 'org.joda.time.DateTime', 'com.fasterxml.jackson.datatype.joda.ser.DateTimeSerializer', 'com.fasterxml.jackson.datatype.joda.cfg.JacksonJodaDateFormat' (OnClassCondition)

   JacksonHttpMessageConvertersConfiguration.MappingJackson2XmlHttpMessageConverterConfiguration:
      Did not match:
         - @ConditionalOnClass did not find required class 'com.fasterxml.jackson.dataformat.xml.XmlMapper' (OnClassCondition)

   JerseyAutoConfiguration:
      Did not match:
         - @ConditionalOnClass did not find required class 'org.glassfish.jersey.server.spring.SpringComponentProvider' (OnClassCondition)

   JestAutoConfiguration:
      Did not match:
         - @ConditionalOnClass did not find required class 'io.searchbox.client.JestClient' (OnClassCondition)

   JmsAutoConfiguration:
      Did not match:
         - @ConditionalOnClass did not find required classes 'javax.jms.Message', 'org.springframework.jms.core.JmsTemplate' (OnClassCondition)

   JmxAutoConfiguration:
      Did not match:
         - @ConditionalOnProperty (spring.jmx.enabled=true) found different value in property 'enabled' (OnPropertyCondition)
      Matched:
         - @ConditionalOnClass found required class 'org.springframework.jmx.export.MBeanExporter'; @ConditionalOnMissingClass did not find unwanted class (OnClassCondition)

   JndiConnectionFactoryAutoConfiguration:
      Did not match:
         - @ConditionalOnClass did not find required class 'org.springframework.jms.core.JmsTemplate' (OnClassCondition)

   JndiDataSourceAutoConfiguration:
      Did not match:
         - @ConditionalOnProperty (spring.datasource.jndi-name) did not find property 'jndi-name' (OnPropertyCondition)
      Matched:
         - @ConditionalOnClass found required classes 'javax.sql.DataSource', 'org.springframework.jdbc.datasource.embedded.EmbeddedDatabaseType'; @ConditionalOnMissingClass did not find unwanted class (OnClassCondition)

   JndiJtaConfiguration:
      Did not match:
         - @ConditionalOnJndi JNDI environment is not available (OnJndiCondition)
      Matched:
         - @ConditionalOnClass found required class 'org.springframework.transaction.jta.JtaTransactionManager'; @ConditionalOnMissingClass did not find unwanted class (OnClassCondition)

   JooqAutoConfiguration:
      Did not match:
         - @ConditionalOnClass did not find required class 'org.jooq.DSLContext' (OnClassCondition)

   JsonbAutoConfiguration:
      Did not match:
         - @ConditionalOnClass did not find required class 'javax.json.bind.Jsonb' (OnClassCondition)

   JsonbHttpMessageConvertersConfiguration:
      Did not match:
         - @ConditionalOnClass did not find required class 'javax.json.bind.Jsonb' (OnClassCondition)

   KafkaAutoConfiguration:
      Did not match:
         - @ConditionalOnClass did not find required class 'org.springframework.kafka.core.KafkaTemplate' (OnClassCondition)

   LdapAutoConfiguration:
      Did not match:
         - @ConditionalOnClass did not find required class 'org.springframework.ldap.core.ContextSource' (OnClassCondition)

   LdapDataAutoConfiguration:
      Did not match:
         - @ConditionalOnClass did not find required class 'org.springframework.data.ldap.repository.LdapRepository' (OnClassCondition)

   LdapRepositoriesAutoConfiguration:
      Did not match:
         - @ConditionalOnClass did not find required class 'org.springframework.data.ldap.repository.LdapRepository' (OnClassCondition)

   LiquibaseAutoConfiguration:
      Did not match:
         - @ConditionalOnClass did not find required classes 'liquibase.integration.spring.SpringLiquibase', 'liquibase.change.DatabaseChange' (OnClassCondition)

   MailSenderAutoConfiguration:
      Did not match:
         - @ConditionalOnClass did not find required class 'javax.mail.internet.MimeMessage' (OnClassCondition)

   MailSenderValidatorAutoConfiguration:
      Did not match:
         - @ConditionalOnProperty (spring.mail.test-connection) did not find property 'test-connection' (OnPropertyCondition)

   MessageSourceAutoConfiguration:
      Did not match:
         - ResourceBundle did not find bundle with basename messages (MessageSourceAutoConfiguration.ResourceBundleCondition)

   MongoAutoConfiguration:
      Did not match:
         - @ConditionalOnClass did not find required class 'com.mongodb.MongoClient' (OnClassCondition)

   MongoDataAutoConfiguration:
      Did not match:
         - @ConditionalOnClass did not find required classes 'com.mongodb.MongoClient', 'org.springframework.data.mongodb.core.MongoTemplate' (OnClassCondition)

   MongoReactiveAutoConfiguration:
      Did not match:
         - @ConditionalOnClass did not find required class 'com.mongodb.reactivestreams.client.MongoClient' (OnClassCondition)

   MongoReactiveDataAutoConfiguration:
      Did not match:
         - @ConditionalOnClass did not find required classes 'com.mongodb.reactivestreams.client.MongoClient', 'org.springframework.data.mongodb.core.ReactiveMongoTemplate' (OnClassCondition)

   MongoReactiveRepositoriesAutoConfiguration:
      Did not match:
         - @ConditionalOnClass did not find required classes 'com.mongodb.reactivestreams.client.MongoClient', 'org.springframework.data.mongodb.repository.ReactiveMongoRepository' (OnClassCondition)

   MongoRepositoriesAutoConfiguration:
      Did not match:
         - @ConditionalOnClass did not find required classes 'com.mongodb.MongoClient', 'org.springframework.data.mongodb.repository.MongoRepository' (OnClassCondition)

   MustacheAutoConfiguration:
      Did not match:
         - @ConditionalOnClass did not find required class 'com.samskivert.mustache.Mustache' (OnClassCondition)

   NarayanaJtaConfiguration:
      Did not match:
         - @ConditionalOnClass did not find required classes 'com.arjuna.ats.jta.UserTransaction', 'org.jboss.tm.XAResourceRecoveryRegistry' (OnClassCondition)

   Neo4jDataAutoConfiguration:
      Did not match:
         - @ConditionalOnClass did not find required classes 'org.neo4j.ogm.session.SessionFactory', 'org.springframework.data.neo4j.transaction.Neo4jTransactionManager' (OnClassCondition)

   Neo4jRepositoriesAutoConfiguration:
      Did not match:
         - @ConditionalOnClass did not find required classes 'org.neo4j.ogm.session.Neo4jSession', 'org.springframework.data.neo4j.repository.Neo4jRepository' (OnClassCondition)

   OAuth2ClientAutoConfiguration:
      Did not match:
         - @ConditionalOnClass did not find required classes 'org.springframework.security.config.annotation.web.configuration.EnableWebSecurity', 'org.springframework.security.oauth2.client.registration.ClientRegistration' (OnClassCondition)

   ProjectInfoAutoConfiguration#buildProperties:
      Did not match:
         - @ConditionalOnResource did not find resource '${spring.info.build.location:classpath:META-INF/build-info.properties}' (OnResourceCondition)

   ProjectInfoAutoConfiguration#gitProperties:
      Did not match:
         - GitResource did not find git info at classpath:git.properties (ProjectInfoAutoConfiguration.GitResourceAvailableCondition)

   QuartzAutoConfiguration:
      Did not match:
         - @ConditionalOnClass did not find required classes 'org.quartz.Scheduler', 'org.springframework.scheduling.quartz.SchedulerFactoryBean' (OnClassCondition)

   RabbitAutoConfiguration:
      Did not match:
         - @ConditionalOnClass did not find required classes 'org.springframework.amqp.rabbit.core.RabbitTemplate', 'com.rabbitmq.client.Channel' (OnClassCondition)

   ReactiveUserDetailsServiceAutoConfiguration:
      Did not match:
         - @ConditionalOnClass did not find required class 'org.springframework.security.authentication.ReactiveAuthenticationManager' (OnClassCondition)

   ReactiveWebServerFactoryAutoConfiguration:
      Did not match:
         - not a reactive web application (OnWebApplicationCondition)
      Matched:
         - @ConditionalOnClass found required class 'org.springframework.http.ReactiveHttpInputMessage'; @ConditionalOnMissingClass did not find unwanted class (OnClassCondition)

   ReactorCoreAutoConfiguration:
      Did not match:
         - @ConditionalOnClass did not find required classes 'reactor.core.publisher.Mono', 'reactor.core.publisher.Flux' (OnClassCondition)

   RedisAutoConfiguration:
      Did not match:
         - @ConditionalOnClass did not find required class 'org.springframework.data.redis.core.RedisOperations' (OnClassCondition)

   RedisReactiveAutoConfiguration:
      Did not match:
         - @ConditionalOnClass did not find required classes 'org.springframework.data.redis.connection.ReactiveRedisConnectionFactory', 'org.springframework.data.redis.core.ReactiveRedisTemplate', 'reactor.core.publisher.Flux' (OnClassCondition)

   RedisRepositoriesAutoConfiguration:
      Did not match:
         - @ConditionalOnClass did not find required class 'org.springframework.data.redis.repository.configuration.EnableRedisRepositories' (OnClassCondition)

   SecurityAutoConfiguration:
      Did not match:
         - @ConditionalOnClass did not find required class 'org.springframework.security.authentication.DefaultAuthenticationEventPublisher' (OnClassCondition)

   SecurityFilterAutoConfiguration:
      Did not match:
         - @ConditionalOnClass did not find required classes 'org.springframework.security.web.context.AbstractSecurityWebApplicationInitializer', 'org.springframework.security.config.http.SessionCreationPolicy' (OnClassCondition)

   SendGridAutoConfiguration:
      Did not match:
         - @ConditionalOnClass did not find required class 'com.sendgrid.SendGrid' (OnClassCondition)

   ServletWebServerFactoryConfiguration.EmbeddedJetty:
      Did not match:
         - @ConditionalOnClass did not find required classes 'org.eclipse.jetty.server.Server', 'org.eclipse.jetty.util.Loader', 'org.eclipse.jetty.webapp.WebAppContext' (OnClassCondition)

   ServletWebServerFactoryConfiguration.EmbeddedUndertow:
      Did not match:
         - @ConditionalOnClass did not find required classes 'io.undertow.Undertow', 'org.xnio.SslClientAuthMode' (OnClassCondition)

   SessionAutoConfiguration:
      Did not match:
         - @ConditionalOnClass did not find required class 'org.springframework.session.Session' (OnClassCondition)

   SolrAutoConfiguration:
      Did not match:
         - @ConditionalOnClass did not find required classes 'org.apache.solr.client.solrj.impl.HttpSolrClient', 'org.apache.solr.client.solrj.impl.CloudSolrClient' (OnClassCondition)

   SolrRepositoriesAutoConfiguration:
      Did not match:
         - @ConditionalOnClass did not find required classes 'org.apache.solr.client.solrj.SolrClient', 'org.springframework.data.solr.repository.SolrRepository' (OnClassCondition)

   SpringApplicationAdminJmxAutoConfiguration:
      Did not match:
         - @ConditionalOnProperty (spring.application.admin.enabled=true) did not find property 'enabled' (OnPropertyCondition)

   SpringDataWebAutoConfiguration:
      Did not match:
         - @ConditionalOnMissingBean (types: org.springframework.data.web.PageableHandlerMethodArgumentResolver; SearchStrategy: all) found beans of type 'org.springframework.data.web.PageableHandlerMethodArgumentResolver' pageableResolver (OnBeanCondition)
      Matched:
         - @ConditionalOnClass found required classes 'org.springframework.data.web.PageableHandlerMethodArgumentResolver', 'org.springframework.web.servlet.config.annotation.WebMvcConfigurer'; @ConditionalOnMissingClass did not find unwanted class (OnClassCondition)
         - found 'session' scope (OnWebApplicationCondition)

   ThymeleafAutoConfiguration:
      Did not match:
         - @ConditionalOnClass did not find required class 'org.thymeleaf.templatemode.TemplateMode' (OnClassCondition)

   TransactionAutoConfiguration.EnableTransactionManagementConfiguration.JdkDynamicAutoProxyConfiguration:
      Did not match:
         - @ConditionalOnProperty (spring.aop.proxy-target-class=false) did not find property 'proxy-target-class' (OnPropertyCondition)

   UserDetailsServiceAutoConfiguration:
      Did not match:
         - @ConditionalOnClass did not find required class 'org.springframework.security.authentication.AuthenticationManager' (OnClassCondition)

   WebClientAutoConfiguration:
      Did not match:
         - @ConditionalOnClass did not find required class 'org.springframework.web.reactive.function.client.WebClient' (OnClassCondition)

   WebFluxAutoConfiguration:
      Did not match:
         - @ConditionalOnClass did not find required class 'org.springframework.web.reactive.config.WebFluxConfigurer' (OnClassCondition)

   WebFluxSecurityConfiguration:
      Did not match:
         - @ConditionalOnClass did not find required classes 'org.springframework.security.config.annotation.web.reactive.EnableWebFluxSecurity', 'org.springframework.security.web.server.WebFilterChainProxy' (OnClassCondition)

   WebMvcAutoConfiguration.ResourceChainCustomizerConfiguration:
      Did not match:
         - @ConditionalOnEnabledResourceChain did not find class org.webjars.WebJarAssetLocator (OnEnabledResourceChainCondition)

   WebMvcAutoConfiguration.WebMvcAutoConfigurationAdapter#beanNameViewResolver:
      Did not match:
         - @ConditionalOnMissingBean (types: org.springframework.web.servlet.view.BeanNameViewResolver; SearchStrategy: all) found beans of type 'org.springframework.web.servlet.view.BeanNameViewResolver' beanNameViewResolver (OnBeanCondition)

   WebMvcAutoConfiguration.WebMvcAutoConfigurationAdapter#localeResolver:
      Did not match:
         - @ConditionalOnProperty (spring.mvc.locale) did not find property 'locale' (OnPropertyCondition)

   WebServicesAutoConfiguration:
      Did not match:
         - @ConditionalOnClass did not find required class 'org.springframework.ws.transport.http.MessageDispatcherServlet' (OnClassCondition)

   WebSocketMessagingAutoConfiguration:
      Did not match:
         - @ConditionalOnClass did not find required class 'org.springframework.web.socket.config.annotation.WebSocketMessageBrokerConfigurer' (OnClassCondition)

   WebSocketReactiveAutoConfiguration:
      Did not match:
         - not a reactive web application (OnWebApplicationCondition)
      Matched:
         - @ConditionalOnClass found required classes 'javax.servlet.Servlet', 'javax.websocket.server.ServerContainer'; @ConditionalOnMissingClass did not find unwanted class (OnClassCondition)

   WebSocketServletAutoConfiguration.JettyWebSocketConfiguration:
      Did not match:
         - @ConditionalOnClass did not find required class 'org.eclipse.jetty.websocket.jsr356.server.deploy.WebSocketServerContainerInitializer' (OnClassCondition)

   WebSocketServletAutoConfiguration.UndertowWebSocketConfiguration:
      Did not match:
         - @ConditionalOnClass did not find required class 'io.undertow.websockets.jsr.Bootstrap' (OnClassCondition)

   XADataSourceAutoConfiguration:
      Did not match:
         - @ConditionalOnBean (types: org.springframework.boot.jdbc.XADataSourceWrapper; SearchStrategy: all) did not find any beans of type org.springframework.boot.jdbc.XADataSourceWrapper (OnBeanCondition)
      Matched:
         - @ConditionalOnClass found required classes 'javax.sql.DataSource', 'javax.transaction.TransactionManager', 'org.springframework.jdbc.datasource.embedded.EmbeddedDatabaseType'; @ConditionalOnMissingClass did not find unwanted class (OnClassCondition)


Exclusions:
-----------

    None


Unconditional classes:
----------------------

    org.springframework.boot.autoconfigure.context.PropertyPlaceholderAutoConfiguration

    org.springframework.boot.autoconfigure.web.embedded.EmbeddedWebServerFactoryCustomizerAutoConfiguration

    org.springframework.boot.autoconfigure.security.reactive.ReactiveSecurityAutoConfiguration

    org.springframework.boot.autoconfigure.context.ConfigurationPropertiesAutoConfiguration

    org.springframework.boot.autoconfigure.info.ProjectInfoAutoConfiguration



[DEBUG] Looking for resource handler mappings
[DEBUG] Returning cached instance of singleton bean 'faviconHandlerMapping'
[DEBUG] Returning cached instance of singleton bean 'resourceHandlerMapping'
[DEBUG] Found resource handler mapping: URL pattern="/**/favicon.ico", locations=[class path resource [META-INF/resources/], class path resource [resources/], class path resource [static/], class path resource [public/], ServletContext resource [/], class path resource []], resolvers=[org.springframework.web.servlet.resource.PathResourceResolver@5a3d1eda]
[DEBUG] Found resource handler mapping: URL pattern="/webjars/**", locations=[class path resource [META-INF/resources/webjars/]], resolvers=[org.springframework.web.servlet.resource.PathResourceResolver@417d9a2b]
[DEBUG] Found resource handler mapping: URL pattern="/**", locations=[class path resource [META-INF/resources/], class path resource [resources/], class path resource [static/], class path resource [public/], ServletContext resource [/]], resolvers=[org.springframework.web.servlet.resource.PathResourceResolver@e90f793]
[DEBUG] Could not find key 'spring.liveBeansView.mbeanDomain' in any property source
[INFO] Started ParqueaderoApplicationTests in 7.033 seconds (JVM running for 8.929)
[DEBUG] Storing ApplicationContext in cache under key [[WebMergedContextConfiguration@74d2250a testClass = ParqueaderoApplicationTests, locations = '{}', classes = '{class com.co.ceiba.parqueadero.ParqueaderoApplication}', contextInitializerClasses = '[]', activeProfiles = '{}', propertySourceLocations = '{}', propertySourceProperties = '{org.springframework.boot.test.context.SpringBootTestContextBootstrapper=true}', contextCustomizers = set[org.springframework.boot.test.autoconfigure.properties.PropertyMappingContextCustomizer@0, org.springframework.boot.test.autoconfigure.web.servlet.WebDriverContextCustomizerFactory$Customizer@1949b751, org.springframework.boot.test.context.filter.ExcludeFilterContextCustomizer@1520bc2f, org.springframework.boot.test.json.DuplicateJsonObjectContextCustomizerFactory$DuplicateJsonObjectContextCustomizer@3e3c4eaa, org.springframework.boot.test.mock.mockito.MockitoContextCustomizer@0, org.springframework.boot.test.web.client.TestRestTemplateContextCustomizer@325deb9b], resourceBasePath = 'src/main/webapp', contextLoader = 'org.springframework.boot.test.context.SpringBootContextLoader', parent = [null]]]
[DEBUG] Spring test ApplicationContext cache statistics: [DefaultContextCache@28b3bf57 size = 1, maxSize = 32, parentContextCount = 0, hitCount = 0, missCount = 1]
[DEBUG] Setting up MockHttpServletRequest, MockHttpServletResponse, ServletWebRequest, and RequestContextHolder for test context [DefaultTestContext@7f14c2c testClass = ParqueaderoApplicationTests, testInstance = com.co.ceiba.parqueadero.ParqueaderoApplicationTests@7453b2da, testMethod = [null], testException = [null], mergedContextConfiguration = [WebMergedContextConfiguration@74d2250a testClass = ParqueaderoApplicationTests, locations = '{}', classes = '{class com.co.ceiba.parqueadero.ParqueaderoApplication}', contextInitializerClasses = '[]', activeProfiles = '{}', propertySourceLocations = '{}', propertySourceProperties = '{org.springframework.boot.test.context.SpringBootTestContextBootstrapper=true}', contextCustomizers = set[org.springframework.boot.test.autoconfigure.properties.PropertyMappingContextCustomizer@0, org.springframework.boot.test.autoconfigure.web.servlet.WebDriverContextCustomizerFactory$Customizer@1949b751, org.springframework.boot.test.context.filter.ExcludeFilterContextCustomizer@1520bc2f, org.springframework.boot.test.json.DuplicateJsonObjectContextCustomizerFactory$DuplicateJsonObjectContextCustomizer@3e3c4eaa, org.springframework.boot.test.mock.mockito.MockitoContextCustomizer@0, org.springframework.boot.test.web.client.TestRestTemplateContextCustomizer@325deb9b], resourceBasePath = 'src/main/webapp', contextLoader = 'org.springframework.boot.test.context.SpringBootContextLoader', parent = [null]], attributes = map['org.springframework.test.context.web.ServletTestExecutionListener.activateListener' -> true]].
[DEBUG] Performing dependency injection for test context [[DefaultTestContext@7f14c2c testClass = ParqueaderoApplicationTests, testInstance = com.co.ceiba.parqueadero.ParqueaderoApplicationTests@7453b2da, testMethod = [null], testException = [null], mergedContextConfiguration = [WebMergedContextConfiguration@74d2250a testClass = ParqueaderoApplicationTests, locations = '{}', classes = '{class com.co.ceiba.parqueadero.ParqueaderoApplication}', contextInitializerClasses = '[]', activeProfiles = '{}', propertySourceLocations = '{}', propertySourceProperties = '{org.springframework.boot.test.context.SpringBootTestContextBootstrapper=true}', contextCustomizers = set[org.springframework.boot.test.autoconfigure.properties.PropertyMappingContextCustomizer@0, org.springframework.boot.test.autoconfigure.web.servlet.WebDriverContextCustomizerFactory$Customizer@1949b751, org.springframework.boot.test.context.filter.ExcludeFilterContextCustomizer@1520bc2f, org.springframework.boot.test.json.DuplicateJsonObjectContextCustomizerFactory$DuplicateJsonObjectContextCustomizer@3e3c4eaa, org.springframework.boot.test.mock.mockito.MockitoContextCustomizer@0, org.springframework.boot.test.web.client.TestRestTemplateContextCustomizer@325deb9b], resourceBasePath = 'src/main/webapp', contextLoader = 'org.springframework.boot.test.context.SpringBootContextLoader', parent = [null]], attributes = map['org.springframework.test.context.web.ServletTestExecutionListener.activateListener' -> true, 'org.springframework.test.context.web.ServletTestExecutionListener.populatedRequestContextHolder' -> true, 'org.springframework.test.context.web.ServletTestExecutionListener.resetRequestContextHolder' -> true]]].
[DEBUG] Retrieved ApplicationContext from cache with key [[WebMergedContextConfiguration@74d2250a testClass = ParqueaderoApplicationTests, locations = '{}', classes = '{class com.co.ceiba.parqueadero.ParqueaderoApplication}', contextInitializerClasses = '[]', activeProfiles = '{}', propertySourceLocations = '{}', propertySourceProperties = '{org.springframework.boot.test.context.SpringBootTestContextBootstrapper=true}', contextCustomizers = set[org.springframework.boot.test.autoconfigure.properties.PropertyMappingContextCustomizer@0, org.springframework.boot.test.autoconfigure.web.servlet.WebDriverContextCustomizerFactory$Customizer@1949b751, org.springframework.boot.test.context.filter.ExcludeFilterContextCustomizer@1520bc2f, org.springframework.boot.test.json.DuplicateJsonObjectContextCustomizerFactory$DuplicateJsonObjectContextCustomizer@3e3c4eaa, org.springframework.boot.test.mock.mockito.MockitoContextCustomizer@0, org.springframework.boot.test.web.client.TestRestTemplateContextCustomizer@325deb9b], resourceBasePath = 'src/main/webapp', contextLoader = 'org.springframework.boot.test.context.SpringBootContextLoader', parent = [null]]]
[DEBUG] Spring test ApplicationContext cache statistics: [DefaultContextCache@28b3bf57 size = 1, maxSize = 32, parentContextCount = 0, hitCount = 1, missCount = 1]
[DEBUG] Returning cached instance of singleton bean 'org.springframework.transaction.config.internalTransactionAdvisor'
[DEBUG] Returning cached instance of singleton bean 'org.springframework.transaction.config.internalTransactionAdvisor'
[DEBUG] Before test method: context [DefaultTestContext@7f14c2c testClass = ParqueaderoApplicationTests, testInstance = com.co.ceiba.parqueadero.ParqueaderoApplicationTests@7453b2da, testMethod = contextLoads@ParqueaderoApplicationTests, testException = [null], mergedContextConfiguration = [WebMergedContextConfiguration@74d2250a testClass = ParqueaderoApplicationTests, locations = '{}', classes = '{class com.co.ceiba.parqueadero.ParqueaderoApplication}', contextInitializerClasses = '[]', activeProfiles = '{}', propertySourceLocations = '{}', propertySourceProperties = '{org.springframework.boot.test.context.SpringBootTestContextBootstrapper=true}', contextCustomizers = set[org.springframework.boot.test.autoconfigure.properties.PropertyMappingContextCustomizer@0, org.springframework.boot.test.autoconfigure.web.servlet.WebDriverContextCustomizerFactory$Customizer@1949b751, org.springframework.boot.test.context.filter.ExcludeFilterContextCustomizer@1520bc2f, org.springframework.boot.test.json.DuplicateJsonObjectContextCustomizerFactory$DuplicateJsonObjectContextCustomizer@3e3c4eaa, org.springframework.boot.test.mock.mockito.MockitoContextCustomizer@0, org.springframework.boot.test.web.client.TestRestTemplateContextCustomizer@325deb9b], resourceBasePath = 'src/main/webapp', contextLoader = 'org.springframework.boot.test.context.SpringBootContextLoader', parent = [null]], attributes = map['org.springframework.test.context.web.ServletTestExecutionListener.activateListener' -> true, 'org.springframework.test.context.web.ServletTestExecutionListener.populatedRequestContextHolder' -> true, 'org.springframework.test.context.web.ServletTestExecutionListener.resetRequestContextHolder' -> true]], class annotated with @DirtiesContext [false] with mode [null], method annotated with @DirtiesContext [false] with mode [null].
[DEBUG] Retrieved ApplicationContext from cache with key [[WebMergedContextConfiguration@74d2250a testClass = ParqueaderoApplicationTests, locations = '{}', classes = '{class com.co.ceiba.parqueadero.ParqueaderoApplication}', contextInitializerClasses = '[]', activeProfiles = '{}', propertySourceLocations = '{}', propertySourceProperties = '{org.springframework.boot.test.context.SpringBootTestContextBootstrapper=true}', contextCustomizers = set[org.springframework.boot.test.autoconfigure.properties.PropertyMappingContextCustomizer@0, org.springframework.boot.test.autoconfigure.web.servlet.WebDriverContextCustomizerFactory$Customizer@1949b751, org.springframework.boot.test.context.filter.ExcludeFilterContextCustomizer@1520bc2f, org.springframework.boot.test.json.DuplicateJsonObjectContextCustomizerFactory$DuplicateJsonObjectContextCustomizer@3e3c4eaa, org.springframework.boot.test.mock.mockito.MockitoContextCustomizer@0, org.springframework.boot.test.web.client.TestRestTemplateContextCustomizer@325deb9b], resourceBasePath = 'src/main/webapp', contextLoader = 'org.springframework.boot.test.context.SpringBootContextLoader', parent = [null]]]
[DEBUG] Spring test ApplicationContext cache statistics: [DefaultContextCache@28b3bf57 size = 1, maxSize = 32, parentContextCount = 0, hitCount = 2, missCount = 1]
[DEBUG] Returning cached instance of singleton bean 'org.springframework.boot.test.mock.mockito.MockitoBeans'
[DEBUG] Retrieved ApplicationContext from cache with key [[WebMergedContextConfiguration@74d2250a testClass = ParqueaderoApplicationTests, locations = '{}', classes = '{class com.co.ceiba.parqueadero.ParqueaderoApplication}', contextInitializerClasses = '[]', activeProfiles = '{}', propertySourceLocations = '{}', propertySourceProperties = '{org.springframework.boot.test.context.SpringBootTestContextBootstrapper=true}', contextCustomizers = set[org.springframework.boot.test.autoconfigure.properties.PropertyMappingContextCustomizer@0, org.springframework.boot.test.autoconfigure.web.servlet.WebDriverContextCustomizerFactory$Customizer@1949b751, org.springframework.boot.test.context.filter.ExcludeFilterContextCustomizer@1520bc2f, org.springframework.boot.test.json.DuplicateJsonObjectContextCustomizerFactory$DuplicateJsonObjectContextCustomizer@3e3c4eaa, org.springframework.boot.test.mock.mockito.MockitoContextCustomizer@0, org.springframework.boot.test.web.client.TestRestTemplateContextCustomizer@325deb9b], resourceBasePath = 'src/main/webapp', contextLoader = 'org.springframework.boot.test.context.SpringBootContextLoader', parent = [null]]]
[DEBUG] Spring test ApplicationContext cache statistics: [DefaultContextCache@28b3bf57 size = 1, maxSize = 32, parentContextCount = 0, hitCount = 3, missCount = 1]
[DEBUG] Returning cached instance of singleton bean 'org.springframework.boot.test.mock.mockito.MockitoBeans'
[DEBUG] Retrieved ApplicationContext from cache with key [[WebMergedContextConfiguration@74d2250a testClass = ParqueaderoApplicationTests, locations = '{}', classes = '{class com.co.ceiba.parqueadero.ParqueaderoApplication}', contextInitializerClasses = '[]', activeProfiles = '{}', propertySourceLocations = '{}', propertySourceProperties = '{org.springframework.boot.test.context.SpringBootTestContextBootstrapper=true}', contextCustomizers = set[org.springframework.boot.test.autoconfigure.properties.PropertyMappingContextCustomizer@0, org.springframework.boot.test.autoconfigure.web.servlet.WebDriverContextCustomizerFactory$Customizer@1949b751, org.springframework.boot.test.context.filter.ExcludeFilterContextCustomizer@1520bc2f, org.springframework.boot.test.json.DuplicateJsonObjectContextCustomizerFactory$DuplicateJsonObjectContextCustomizer@3e3c4eaa, org.springframework.boot.test.mock.mockito.MockitoContextCustomizer@0, org.springframework.boot.test.web.client.TestRestTemplateContextCustomizer@325deb9b], resourceBasePath = 'src/main/webapp', contextLoader = 'org.springframework.boot.test.context.SpringBootContextLoader', parent = [null]]]
[DEBUG] Spring test ApplicationContext cache statistics: [DefaultContextCache@28b3bf57 size = 1, maxSize = 32, parentContextCount = 0, hitCount = 4, missCount = 1]
[DEBUG] Retrieved ApplicationContext from cache with key [[WebMergedContextConfiguration@74d2250a testClass = ParqueaderoApplicationTests, locations = '{}', classes = '{class com.co.ceiba.parqueadero.ParqueaderoApplication}', contextInitializerClasses = '[]', activeProfiles = '{}', propertySourceLocations = '{}', propertySourceProperties = '{org.springframework.boot.test.context.SpringBootTestContextBootstrapper=true}', contextCustomizers = set[org.springframework.boot.test.autoconfigure.properties.PropertyMappingContextCustomizer@0, org.springframework.boot.test.autoconfigure.web.servlet.WebDriverContextCustomizerFactory$Customizer@1949b751, org.springframework.boot.test.context.filter.ExcludeFilterContextCustomizer@1520bc2f, org.springframework.boot.test.json.DuplicateJsonObjectContextCustomizerFactory$DuplicateJsonObjectContextCustomizer@3e3c4eaa, org.springframework.boot.test.mock.mockito.MockitoContextCustomizer@0, org.springframework.boot.test.web.client.TestRestTemplateContextCustomizer@325deb9b], resourceBasePath = 'src/main/webapp', contextLoader = 'org.springframework.boot.test.context.SpringBootContextLoader', parent = [null]]]
[DEBUG] Spring test ApplicationContext cache statistics: [DefaultContextCache@28b3bf57 size = 1, maxSize = 32, parentContextCount = 0, hitCount = 5, missCount = 1]
[DEBUG] After test method: context [DefaultTestContext@7f14c2c testClass = ParqueaderoApplicationTests, testInstance = com.co.ceiba.parqueadero.ParqueaderoApplicationTests@7453b2da, testMethod = contextLoads@ParqueaderoApplicationTests, testException = [null], mergedContextConfiguration = [WebMergedContextConfiguration@74d2250a testClass = ParqueaderoApplicationTests, locations = '{}', classes = '{class com.co.ceiba.parqueadero.ParqueaderoApplication}', contextInitializerClasses = '[]', activeProfiles = '{}', propertySourceLocations = '{}', propertySourceProperties = '{org.springframework.boot.test.context.SpringBootTestContextBootstrapper=true}', contextCustomizers = set[org.springframework.boot.test.autoconfigure.properties.PropertyMappingContextCustomizer@0, org.springframework.boot.test.autoconfigure.web.servlet.WebDriverContextCustomizerFactory$Customizer@1949b751, org.springframework.boot.test.context.filter.ExcludeFilterContextCustomizer@1520bc2f, org.springframework.boot.test.json.DuplicateJsonObjectContextCustomizerFactory$DuplicateJsonObjectContextCustomizer@3e3c4eaa, org.springframework.boot.test.mock.mockito.MockitoContextCustomizer@0, org.springframework.boot.test.web.client.TestRestTemplateContextCustomizer@325deb9b], resourceBasePath = 'src/main/webapp', contextLoader = 'org.springframework.boot.test.context.SpringBootContextLoader', parent = [null]], attributes = map['org.springframework.test.context.web.ServletTestExecutionListener.activateListener' -> true, 'org.springframework.test.context.web.ServletTestExecutionListener.populatedRequestContextHolder' -> true, 'org.springframework.test.context.web.ServletTestExecutionListener.resetRequestContextHolder' -> true]], class annotated with @DirtiesContext [false] with mode [null], method annotated with @DirtiesContext [false] with mode [null].
[DEBUG] Resetting RequestContextHolder for test context [DefaultTestContext@7f14c2c testClass = ParqueaderoApplicationTests, testInstance = com.co.ceiba.parqueadero.ParqueaderoApplicationTests@7453b2da, testMethod = contextLoads@ParqueaderoApplicationTests, testException = [null], mergedContextConfiguration = [WebMergedContextConfiguration@74d2250a testClass = ParqueaderoApplicationTests, locations = '{}', classes = '{class com.co.ceiba.parqueadero.ParqueaderoApplication}', contextInitializerClasses = '[]', activeProfiles = '{}', propertySourceLocations = '{}', propertySourceProperties = '{org.springframework.boot.test.context.SpringBootTestContextBootstrapper=true}', contextCustomizers = set[org.springframework.boot.test.autoconfigure.properties.PropertyMappingContextCustomizer@0, org.springframework.boot.test.autoconfigure.web.servlet.WebDriverContextCustomizerFactory$Customizer@1949b751, org.springframework.boot.test.context.filter.ExcludeFilterContextCustomizer@1520bc2f, org.springframework.boot.test.json.DuplicateJsonObjectContextCustomizerFactory$DuplicateJsonObjectContextCustomizer@3e3c4eaa, org.springframework.boot.test.mock.mockito.MockitoContextCustomizer@0, org.springframework.boot.test.web.client.TestRestTemplateContextCustomizer@325deb9b], resourceBasePath = 'src/main/webapp', contextLoader = 'org.springframework.boot.test.context.SpringBootContextLoader', parent = [null]], attributes = map['org.springframework.test.context.web.ServletTestExecutionListener.activateListener' -> true, 'org.springframework.test.context.web.ServletTestExecutionListener.populatedRequestContextHolder' -> true, 'org.springframework.test.context.web.ServletTestExecutionListener.resetRequestContextHolder' -> true]].
[DEBUG] After test class: context [DefaultTestContext@7f14c2c testClass = ParqueaderoApplicationTests, testInstance = [null], testMethod = [null], testException = [null], mergedContextConfiguration = [WebMergedContextConfiguration@74d2250a testClass = ParqueaderoApplicationTests, locations = '{}', classes = '{class com.co.ceiba.parqueadero.ParqueaderoApplication}', contextInitializerClasses = '[]', activeProfiles = '{}', propertySourceLocations = '{}', propertySourceProperties = '{org.springframework.boot.test.context.SpringBootTestContextBootstrapper=true}', contextCustomizers = set[org.springframework.boot.test.autoconfigure.properties.PropertyMappingContextCustomizer@0, org.springframework.boot.test.autoconfigure.web.servlet.WebDriverContextCustomizerFactory$Customizer@1949b751, org.springframework.boot.test.context.filter.ExcludeFilterContextCustomizer@1520bc2f, org.springframework.boot.test.json.DuplicateJsonObjectContextCustomizerFactory$DuplicateJsonObjectContextCustomizer@3e3c4eaa, org.springframework.boot.test.mock.mockito.MockitoContextCustomizer@0, org.springframework.boot.test.web.client.TestRestTemplateContextCustomizer@325deb9b], resourceBasePath = 'src/main/webapp', contextLoader = 'org.springframework.boot.test.context.SpringBootContextLoader', parent = [null]], attributes = map['org.springframework.test.context.web.ServletTestExecutionListener.activateListener' -> true, 'org.springframework.test.context.support.DependencyInjectionTestExecutionListener.reinjectDependencies' -> true]], class annotated with @DirtiesContext [false] with mode [null].
]]></system-out>
  <system-err><![CDATA[]]></system-err>
</testsuite>
