<?xml version="1.0" encoding="UTF-8"?>
<testsuite name="com.co.ceiba.parqueadero.unitarioTest.FacturaTests" tests="4" skipped="0" failures="0" errors="0" timestamp="2018-06-08T13:00:48" hostname="ALEXANDER-ANGULO" time="0.015">
  <properties/>
  <testcase name="calcularCostoMotoTest" classname="com.co.ceiba.parqueadero.unitarioTest.FacturaTests" time="0.003"/>
  <testcase name="calculaTiempoTest" classname="com.co.ceiba.parqueadero.unitarioTest.FacturaTests" time="0.004"/>
  <testcase name="calcularCostoCarroTest" classname="com.co.ceiba.parqueadero.unitarioTest.FacturaTests" time="0.003"/>
  <testcase name="calcularCostoMotoCilindrajeMayorTest" classname="com.co.ceiba.parqueadero.unitarioTest.FacturaTests" time="0.003"/>
  <system-out><![CDATA[2018-06-08 08:00:48.590  INFO 10028 --- [    Test worker] .b.t.c.SpringBootTestContextBootstrapper : Neither @ContextConfiguration nor @ContextHierarchy found for test class [com.co.ceiba.parqueadero.unitarioTest.FacturaTests], using SpringBootContextLoader
2018-06-08 08:00:48.590  INFO 10028 --- [    Test worker] o.s.t.c.support.AbstractContextLoader    : Could not detect default resource locations for test class [com.co.ceiba.parqueadero.unitarioTest.FacturaTests]: no resource found for suffixes {-context.xml, Context.groovy}.
2018-06-08 08:00:48.590  INFO 10028 --- [    Test worker] t.c.s.AnnotationConfigContextLoaderUtils : Could not detect default configuration classes for test class [com.co.ceiba.parqueadero.unitarioTest.FacturaTests]: FacturaTests does not declare any static, non-private, non-final, nested classes annotated with @Configuration.
2018-06-08 08:00:48.606  INFO 10028 --- [    Test worker] .b.t.c.SpringBootTestContextBootstrapper : Found @SpringBootConfiguration com.co.ceiba.parqueadero.ParqueaderoApplication for test class com.co.ceiba.parqueadero.unitarioTest.FacturaTests
2018-06-08 08:00:48.606  INFO 10028 --- [    Test worker] .b.t.c.SpringBootTestContextBootstrapper : Loaded default TestExecutionListener class names from location [META-INF/spring.factories]: [org.springframework.boot.test.autoconfigure.restdocs.RestDocsTestExecutionListener, org.springframework.boot.test.autoconfigure.web.client.MockRestServiceServerResetTestExecutionListener, org.springframework.boot.test.autoconfigure.web.servlet.MockMvcPrintOnlyOnFailureTestExecutionListener, org.springframework.boot.test.autoconfigure.web.servlet.WebDriverTestExecutionListener, org.springframework.boot.test.mock.mockito.MockitoTestExecutionListener, org.springframework.boot.test.mock.mockito.ResetMocksTestExecutionListener, org.springframework.test.context.web.ServletTestExecutionListener, org.springframework.test.context.support.DirtiesContextBeforeModesTestExecutionListener, org.springframework.test.context.support.DependencyInjectionTestExecutionListener, org.springframework.test.context.support.DirtiesContextTestExecutionListener, org.springframework.test.context.transaction.TransactionalTestExecutionListener, org.springframework.test.context.jdbc.SqlScriptsTestExecutionListener]
2018-06-08 08:00:48.606  INFO 10028 --- [    Test worker] .b.t.c.SpringBootTestContextBootstrapper : Using TestExecutionListeners: [org.springframework.test.context.web.ServletTestExecutionListener@686b0c2, org.springframework.test.context.support.DirtiesContextBeforeModesTestExecutionListener@496d0a18, org.springframework.boot.test.mock.mockito.MockitoTestExecutionListener@379d7fe3, org.springframework.boot.test.autoconfigure.SpringBootDependencyInjectionTestExecutionListener@89baed1, org.springframework.test.context.support.DirtiesContextTestExecutionListener@3b280fa0, org.springframework.test.context.transaction.TransactionalTestExecutionListener@1ab4ef17, org.springframework.test.context.jdbc.SqlScriptsTestExecutionListener@460ae9c5, org.springframework.boot.test.autoconfigure.restdocs.RestDocsTestExecutionListener@13323af3, org.springframework.boot.test.autoconfigure.web.client.MockRestServiceServerResetTestExecutionListener@689c623a, org.springframework.boot.test.autoconfigure.web.servlet.MockMvcPrintOnlyOnFailureTestExecutionListener@55ede469, org.springframework.boot.test.autoconfigure.web.servlet.WebDriverTestExecutionListener@44386bd0, org.springframework.boot.test.mock.mockito.ResetMocksTestExecutionListener@465f3406]
]]></system-out>
  <system-err><![CDATA[]]></system-err>
</testsuite>
